20221231_144546_593	Script filename: '/usr/src/Robot/Robots/TwoLeg/scripts/DemoLean01.sh'
20221231_144546_602	MOTOR_RIGHT_ANKLE	-8	500
20221231_144546_603	MOTOR_LEFT_ANKLE	-8	500
20221231_144547_092	MOTOR_RIGHT_ANKLE	8	1000
20221231_144547_092	MOTOR_LEFT_ANKLE	8	1000
20221231_144548_092	MOTOR_RIGHT_ANKLE	-8	1000
20221231_144548_092	MOTOR_LEFT_ANKLE	-8	1000
20221231_144552_082	MOTOR_RIGHT_ANKLE	8	1000
20221231_144552_082	MOTOR_LEFT_ANKLE	8	1000
20221231_144553_082	MOTOR_RIGHT_ANKLE	-8	1000
20221231_144553_082	MOTOR_LEFT_ANKLE	-8	1000
20221231_144557_072	MOTOR_RIGHT_ANKLE	8	1000
20221231_144557_072	MOTOR_LEFT_ANKLE	8	1000
20221231_144558_072	MOTOR_RIGHT_ANKLE	-8	1000
20221231_144558_072	MOTOR_LEFT_ANKLE	-8	1000
20221231_144602_062	MOTOR_RIGHT_ANKLE	8	1000
20221231_144602_062	MOTOR_LEFT_ANKLE	8	1000
20221231_144603_062	MOTOR_RIGHT_ANKLE	-8	1000
20221231_144603_062	MOTOR_LEFT_ANKLE	-8	1000
20221231_144607_052	MOTOR_RIGHT_ANKLE	8	1000
20221231_144607_052	MOTOR_LEFT_ANKLE	8	1000
20221231_144608_052	MOTOR_RIGHT_ANKLE	-8	1000
20221231_144608_052	MOTOR_LEFT_ANKLE	-8	1000
20221231_144612_042	MOTOR_RIGHT_ANKLE	8	1000
20221231_144612_042	MOTOR_LEFT_ANKLE	8	1000
20221231_144613_042	MOTOR_RIGHT_ANKLE	-8	1000
20221231_144613_042	MOTOR_LEFT_ANKLE	-8	1000
20221231_144617_032	MOTOR_RIGHT_ANKLE	8	1000
20221231_144617_033	MOTOR_LEFT_ANKLE	8	1000
20221231_144618_032	MOTOR_RIGHT_ANKLE	-8	1000
20221231_144618_032	MOTOR_LEFT_ANKLE	-8	1000
20221231_144622_022	MOTOR_RIGHT_ANKLE	8	1000
20221231_144622_022	MOTOR_LEFT_ANKLE	8	1000
20221231_144623_022	MOTOR_RIGHT_ANKLE	-8	1000
20221231_144623_022	MOTOR_LEFT_ANKLE	-8	1000
20221231_144627_012	MOTOR_RIGHT_ANKLE	8	1000
20221231_144627_012	MOTOR_LEFT_ANKLE	8	1000
20221231_144628_012	MOTOR_RIGHT_ANKLE	-8	1000
20221231_144628_012	MOTOR_LEFT_ANKLE	-8	1000
20221231_144628_417	MOTOR_LEFT_ANKLE	8	100
20221231_144628_916	MOTOR_LEFT_ANKLE	8	100
20221231_144628_947	MOTOR_LEFT_ANKLE	8	100
20221231_144628_977	MOTOR_LEFT_ANKLE	8	100
20221231_144629_007	MOTOR_LEFT_ANKLE	8	100
20221231_144629_037	MOTOR_LEFT_ANKLE	8	100
20221231_144629_068	MOTOR_LEFT_ANKLE	8	100
20221231_144629_099	MOTOR_LEFT_ANKLE	8	100
20221231_144629_129	MOTOR_LEFT_ANKLE	8	100
20221231_144629_159	MOTOR_LEFT_ANKLE	8	100
20221231_144629_190	MOTOR_LEFT_ANKLE	8	100
20221231_144629_221	MOTOR_LEFT_ANKLE	8	100
20221231_144629_252	MOTOR_LEFT_ANKLE	8	100
20221231_144629_282	MOTOR_LEFT_ANKLE	8	100
20221231_144629_313	MOTOR_LEFT_ANKLE	8	100
20221231_144629_344	MOTOR_LEFT_ANKLE	8	100
20221231_144629_603	MOTOR_LEFT_ANKLE	8	100
20221231_144630_103	MOTOR_LEFT_ANKLE	8	100
20221231_144630_134	MOTOR_LEFT_ANKLE	8	100
20221231_144630_165	MOTOR_LEFT_ANKLE	8	100
20221231_144630_196	MOTOR_LEFT_ANKLE	8	100
20221231_144630_226	MOTOR_LEFT_ANKLE	8	100
20221231_144630_257	MOTOR_LEFT_ANKLE	8	100
20221231_144630_287	MOTOR_LEFT_ANKLE	8	100
20221231_144630_317	MOTOR_LEFT_ANKLE	8	100
20221231_144630_348	MOTOR_LEFT_ANKLE	8	100
20221231_144630_378	MOTOR_LEFT_ANKLE	8	100
20221231_144630_409	MOTOR_LEFT_ANKLE	8	100
20221231_144630_439	MOTOR_LEFT_ANKLE	8	100
20221231_144630_469	MOTOR_LEFT_ANKLE	8	100
20221231_144630_500	MOTOR_LEFT_ANKLE	8	100
20221231_144631_197	MOTOR_LEFT_ANKLE	-8	100
20221231_144632_002	MOTOR_RIGHT_ANKLE	8	1000
20221231_144632_002	MOTOR_LEFT_ANKLE	8	1000
20221231_144633_002	MOTOR_RIGHT_ANKLE	-8	1000
20221231_144633_002	MOTOR_LEFT_ANKLE	-8	1000
20221231_144634_654	MOTOR_RIGHT_ANKLE	-8	100
20221231_144635_153	MOTOR_RIGHT_ANKLE	-8	100
20221231_144635_183	MOTOR_RIGHT_ANKLE	-8	100
20221231_144635_214	MOTOR_RIGHT_ANKLE	-8	100
20221231_144635_245	MOTOR_RIGHT_ANKLE	-8	100
20221231_144635_275	MOTOR_RIGHT_ANKLE	-8	100
20221231_144635_305	MOTOR_RIGHT_ANKLE	-8	100
20221231_144635_336	MOTOR_RIGHT_ANKLE	-8	100
20221231_144635_366	MOTOR_RIGHT_ANKLE	-8	100
20221231_144635_396	MOTOR_RIGHT_ANKLE	-8	100
20221231_144635_426	MOTOR_RIGHT_ANKLE	-8	100
20221231_144635_457	MOTOR_RIGHT_ANKLE	-8	100
20221231_144635_488	MOTOR_RIGHT_ANKLE	-8	100
20221231_144635_518	MOTOR_RIGHT_ANKLE	-8	100
20221231_144635_549	MOTOR_RIGHT_ANKLE	-8	100
20221231_144635_579	MOTOR_RIGHT_ANKLE	-8	100
20221231_144635_609	MOTOR_RIGHT_ANKLE	-8	100
20221231_144635_640	MOTOR_RIGHT_ANKLE	-8	100
20221231_144635_670	MOTOR_RIGHT_ANKLE	-8	100
20221231_144635_700	MOTOR_RIGHT_ANKLE	-8	100
20221231_144636_992	MOTOR_RIGHT_ANKLE	8	1000
20221231_144636_992	MOTOR_LEFT_ANKLE	8	1000
20221231_144637_992	MOTOR_RIGHT_ANKLE	-8	1000
20221231_144637_992	MOTOR_LEFT_ANKLE	-8	1000
20221231_144639_286	MOTOR_RIGHT_ANKLE	-8	100
20221231_144639_590	MOTOR_RIGHT_ANKLE	-8	100
20221231_144639_794	MOTOR_RIGHT_ANKLE	-8	100
20221231_144640_174	MOTOR_RIGHT_ANKLE	-8	100
20221231_144640_470	MOTOR_RIGHT_ANKLE	-8	100
20221231_144640_758	MOTOR_RIGHT_ANKLE	-8	100
20221231_144641_258	MOTOR_RIGHT_ANKLE	-8	100
20221231_144641_289	MOTOR_RIGHT_ANKLE	-8	100
20221231_144641_319	MOTOR_RIGHT_ANKLE	-8	100
20221231_144641_350	MOTOR_RIGHT_ANKLE	-8	100
20221231_144641_381	MOTOR_RIGHT_ANKLE	-8	100
20221231_144641_411	MOTOR_RIGHT_ANKLE	-8	100
20221231_144641_440	MOTOR_RIGHT_ANKLE	-8	100
20221231_144641_471	MOTOR_RIGHT_ANKLE	-8	100
20221231_144641_982	MOTOR_RIGHT_ANKLE	8	1000
20221231_144641_982	MOTOR_LEFT_ANKLE	8	1000
20221231_144642_043	MOTOR_RIGHT_ANKLE	8	100
20221231_144642_982	MOTOR_RIGHT_ANKLE	-8	1000
20221231_144642_982	MOTOR_LEFT_ANKLE	-8	1000
20221231_144644_693	MOTOR_LEFT_ANKLE	-8	100
20221231_144645_194	MOTOR_LEFT_ANKLE	-8	100
20221231_144645_225	MOTOR_LEFT_ANKLE	-8	100
20221231_144645_256	MOTOR_LEFT_ANKLE	-8	100
20221231_144645_395	MOTOR_LEFT_ANKLE	8	100
20221231_144645_896	MOTOR_LEFT_ANKLE	8	100
20221231_144645_926	MOTOR_LEFT_ANKLE	8	100
20221231_144645_957	MOTOR_LEFT_ANKLE	8	100
20221231_144645_988	MOTOR_LEFT_ANKLE	8	100
20221231_144646_018	MOTOR_LEFT_ANKLE	8	100
20221231_144646_048	MOTOR_LEFT_ANKLE	8	100
20221231_144646_079	MOTOR_LEFT_ANKLE	8	100
20221231_144646_109	MOTOR_LEFT_ANKLE	8	100
20221231_144646_140	MOTOR_LEFT_ANKLE	8	100
20221231_144646_170	MOTOR_LEFT_ANKLE	8	100
20221231_144646_201	MOTOR_LEFT_ANKLE	8	100
20221231_144646_232	MOTOR_LEFT_ANKLE	8	100
20221231_144646_262	MOTOR_LEFT_ANKLE	8	100
20221231_144646_293	MOTOR_LEFT_ANKLE	8	100
20221231_144646_324	MOTOR_LEFT_ANKLE	8	100
20221231_144646_354	MOTOR_LEFT_ANKLE	8	100
20221231_144646_972	MOTOR_RIGHT_ANKLE	8	1000
20221231_144646_972	MOTOR_LEFT_ANKLE	8	1000
20221231_144647_972	MOTOR_RIGHT_ANKLE	-8	1000
20221231_144647_972	MOTOR_LEFT_ANKLE	-8	1000
20221231_144651_962	MOTOR_RIGHT_ANKLE	8	1000
20221231_144651_962	MOTOR_LEFT_ANKLE	8	1000
20221231_144652_962	MOTOR_RIGHT_ANKLE	-8	1000
20221231_144652_962	MOTOR_LEFT_ANKLE	-8	1000
20221231_144654_204	MOTOR_LEFT_ANKLE	8	100
20221231_144654_704	MOTOR_LEFT_ANKLE	8	100
20221231_144654_735	MOTOR_LEFT_ANKLE	8	100
20221231_144654_765	MOTOR_LEFT_ANKLE	8	100
20221231_144654_795	MOTOR_LEFT_ANKLE	8	100
20221231_144654_825	MOTOR_LEFT_ANKLE	8	100
20221231_144654_856	MOTOR_LEFT_ANKLE	8	100
20221231_144654_886	MOTOR_LEFT_ANKLE	8	100
20221231_144654_916	MOTOR_LEFT_ANKLE	8	100
20221231_144654_947	MOTOR_LEFT_ANKLE	8	100
20221231_144654_977	MOTOR_LEFT_ANKLE	8	100
20221231_144655_007	MOTOR_LEFT_ANKLE	8	100
20221231_144655_038	MOTOR_LEFT_ANKLE	8	100
20221231_144655_068	MOTOR_LEFT_ANKLE	8	100
20221231_144655_099	MOTOR_LEFT_ANKLE	8	100
20221231_144655_130	MOTOR_LEFT_ANKLE	8	100
20221231_144655_160	MOTOR_LEFT_ANKLE	8	100
20221231_144655_191	MOTOR_LEFT_ANKLE	8	100
20221231_144655_221	MOTOR_LEFT_ANKLE	8	100
20221231_144655_252	MOTOR_LEFT_ANKLE	8	100
20221231_144655_283	MOTOR_LEFT_ANKLE	8	100
20221231_144655_313	MOTOR_LEFT_ANKLE	8	100
20221231_144655_623	MOTOR_LEFT_ANKLE	8	100
20221231_144656_124	MOTOR_LEFT_ANKLE	8	100
20221231_144656_154	MOTOR_LEFT_ANKLE	8	100
20221231_144656_184	MOTOR_LEFT_ANKLE	8	100
20221231_144656_214	MOTOR_LEFT_ANKLE	8	100
20221231_144656_244	MOTOR_LEFT_ANKLE	8	100
20221231_144656_274	MOTOR_LEFT_ANKLE	8	100
20221231_144656_305	MOTOR_LEFT_ANKLE	8	100
20221231_144656_335	MOTOR_LEFT_ANKLE	8	100
20221231_144656_365	MOTOR_LEFT_ANKLE	8	100
20221231_144656_396	MOTOR_LEFT_ANKLE	8	100
20221231_144656_426	MOTOR_LEFT_ANKLE	8	100
20221231_144656_457	MOTOR_LEFT_ANKLE	8	100
20221231_144656_488	MOTOR_LEFT_ANKLE	8	100
20221231_144656_518	MOTOR_LEFT_ANKLE	8	100
20221231_144656_549	MOTOR_LEFT_ANKLE	8	100
20221231_144656_580	MOTOR_LEFT_ANKLE	8	100
20221231_144656_610	MOTOR_LEFT_ANKLE	8	100
20221231_144656_641	MOTOR_LEFT_ANKLE	8	100
20221231_144656_952	MOTOR_RIGHT_ANKLE	8	1000
20221231_144656_952	MOTOR_LEFT_ANKLE	8	1000
20221231_144657_195	MOTOR_LEFT_ANKLE	8	100
20221231_144657_737	MOTOR_LEFT_ANKLE	8	100
20221231_144657_952	MOTOR_RIGHT_ANKLE	-8	1000
20221231_144657_952	MOTOR_LEFT_ANKLE	-8	1000
20221231_144658_236	MOTOR_LEFT_ANKLE	8	100
20221231_144658_266	MOTOR_LEFT_ANKLE	8	100
20221231_144658_297	MOTOR_LEFT_ANKLE	8	100
20221231_144658_327	MOTOR_LEFT_ANKLE	8	100
20221231_144658_357	MOTOR_LEFT_ANKLE	8	100
20221231_144658_388	MOTOR_LEFT_ANKLE	8	100
20221231_144658_418	MOTOR_LEFT_ANKLE	8	100
20221231_144658_449	MOTOR_LEFT_ANKLE	8	100
20221231_144659_261	MOTOR_LEFT_ANKLE	8	100
20221231_144659_525	MOTOR_LEFT_ANKLE	8	100
20221231_144659_779	MOTOR_LEFT_ANKLE	8	100
20221231_144700_045	MOTOR_LEFT_ANKLE	8	100
20221231_144700_546	MOTOR_LEFT_ANKLE	8	100
20221231_144700_577	MOTOR_LEFT_ANKLE	8	100
20221231_144700_607	MOTOR_LEFT_ANKLE	8	100
20221231_144700_638	MOTOR_LEFT_ANKLE	8	100
20221231_144700_668	MOTOR_LEFT_ANKLE	8	100
20221231_144700_698	MOTOR_LEFT_ANKLE	8	100
20221231_144700_728	MOTOR_LEFT_ANKLE	8	100
20221231_144700_758	MOTOR_LEFT_ANKLE	8	100
20221231_144700_788	MOTOR_LEFT_ANKLE	8	100
20221231_144701_859	MOTOR_LEFT_ANKLE	-8	100
20221231_144701_942	MOTOR_RIGHT_ANKLE	8	1000
20221231_144701_942	MOTOR_LEFT_ANKLE	8	1000
20221231_144702_211	MOTOR_LEFT_ANKLE	-8	100
20221231_144702_942	MOTOR_RIGHT_ANKLE	-8	1000
20221231_144702_942	MOTOR_LEFT_ANKLE	-8	1000
20221231_144703_143	MOTOR_LEFT_ANKLE	-8	100
20221231_144705_302	MOTOR_LEFT_ANKLE	8	100
20221231_144705_758	MOTOR_LEFT_ANKLE	8	100
20221231_144705_990	MOTOR_LEFT_ANKLE	8	100
20221231_144706_238	MOTOR_LEFT_ANKLE	8	100
20221231_144706_932	MOTOR_RIGHT_ANKLE	8	1000
20221231_144706_932	MOTOR_LEFT_ANKLE	8	1000
20221231_144707_932	MOTOR_RIGHT_ANKLE	-8	1000
20221231_144707_932	MOTOR_LEFT_ANKLE	-8	1000
20221231_144711_922	MOTOR_RIGHT_ANKLE	8	1000
20221231_144711_922	MOTOR_LEFT_ANKLE	8	1000
20221231_144712_922	MOTOR_RIGHT_ANKLE	-8	1000
20221231_144712_922	MOTOR_LEFT_ANKLE	-8	1000
20221231_144716_912	MOTOR_RIGHT_ANKLE	8	1000
20221231_144716_912	MOTOR_LEFT_ANKLE	8	1000
20221231_144717_912	MOTOR_RIGHT_ANKLE	-8	1000
20221231_144717_912	MOTOR_LEFT_ANKLE	-8	1000
20221231_144721_902	MOTOR_RIGHT_ANKLE	8	1000
20221231_144721_902	MOTOR_LEFT_ANKLE	8	1000
20221231_144722_902	MOTOR_RIGHT_ANKLE	-8	1000
20221231_144722_902	MOTOR_LEFT_ANKLE	-8	1000
20221231_144726_892	MOTOR_RIGHT_ANKLE	8	1000
20221231_144726_892	MOTOR_LEFT_ANKLE	8	1000
20221231_144727_892	MOTOR_RIGHT_ANKLE	-8	1000
20221231_144727_892	MOTOR_LEFT_ANKLE	-8	1000
20221231_144731_882	MOTOR_RIGHT_ANKLE	8	1000
20221231_144731_882	MOTOR_LEFT_ANKLE	8	1000
20221231_144732_882	MOTOR_RIGHT_ANKLE	-8	1000
20221231_144732_882	MOTOR_LEFT_ANKLE	-8	1000
20221231_144736_872	MOTOR_RIGHT_ANKLE	8	1000
20221231_144736_872	MOTOR_LEFT_ANKLE	8	1000
20221231_144737_872	MOTOR_RIGHT_ANKLE	-8	1000
20221231_144737_872	MOTOR_LEFT_ANKLE	-8	1000
20221231_144741_862	MOTOR_RIGHT_ANKLE	8	1000
20221231_144741_862	MOTOR_LEFT_ANKLE	8	1000
20221231_144742_862	MOTOR_RIGHT_ANKLE	-8	1000
20221231_144742_862	MOTOR_LEFT_ANKLE	-8	1000
20221231_144746_852	MOTOR_RIGHT_ANKLE	8	1000
20221231_144746_852	MOTOR_LEFT_ANKLE	8	1000
20221231_144747_852	MOTOR_RIGHT_ANKLE	-8	1000
20221231_144747_852	MOTOR_LEFT_ANKLE	-8	1000
20221231_144751_842	MOTOR_RIGHT_ANKLE	8	1000
20221231_144751_842	MOTOR_LEFT_ANKLE	8	1000
20221231_144752_842	MOTOR_RIGHT_ANKLE	-8	1000
20221231_144752_842	MOTOR_LEFT_ANKLE	-8	1000
20221231_144756_832	MOTOR_RIGHT_ANKLE	8	1000
20221231_144756_832	MOTOR_LEFT_ANKLE	8	1000
20221231_144757_832	MOTOR_RIGHT_ANKLE	-8	1000
20221231_144757_832	MOTOR_LEFT_ANKLE	-8	1000
20221231_144801_822	MOTOR_RIGHT_ANKLE	8	1000
20221231_144801_822	MOTOR_LEFT_ANKLE	8	1000
20221231_144802_822	MOTOR_RIGHT_ANKLE	-8	1000
20221231_144802_822	MOTOR_LEFT_ANKLE	-8	1000
20221231_144806_812	MOTOR_RIGHT_ANKLE	8	1000
20221231_144806_812	MOTOR_LEFT_ANKLE	8	1000
20221231_144807_812	MOTOR_RIGHT_ANKLE	-8	1000
20221231_144807_812	MOTOR_LEFT_ANKLE	-8	1000
20221231_144811_802	MOTOR_RIGHT_ANKLE	8	1000
20221231_144811_802	MOTOR_LEFT_ANKLE	8	1000
20221231_144812_802	MOTOR_RIGHT_ANKLE	-8	1000
20221231_144812_802	MOTOR_LEFT_ANKLE	-8	1000
20221231_144816_792	MOTOR_RIGHT_ANKLE	8	1000
20221231_144816_792	MOTOR_LEFT_ANKLE	8	1000
20221231_144817_792	MOTOR_RIGHT_ANKLE	-8	1000
20221231_144817_792	MOTOR_LEFT_ANKLE	-8	1000
20221231_144821_782	MOTOR_RIGHT_ANKLE	8	1000
20221231_144821_782	MOTOR_LEFT_ANKLE	8	1000
20221231_144822_782	MOTOR_RIGHT_ANKLE	-8	1000
20221231_144822_782	MOTOR_LEFT_ANKLE	-8	1000
20221231_144826_772	MOTOR_RIGHT_ANKLE	8	1000
20221231_144826_772	MOTOR_LEFT_ANKLE	8	1000
20221231_144827_772	MOTOR_RIGHT_ANKLE	-8	1000
20221231_144827_772	MOTOR_LEFT_ANKLE	-8	1000
20221231_144831_762	MOTOR_RIGHT_ANKLE	8	1000
20221231_144831_762	MOTOR_LEFT_ANKLE	8	1000
20221231_144832_762	MOTOR_RIGHT_ANKLE	-8	1000
20221231_144832_762	MOTOR_LEFT_ANKLE	-8	1000
20221231_144836_752	MOTOR_RIGHT_ANKLE	8	1000
20221231_144836_752	MOTOR_LEFT_ANKLE	8	1000
20221231_144837_172	key=ff1b ()
20221231_144837_752	MOTOR_RIGHT_ANKLE	-8	1000
20221231_144837_752	MOTOR_LEFT_ANKLE	-8	1000
