20221231_144928_440	Script filename: '/usr/src/Robot/Robots/TwoLeg/scripts/DemoLean01.sh'
20221231_144928_442	MOTOR_RIGHT_ANKLE	-8	500
20221231_144928_442	MOTOR_LEFT_ANKLE	-8	500
20221231_144928_932	MOTOR_RIGHT_ANKLE	8	1000
20221231_144928_932	MOTOR_LEFT_ANKLE	8	1000
20221231_144929_932	MOTOR_RIGHT_ANKLE	-8	1000
20221231_144929_932	MOTOR_LEFT_ANKLE	-8	1000
20221231_144931_422	MOTOR_RIGHT_ANKLE	8	1000
20221231_144931_422	MOTOR_LEFT_ANKLE	8	1000
20221231_144932_422	MOTOR_RIGHT_ANKLE	-8	1000
20221231_144932_422	MOTOR_LEFT_ANKLE	-8	1000
20221231_144933_912	MOTOR_RIGHT_ANKLE	8	1000
20221231_144933_912	MOTOR_LEFT_ANKLE	8	1000
20221231_144934_912	MOTOR_RIGHT_ANKLE	-8	1000
20221231_144934_912	MOTOR_LEFT_ANKLE	-8	1000
20221231_144936_402	MOTOR_RIGHT_ANKLE	8	1000
20221231_144936_402	MOTOR_LEFT_ANKLE	8	1000
20221231_144937_402	MOTOR_RIGHT_ANKLE	-8	1000
20221231_144937_402	MOTOR_LEFT_ANKLE	-8	1000
20221231_144938_892	MOTOR_RIGHT_ANKLE	8	1000
20221231_144938_892	MOTOR_LEFT_ANKLE	8	1000
20221231_144939_892	MOTOR_RIGHT_ANKLE	-8	1000
20221231_144939_892	MOTOR_LEFT_ANKLE	-8	1000
20221231_144941_382	MOTOR_RIGHT_ANKLE	8	1000
20221231_144941_382	MOTOR_LEFT_ANKLE	8	1000
20221231_144941_719	MOTOR_LEFT_ANKLE	-8	100
20221231_144941_951	MOTOR_LEFT_ANKLE	-8	100
20221231_144942_191	MOTOR_LEFT_ANKLE	-8	100
20221231_144942_382	MOTOR_RIGHT_ANKLE	-8	1000
20221231_144942_382	MOTOR_LEFT_ANKLE	-8	1000
20221231_144943_872	MOTOR_RIGHT_ANKLE	8	1000
20221231_144943_872	MOTOR_LEFT_ANKLE	8	1000
20221231_144944_191	MOTOR_LEFT_ANKLE	-8	100
20221231_144944_389	MOTOR_LEFT_ANKLE	-8	100
20221231_144944_585	MOTOR_LEFT_ANKLE	-8	100
20221231_144944_775	MOTOR_LEFT_ANKLE	-8	100
20221231_144944_872	MOTOR_RIGHT_ANKLE	-8	1000
20221231_144944_872	MOTOR_LEFT_ANKLE	-8	1000
20221231_144944_999	MOTOR_LEFT_ANKLE	-8	100
20221231_144946_362	MOTOR_RIGHT_ANKLE	8	1000
20221231_144946_362	MOTOR_LEFT_ANKLE	8	1000
20221231_144947_362	MOTOR_RIGHT_ANKLE	-8	1000
20221231_144947_362	MOTOR_LEFT_ANKLE	-8	1000
20221231_144948_852	MOTOR_RIGHT_ANKLE	8	1000
20221231_144948_852	MOTOR_LEFT_ANKLE	8	1000
20221231_144949_852	MOTOR_RIGHT_ANKLE	-8	1000
20221231_144949_852	MOTOR_LEFT_ANKLE	-8	1000
20221231_144951_342	MOTOR_RIGHT_ANKLE	8	1000
20221231_144951_342	MOTOR_LEFT_ANKLE	8	1000
20221231_144951_644	MOTOR_LEFT_ANKLE	8	100
20221231_144952_342	MOTOR_RIGHT_ANKLE	-8	1000
20221231_144952_342	MOTOR_LEFT_ANKLE	-8	1000
20221231_144952_464	MOTOR_LEFT_ANKLE	8	100
20221231_144952_770	MOTOR_LEFT_ANKLE	8	100
20221231_144953_755	MOTOR_LEFT_ANKLE	-8	100
20221231_144953_832	MOTOR_RIGHT_ANKLE	8	1000
20221231_144953_832	MOTOR_LEFT_ANKLE	8	1000
20221231_144954_712	MOTOR_LEFT_ANKLE	-8	100
20221231_144954_832	MOTOR_RIGHT_ANKLE	-8	1000
20221231_144954_832	MOTOR_LEFT_ANKLE	-8	1000
20221231_144955_213	MOTOR_LEFT_ANKLE	-8	100
20221231_144955_243	MOTOR_LEFT_ANKLE	-8	100
20221231_144955_274	MOTOR_LEFT_ANKLE	-8	100
20221231_144955_305	MOTOR_LEFT_ANKLE	-8	100
20221231_144955_336	MOTOR_LEFT_ANKLE	-8	100
20221231_144955_366	MOTOR_LEFT_ANKLE	-8	100
20221231_144955_396	MOTOR_LEFT_ANKLE	-8	100
20221231_144955_427	MOTOR_LEFT_ANKLE	-8	100
20221231_144955_457	MOTOR_LEFT_ANKLE	-8	100
20221231_144955_488	MOTOR_LEFT_ANKLE	-8	100
20221231_144955_517	MOTOR_LEFT_ANKLE	-8	100
20221231_144955_548	MOTOR_LEFT_ANKLE	-8	100
20221231_144955_713	MOTOR_LEFT_ANKLE	8	100
20221231_144956_213	MOTOR_LEFT_ANKLE	8	100
20221231_144956_243	MOTOR_LEFT_ANKLE	8	100
20221231_144956_274	MOTOR_LEFT_ANKLE	8	100
20221231_144956_304	MOTOR_LEFT_ANKLE	8	100
20221231_144956_322	MOTOR_RIGHT_ANKLE	8	1000
20221231_144956_323	MOTOR_LEFT_ANKLE	8	1000
20221231_144956_334	MOTOR_LEFT_ANKLE	8	100
20221231_144956_364	MOTOR_LEFT_ANKLE	8	100
20221231_144956_395	MOTOR_LEFT_ANKLE	8	100
20221231_144956_425	MOTOR_LEFT_ANKLE	8	100
20221231_144956_456	MOTOR_LEFT_ANKLE	8	100
20221231_144956_486	MOTOR_LEFT_ANKLE	8	100
20221231_144956_516	MOTOR_LEFT_ANKLE	8	100
20221231_144956_547	MOTOR_LEFT_ANKLE	8	100
20221231_144956_975	MOTOR_LEFT_ANKLE	8	100
20221231_144957_181	MOTOR_LEFT_ANKLE	8	100
20221231_144957_322	MOTOR_RIGHT_ANKLE	-8	1000
20221231_144957_322	MOTOR_LEFT_ANKLE	-8	1000
20221231_144958_127	MOTOR_LEFT_ANKLE	8	100
20221231_144958_370	MOTOR_LEFT_ANKLE	8	100
20221231_144958_615	MOTOR_LEFT_ANKLE	8	100
20221231_144958_812	MOTOR_RIGHT_ANKLE	8	1000
20221231_144958_812	MOTOR_LEFT_ANKLE	8	1000
20221231_144958_843	MOTOR_LEFT_ANKLE	8	100
20221231_144959_039	MOTOR_LEFT_ANKLE	8	100
20221231_144959_401	MOTOR_LEFT_ANKLE	8	100
20221231_144959_635	MOTOR_LEFT_ANKLE	8	100
20221231_144959_812	MOTOR_RIGHT_ANKLE	-8	1000
20221231_144959_812	MOTOR_LEFT_ANKLE	-8	1000
20221231_144959_833	MOTOR_LEFT_ANKLE	8	100
20221231_145000_025	MOTOR_LEFT_ANKLE	8	100
20221231_145000_223	MOTOR_LEFT_ANKLE	8	100
20221231_145000_543	MOTOR_LEFT_ANKLE	8	100
20221231_145000_749	MOTOR_LEFT_ANKLE	8	100
20221231_145000_975	MOTOR_LEFT_ANKLE	8	100
20221231_145001_209	MOTOR_LEFT_ANKLE	8	100
20221231_145001_302	MOTOR_RIGHT_ANKLE	8	1000
20221231_145001_302	MOTOR_LEFT_ANKLE	8	1000
20221231_145001_647	MOTOR_LEFT_ANKLE	8	100
20221231_145001_905	MOTOR_LEFT_ANKLE	8	100
20221231_145002_302	MOTOR_RIGHT_ANKLE	-8	1000
20221231_145002_302	MOTOR_LEFT_ANKLE	-8	1000
20221231_145003_792	MOTOR_RIGHT_ANKLE	8	1000
20221231_145003_792	MOTOR_LEFT_ANKLE	8	1000
20221231_145004_792	MOTOR_RIGHT_ANKLE	-8	1000
20221231_145004_792	MOTOR_LEFT_ANKLE	-8	1000
20221231_145005_204	MOTOR_RIGHT_ANKLE	-8	100
20221231_145006_282	MOTOR_RIGHT_ANKLE	8	1000
20221231_145006_282	MOTOR_LEFT_ANKLE	8	1000
20221231_145006_496	MOTOR_RIGHT_ANKLE	-8	100
20221231_145006_898	MOTOR_RIGHT_ANKLE	8	100
20221231_145007_118	MOTOR_RIGHT_ANKLE	8	100
20221231_145007_282	MOTOR_RIGHT_ANKLE	-8	1000
20221231_145007_282	MOTOR_LEFT_ANKLE	-8	1000
20221231_145007_334	MOTOR_RIGHT_ANKLE	8	100
20221231_145007_560	MOTOR_RIGHT_ANKLE	8	100
20221231_145008_106	MOTOR_RIGHT_ANKLE	8	100
20221231_145008_346	MOTOR_RIGHT_ANKLE	8	100
20221231_145008_560	MOTOR_RIGHT_ANKLE	8	100
20221231_145008_772	MOTOR_RIGHT_ANKLE	8	1000
20221231_145008_772	MOTOR_LEFT_ANKLE	8	1000
20221231_145008_812	MOTOR_RIGHT_ANKLE	8	100
20221231_145009_310	MOTOR_RIGHT_ANKLE	-8	100
20221231_145009_772	MOTOR_RIGHT_ANKLE	-8	1000
20221231_145009_772	MOTOR_LEFT_ANKLE	-8	1000
20221231_145009_810	MOTOR_RIGHT_ANKLE	-8	100
20221231_145009_840	MOTOR_RIGHT_ANKLE	-8	100
20221231_145009_870	MOTOR_RIGHT_ANKLE	-8	100
20221231_145009_900	MOTOR_RIGHT_ANKLE	-8	100
20221231_145009_931	MOTOR_RIGHT_ANKLE	-8	100
20221231_145009_961	MOTOR_RIGHT_ANKLE	-8	100
20221231_145009_992	MOTOR_RIGHT_ANKLE	-8	100
20221231_145010_023	MOTOR_RIGHT_ANKLE	-8	100
20221231_145010_054	MOTOR_RIGHT_ANKLE	-8	100
20221231_145010_084	MOTOR_RIGHT_ANKLE	-8	100
20221231_145010_114	MOTOR_RIGHT_ANKLE	-8	100
20221231_145011_262	MOTOR_RIGHT_ANKLE	8	1000
20221231_145011_262	MOTOR_LEFT_ANKLE	8	1000
20221231_145012_262	MOTOR_RIGHT_ANKLE	-8	1000
20221231_145012_262	MOTOR_LEFT_ANKLE	-8	1000
20221231_145013_752	MOTOR_RIGHT_ANKLE	8	1000
20221231_145013_752	MOTOR_LEFT_ANKLE	8	1000
20221231_145014_752	MOTOR_RIGHT_ANKLE	-8	1000
20221231_145014_752	MOTOR_LEFT_ANKLE	-8	1000
20221231_145015_591	MOTOR_LEFT_ANKLE	-8	100
20221231_145016_091	MOTOR_LEFT_ANKLE	-8	100
20221231_145016_121	MOTOR_LEFT_ANKLE	-8	100
20221231_145016_152	MOTOR_LEFT_ANKLE	-8	100
20221231_145016_182	MOTOR_LEFT_ANKLE	-8	100
20221231_145016_213	MOTOR_LEFT_ANKLE	-8	100
20221231_145016_242	MOTOR_RIGHT_ANKLE	8	1000
20221231_145016_242	MOTOR_LEFT_ANKLE	8	1000
20221231_145016_243	MOTOR_LEFT_ANKLE	-8	100
20221231_145016_273	MOTOR_LEFT_ANKLE	-8	100
20221231_145016_303	MOTOR_LEFT_ANKLE	-8	100
20221231_145016_333	MOTOR_LEFT_ANKLE	-8	100
20221231_145016_633	MOTOR_LEFT_ANKLE	8	100
20221231_145017_133	MOTOR_LEFT_ANKLE	8	100
20221231_145017_164	MOTOR_LEFT_ANKLE	8	100
20221231_145017_194	MOTOR_LEFT_ANKLE	8	100
20221231_145017_224	MOTOR_LEFT_ANKLE	8	100
20221231_145017_242	MOTOR_RIGHT_ANKLE	-8	1000
20221231_145017_242	MOTOR_LEFT_ANKLE	-8	1000
20221231_145017_255	MOTOR_LEFT_ANKLE	8	100
20221231_145017_285	MOTOR_LEFT_ANKLE	8	100
20221231_145017_316	MOTOR_LEFT_ANKLE	8	100
20221231_145017_346	MOTOR_LEFT_ANKLE	8	100
20221231_145017_377	MOTOR_LEFT_ANKLE	8	100
20221231_145017_406	MOTOR_LEFT_ANKLE	8	100
20221231_145017_436	MOTOR_LEFT_ANKLE	8	100
20221231_145017_467	MOTOR_LEFT_ANKLE	8	100
20221231_145017_497	MOTOR_LEFT_ANKLE	8	100
20221231_145017_527	MOTOR_LEFT_ANKLE	8	100
20221231_145017_557	MOTOR_LEFT_ANKLE	8	100
20221231_145017_588	MOTOR_LEFT_ANKLE	8	100
20221231_145017_619	MOTOR_LEFT_ANKLE	8	100
20221231_145017_648	MOTOR_LEFT_ANKLE	8	100
20221231_145017_679	MOTOR_LEFT_ANKLE	8	100
20221231_145018_732	MOTOR_RIGHT_ANKLE	8	1000
20221231_145018_732	MOTOR_LEFT_ANKLE	8	1000
20221231_145019_394	MOTOR_LEFT_ANKLE	8	100
20221231_145019_620	MOTOR_LEFT_ANKLE	8	100
20221231_145019_732	MOTOR_RIGHT_ANKLE	-8	1000
20221231_145019_732	MOTOR_LEFT_ANKLE	-8	1000
20221231_145021_222	MOTOR_RIGHT_ANKLE	8	1000
20221231_145021_222	MOTOR_LEFT_ANKLE	8	1000
20221231_145022_222	MOTOR_RIGHT_ANKLE	-8	1000
20221231_145022_222	MOTOR_LEFT_ANKLE	-8	1000
20221231_145023_616	MOTOR_LEFT_ANKLE	8	100
20221231_145023_712	MOTOR_RIGHT_ANKLE	8	1000
20221231_145023_712	MOTOR_LEFT_ANKLE	8	1000
20221231_145023_818	MOTOR_LEFT_ANKLE	8	100
20221231_145024_026	MOTOR_LEFT_ANKLE	8	100
20221231_145024_712	MOTOR_RIGHT_ANKLE	-8	1000
20221231_145024_712	MOTOR_LEFT_ANKLE	-8	1000
20221231_145026_202	MOTOR_RIGHT_ANKLE	8	1000
20221231_145026_202	MOTOR_LEFT_ANKLE	8	1000
20221231_145027_202	MOTOR_RIGHT_ANKLE	-8	1000
20221231_145027_202	MOTOR_LEFT_ANKLE	-8	1000
20221231_145028_347	MOTOR_RIGHT_ANKLE	8	100
20221231_145028_541	MOTOR_RIGHT_ANKLE	8	100
20221231_145028_692	MOTOR_RIGHT_ANKLE	8	1000
20221231_145028_692	MOTOR_LEFT_ANKLE	8	1000
20221231_145028_715	MOTOR_RIGHT_ANKLE	8	100
20221231_145029_223	MOTOR_RIGHT_ANKLE	-8	100
20221231_145029_692	MOTOR_RIGHT_ANKLE	-8	1000
20221231_145029_692	MOTOR_LEFT_ANKLE	-8	1000
20221231_145029_724	MOTOR_RIGHT_ANKLE	-8	100
20221231_145029_754	MOTOR_RIGHT_ANKLE	-8	100
20221231_145029_785	MOTOR_RIGHT_ANKLE	-8	100
20221231_145029_816	MOTOR_RIGHT_ANKLE	-8	100
20221231_145029_846	MOTOR_RIGHT_ANKLE	-8	100
20221231_145029_877	MOTOR_RIGHT_ANKLE	-8	100
20221231_145029_907	MOTOR_RIGHT_ANKLE	-8	100
20221231_145029_938	MOTOR_RIGHT_ANKLE	-8	100
20221231_145029_969	MOTOR_RIGHT_ANKLE	-8	100
20221231_145029_999	MOTOR_RIGHT_ANKLE	-8	100
20221231_145030_030	MOTOR_RIGHT_ANKLE	-8	100
20221231_145030_060	MOTOR_RIGHT_ANKLE	-8	100
20221231_145030_090	MOTOR_RIGHT_ANKLE	-8	100
20221231_145030_120	MOTOR_RIGHT_ANKLE	-8	100
20221231_145030_150	MOTOR_RIGHT_ANKLE	-8	100
20221231_145030_469	MOTOR_RIGHT_ANKLE	-8	100
20221231_145031_182	MOTOR_RIGHT_ANKLE	8	1000
20221231_145031_182	MOTOR_LEFT_ANKLE	8	1000
20221231_145032_182	MOTOR_RIGHT_ANKLE	-8	1000
20221231_145032_182	MOTOR_LEFT_ANKLE	-8	1000
20221231_145032_239	MOTOR_RIGHT_ANKLE	-8	100
20221231_145032_739	MOTOR_RIGHT_ANKLE	-8	100
20221231_145032_770	MOTOR_RIGHT_ANKLE	-8	100
20221231_145032_799	MOTOR_RIGHT_ANKLE	-8	100
20221231_145032_830	MOTOR_RIGHT_ANKLE	-8	100
20221231_145032_861	MOTOR_RIGHT_ANKLE	-8	100
20221231_145033_672	MOTOR_RIGHT_ANKLE	8	1000
20221231_145033_672	MOTOR_LEFT_ANKLE	8	1000
20221231_145034_672	MOTOR_RIGHT_ANKLE	-8	1000
20221231_145034_672	MOTOR_LEFT_ANKLE	-8	1000
20221231_145036_162	MOTOR_RIGHT_ANKLE	8	1000
20221231_145036_162	MOTOR_LEFT_ANKLE	8	1000
20221231_145036_192	MOTOR_RIGHT_ANKLE	-8	100
20221231_145036_968	MOTOR_RIGHT_ANKLE	8	100
20221231_145037_162	MOTOR_RIGHT_ANKLE	-8	1000
20221231_145037_162	MOTOR_LEFT_ANKLE	-8	1000
20221231_145037_469	MOTOR_RIGHT_ANKLE	8	100
20221231_145037_499	MOTOR_RIGHT_ANKLE	8	100
20221231_145038_403	MOTOR_RIGHT_ANKLE	-8	100
20221231_145038_652	MOTOR_RIGHT_ANKLE	8	1000
20221231_145038_652	MOTOR_LEFT_ANKLE	8	1000
20221231_145039_189	MOTOR_RIGHT_ANKLE	8	100
20221231_145039_652	MOTOR_RIGHT_ANKLE	-8	1000
20221231_145039_652	MOTOR_LEFT_ANKLE	-8	1000
20221231_145039_689	MOTOR_RIGHT_ANKLE	8	100
20221231_145039_719	MOTOR_RIGHT_ANKLE	8	100
20221231_145039_748	MOTOR_RIGHT_ANKLE	8	100
20221231_145039_778	MOTOR_RIGHT_ANKLE	8	100
20221231_145039_809	MOTOR_RIGHT_ANKLE	8	100
20221231_145039_840	MOTOR_RIGHT_ANKLE	8	100
20221231_145039_871	MOTOR_RIGHT_ANKLE	8	100
20221231_145039_901	MOTOR_RIGHT_ANKLE	8	100
20221231_145039_932	MOTOR_RIGHT_ANKLE	8	100
20221231_145039_962	MOTOR_RIGHT_ANKLE	8	100
20221231_145039_993	MOTOR_RIGHT_ANKLE	8	100
20221231_145040_023	MOTOR_RIGHT_ANKLE	8	100
20221231_145040_053	MOTOR_RIGHT_ANKLE	8	100
20221231_145040_083	MOTOR_RIGHT_ANKLE	8	100
20221231_145040_114	MOTOR_RIGHT_ANKLE	8	100
20221231_145041_111	MOTOR_RIGHT_ANKLE	-8	100
20221231_145041_142	MOTOR_RIGHT_ANKLE	8	1000
20221231_145041_142	MOTOR_LEFT_ANKLE	8	1000
20221231_145041_610	MOTOR_RIGHT_ANKLE	-8	100
20221231_145042_142	MOTOR_RIGHT_ANKLE	-8	1000
20221231_145042_142	MOTOR_LEFT_ANKLE	-8	1000
20221231_145043_123	MOTOR_RIGHT_ANKLE	8	100
20221231_145043_351	MOTOR_RIGHT_ANKLE	8	100
20221231_145043_632	MOTOR_RIGHT_ANKLE	8	1000
20221231_145043_632	MOTOR_LEFT_ANKLE	8	1000
20221231_145043_852	MOTOR_RIGHT_ANKLE	8	100
20221231_145043_882	MOTOR_RIGHT_ANKLE	8	100
20221231_145043_913	MOTOR_RIGHT_ANKLE	8	100
20221231_145043_944	MOTOR_RIGHT_ANKLE	8	100
20221231_145043_974	MOTOR_RIGHT_ANKLE	8	100
20221231_145044_005	MOTOR_RIGHT_ANKLE	8	100
20221231_145044_355	MOTOR_RIGHT_ANKLE	-8	100
20221231_145044_632	MOTOR_RIGHT_ANKLE	-8	1000
20221231_145044_632	MOTOR_LEFT_ANKLE	-8	1000
20221231_145044_855	MOTOR_RIGHT_ANKLE	-8	100
20221231_145044_885	MOTOR_RIGHT_ANKLE	-8	100
20221231_145044_915	MOTOR_RIGHT_ANKLE	-8	100
20221231_145044_946	MOTOR_RIGHT_ANKLE	-8	100
20221231_145044_977	MOTOR_RIGHT_ANKLE	-8	100
20221231_145045_007	MOTOR_RIGHT_ANKLE	-8	100
20221231_145045_037	MOTOR_RIGHT_ANKLE	-8	100
20221231_145045_068	MOTOR_RIGHT_ANKLE	-8	100
20221231_145045_098	MOTOR_RIGHT_ANKLE	-8	100
20221231_145045_129	MOTOR_RIGHT_ANKLE	-8	100
20221231_145045_160	MOTOR_RIGHT_ANKLE	-8	100
20221231_145045_191	MOTOR_RIGHT_ANKLE	-8	100
20221231_145045_222	MOTOR_RIGHT_ANKLE	-8	100
20221231_145045_252	MOTOR_RIGHT_ANKLE	-8	100
20221231_145045_283	MOTOR_RIGHT_ANKLE	-8	100
20221231_145045_312	MOTOR_RIGHT_ANKLE	-8	100
20221231_145045_343	MOTOR_RIGHT_ANKLE	-8	100
20221231_145045_373	MOTOR_RIGHT_ANKLE	-8	100
20221231_145045_403	MOTOR_RIGHT_ANKLE	-8	100
20221231_145045_434	MOTOR_RIGHT_ANKLE	-8	100
20221231_145045_464	MOTOR_RIGHT_ANKLE	-8	100
20221231_145045_495	MOTOR_RIGHT_ANKLE	-8	100
20221231_145046_122	MOTOR_RIGHT_ANKLE	8	1000
20221231_145046_122	MOTOR_LEFT_ANKLE	8	1000
20221231_145046_855	MOTOR_RIGHT_ANKLE	-8	100
20221231_145047_073	MOTOR_RIGHT_ANKLE	-8	100
20221231_145047_122	MOTOR_RIGHT_ANKLE	-8	1000
20221231_145047_122	MOTOR_LEFT_ANKLE	-8	1000
20221231_145047_281	MOTOR_RIGHT_ANKLE	-8	100
20221231_145047_487	MOTOR_RIGHT_ANKLE	-8	100
20221231_145047_693	MOTOR_RIGHT_ANKLE	-8	100
20221231_145048_612	MOTOR_RIGHT_ANKLE	8	1000
20221231_145048_612	MOTOR_LEFT_ANKLE	8	1000
20221231_145049_154	MOTOR_RIGHT_ANKLE	-8	100
20221231_145049_344	MOTOR_RIGHT_ANKLE	-8	100
20221231_145049_562	MOTOR_RIGHT_ANKLE	-8	100
20221231_145049_612	MOTOR_RIGHT_ANKLE	-8	1000
20221231_145049_612	MOTOR_LEFT_ANKLE	-8	1000
20221231_145049_780	MOTOR_RIGHT_ANKLE	-8	100
20221231_145051_102	MOTOR_RIGHT_ANKLE	8	1000
20221231_145051_102	MOTOR_LEFT_ANKLE	8	1000
20221231_145051_118	MOTOR_LEFT_ANKLE	-8	100
20221231_145051_318	MOTOR_LEFT_ANKLE	-8	100
20221231_145051_894	MOTOR_LEFT_ANKLE	-8	100
20221231_145052_094	MOTOR_LEFT_ANKLE	-8	100
20221231_145052_102	MOTOR_RIGHT_ANKLE	-8	1000
20221231_145052_102	MOTOR_LEFT_ANKLE	-8	1000
20221231_145052_282	MOTOR_LEFT_ANKLE	-8	100
20221231_145052_672	MOTOR_LEFT_ANKLE	-8	100
20221231_145052_864	MOTOR_LEFT_ANKLE	-8	100
20221231_145053_076	MOTOR_LEFT_ANKLE	-8	100
20221231_145053_592	MOTOR_RIGHT_ANKLE	8	1000
20221231_145053_592	MOTOR_LEFT_ANKLE	8	1000
20221231_145053_778	MOTOR_LEFT_ANKLE	-8	100
20221231_145054_040	MOTOR_LEFT_ANKLE	-8	100
20221231_145054_592	MOTOR_RIGHT_ANKLE	-8	1000
20221231_145054_592	MOTOR_LEFT_ANKLE	-8	1000
20221231_145054_831	MOTOR_LEFT_ANKLE	-8	100
20221231_145055_033	MOTOR_LEFT_ANKLE	-8	100
20221231_145055_257	MOTOR_LEFT_ANKLE	-8	100
20221231_145056_082	MOTOR_RIGHT_ANKLE	8	1000
20221231_145056_082	MOTOR_LEFT_ANKLE	8	1000
20221231_145057_082	MOTOR_RIGHT_ANKLE	-8	1000
20221231_145057_082	MOTOR_LEFT_ANKLE	-8	1000
20221231_145058_572	MOTOR_RIGHT_ANKLE	8	1000
20221231_145058_572	MOTOR_LEFT_ANKLE	8	1000
20221231_145059_572	MOTOR_RIGHT_ANKLE	-8	1000
20221231_145059_572	MOTOR_LEFT_ANKLE	-8	1000
20221231_145101_062	MOTOR_RIGHT_ANKLE	8	1000
20221231_145101_062	MOTOR_LEFT_ANKLE	8	1000
20221231_145102_062	MOTOR_RIGHT_ANKLE	-8	1000
20221231_145102_062	MOTOR_LEFT_ANKLE	-8	1000
20221231_145102_890	MOTOR_LEFT_SIDE	-8	100
20221231_145103_389	MOTOR_LEFT_SIDE	-8	100
20221231_145103_419	MOTOR_LEFT_SIDE	-8	100
20221231_145103_450	MOTOR_LEFT_SIDE	-8	100
20221231_145103_480	MOTOR_LEFT_SIDE	-8	100
20221231_145103_511	MOTOR_LEFT_SIDE	-8	100
20221231_145103_541	MOTOR_LEFT_SIDE	-8	100
20221231_145103_552	MOTOR_RIGHT_ANKLE	8	1000
20221231_145103_552	MOTOR_LEFT_ANKLE	8	1000
20221231_145103_571	MOTOR_LEFT_SIDE	-8	100
20221231_145103_602	MOTOR_LEFT_SIDE	-8	100
20221231_145103_632	MOTOR_LEFT_SIDE	-8	100
20221231_145103_663	MOTOR_LEFT_SIDE	-8	100
20221231_145103_692	MOTOR_LEFT_SIDE	-8	100
20221231_145103_722	MOTOR_LEFT_SIDE	-8	100
20221231_145103_982	MOTOR_LEFT_SIDE	8	100
20221231_145104_481	MOTOR_LEFT_SIDE	8	100
20221231_145104_512	MOTOR_LEFT_SIDE	8	100
20221231_145104_543	MOTOR_LEFT_SIDE	8	100
20221231_145104_552	MOTOR_RIGHT_ANKLE	-8	1000
20221231_145104_552	MOTOR_LEFT_ANKLE	-8	1000
20221231_145104_573	MOTOR_LEFT_SIDE	8	100
20221231_145104_604	MOTOR_LEFT_SIDE	8	100
20221231_145104_635	MOTOR_LEFT_SIDE	8	100
20221231_145104_666	MOTOR_LEFT_SIDE	8	100
20221231_145104_696	MOTOR_LEFT_SIDE	8	100
20221231_145104_727	MOTOR_LEFT_SIDE	8	100
20221231_145104_757	MOTOR_LEFT_SIDE	8	100
20221231_145104_787	MOTOR_LEFT_SIDE	8	100
20221231_145106_042	MOTOR_RIGHT_ANKLE	8	1000
20221231_145106_042	MOTOR_LEFT_ANKLE	8	1000
20221231_145107_042	MOTOR_RIGHT_ANKLE	-8	1000
20221231_145107_042	MOTOR_LEFT_ANKLE	-8	1000
20221231_145107_300	MOTOR_RIGHT_SIDE	8	100
20221231_145107_801	MOTOR_RIGHT_SIDE	8	100
20221231_145107_831	MOTOR_RIGHT_SIDE	8	100
20221231_145107_862	MOTOR_RIGHT_SIDE	8	100
20221231_145107_893	MOTOR_RIGHT_SIDE	8	100
20221231_145107_924	MOTOR_RIGHT_SIDE	8	100
20221231_145107_954	MOTOR_RIGHT_SIDE	8	100
20221231_145107_985	MOTOR_RIGHT_SIDE	8	100
20221231_145108_015	MOTOR_RIGHT_SIDE	8	100
20221231_145108_045	MOTOR_RIGHT_SIDE	8	100
20221231_145108_075	MOTOR_RIGHT_SIDE	8	100
20221231_145108_105	MOTOR_RIGHT_SIDE	8	100
20221231_145108_135	MOTOR_RIGHT_SIDE	8	100
20221231_145108_165	MOTOR_RIGHT_SIDE	8	100
20221231_145108_195	MOTOR_RIGHT_SIDE	8	100
20221231_145108_225	MOTOR_RIGHT_SIDE	8	100
20221231_145108_255	MOTOR_RIGHT_SIDE	8	100
20221231_145108_286	MOTOR_RIGHT_SIDE	8	100
20221231_145108_316	MOTOR_RIGHT_SIDE	8	100
20221231_145108_347	MOTOR_RIGHT_SIDE	8	100
20221231_145108_532	MOTOR_RIGHT_ANKLE	8	1000
20221231_145108_532	MOTOR_LEFT_ANKLE	8	1000
20221231_145109_323	MOTOR_RIGHT_SIDE	8	100
20221231_145109_532	MOTOR_RIGHT_ANKLE	-8	1000
20221231_145109_532	MOTOR_LEFT_ANKLE	-8	1000
20221231_145109_601	MOTOR_RIGHT_SIDE	8	100
20221231_145110_405	MOTOR_RIGHT_SIDE	-8	100
20221231_145110_645	MOTOR_RIGHT_SIDE	-8	100
20221231_145111_022	MOTOR_RIGHT_ANKLE	8	1000
20221231_145111_022	MOTOR_LEFT_ANKLE	8	1000
20221231_145112_022	MOTOR_RIGHT_ANKLE	-8	1000
20221231_145112_022	MOTOR_LEFT_ANKLE	-8	1000
20221231_145113_512	MOTOR_RIGHT_ANKLE	8	1000
20221231_145113_512	MOTOR_LEFT_ANKLE	8	1000
20221231_145114_512	MOTOR_RIGHT_ANKLE	-8	1000
20221231_145114_512	MOTOR_LEFT_ANKLE	-8	1000
20221231_145116_002	MOTOR_RIGHT_ANKLE	8	1000
20221231_145116_002	MOTOR_LEFT_ANKLE	8	1000
20221231_145117_002	MOTOR_RIGHT_ANKLE	-8	1000
20221231_145117_002	MOTOR_LEFT_ANKLE	-8	1000
20221231_145118_492	MOTOR_RIGHT_ANKLE	8	1000
20221231_145118_492	MOTOR_LEFT_ANKLE	8	1000
20221231_145119_492	MOTOR_RIGHT_ANKLE	-8	1000
20221231_145119_492	MOTOR_LEFT_ANKLE	-8	1000
20221231_145119_758	MOTOR_RIGHT_SIDE	-8	100
20221231_145120_190	MOTOR_RIGHT_SIDE	-8	100
20221231_145120_552	MOTOR_RIGHT_SIDE	-8	100
20221231_145120_738	MOTOR_RIGHT_SIDE	-8	100
20221231_145120_930	MOTOR_RIGHT_SIDE	-8	100
20221231_145120_982	MOTOR_RIGHT_ANKLE	8	1000
20221231_145120_982	MOTOR_LEFT_ANKLE	8	1000
20221231_145121_140	MOTOR_RIGHT_SIDE	-8	100
20221231_145121_344	MOTOR_RIGHT_SIDE	-8	100
20221231_145121_788	MOTOR_RIGHT_SIDE	-8	100
20221231_145121_982	MOTOR_RIGHT_ANKLE	-8	1000
20221231_145121_982	MOTOR_LEFT_ANKLE	-8	1000
20221231_145122_190	MOTOR_RIGHT_SIDE	-8	100
20221231_145123_194	MOTOR_RIGHT_SIDE	-8	100
20221231_145123_384	MOTOR_RIGHT_SIDE	-8	100
20221231_145123_472	MOTOR_RIGHT_ANKLE	8	1000
20221231_145123_472	MOTOR_LEFT_ANKLE	8	1000
20221231_145123_678	MOTOR_RIGHT_SIDE	-8	100
20221231_145124_298	MOTOR_RIGHT_SIDE	-8	100
20221231_145124_472	MOTOR_RIGHT_ANKLE	-8	1000
20221231_145124_472	MOTOR_LEFT_ANKLE	-8	1000
20221231_145124_510	MOTOR_RIGHT_SIDE	-8	100
20221231_145124_774	MOTOR_RIGHT_SIDE	-8	100
20221231_145125_241	MOTOR_RIGHT_SIDE	-8	100
20221231_145125_491	MOTOR_RIGHT_SIDE	-8	100
20221231_145125_925	MOTOR_RIGHT_SIDE	-8	100
20221231_145125_962	MOTOR_RIGHT_ANKLE	8	1000
20221231_145125_962	MOTOR_LEFT_ANKLE	8	1000
20221231_145126_962	MOTOR_RIGHT_ANKLE	-8	1000
20221231_145126_962	MOTOR_LEFT_ANKLE	-8	1000
20221231_145127_153	MOTOR_RIGHT_SIDE	-8	100
20221231_145127_685	MOTOR_RIGHT_SIDE	-8	100
20221231_145127_887	MOTOR_RIGHT_SIDE	-8	100
20221231_145128_388	MOTOR_RIGHT_SIDE	-8	100
20221231_145128_418	MOTOR_RIGHT_SIDE	-8	100
20221231_145128_448	MOTOR_RIGHT_SIDE	-8	100
20221231_145128_452	MOTOR_RIGHT_ANKLE	8	1000
20221231_145128_452	MOTOR_LEFT_ANKLE	8	1000
20221231_145128_478	MOTOR_RIGHT_SIDE	-8	100
20221231_145128_509	MOTOR_RIGHT_SIDE	-8	100
20221231_145128_540	MOTOR_RIGHT_SIDE	-8	100
20221231_145128_571	MOTOR_RIGHT_SIDE	-8	100
20221231_145128_601	MOTOR_RIGHT_SIDE	-8	100
20221231_145128_631	MOTOR_RIGHT_SIDE	-8	100
20221231_145128_662	MOTOR_RIGHT_SIDE	-8	100
20221231_145128_692	MOTOR_RIGHT_SIDE	-8	100
20221231_145129_452	MOTOR_RIGHT_ANKLE	-8	1000
20221231_145129_452	MOTOR_LEFT_ANKLE	-8	1000
20221231_145129_523	MOTOR_RIGHT_SIDE	8	100
20221231_145129_737	MOTOR_RIGHT_SIDE	8	100
20221231_145130_238	MOTOR_RIGHT_SIDE	8	100
20221231_145130_268	MOTOR_RIGHT_SIDE	8	100
20221231_145130_299	MOTOR_RIGHT_SIDE	8	100
20221231_145130_329	MOTOR_RIGHT_SIDE	8	100
20221231_145130_359	MOTOR_RIGHT_SIDE	8	100
20221231_145130_389	MOTOR_RIGHT_SIDE	8	100
20221231_145130_419	MOTOR_RIGHT_SIDE	8	100
20221231_145130_450	MOTOR_RIGHT_SIDE	8	100
20221231_145130_481	MOTOR_RIGHT_SIDE	8	100
20221231_145130_511	MOTOR_RIGHT_SIDE	8	100
20221231_145130_543	MOTOR_RIGHT_SIDE	8	100
20221231_145130_942	MOTOR_RIGHT_ANKLE	8	1000
20221231_145130_942	MOTOR_LEFT_ANKLE	8	1000
20221231_145131_019	MOTOR_RIGHT_SIDE	8	100
20221231_145131_281	MOTOR_RIGHT_SIDE	8	100
20221231_145131_509	MOTOR_RIGHT_SIDE	8	100
20221231_145131_731	MOTOR_RIGHT_SIDE	8	100
20221231_145131_942	MOTOR_RIGHT_ANKLE	-8	1000
20221231_145131_942	MOTOR_LEFT_ANKLE	-8	1000
20221231_145131_995	MOTOR_RIGHT_SIDE	8	100
20221231_145132_870	MOTOR_RIGHT_SIDE	-8	100
20221231_145133_122	MOTOR_RIGHT_SIDE	-8	100
20221231_145133_334	MOTOR_RIGHT_SIDE	-8	100
20221231_145133_432	MOTOR_RIGHT_ANKLE	8	1000
20221231_145133_432	MOTOR_LEFT_ANKLE	8	1000
20221231_145133_592	MOTOR_RIGHT_SIDE	-8	100
20221231_145134_136	MOTOR_RIGHT_SIDE	8	100
20221231_145134_362	MOTOR_RIGHT_SIDE	8	100
20221231_145134_432	MOTOR_RIGHT_ANKLE	-8	1000
20221231_145134_432	MOTOR_LEFT_ANKLE	-8	1000
20221231_145134_568	MOTOR_RIGHT_SIDE	8	100
20221231_145135_274	MOTOR_RIGHT_SIDE	-8	100
20221231_145135_922	MOTOR_RIGHT_ANKLE	8	1000
20221231_145135_922	MOTOR_LEFT_ANKLE	8	1000
20221231_145136_922	MOTOR_RIGHT_ANKLE	-8	1000
20221231_145136_922	MOTOR_LEFT_ANKLE	-8	1000
20221231_145138_412	MOTOR_RIGHT_ANKLE	8	1000
20221231_145138_412	MOTOR_LEFT_ANKLE	8	1000
20221231_145139_412	MOTOR_RIGHT_ANKLE	-8	1000
20221231_145139_412	MOTOR_LEFT_ANKLE	-8	1000
20221231_145140_902	MOTOR_RIGHT_ANKLE	8	1000
20221231_145140_902	MOTOR_LEFT_ANKLE	8	1000
20221231_145141_902	MOTOR_RIGHT_ANKLE	-8	1000
20221231_145141_902	MOTOR_LEFT_ANKLE	-8	1000
20221231_145142_865	MOTOR_RIGHT_SIDE	-8	100
20221231_145143_075	MOTOR_RIGHT_SIDE	-8	100
20221231_145143_392	MOTOR_RIGHT_ANKLE	8	1000
20221231_145143_392	MOTOR_LEFT_ANKLE	8	1000
20221231_145143_576	MOTOR_RIGHT_SIDE	-8	100
20221231_145143_607	MOTOR_RIGHT_SIDE	-8	100
20221231_145143_638	MOTOR_RIGHT_SIDE	-8	100
20221231_145143_668	MOTOR_RIGHT_SIDE	-8	100
20221231_145143_699	MOTOR_RIGHT_SIDE	-8	100
20221231_145143_729	MOTOR_RIGHT_SIDE	-8	100
20221231_145143_760	MOTOR_RIGHT_SIDE	-8	100
20221231_145143_790	MOTOR_RIGHT_SIDE	-8	100
20221231_145143_821	MOTOR_RIGHT_SIDE	-8	100
20221231_145143_851	MOTOR_RIGHT_SIDE	-8	100
20221231_145143_881	MOTOR_RIGHT_SIDE	-8	100
20221231_145143_912	MOTOR_RIGHT_SIDE	-8	100
20221231_145143_942	MOTOR_RIGHT_SIDE	-8	100
20221231_145143_972	MOTOR_RIGHT_SIDE	-8	100
20221231_145144_003	MOTOR_RIGHT_SIDE	-8	100
20221231_145144_034	MOTOR_RIGHT_SIDE	-8	100
20221231_145144_064	MOTOR_RIGHT_SIDE	-8	100
20221231_145144_094	MOTOR_RIGHT_SIDE	-8	100
20221231_145144_124	MOTOR_RIGHT_SIDE	-8	100
20221231_145144_155	MOTOR_RIGHT_SIDE	-8	100
20221231_145144_185	MOTOR_RIGHT_SIDE	-8	100
20221231_145144_215	MOTOR_RIGHT_SIDE	-8	100
20221231_145144_246	MOTOR_RIGHT_SIDE	-8	100
20221231_145144_276	MOTOR_RIGHT_SIDE	-8	100
20221231_145144_307	MOTOR_RIGHT_SIDE	-8	100
20221231_145144_337	MOTOR_RIGHT_SIDE	-8	100
20221231_145144_367	MOTOR_RIGHT_SIDE	-8	100
20221231_145144_392	MOTOR_RIGHT_ANKLE	-8	1000
20221231_145144_392	MOTOR_LEFT_ANKLE	-8	1000
20221231_145144_398	MOTOR_RIGHT_SIDE	-8	100
20221231_145144_428	MOTOR_RIGHT_SIDE	-8	100
20221231_145145_082	MOTOR_RIGHT_SIDE	8	100
20221231_145145_333	MOTOR_RIGHT_SIDE	8	100
20221231_145145_693	MOTOR_RIGHT_SIDE	8	100
20221231_145145_882	MOTOR_RIGHT_ANKLE	8	1000
20221231_145145_882	MOTOR_LEFT_ANKLE	8	1000
20221231_145145_943	MOTOR_RIGHT_SIDE	8	100
20221231_145146_161	MOTOR_RIGHT_SIDE	8	100
20221231_145146_369	MOTOR_RIGHT_SIDE	8	100
20221231_145146_650	MOTOR_RIGHT_SIDE	8	100
20221231_145146_882	MOTOR_RIGHT_ANKLE	-8	1000
20221231_145146_882	MOTOR_LEFT_ANKLE	-8	1000
20221231_145148_372	MOTOR_RIGHT_ANKLE	8	1000
20221231_145148_372	MOTOR_LEFT_ANKLE	8	1000
20221231_145149_372	MOTOR_RIGHT_ANKLE	-8	1000
20221231_145149_372	MOTOR_LEFT_ANKLE	-8	1000
20221231_145150_862	MOTOR_RIGHT_ANKLE	8	1000
20221231_145150_862	MOTOR_LEFT_ANKLE	8	1000
20221231_145151_862	MOTOR_RIGHT_ANKLE	-8	1000
20221231_145151_862	MOTOR_LEFT_ANKLE	-8	1000
20221231_145153_352	MOTOR_RIGHT_ANKLE	8	1000
20221231_145153_352	MOTOR_LEFT_ANKLE	8	1000
20221231_145154_352	MOTOR_RIGHT_ANKLE	-8	1000
20221231_145154_352	MOTOR_LEFT_ANKLE	-8	1000
20221231_145155_842	MOTOR_RIGHT_ANKLE	8	1000
20221231_145155_842	MOTOR_LEFT_ANKLE	8	1000
20221231_145156_842	MOTOR_RIGHT_ANKLE	-8	1000
20221231_145156_842	MOTOR_LEFT_ANKLE	-8	1000
20221231_145158_332	MOTOR_RIGHT_ANKLE	8	1000
20221231_145158_332	MOTOR_LEFT_ANKLE	8	1000
20221231_145159_332	MOTOR_RIGHT_ANKLE	-8	1000
20221231_145159_332	MOTOR_LEFT_ANKLE	-8	1000
20221231_145200_822	MOTOR_RIGHT_ANKLE	8	1000
20221231_145200_822	MOTOR_LEFT_ANKLE	8	1000
20221231_145201_822	MOTOR_RIGHT_ANKLE	-8	1000
20221231_145201_822	MOTOR_LEFT_ANKLE	-8	1000
20221231_145203_312	MOTOR_RIGHT_ANKLE	8	1000
20221231_145203_312	MOTOR_LEFT_ANKLE	8	1000
20221231_145204_312	MOTOR_RIGHT_ANKLE	-8	1000
20221231_145204_312	MOTOR_LEFT_ANKLE	-8	1000
20221231_145205_802	MOTOR_RIGHT_ANKLE	8	1000
20221231_145205_802	MOTOR_LEFT_ANKLE	8	1000
20221231_145206_802	MOTOR_RIGHT_ANKLE	-8	1000
20221231_145206_802	MOTOR_LEFT_ANKLE	-8	1000
20221231_145208_292	MOTOR_RIGHT_ANKLE	8	1000
20221231_145208_292	MOTOR_LEFT_ANKLE	8	1000
20221231_145209_292	MOTOR_RIGHT_ANKLE	-8	1000
20221231_145209_292	MOTOR_LEFT_ANKLE	-8	1000
20221231_145210_782	MOTOR_RIGHT_ANKLE	8	1000
20221231_145210_782	MOTOR_LEFT_ANKLE	8	1000
20221231_145211_782	MOTOR_RIGHT_ANKLE	-8	1000
20221231_145211_782	MOTOR_LEFT_ANKLE	-8	1000
20221231_145212_712	key=ff53 (S)
20221231_145213_212	key=ff53 (S)
20221231_145213_242	key=ff53 (S)
20221231_145213_272	key=ff53 (S)
20221231_145213_302	key=ff53 (S)
20221231_145213_332	key=ff53 (S)
20221231_145213_362	key=ff53 (S)
20221231_145213_392	key=ff53 (S)
20221231_145213_422	key=ff53 (S)
20221231_145213_452	key=ff53 (S)
20221231_145213_482	key=ff53 (S)
