20140728_210404_012	ACCEL_LEG_LEFT	0	0.050	-0.046	1	0.152	-0.058	2	0.174	-0.176
20140728_210404_028	ACCEL_LEG_RIGHT	0	0.145	-0.008	1	0.146	-0.038	2	0.141	-0.195
20140728_210404_045	ACCEL_LEG_LEFT	0	0.049	-0.046	1	0.152	-0.058	2	0.174	-0.176
20140728_210404_061	ACCEL_LEG_RIGHT	0	0.146	-0.007	1	0.147	-0.040	2	0.141	-0.195
20140728_210404_078	ACCEL_LEG_LEFT	0	0.049	-0.046	1	0.152	-0.056	2	0.174	-0.176
20140728_210404_094	ACCEL_LEG_RIGHT	0	0.146	-0.007	1	0.147	-0.040	2	0.140	-0.196
20140728_210404_111	ACCEL_LEG_LEFT	0	0.048	-0.046	1	0.152	-0.056	2	0.176	-0.175
20140728_210404_127	ACCEL_LEG_RIGHT	0	0.146	-0.007	1	0.147	-0.040	2	0.140	-0.196
20140728_210404_144	ACCEL_LEG_LEFT	0	0.048	-0.046	1	0.152	-0.056	2	0.176	-0.175
20140728_210404_160	ACCEL_LEG_RIGHT	0	0.147	-0.006	1	0.147	-0.039	2	0.141	-0.197
20140728_210404_177	ACCEL_LEG_LEFT	0	0.048	-0.046	1	0.150	-0.057	2	0.175	-0.174
20140728_210404_193	ACCEL_LEG_RIGHT	0	0.147	-0.006	1	0.147	-0.039	2	0.141	-0.197
20140728_210404_210	ACCEL_LEG_LEFT	0	0.049	-0.046	1	0.150	-0.057	2	0.175	-0.174
20140728_210404_226	ACCEL_LEG_RIGHT	0	0.145	-0.006	1	0.148	-0.040	2	0.141	-0.197
20140728_210404_243	ACCEL_LEG_LEFT	0	0.049	-0.046	1	0.152	-0.057	2	0.174	-0.173
20140728_210404_259	ACCEL_LEG_RIGHT	0	0.145	-0.006	1	0.148	-0.040	2	0.139	-0.196
20140728_210404_276	ACCEL_LEG_LEFT	0	0.049	-0.048	1	0.152	-0.057	2	0.174	-0.173
20140728_210404_292	ACCEL_LEG_RIGHT	0	0.145	-0.006	1	0.148	-0.040	2	0.139	-0.196
20140728_210404_309	ACCEL_LEG_LEFT	0	0.049	-0.048	1	0.151	-0.058	2	0.174	-0.173
20140728_210404_325	ACCEL_LEG_RIGHT	0	0.145	-0.007	1	0.146	-0.038	2	0.140	-0.197
20140728_210404_342	ACCEL_LEG_LEFT	0	0.049	-0.045	1	0.151	-0.058	2	0.177	-0.178
20140728_210404_358	ACCEL_LEG_RIGHT	0	0.145	-0.007	1	0.146	-0.038	2	0.140	-0.197
20140728_210404_375	ACCEL_LEG_LEFT	0	0.049	-0.045	1	0.151	-0.058	2	0.177	-0.178
20140728_210404_391	ACCEL_LEG_RIGHT	0	0.146	-0.007	1	0.146	-0.039	2	0.141	-0.196
20140728_210404_408	ACCEL_LEG_LEFT	0	0.049	-0.045	1	0.152	-0.055	2	0.174	-0.177
20140728_210404_424	ACCEL_LEG_RIGHT	0	0.146	-0.007	1	0.146	-0.039	2	0.141	-0.196
20140728_210404_441	ACCEL_LEG_LEFT	0	0.049	-0.046	1	0.152	-0.055	2	0.174	-0.177
20140728_210404_457	ACCEL_LEG_RIGHT	0	0.146	-0.007	1	0.146	-0.039	2	0.141	-0.196
20140728_210404_474	ACCEL_LEG_LEFT	0	0.049	-0.046	1	0.152	-0.059	2	0.174	-0.177
20140728_210404_490	ACCEL_LEG_RIGHT	0	0.146	-0.007	1	0.147	-0.038	2	0.140	-0.196
20140728_210404_507	ACCEL_LEG_LEFT	0	0.049	-0.047	1	0.152	-0.059	2	0.176	-0.176
20140728_210404_523	ACCEL_LEG_RIGHT	0	0.146	-0.007	1	0.147	-0.038	2	0.140	-0.196
20140728_210404_540	ACCEL_LEG_LEFT	0	0.049	-0.047	1	0.152	-0.059	2	0.176	-0.176
20140728_210404_556	ACCEL_LEG_RIGHT	0	0.144	-0.006	1	0.145	-0.040	2	0.140	-0.197
20140728_210404_573	ACCEL_LEG_LEFT	0	0.049	-0.047	1	0.150	-0.057	2	0.174	-0.175
20140728_210404_589	ACCEL_LEG_RIGHT	0	0.144	-0.006	1	0.145	-0.040	2	0.140	-0.197
20140728_210404_606	ACCEL_LEG_LEFT	0	0.050	-0.045	1	0.150	-0.057	2	0.174	-0.175
20140728_210404_622	ACCEL_LEG_RIGHT	0	0.145	-0.007	1	0.145	-0.040	2	0.140	-0.197
20140728_210404_639	ACCEL_LEG_LEFT	0	0.050	-0.045	1	0.150	-0.058	2	0.173	-0.176
20140728_210404_655	ACCEL_LEG_RIGHT	0	0.145	-0.007	1	0.147	-0.040	2	0.140	-0.197
20140728_210404_673	ACCEL_LEG_LEFT	0	0.049	-0.045	1	0.150	-0.058	2	0.173	-0.176
20140728_210404_688	ACCEL_LEG_RIGHT	0	0.145	-0.007	1	0.147	-0.040	2	0.140	-0.197
20140728_210404_705	ACCEL_LEG_LEFT	0	0.049	-0.045	1	0.150	-0.058	2	0.173	-0.176
20140728_210404_721	ACCEL_LEG_RIGHT	0	0.146	-0.007	1	0.146	-0.039	2	0.140	-0.197
20140728_210404_738	ACCEL_LEG_LEFT	0	0.048	-0.046	1	0.152	-0.056	2	0.174	-0.178
20140728_210404_754	ACCEL_LEG_RIGHT	0	0.146	-0.007	1	0.146	-0.039	2	0.140	-0.197
20140728_210404_771	ACCEL_LEG_LEFT	0	0.048	-0.046	1	0.152	-0.056	2	0.174	-0.178
20140728_210404_787	ACCEL_LEG_RIGHT	0	0.146	-0.006	1	0.146	-0.039	2	0.141	-0.196
20140728_210404_804	ACCEL_LEG_LEFT	0	0.048	-0.046	1	0.151	-0.057	2	0.176	-0.177
20140728_210404_820	ACCEL_LEG_RIGHT	0	0.146	-0.006	1	0.147	-0.039	2	0.141	-0.196
20140728_210404_837	ACCEL_LEG_LEFT	0	0.049	-0.047	1	0.151	-0.057	2	0.176	-0.177
20140728_210404_853	ACCEL_LEG_RIGHT	0	0.146	-0.007	1	0.147	-0.039	2	0.141	-0.196
20140728_210404_870	ACCEL_LEG_LEFT	0	0.049	-0.047	1	0.151	-0.057	2	0.176	-0.177
20140728_210404_886	ACCEL_LEG_RIGHT	0	0.146	-0.007	1	0.146	-0.041	2	0.140	-0.196
20140728_210404_903	ACCEL_LEG_LEFT	0	0.049	-0.046	1	0.152	-0.058	2	0.175	-0.177
20140728_210404_919	ACCEL_LEG_RIGHT	0	0.146	-0.007	1	0.146	-0.041	2	0.140	-0.196
20140728_210404_936	ACCEL_LEG_LEFT	0	0.049	-0.046	1	0.152	-0.058	2	0.175	-0.177
20140728_210404_952	ACCEL_LEG_RIGHT	0	0.145	-0.006	1	0.145	-0.038	2	0.139	-0.195
20140728_210404_969	ACCEL_LEG_LEFT	0	0.049	-0.046	1	0.152	-0.058	2	0.176	-0.176
20140728_210404_985	ACCEL_LEG_RIGHT	0	0.145	-0.006	1	0.145	-0.038	2	0.139	-0.195
20140728_210404_002	ACCEL_LEG_LEFT	0	0.049	-0.048	1	0.152	-0.058	2	0.176	-0.176
20140728_210405_018	ACCEL_LEG_RIGHT	0	0.145	-0.007	1	0.145	-0.038	2	0.139	-0.195
20140728_210405_035	ACCEL_LEG_LEFT	0	0.049	-0.048	1	0.151	-0.058	2	0.175	-0.175
20140728_210405_051	ACCEL_LEG_RIGHT	0	0.145	-0.007	1	0.146	-0.039	2	0.140	-0.196
20140728_210405_068	ACCEL_LEG_LEFT	0	0.050	-0.047	1	0.151	-0.058	2	0.175	-0.175
20140728_210405_084	ACCEL_LEG_RIGHT	0	0.145	-0.007	1	0.146	-0.039	2	0.140	-0.196
20140728_210405_101	ACCEL_LEG_LEFT	0	0.050	-0.047	1	0.151	-0.058	2	0.175	-0.175
20140728_210405_117	ACCEL_LEG_RIGHT	0	0.145	-0.007	1	0.147	-0.039	2	0.140	-0.196
20140728_210405_134	ACCEL_LEG_LEFT	0	0.049	-0.045	1	0.152	-0.056	2	0.173	-0.176
20140728_210405_150	ACCEL_LEG_RIGHT	0	0.145	-0.007	1	0.147	-0.039	2	0.140	-0.196
20140728_210405_167	ACCEL_LEG_LEFT	0	0.049	-0.045	1	0.152	-0.056	2	0.173	-0.176
20140728_210405_183	ACCEL_LEG_RIGHT	0	0.147	-0.006	1	0.147	-0.039	2	0.140	-0.197
20140728_210405_200	ACCEL_LEG_LEFT	0	0.049	-0.045	1	0.152	-0.057	2	0.175	-0.176
20140728_210405_216	ACCEL_LEG_RIGHT	0	0.147	-0.006	1	0.146	-0.038	2	0.140	-0.197
20140728_210405_233	ACCEL_LEG_LEFT	0	0.048	-0.046	1	0.152	-0.057	2	0.175	-0.176
20140728_210405_249	ACCEL_LEG_RIGHT	0	0.145	-0.006	1	0.146	-0.038	2	0.140	-0.197
20140728_210405_266	ACCEL_LEG_LEFT	0	0.048	-0.046	1	0.152	-0.057	2	0.175	-0.176
20140728_210405_282	ACCEL_LEG_RIGHT	0	0.145	-0.006	1	0.147	-0.039	2	0.140	-0.196
20140728_210405_299	ACCEL_LEG_LEFT	0	0.051	-0.047	1	0.152	-0.056	2	0.176	-0.177
20140728_210405_315	ACCEL_LEG_RIGHT	0	0.145	-0.006	1	0.147	-0.039	2	0.140	-0.196
20140728_210405_332	ACCEL_LEG_LEFT	0	0.051	-0.047	1	0.152	-0.056	2	0.176	-0.177
20140728_210405_348	ACCEL_LEG_RIGHT	0	0.146	-0.007	1	0.147	-0.039	2	0.140	-0.196
20140728_210405_365	ACCEL_LEG_LEFT	0	0.051	-0.047	1	0.151	-0.054	2	0.175	-0.176
20140728_210405_381	ACCEL_LEG_RIGHT	0	0.146	-0.007	1	0.146	-0.040	2	0.140	-0.196
20140728_210405_398	ACCEL_LEG_LEFT	0	0.048	-0.047	1	0.151	-0.054	2	0.175	-0.176
20140728_210405_414	ACCEL_LEG_RIGHT	0	0.146	-0.008	1	0.146	-0.040	2	0.140	-0.196
20140728_210405_431	ACCEL_LEG_LEFT	0	0.048	-0.047	1	0.151	-0.054	2	0.175	-0.177
20140728_210405_447	ACCEL_LEG_RIGHT	0	0.146	-0.008	1	0.147	-0.038	2	0.140	-0.194
20140728_210405_464	ACCEL_LEG_LEFT	0	0.050	-0.046	1	0.152	-0.056	2	0.175	-0.177
20140728_210405_480	ACCEL_LEG_RIGHT	0	0.146	-0.008	1	0.147	-0.038	2	0.140	-0.194
20140728_210405_497	ACCEL_LEG_LEFT	0	0.050	-0.046	1	0.152	-0.056	2	0.175	-0.177
20140728_210405_513	ACCEL_LEG_RIGHT	0	0.146	-0.007	1	0.147	-0.038	2	0.141	-0.196
20140728_210405_530	ACCEL_LEG_LEFT	0	0.048	-0.047	1	0.153	-0.057	2	0.175	-0.175
20140728_210405_546	ACCEL_LEG_RIGHT	0	0.146	-0.007	1	0.147	-0.039	2	0.141	-0.196
20140728_210405_563	ACCEL_LEG_LEFT	0	0.048	-0.047	1	0.153	-0.057	2	0.175	-0.175
20140728_210405_579	ACCEL_LEG_RIGHT	0	0.146	-0.006	1	0.147	-0.039	2	0.141	-0.196
20140728_210405_596	ACCEL_LEG_LEFT	0	0.048	-0.047	1	0.153	-0.057	2	0.174	-0.176
20140728_210405_612	ACCEL_LEG_RIGHT	0	0.146	-0.006	1	0.148	-0.039	2	0.141	-0.196
20140728_210405_629	ACCEL_LEG_LEFT	0	0.050	-0.046	1	0.152	-0.056	2	0.174	-0.176
20140728_210405_645	ACCEL_LEG_RIGHT	0	0.148	-0.004	1	0.148	-0.039	2	0.141	-0.196
20140728_210405_662	ACCEL_LEG_LEFT	0	0.050	-0.046	1	0.152	-0.056	2	0.174	-0.176
20140728_210405_678	ACCEL_LEG_RIGHT	0	0.148	-0.004	1	0.161	-0.040	2	0.142	-0.204
20140728_210405_695	ACCEL_LEG_LEFT	0	0.048	-0.049	1	0.151	-0.060	2	0.172	-0.181
20140728_210405_711	ACCEL_LEG_RIGHT	0	0.148	-0.004	1	0.161	-0.040	2	0.142	-0.204
20140728_210405_728	ACCEL_LEG_LEFT	0	0.048	-0.049	1	0.151	-0.060	2	0.172	-0.181
20140728_210405_744	ACCEL_LEG_RIGHT	0	0.147	-0.006	1	0.161	-0.040	2	0.104	-0.196
20140728_210405_761	ACCEL_LEG_LEFT	0	0.048	-0.049	1	0.130	-0.041	2	0.149	-0.162
20140728_210405_777	ACCEL_LEG_RIGHT	0	0.147	-0.006	1	0.118	-0.018	2	0.104	-0.196
20140728_210405_794	ACCEL_LEG_LEFT	0	0.049	-0.044	1	0.130	-0.041	2	0.149	-0.162
20140728_210405_810	ACCEL_LEG_RIGHT	0	0.145	-0.003	1	0.118	-0.018	2	0.104	-0.196
20140728_210405_827	ACCEL_LEG_LEFT	0	0.049	-0.044	1	0.130	-0.041	2	0.139	-0.230
20140728_210405_843	ACCEL_LEG_RIGHT	0	0.145	-0.003	1	0.134	-0.067	2	0.050	-0.226
20140728_210405_860	ACCEL_LEG_LEFT	0	0.067	-0.040	1	0.125	-0.073	2	0.139	-0.230
20140728_210405_876	ACCEL_LEG_RIGHT	0	0.145	-0.003	1	0.134	-0.067	2	0.050	-0.226
20140728_210405_893	ACCEL_LEG_LEFT	0	0.067	-0.040	1	0.125	-0.073	2	0.139	-0.230
20140728_210405_909	ACCEL_LEG_RIGHT	0	0.170	-0.005	1	0.134	-0.067	2	0.233	-0.136
20140728_210405_926	ACCEL_LEG_LEFT	0	0.071	-0.031	1	0.215	-0.057	2	0.249	-0.163
20140728_210405_942	ACCEL_LEG_RIGHT	0	0.170	-0.005	1	0.221	-0.006	2	0.233	-0.136
20140728_210405_959	ACCEL_LEG_LEFT	0	0.071	-0.031	1	0.215	-0.057	2	0.249	-0.163
20140728_210405_975	ACCEL_LEG_RIGHT	0	0.172	-0.010	1	0.221	-0.006	2	0.233	-0.136
20140728_210405_992	ACCEL_LEG_LEFT	0	0.071	-0.031	1	0.215	-0.057	2	0.260	-0.125
20140728_210406_008	ACCEL_LEG_RIGHT	0	0.172	-0.010	1	0.206	-0.031	2	0.224	-0.195
20140728_210406_025	ACCEL_LEG_LEFT	0	0.060	-0.046	1	0.208	-0.024	2	0.260	-0.125
20140728_210406_041	ACCEL_LEG_RIGHT	0	0.164	-0.008	1	0.206	-0.031	2	0.224	-0.195
20140728_210406_058	ACCEL_LEG_LEFT	0	0.060	-0.046	1	0.208	-0.024	2	0.260	-0.125
20140728_210406_074	ACCEL_LEG_RIGHT	0	0.164	-0.008	1	0.206	-0.031	2	0.145	-0.184
20140728_210406_091	ACCEL_LEG_LEFT	0	0.056	-0.043	1	0.127	-0.051	2	0.162	-0.156
20140728_210406_107	ACCEL_LEG_RIGHT	0	0.164	-0.008	1	0.111	-0.027	2	0.145	-0.184
20140728_210406_124	ACCEL_LEG_LEFT	0	0.056	-0.043	1	0.127	-0.051	2	0.162	-0.156
20140728_210406_140	ACCEL_LEG_RIGHT	0	0.152	-0.006	1	0.111	-0.027	2	0.111	-0.186
20140728_210406_158	ACCEL_LEG_LEFT	0	0.056	-0.043	1	0.127	-0.051	2	0.154	-0.180
20140728_210406_173	ACCEL_LEG_RIGHT	0	0.152	-0.006	1	0.155	-0.026	2	0.111	-0.186
20140728_210406_190	ACCEL_LEG_LEFT	0	0.055	-0.041	1	0.149	-0.048	2	0.154	-0.180
20140728_210406_206	ACCEL_LEG_RIGHT	0	0.152	-0.007	1	0.155	-0.026	2	0.111	-0.186
20140728_210406_223	ACCEL_LEG_LEFT	0	0.055	-0.041	1	0.149	-0.048	2	0.184	-0.153
20140728_210406_239	ACCEL_LEG_RIGHT	0	0.152	-0.007	1	0.155	-0.026	2	0.153	-0.158
20140728_210406_256	ACCEL_LEG_LEFT	0	0.059	-0.037	1	0.170	-0.043	2	0.184	-0.153
20140728_210406_272	ACCEL_LEG_RIGHT	0	0.152	-0.007	1	0.149	-0.008	2	0.153	-0.158
20140728_210406_289	ACCEL_LEG_LEFT	0	0.059	-0.037	1	0.170	-0.043	2	0.184	-0.153
20140728_210406_305	ACCEL_LEG_RIGHT	0	0.154	-0.009	1	0.149	-0.008	2	0.161	-0.207
20140728_210406_322	ACCEL_LEG_LEFT	0	0.062	-0.043	1	0.167	-0.053	2	0.193	-0.157
20140728_210406_338	ACCEL_LEG_RIGHT	0	0.154	-0.009	1	0.170	-0.026	2	0.161	-0.207
20140728_210406_355	ACCEL_LEG_LEFT	0	0.062	-0.043	1	0.167	-0.053	2	0.193	-0.157
20140728_210406_371	ACCEL_LEG_RIGHT	0	0.154	-0.006	1	0.170	-0.026	2	0.161	-0.207
20140728_210406_388	ACCEL_LEG_LEFT	0	0.062	-0.043	1	0.167	-0.053	2	0.201	-0.178
20140728_210406_404	ACCEL_LEG_RIGHT	0	0.154	-0.006	1	0.170	-0.026	2	0.168	-0.180
20140728_210406_421	ACCEL_LEG_LEFT	0	0.064	-0.040	1	0.176	-0.063	2	0.201	-0.178
20140728_210406_437	ACCEL_LEG_RIGHT	0	0.153	-0.008	1	0.163	-0.022	2	0.168	-0.180
20140728_210406_454	ACCEL_LEG_LEFT	0	0.064	-0.040	1	0.176	-0.063	2	0.201	-0.178
20140728_210406_470	ACCEL_LEG_RIGHT	0	0.153	-0.008	1	0.163	-0.022	2	0.166	-0.195
20140728_210406_487	ACCEL_LEG_LEFT	0	0.059	-0.045	1	0.162	-0.046	2	0.190	-0.158
20140728_210406_503	ACCEL_LEG_RIGHT	0	0.153	-0.008	1	0.161	-0.025	2	0.166	-0.195
20140728_210406_520	ACCEL_LEG_LEFT	0	0.059	-0.045	1	0.162	-0.046	2	0.190	-0.158
20140728_210406_536	ACCEL_LEG_RIGHT	0	0.151	-0.007	1	0.161	-0.025	2	0.140	-0.189
20140728_210406_553	ACCEL_LEG_LEFT	0	0.059	-0.045	1	0.162	-0.046	2	0.175	-0.170
20140728_210406_569	ACCEL_LEG_RIGHT	0	0.151	-0.007	1	0.141	-0.019	2	0.140	-0.189
20140728_210406_586	ACCEL_LEG_LEFT	0	0.059	-0.039	1	0.152	-0.057	2	0.175	-0.170
20140728_210406_602	ACCEL_LEG_RIGHT	0	0.147	-0.007	1	0.141	-0.019	2	0.140	-0.189
20140728_210406_620	ACCEL_LEG_LEFT	0	0.059	-0.039	1	0.152	-0.057	2	0.170	-0.163
20140728_210406_635	ACCEL_LEG_RIGHT	0	0.147	-0.007	1	0.141	-0.019	2	0.142	-0.184
20140728_210406_652	ACCEL_LEG_LEFT	0	0.055	-0.046	1	0.154	-0.048	2	0.170	-0.163
20140728_210406_668	ACCEL_LEG_RIGHT	0	0.150	-0.008	1	0.153	-0.025	2	0.142	-0.184
20140728_210406_685	ACCEL_LEG_LEFT	0	0.055	-0.046	1	0.154	-0.048	2	0.170	-0.163
20140728_210406_701	ACCEL_LEG_RIGHT	0	0.150	-0.008	1	0.153	-0.025	2	0.153	-0.195
20140728_210406_718	ACCEL_LEG_LEFT	0	0.059	-0.043	1	0.154	-0.048	2	0.186	-0.166
20140728_210406_734	ACCEL_LEG_RIGHT	0	0.150	-0.008	1	0.159	-0.022	2	0.153	-0.195
20140728_210406_751	ACCEL_LEG_LEFT	0	0.059	-0.043	1	0.168	-0.059	2	0.186	-0.166
20140728_210406_767	ACCEL_LEG_RIGHT	0	0.149	-0.006	1	0.159	-0.022	2	0.153	-0.195
20140728_210406_784	ACCEL_LEG_LEFT	0	0.059	-0.043	1	0.168	-0.059	2	0.197	-0.169
20140728_210406_800	ACCEL_LEG_RIGHT	0	0.149	-0.006	1	0.159	-0.022	2	0.166	-0.192
20140728_210406_817	ACCEL_LEG_LEFT	0	0.060	-0.042	1	0.171	-0.059	2	0.197	-0.169
20140728_210406_833	ACCEL_LEG_RIGHT	0	0.147	-0.006	1	0.161	-0.025	2	0.166	-0.192
20140728_210406_850	ACCEL_LEG_LEFT	0	0.060	-0.042	1	0.171	-0.059	2	0.197	-0.169
20140728_210406_866	ACCEL_LEG_RIGHT	0	0.147	-0.006	1	0.161	-0.025	2	0.160	-0.194
20140728_210406_883	ACCEL_LEG_LEFT	0	0.057	-0.043	1	0.171	-0.059	2	0.192	-0.170
20140728_210406_899	ACCEL_LEG_RIGHT	0	0.147	-0.006	1	0.154	-0.023	2	0.160	-0.194
20140728_210406_916	ACCEL_LEG_LEFT	0	0.057	-0.043	1	0.164	-0.055	2	0.192	-0.170
20140728_210406_932	ACCEL_LEG_RIGHT	0	0.148	-0.007	1	0.154	-0.023	2	0.157	-0.187
20140728_210406_949	ACCEL_LEG_LEFT	0	0.057	-0.043	1	0.164	-0.055	2	0.186	-0.160
20140728_210406_965	ACCEL_LEG_RIGHT	0	0.148	-0.007	1	0.154	-0.023	2	0.157	-0.187
20140728_210406_982	ACCEL_LEG_LEFT	0	0.054	-0.041	1	0.158	-0.043	2	0.186	-0.160
20140728_210406_998	ACCEL_LEG_RIGHT	0	0.141	-0.007	1	0.151	-0.019	2	0.157	-0.187
20140728_210407_015	ACCEL_LEG_LEFT	0	0.054	-0.041	1	0.158	-0.043	2	0.177	-0.156
20140728_210407_031	ACCEL_LEG_RIGHT	0	0.141	-0.007	1	0.151	-0.019	2	0.146	-0.190
20140728_210407_048	ACCEL_LEG_LEFT	0	0.050	-0.041	1	0.155	-0.045	2	0.177	-0.156
20140728_210407_064	ACCEL_LEG_RIGHT	0	0.136	-0.004	1	0.123	-0.020	2	0.146	-0.190
20140728_210407_081	ACCEL_LEG_LEFT	0	0.050	-0.041	1	0.155	-0.045	2	0.177	-0.156
20140728_210407_097	ACCEL_LEG_RIGHT	0	0.136	-0.004	1	0.123	-0.020	2	0.148	-0.184
20140728_210407_114	ACCEL_LEG_LEFT	0	0.047	-0.045	1	0.155	-0.045	2	0.189	-0.155
20140728_210407_130	ACCEL_LEG_RIGHT	0	0.136	-0.004	1	0.123	-0.020	2	0.148	-0.184
20140728_210407_147	ACCEL_LEG_LEFT	0	0.047	-0.045	1	0.160	-0.056	2	0.189	-0.155
20140728_210407_163	ACCEL_LEG_RIGHT	0	0.134	-0.010	1	0.150	-0.009	2	0.148	-0.184
20140728_210407_180	ACCEL_LEG_LEFT	0	0.047	-0.045	1	0.160	-0.056	2	0.190	-0.180
20140728_210407_196	ACCEL_LEG_RIGHT	0	0.134	-0.010	1	0.150	-0.009	2	0.169	-0.181
20140728_210407_213	ACCEL_LEG_LEFT	0	0.040	-0.050	1	0.151	-0.065	2	0.190	-0.180
20140728_210407_229	ACCEL_LEG_RIGHT	0	0.133	-0.006	1	0.152	-0.025	2	0.169	-0.181
20140728_210407_246	ACCEL_LEG_LEFT	0	0.040	-0.050	1	0.151	-0.065	2	0.190	-0.180
20140728_210407_262	ACCEL_LEG_RIGHT	0	0.133	-0.006	1	0.152	-0.025	2	0.152	-0.196
20140728_210407_279	ACCEL_LEG_LEFT	0	0.037	-0.038	1	0.151	-0.065	2	0.176	-0.196
20140728_210407_295	ACCEL_LEG_RIGHT	0	0.133	-0.006	1	0.152	-0.025	2	0.152	-0.196
20140728_210407_312	ACCEL_LEG_LEFT	0	0.037	-0.038	1	0.146	-0.067	2	0.176	-0.196
20140728_210407_328	ACCEL_LEG_RIGHT	0	0.120	-0.005	1	0.129	-0.010	2	0.135	-0.184
20140728_210407_345	ACCEL_LEG_LEFT	0	0.037	-0.038	1	0.146	-0.067	2	0.169	-0.190
20140728_210407_361	ACCEL_LEG_RIGHT	0	0.120	-0.005	1	0.129	-0.010	2	0.135	-0.184
20140728_210407_378	ACCEL_LEG_LEFT	0	0.028	-0.038	1	0.134	-0.041	2	0.169	-0.190
20140728_210407_394	ACCEL_LEG_RIGHT	0	0.112	-0.003	1	0.127	-0.013	2	0.135	-0.184
20140728_210407_411	ACCEL_LEG_LEFT	0	0.028	-0.038	1	0.134	-0.041	2	0.167	-0.154
20140728_210407_427	ACCEL_LEG_RIGHT	0	0.112	-0.003	1	0.127	-0.013	2	0.135	-0.178
20140728_210407_444	ACCEL_LEG_LEFT	0	0.016	-0.039	1	0.134	-0.041	2	0.167	-0.154
20140728_210407_460	ACCEL_LEG_RIGHT	0	0.102	-0.003	1	0.114	-0.001	2	0.135	-0.178
20140728_210407_477	ACCEL_LEG_LEFT	0	0.016	-0.039	1	0.113	-0.045	2	0.167	-0.154
20140728_210407_493	ACCEL_LEG_RIGHT	0	0.102	-0.003	1	0.114	-0.001	2	0.113	-0.158
20140728_210407_510	ACCEL_LEG_LEFT	0	0.011	-0.037	1	0.113	-0.045	2	0.122	-0.158
20140728_210407_526	ACCEL_LEG_RIGHT	0	0.102	-0.003	1	0.114	-0.001	2	0.113	-0.158
20140728_210407_543	ACCEL_LEG_LEFT	0	0.011	-0.037	1	0.100	-0.032	2	0.122	-0.158
20140728_210407_559	ACCEL_LEG_RIGHT	0	0.088	-0.002	1	0.078	0.002	2	0.113	-0.158
20140728_210407_576	ACCEL_LEG_LEFT	0	0.011	-0.037	1	0.100	-0.032	2	0.114	-0.127
20140728_210407_592	ACCEL_LEG_RIGHT	0	0.088	-0.002	1	0.078	0.002	2	0.073	-0.151
20140728_210407_609	ACCEL_LEG_LEFT	0	0.006	-0.035	1	0.100	-0.032	2	0.114	-0.127
20140728_210407_625	ACCEL_LEG_RIGHT	0	0.078	-0.002	1	0.079	0.008	2	0.073	-0.151
20140728_210407_643	ACCEL_LEG_LEFT	0	0.006	-0.035	1	0.086	-0.018	2	0.114	-0.127
20140728_210407_658	ACCEL_LEG_RIGHT	0	0.078	-0.002	1	0.079	0.008	2	0.081	-0.143
20140728_210407_675	ACCEL_LEG_LEFT	0	-0.044	-0.021	1	0.086	-0.018	2	0.100	-0.152
20140728_210407_691	ACCEL_LEG_RIGHT	0	0.078	-0.002	1	0.079	0.008	2	0.081	-0.143
20140728_210407_708	ACCEL_LEG_LEFT	0	-0.044	-0.021	1	0.085	-0.019	2	0.100	-0.152
20140728_210407_724	ACCEL_LEG_RIGHT	0	0.075	-0.001	1	0.054	0.012	2	0.056	-0.139
20140728_210407_741	ACCEL_LEG_LEFT	0	-0.044	-0.021	1	0.085	-0.019	2	0.101	-0.127
20140728_210407_757	ACCEL_LEG_RIGHT	0	0.075	-0.001	1	0.054	0.012	2	0.056	-0.139
20140728_210407_774	ACCEL_LEG_LEFT	0	-0.001	-0.033	1	0.084	-0.015	2	0.101	-0.127
20140728_210407_790	ACCEL_LEG_RIGHT	0	0.055	0.000	1	0.053	0.010	2	0.056	-0.139
20140728_210407_807	ACCEL_LEG_LEFT	0	-0.001	-0.033	1	0.084	-0.015	2	0.102	-0.118
20140728_210407_823	ACCEL_LEG_RIGHT	0	0.055	0.000	1	0.053	0.010	2	0.053	-0.133
20140728_210407_840	ACCEL_LEG_LEFT	0	-0.003	-0.037	1	0.084	-0.015	2	0.102	-0.118
20140728_210407_856	ACCEL_LEG_RIGHT	0	0.046	-0.001	1	0.053	0.010	2	0.053	-0.133
20140728_210407_873	ACCEL_LEG_LEFT	0	-0.003	-0.037	1	0.060	-0.012	2	0.102	-0.118
20140728_210407_889	ACCEL_LEG_RIGHT	0	0.046	-0.001	1	0.047	0.020	2	0.055	-0.128
20140728_210407_907	ACCEL_LEG_LEFT	0	-0.009	-0.034	1	0.060	-0.012	2	0.083	-0.113
20140728_210407_922	ACCEL_LEG_RIGHT	0	0.046	-0.001	1	0.047	0.020	2	0.055	-0.128
20140728_210407_939	ACCEL_LEG_LEFT	0	-0.009	-0.034	1	0.055	-0.004	2	0.083	-0.113
20140728_210407_955	ACCEL_LEG_RIGHT	0	0.036	0.001	1	0.044	0.013	2	0.055	-0.128
20140728_210407_972	ACCEL_LEG_LEFT	0	-0.009	-0.034	1	0.055	-0.004	2	0.081	-0.117
20140728_210407_988	ACCEL_LEG_RIGHT	0	0.036	0.001	1	0.044	0.013	2	0.061	-0.133
20140728_210408_005	ACCEL_LEG_LEFT	0	-0.010	-0.037	1	0.055	-0.004	2	0.081	-0.117
20140728_210408_021	ACCEL_LEG_RIGHT	0	0.023	0.001	1	0.044	0.013	2	0.061	-0.133
20140728_210408_038	ACCEL_LEG_LEFT	0	-0.010	-0.037	1	0.044	-0.010	2	0.081	-0.117
20140728_210408_054	ACCEL_LEG_RIGHT	0	0.023	0.001	1	0.029	0.013	2	0.042	-0.121
20140728_210408_071	ACCEL_LEG_LEFT	0	-0.013	-0.038	1	0.044	-0.010	2	0.062	-0.120
20140728_210408_087	ACCEL_LEG_RIGHT	0	0.023	0.001	1	0.029	0.013	2	0.042	-0.121
20140728_210408_104	ACCEL_LEG_LEFT	0	-0.013	-0.038	1	0.028	-0.010	2	0.062	-0.120
20140728_210408_120	ACCEL_LEG_RIGHT	0	0.012	0.000	1	-0.034	0.011	2	-0.049	-0.124
20140728_210408_137	ACCEL_LEG_LEFT	0	-0.013	-0.038	1	0.028	-0.010	2	0.060	-0.124
20140728_210408_153	ACCEL_LEG_RIGHT	0	0.012	0.000	1	-0.034	0.011	2	-0.049	-0.124
20140728_210408_170	ACCEL_LEG_LEFT	0	-0.016	-0.037	1	0.028	-0.010	2	0.060	-0.124
20140728_210408_186	ACCEL_LEG_RIGHT	0	0.007	0.001	1	0.006	0.025	2	-0.049	-0.124
20140728_210408_203	ACCEL_LEG_LEFT	0	-0.016	-0.037	1	0.012	-0.009	2	0.039	-0.120
20140728_210408_219	ACCEL_LEG_RIGHT	0	0.007	0.001	1	0.006	0.025	2	-0.004	-0.114
20140728_210408_236	ACCEL_LEG_LEFT	0	-0.015	-0.036	1	0.012	-0.009	2	0.039	-0.120
20140728_210408_252	ACCEL_LEG_RIGHT	0	0.009	0.001	1	0.006	0.025	2	-0.004	-0.114
20140728_210408_269	ACCEL_LEG_LEFT	0	-0.015	-0.036	1	0.004	-0.009	2	0.039	-0.120
20140728_210408_285	ACCEL_LEG_RIGHT	0	0.009	0.001	1	-0.026	0.014	2	-0.027	-0.123
20140728_210408_302	ACCEL_LEG_LEFT	0	-0.015	-0.036	1	0.004	-0.009	2	0.026	-0.126
20140728_210408_318	ACCEL_LEG_RIGHT	0	0.009	0.001	1	-0.026	0.014	2	-0.027	-0.123
20140728_210408_335	ACCEL_LEG_LEFT	0	-0.017	-0.037	1	-0.001	-0.004	2	0.026	-0.126
20140728_210408_351	ACCEL_LEG_RIGHT	0	0.010	0.001	1	-0.014	0.015	2	-0.027	-0.123
20140728_210408_368	ACCEL_LEG_LEFT	0	-0.017	-0.037	1	-0.001	-0.004	2	0.025	-0.126
20140728_210408_384	ACCEL_LEG_RIGHT	0	0.010	0.001	1	-0.014	0.015	2	-0.015	-0.122
20140728_210408_401	ACCEL_LEG_LEFT	0	-0.016	-0.035	1	-0.001	-0.004	2	0.025	-0.126
20140728_210408_417	ACCEL_LEG_RIGHT	0	0.008	0.001	1	-0.014	0.015	2	-0.015	-0.122
20140728_210408_434	ACCEL_LEG_LEFT	0	-0.016	-0.035	1	-0.011	-0.009	2	0.025	-0.126
20140728_210408_450	ACCEL_LEG_RIGHT	0	0.008	0.001	1	-0.020	0.009	2	-0.022	-0.132
20140728_210408_467	ACCEL_LEG_LEFT	0	-0.016	-0.036	1	-0.011	-0.009	2	0.026	-0.135
20140728_210408_483	ACCEL_LEG_RIGHT	0	0.008	0.001	1	-0.020	0.009	2	-0.022	-0.132
20140728_210408_500	ACCEL_LEG_LEFT	0	-0.016	-0.036	1	-0.002	-0.012	2	0.026	-0.135
20140728_210408_516	ACCEL_LEG_RIGHT	0	0.009	0.002	1	-0.020	0.011	2	-0.019	-0.127
20140728_210408_533	ACCEL_LEG_LEFT	0	-0.016	-0.036	1	-0.002	-0.012	2	0.026	-0.136
20140728_210408_549	ACCEL_LEG_RIGHT	0	0.009	0.002	1	-0.020	0.011	2	-0.019	-0.127
20140728_210408_566	ACCEL_LEG_LEFT	0	-0.017	-0.037	1	-0.002	-0.012	2	0.026	-0.136
20140728_210408_582	ACCEL_LEG_RIGHT	0	0.009	0.002	1	-0.020	0.011	2	-0.019	-0.127
20140728_210408_599	ACCEL_LEG_LEFT	0	-0.017	-0.037	1	0.003	-0.012	2	0.038	-0.134
20140728_210408_615	ACCEL_LEG_RIGHT	0	0.009	0.002	1	-0.013	0.011	2	-0.009	-0.127
20140728_210408_632	ACCEL_LEG_LEFT	0	-0.017	-0.038	1	0.003	-0.012	2	0.038	-0.134
20140728_210408_648	ACCEL_LEG_RIGHT	0	0.009	0.000	1	-0.013	0.011	2	-0.009	-0.127
20140728_210408_665	ACCEL_LEG_LEFT	0	-0.017	-0.038	1	0.005	-0.015	2	0.038	-0.134
20140728_210408_681	ACCEL_LEG_RIGHT	0	0.009	0.000	1	-0.011	0.013	2	-0.005	-0.124
20140728_210408_698	ACCEL_LEG_LEFT	0	-0.017	-0.038	1	0.005	-0.015	2	0.040	-0.127
20140728_210408_714	ACCEL_LEG_RIGHT	0	0.009	0.000	1	-0.011	0.013	2	-0.005	-0.124
20140728_210408_731	ACCEL_LEG_LEFT	0	-0.015	-0.036	1	0.005	-0.015	2	0.040	-0.127
20140728_210408_747	ACCEL_LEG_RIGHT	0	0.009	0.001	1	-0.011	0.013	2	-0.005	-0.124
20140728_210408_764	ACCEL_LEG_LEFT	0	-0.015	-0.036	1	0.006	0.001	2	0.034	-0.111
20140728_210408_780	ACCEL_LEG_RIGHT	0	0.009	0.001	1	-0.013	0.016	2	-0.008	-0.117
20140728_210408_797	ACCEL_LEG_LEFT	0	-0.016	-0.036	1	0.006	0.001	2	0.034	-0.111
20140728_210408_813	ACCEL_LEG_RIGHT	0	0.010	0.002	1	-0.013	0.016	2	-0.008	-0.117
20140728_210408_830	ACCEL_LEG_LEFT	0	-0.016	-0.036	1	0.006	-0.005	2	0.034	-0.111
20140728_210408_846	ACCEL_LEG_RIGHT	0	0.010	0.002	1	-0.013	0.014	2	-0.006	-0.123
20140728_210408_863	ACCEL_LEG_LEFT	0	-0.014	-0.038	1	0.006	-0.005	2	0.040	-0.122
20140728_210408_879	ACCEL_LEG_RIGHT	0	0.011	0.002	1	-0.013	0.014	2	-0.006	-0.123
20140728_210408_896	ACCEL_LEG_LEFT	0	-0.014	-0.038	1	0.006	-0.005	2	0.040	-0.122
20140728_210408_912	ACCEL_LEG_RIGHT	0	0.011	0.002	1	-0.013	0.014	2	-0.001	-0.130
20140728_210408_929	ACCEL_LEG_LEFT	0	-0.014	-0.038	1	0.008	-0.015	2	0.044	-0.137
20140728_210408_945	ACCEL_LEG_RIGHT	0	0.011	0.002	1	-0.008	0.010	2	-0.001	-0.130
20140728_210408_962	ACCEL_LEG_LEFT	0	-0.013	-0.037	1	0.008	-0.015	2	0.044	-0.137
20140728_210408_978	ACCEL_LEG_RIGHT	0	0.010	0.000	1	-0.008	0.010	2	-0.001	-0.130
20140728_210408_995	ACCEL_LEG_LEFT	0	-0.013	-0.037	1	0.013	-0.011	2	0.048	-0.130
20140728_210409_011	ACCEL_LEG_RIGHT	0	0.010	0.000	1	-0.008	0.014	2	0.003	-0.130
20140728_210409_028	ACCEL_LEG_LEFT	0	-0.013	-0.036	1	0.013	-0.011	2	0.048	-0.130
20140728_210409_044	ACCEL_LEG_RIGHT	0	0.009	0.001	1	-0.008	0.014	2	0.003	-0.130
20140728_210409_061	ACCEL_LEG_LEFT	0	-0.013	-0.036	1	0.012	-0.012	2	0.048	-0.130
20140728_210409_077	ACCEL_LEG_RIGHT	0	0.009	0.001	1	-0.010	0.013	2	0.002	-0.128
20140728_210409_094	ACCEL_LEG_LEFT	0	-0.013	-0.036	1	0.012	-0.012	2	0.044	-0.132
20140728_210409_110	ACCEL_LEG_RIGHT	0	0.009	0.001	1	-0.010	0.013	2	0.002	-0.128
20140728_210409_127	ACCEL_LEG_LEFT	0	-0.014	-0.038	1	0.012	-0.012	2	0.044	-0.132
20140728_210409_143	ACCEL_LEG_RIGHT	0	0.009	0.000	1	-0.010	0.013	2	0.002	-0.128
20140728_210409_160	ACCEL_LEG_LEFT	0	-0.014	-0.038	1	0.010	-0.011	2	0.044	-0.127
20140728_210409_176	ACCEL_LEG_RIGHT	0	0.009	0.000	1	-0.010	0.013	2	0.001	-0.126
20140728_210409_193	ACCEL_LEG_LEFT	0	-0.013	-0.037	1	0.010	-0.011	2	0.044	-0.127
20140728_210409_209	ACCEL_LEG_RIGHT	0	0.010	0.001	1	-0.010	0.013	2	0.001	-0.126
20140728_210409_226	ACCEL_LEG_LEFT	0	-0.013	-0.037	1	0.009	-0.011	2	0.044	-0.127
20140728_210409_242	ACCEL_LEG_RIGHT	0	0.010	0.001	1	-0.009	0.013	2	-0.003	-0.128
20140728_210409_260	ACCEL_LEG_LEFT	0	-0.013	-0.037	1	0.009	-0.011	2	0.041	-0.131
20140728_210409_275	ACCEL_LEG_RIGHT	0	0.009	0.002	1	-0.009	0.013	2	-0.003	-0.128
20140728_210409_292	ACCEL_LEG_LEFT	0	-0.013	-0.037	1	0.009	-0.011	2	0.041	-0.131
20140728_210409_308	ACCEL_LEG_RIGHT	0	0.009	0.002	1	-0.009	0.013	2	-0.005	-0.124
20140728_210409_325	ACCEL_LEG_LEFT	0	-0.013	-0.037	1	0.005	-0.011	2	0.041	-0.125
20140728_210409_341	ACCEL_LEG_RIGHT	0	0.009	0.002	1	-0.010	0.013	2	-0.005	-0.124
20140728_210409_358	ACCEL_LEG_LEFT	0	-0.011	-0.038	1	0.005	-0.011	2	0.041	-0.125
20140728_210409_374	ACCEL_LEG_RIGHT	0	0.010	0.001	1	-0.010	0.013	2	-0.005	-0.124
20140728_210409_391	ACCEL_LEG_LEFT	0	-0.011	-0.038	1	0.008	-0.010	2	0.039	-0.125
20140728_210409_407	ACCEL_LEG_RIGHT	0	0.010	0.001	1	-0.010	0.014	2	-0.001	-0.122
20140728_210409_424	ACCEL_LEG_LEFT	0	-0.012	-0.038	1	0.008	-0.010	2	0.039	-0.125
20140728_210409_440	ACCEL_LEG_RIGHT	0	0.009	0.001	1	-0.010	0.014	2	-0.001	-0.122
20140728_210409_457	ACCEL_LEG_LEFT	0	-0.012	-0.038	1	0.008	-0.010	2	0.039	-0.125
20140728_210409_473	ACCEL_LEG_RIGHT	0	0.009	0.001	1	-0.010	0.014	2	0.004	-0.124
20140728_210409_491	ACCEL_LEG_LEFT	0	-0.012	-0.038	1	0.013	-0.011	2	0.046	-0.125
20140728_210409_506	ACCEL_LEG_RIGHT	0	0.009	0.001	1	-0.008	0.013	2	0.004	-0.124
20140728_210409_523	ACCEL_LEG_LEFT	0	-0.012	-0.036	1	0.013	-0.011	2	0.046	-0.125
20140728_210409_539	ACCEL_LEG_RIGHT	0	0.010	0.000	1	-0.008	0.013	2	0.004	-0.124
20140728_210409_557	ACCEL_LEG_LEFT	0	-0.012	-0.036	1	0.011	-0.009	2	0.046	-0.133
20140728_210409_572	ACCEL_LEG_RIGHT	0	0.010	0.000	1	-0.008	0.008	2	0.000	-0.130
20140728_210409_589	ACCEL_LEG_LEFT	0	-0.013	-0.038	1	0.011	-0.009	2	0.046	-0.133
20140728_210409_605	ACCEL_LEG_RIGHT	0	0.010	-0.001	1	-0.008	0.008	2	0.000	-0.130
20140728_210409_622	ACCEL_LEG_LEFT	0	-0.013	-0.038	1	0.011	-0.009	2	0.046	-0.133
20140728_210409_638	ACCEL_LEG_RIGHT	0	0.010	-0.001	1	-0.008	0.008	2	-0.002	-0.133
20140728_210409_655	ACCEL_LEG_LEFT	0	-0.012	-0.036	1	0.009	-0.014	2	0.044	-0.139
20140728_210409_671	ACCEL_LEG_RIGHT	0	0.009	0.001	1	-0.010	0.009	2	-0.002	-0.133
20140728_210409_688	ACCEL_LEG_LEFT	0	-0.012	-0.036	1	0.009	-0.014	2	0.044	-0.139
20140728_210409_704	ACCEL_LEG_RIGHT	0	0.009	0.001	1	-0.010	0.009	2	-0.001	-0.130
20140728_210409_721	ACCEL_LEG_LEFT	0	-0.012	-0.036	1	0.011	-0.012	2	0.045	-0.132
20140728_210409_737	ACCEL_LEG_RIGHT	0	0.009	0.001	1	-0.007	0.010	2	-0.001	-0.130
20140728_210409_754	ACCEL_LEG_LEFT	0	-0.011	-0.034	1	0.011	-0.012	2	0.045	-0.132
20140728_210409_770	ACCEL_LEG_RIGHT	0	0.009	-0.001	1	-0.007	0.010	2	-0.001	-0.130
20140728_210409_787	ACCEL_LEG_LEFT	0	-0.011	-0.034	1	0.009	-0.011	2	0.042	-0.132
20140728_210409_803	ACCEL_LEG_RIGHT	0	0.009	-0.001	1	-0.007	0.010	2	-0.002	-0.128
20140728_210409_820	ACCEL_LEG_LEFT	0	-0.012	-0.039	1	0.009	-0.011	2	0.042	-0.132
20140728_210409_836	ACCEL_LEG_RIGHT	0	0.010	0.000	1	-0.009	0.006	2	-0.002	-0.128
20140728_210409_853	ACCEL_LEG_LEFT	0	-0.012	-0.039	1	0.009	-0.011	2	0.042	-0.132
20140728_210409_869	ACCEL_LEG_RIGHT	0	0.010	0.000	1	-0.009	0.006	2	-0.004	-0.131
20140728_210409_886	ACCEL_LEG_LEFT	0	-0.012	-0.039	1	0.009	-0.012	2	0.041	-0.134
20140728_210409_902	ACCEL_LEG_RIGHT	0	0.010	0.000	1	-0.009	0.009	2	-0.004	-0.131
20140728_210409_920	ACCEL_LEG_LEFT	0	-0.011	-0.037	1	0.009	-0.012	2	0.041	-0.134
20140728_210409_935	ACCEL_LEG_RIGHT	0	0.010	-0.001	1	-0.009	0.009	2	-0.004	-0.131
20140728_210409_952	ACCEL_LEG_LEFT	0	-0.011	-0.037	1	0.012	-0.011	2	0.044	-0.131
20140728_210409_968	ACCEL_LEG_RIGHT	0	0.010	-0.001	1	-0.009	0.005	2	-0.001	-0.131
20140728_210409_985	ACCEL_LEG_LEFT	0	-0.013	-0.037	1	0.012	-0.011	2	0.044	-0.131
20140728_210409_001	ACCEL_LEG_RIGHT	0	0.009	0.000	1	-0.009	0.005	2	-0.001	-0.131
20140728_210410_018	ACCEL_LEG_LEFT	0	-0.013	-0.037	1	0.012	-0.011	2	0.044	-0.131
20140728_210410_034	ACCEL_LEG_RIGHT	0	0.009	0.000	1	-0.009	0.005	2	0.005	-0.127
20140728_210410_052	ACCEL_LEG_LEFT	0	-0.012	-0.037	1	0.013	-0.014	2	0.048	-0.132
20140728_210410_067	ACCEL_LEG_RIGHT	0	0.010	0.000	1	-0.005	0.007	2	0.005	-0.127
20140728_210410_084	ACCEL_LEG_LEFT	0	-0.012	-0.037	1	0.013	-0.014	2	0.048	-0.132
20140728_210410_100	ACCEL_LEG_RIGHT	0	0.010	0.000	1	-0.005	0.007	2	0.005	-0.134
20140728_210410_117	ACCEL_LEG_LEFT	0	-0.012	-0.037	1	0.014	-0.017	2	0.035	-0.129
20140728_210410_133	ACCEL_LEG_RIGHT	0	0.010	0.000	1	-0.005	0.006	2	0.005	-0.134
20140728_210410_150	ACCEL_LEG_LEFT	0	-0.012	-0.039	1	0.014	-0.017	2	0.035	-0.129
20140728_210410_166	ACCEL_LEG_RIGHT	0	0.009	-0.001	1	-0.005	0.006	2	0.005	-0.134
20140728_210410_183	ACCEL_LEG_LEFT	0	-0.012	-0.039	1	0.014	-0.017	2	0.047	-0.139
20140728_210410_199	ACCEL_LEG_RIGHT	0	0.009	-0.001	1	-0.005	0.006	2	0.003	-0.134
20140728_210410_216	ACCEL_LEG_LEFT	0	-0.011	-0.036	1	0.016	-0.016	2	0.047	-0.139
20140728_210410_232	ACCEL_LEG_RIGHT	0	0.012	0.000	1	-0.006	0.007	2	0.003	-0.134
20140728_210410_249	ACCEL_LEG_LEFT	0	-0.011	-0.036	1	0.016	-0.016	2	0.047	-0.139
20140728_210410_265	ACCEL_LEG_RIGHT	0	0.012	0.000	1	-0.006	0.007	2	0.005	-0.135
20140728_210410_282	ACCEL_LEG_LEFT	0	-0.011	-0.036	1	0.014	-0.013	2	0.050	-0.134
20140728_210410_298	ACCEL_LEG_RIGHT	0	0.012	0.000	1	-0.006	0.005	2	0.005	-0.135
20140728_210410_315	ACCEL_LEG_LEFT	0	-0.011	-0.035	1	0.014	-0.013	2	0.050	-0.134
20140728_210410_331	ACCEL_LEG_RIGHT	0	0.010	0.000	1	-0.006	0.005	2	0.005	-0.135
20140728_210410_348	ACCEL_LEG_LEFT	0	-0.011	-0.035	1	0.011	-0.018	2	0.046	-0.140
20140728_210410_364	ACCEL_LEG_RIGHT	0	0.010	0.000	1	-0.006	0.005	2	0.001	-0.133
20140728_210410_381	ACCEL_LEG_LEFT	0	-0.011	-0.037	1	0.011	-0.018	2	0.046	-0.140
20140728_210410_397	ACCEL_LEG_RIGHT	0	0.010	0.000	1	-0.007	0.007	2	0.001	-0.133
20140728_210410_414	ACCEL_LEG_LEFT	0	-0.011	-0.037	1	0.011	-0.018	2	0.046	-0.140
20140728_210410_430	ACCEL_LEG_RIGHT	0	0.010	0.000	1	-0.007	0.007	2	-0.003	-0.132
20140728_210410_447	ACCEL_LEG_LEFT	0	-0.010	-0.038	1	0.011	-0.014	2	0.041	-0.135
20140728_210410_463	ACCEL_LEG_RIGHT	0	0.009	-0.002	1	-0.009	0.005	2	-0.003	-0.132
20140728_210410_480	ACCEL_LEG_LEFT	0	-0.010	-0.038	1	0.011	-0.014	2	0.041	-0.135
20140728_210410_496	ACCEL_LEG_RIGHT	0	0.009	-0.002	1	-0.009	0.005	2	0.000	-0.135
20140728_210410_513	ACCEL_LEG_LEFT	0	-0.010	-0.038	1	0.011	-0.016	2	0.043	-0.139
20140728_210410_529	ACCEL_LEG_RIGHT	0	0.009	-0.002	1	-0.009	0.005	2	0.000	-0.135
20140728_210410_546	ACCEL_LEG_LEFT	0	-0.011	-0.038	1	0.011	-0.016	2	0.043	-0.139
20140728_210410_562	ACCEL_LEG_RIGHT	0	0.010	-0.002	1	-0.006	0.005	2	0.000	-0.135
20140728_210410_579	ACCEL_LEG_LEFT	0	-0.011	-0.038	1	0.011	-0.016	2	0.043	-0.140
20140728_210410_595	ACCEL_LEG_RIGHT	0	0.010	-0.002	1	-0.006	0.005	2	-0.001	-0.131
20140728_210410_612	ACCEL_LEG_LEFT	0	-0.011	-0.038	1	0.012	-0.016	2	0.043	-0.140
20140728_210410_628	ACCEL_LEG_RIGHT	0	0.007	-0.004	1	-0.005	0.001	2	-0.001	-0.131
20140728_210410_645	ACCEL_LEG_LEFT	0	-0.011	-0.038	1	0.012	-0.016	2	0.043	-0.140
20140728_210410_661	ACCEL_LEG_RIGHT	0	0.007	-0.004	1	-0.005	0.001	2	0.002	-0.141
20140728_210410_678	ACCEL_LEG_LEFT	0	-0.011	-0.038	1	0.016	-0.017	2	0.056	-0.155
20140728_210410_694	ACCEL_LEG_RIGHT	0	0.007	-0.004	1	-0.003	-0.005	2	0.002	-0.141
20140728_210410_711	ACCEL_LEG_LEFT	0	-0.010	-0.035	1	0.016	-0.017	2	0.056	-0.155
20140728_210410_727	ACCEL_LEG_RIGHT	0	0.010	-0.002	1	-0.003	-0.005	2	0.002	-0.141
20140728_210410_744	ACCEL_LEG_LEFT	0	-0.010	-0.035	1	0.016	-0.017	2	0.048	-0.151
20140728_210410_760	ACCEL_LEG_RIGHT	0	0.010	-0.002	1	-0.003	-0.005	2	0.002	-0.148
20140728_210410_778	ACCEL_LEG_LEFT	0	-0.009	-0.035	1	0.015	-0.022	2	0.048	-0.151
20140728_210410_793	ACCEL_LEG_RIGHT	0	0.011	-0.002	1	0.003	-0.005	2	0.002	-0.148
20140728_210410_810	ACCEL_LEG_LEFT	0	-0.009	-0.035	1	0.015	-0.022	2	0.048	-0.151
20140728_210410_826	ACCEL_LEG_RIGHT	0	0.011	-0.002	1	0.003	-0.005	2	0.009	-0.144
20140728_210410_843	ACCEL_LEG_LEFT	0	-0.008	-0.038	1	0.018	-0.022	2	0.053	-0.152
20140728_210410_859	ACCEL_LEG_RIGHT	0	0.009	0.000	1	0.000	-0.002	2	0.009	-0.144
20140728_210410_876	ACCEL_LEG_LEFT	0	-0.008	-0.038	1	0.018	-0.022	2	0.053	-0.152
20140728_210410_892	ACCEL_LEG_RIGHT	0	0.009	0.000	1	0.000	-0.002	2	0.004	-0.139
20140728_210410_909	ACCEL_LEG_LEFT	0	-0.008	-0.038	1	0.018	-0.022	2	0.050	-0.140
20140728_210410_925	ACCEL_LEG_RIGHT	0	0.009	0.000	1	0.000	-0.002	2	0.004	-0.139
20140728_210410_942	ACCEL_LEG_LEFT	0	-0.007	-0.036	1	0.016	-0.018	2	0.050	-0.140
20140728_210410_958	ACCEL_LEG_RIGHT	0	0.010	-0.001	1	-0.001	-0.002	2	0.004	-0.139
20140728_210410_975	ACCEL_LEG_LEFT	0	-0.007	-0.036	1	0.016	-0.018	2	0.049	-0.145
20140728_210410_991	ACCEL_LEG_RIGHT	0	0.010	-0.001	1	-0.001	-0.002	2	0.005	-0.139
20140728_210411_008	ACCEL_LEG_LEFT	0	-0.004	-0.038	1	0.016	-0.022	2	0.049	-0.145
20140728_210411_024	ACCEL_LEG_RIGHT	0	0.011	0.000	1	0.000	-0.002	2	0.005	-0.139
20140728_210411_041	ACCEL_LEG_LEFT	0	-0.004	-0.038	1	0.016	-0.022	2	0.049	-0.145
20140728_210411_057	ACCEL_LEG_RIGHT	0	0.011	0.000	1	0.000	-0.002	2	0.007	-0.138
20140728_210411_074	ACCEL_LEG_LEFT	0	-0.004	-0.038	1	0.020	-0.017	2	0.052	-0.143
20140728_210411_090	ACCEL_LEG_RIGHT	0	0.011	0.000	1	0.000	-0.002	2	0.007	-0.138
20140728_210411_107	ACCEL_LEG_LEFT	0	-0.006	-0.038	1	0.020	-0.017	2	0.052	-0.143
20140728_210411_123	ACCEL_LEG_RIGHT	0	0.010	-0.001	1	0.005	-0.008	2	0.007	-0.138
20140728_210411_140	ACCEL_LEG_LEFT	0	-0.006	-0.038	1	0.020	-0.017	2	0.058	-0.149
20140728_210411_156	ACCEL_LEG_RIGHT	0	0.010	-0.001	1	0.005	-0.008	2	0.008	-0.153
20140728_210411_173	ACCEL_LEG_LEFT	0	-0.005	-0.037	1	0.020	-0.022	2	0.058	-0.149
20140728_210411_189	ACCEL_LEG_RIGHT	0	0.011	0.001	1	0.001	-0.006	2	0.008	-0.153
20140728_210411_206	ACCEL_LEG_LEFT	0	-0.005	-0.037	1	0.020	-0.022	2	0.058	-0.149
20140728_210411_222	ACCEL_LEG_RIGHT	0	0.011	0.001	1	0.001	-0.006	2	0.009	-0.145
20140728_210411_239	ACCEL_LEG_LEFT	0	-0.003	-0.037	1	0.022	-0.022	2	0.052	-0.153
20140728_210411_255	ACCEL_LEG_RIGHT	0	0.011	-0.001	1	0.001	-0.006	2	0.009	-0.145
20140728_210411_272	ACCEL_LEG_LEFT	0	-0.003	-0.037	1	0.022	-0.022	2	0.052	-0.153
20140728_210411_288	ACCEL_LEG_RIGHT	0	0.011	-0.001	1	0.007	-0.005	2	0.013	-0.144
20140728_210411_306	ACCEL_LEG_LEFT	0	-0.003	-0.037	1	0.022	-0.022	2	0.062	-0.145
20140728_210411_321	ACCEL_LEG_RIGHT	0	0.011	-0.001	1	0.007	-0.005	2	0.013	-0.144
20140728_210411_338	ACCEL_LEG_LEFT	0	-0.004	-0.038	1	0.025	-0.021	2	0.062	-0.145
20140728_210411_354	ACCEL_LEG_RIGHT	0	0.010	-0.002	1	0.007	-0.005	2	0.013	-0.144
20140728_210411_371	ACCEL_LEG_LEFT	0	-0.004	-0.038	1	0.025	-0.021	2	0.061	-0.152
20140728_210411_387	ACCEL_LEG_RIGHT	0	0.010	-0.002	1	0.007	-0.005	2	0.014	-0.149
20140728_210411_404	ACCEL_LEG_LEFT	0	-0.004	-0.038	1	0.022	-0.022	2	0.061	-0.152
20140728_210411_420	ACCEL_LEG_RIGHT	0	0.010	-0.002	1	0.007	-0.005	2	0.014	-0.149
20140728_210411_437	ACCEL_LEG_LEFT	0	-0.004	-0.038	1	0.022	-0.022	2	0.061	-0.152
20140728_210411_453	ACCEL_LEG_RIGHT	0	0.010	-0.002	1	0.003	-0.005	2	0.009	-0.148
20140728_210411_470	ACCEL_LEG_LEFT	0	-0.004	-0.038	1	0.022	-0.022	2	0.055	-0.149
20140728_210411_486	ACCEL_LEG_RIGHT	0	0.012	-0.002	1	0.003	-0.005	2	0.009	-0.148
20140728_210411_503	ACCEL_LEG_LEFT	0	-0.004	-0.036	1	0.021	-0.021	2	0.055	-0.149
20140728_210411_519	ACCEL_LEG_RIGHT	0	0.012	-0.002	1	0.003	-0.002	2	0.009	-0.148
20140728_210411_536	ACCEL_LEG_LEFT	0	-0.004	-0.036	1	0.021	-0.021	2	0.058	-0.144
20140728_210411_552	ACCEL_LEG_RIGHT	0	0.012	-0.002	1	0.003	-0.002	2	0.012	-0.141
20140728_210411_569	ACCEL_LEG_LEFT	0	-0.005	-0.037	1	0.022	-0.020	2	0.058	-0.144
20140728_210411_585	ACCEL_LEG_RIGHT	0	0.012	-0.003	1	0.002	-0.003	2	0.012	-0.141
20140728_210411_602	ACCEL_LEG_LEFT	0	-0.005	-0.037	1	0.022	-0.020	2	0.058	-0.144
20140728_210411_618	ACCEL_LEG_RIGHT	0	0.012	-0.003	1	0.002	-0.003	2	0.007	-0.140
20140728_210411_635	ACCEL_LEG_LEFT	0	-0.008	-0.036	1	0.022	-0.020	2	0.050	-0.146
20140728_210411_651	ACCEL_LEG_RIGHT	0	0.011	-0.002	1	0.002	-0.003	2	0.007	-0.140
20140728_210411_668	ACCEL_LEG_LEFT	0	-0.008	-0.036	1	0.017	-0.020	2	0.050	-0.146
20140728_210411_684	ACCEL_LEG_RIGHT	0	0.011	-0.002	1	-0.004	-0.004	2	0.002	-0.142
20140728_210411_701	ACCEL_LEG_LEFT	0	-0.008	-0.036	1	0.017	-0.020	2	0.049	-0.148
20140728_210411_717	ACCEL_LEG_RIGHT	0	0.011	-0.002	1	-0.004	-0.004	2	0.002	-0.142
20140728_210411_734	ACCEL_LEG_LEFT	0	-0.007	-0.038	1	0.017	-0.020	2	0.049	-0.148
20140728_210411_750	ACCEL_LEG_RIGHT	0	0.010	0.000	1	-0.001	-0.004	2	0.002	-0.142
20140728_210411_767	ACCEL_LEG_LEFT	0	-0.007	-0.038	1	0.017	-0.020	2	0.052	-0.147
20140728_210411_783	ACCEL_LEG_RIGHT	0	0.010	0.000	1	-0.001	-0.004	2	0.006	-0.139
20140728_210411_800	ACCEL_LEG_LEFT	0	-0.010	-0.037	1	0.015	-0.019	2	0.052	-0.147
20140728_210411_816	ACCEL_LEG_RIGHT	0	0.010	-0.001	1	-0.001	-0.004	2	0.006	-0.139
20140728_210411_833	ACCEL_LEG_LEFT	0	-0.010	-0.037	1	0.015	-0.019	2	0.052	-0.147
20140728_210411_849	ACCEL_LEG_RIGHT	0	0.010	-0.001	1	-0.003	-0.004	2	0.003	-0.141
20140728_210411_866	ACCEL_LEG_LEFT	0	-0.010	-0.037	1	0.015	-0.019	2	0.046	-0.148
20140728_210411_882	ACCEL_LEG_RIGHT	0	0.010	-0.001	1	-0.003	-0.004	2	0.003	-0.141
20140728_210411_899	ACCEL_LEG_LEFT	0	-0.010	-0.036	1	0.014	-0.021	2	0.046	-0.148
20140728_210411_915	ACCEL_LEG_RIGHT	0	0.010	-0.001	1	-0.001	-0.003	2	0.003	-0.141
20140728_210411_933	ACCEL_LEG_LEFT	0	-0.010	-0.036	1	0.014	-0.021	2	0.048	-0.145
20140728_210411_948	ACCEL_LEG_RIGHT	0	0.010	-0.001	1	-0.001	-0.003	2	0.002	-0.142
20140728_210411_965	ACCEL_LEG_LEFT	0	-0.009	-0.037	1	0.013	-0.019	2	0.048	-0.145
20140728_210411_981	ACCEL_LEG_RIGHT	0	0.009	0.000	1	-0.001	-0.003	2	0.002	-0.142
20140728_210411_998	ACCEL_LEG_LEFT	0	-0.009	-0.037	1	0.013	-0.019	2	0.048	-0.145
20140728_210412_014	ACCEL_LEG_RIGHT	0	0.009	0.000	1	-0.005	0.000	2	0.000	-0.141
20140728_210412_032	ACCEL_LEG_LEFT	0	-0.010	-0.037	1	0.013	-0.019	2	0.048	-0.147
20140728_210412_047	ACCEL_LEG_RIGHT	0	0.010	0.001	1	-0.005	0.000	2	0.000	-0.141
20140728_210412_064	ACCEL_LEG_LEFT	0	-0.010	-0.037	1	0.012	-0.020	2	0.048	-0.147
20140728_210412_080	ACCEL_LEG_RIGHT	0	0.010	0.001	1	-0.006	0.001	2	0.000	-0.142
20140728_210412_098	ACCEL_LEG_LEFT	0	-0.010	-0.037	1	0.012	-0.020	2	0.043	-0.144
20140728_210412_113	ACCEL_LEG_RIGHT	0	0.010	0.001	1	-0.006	0.001	2	0.000	-0.142
20140728_210412_130	ACCEL_LEG_LEFT	0	-0.011	-0.037	1	0.011	-0.018	2	0.043	-0.144
20140728_210412_146	ACCEL_LEG_RIGHT	0	0.009	0.000	1	-0.006	0.001	2	0.000	-0.142
20140728_210412_163	ACCEL_LEG_LEFT	0	-0.011	-0.037	1	0.011	-0.018	2	0.043	-0.149
20140728_210412_179	ACCEL_LEG_RIGHT	0	0.009	0.000	1	-0.005	-0.004	2	-0.002	-0.145
20140728_210412_196	ACCEL_LEG_LEFT	0	-0.011	-0.038	1	0.011	-0.018	2	0.043	-0.149
20140728_210412_212	ACCEL_LEG_RIGHT	0	0.010	0.000	1	-0.005	-0.004	2	-0.002	-0.145
20140728_210412_229	ACCEL_LEG_LEFT	0	-0.011	-0.038	1	0.012	-0.022	2	0.043	-0.149
20140728_210412_245	ACCEL_LEG_RIGHT	0	0.010	0.000	1	-0.002	-0.002	2	0.005	-0.139
20140728_210412_262	ACCEL_LEG_LEFT	0	-0.011	-0.038	1	0.012	-0.022	2	0.052	-0.144
20140728_210412_278	ACCEL_LEG_RIGHT	0	0.008	-0.003	1	-0.002	-0.002	2	0.005	-0.139
20140728_210412_296	ACCEL_LEG_LEFT	0	-0.011	-0.036	1	0.015	-0.022	2	0.052	-0.144
20140728_210412_311	ACCEL_LEG_RIGHT	0	0.008	-0.003	1	-0.002	-0.002	2	0.005	-0.139
20140728_210412_328	ACCEL_LEG_LEFT	0	-0.011	-0.036	1	0.015	-0.022	2	0.049	-0.141
20140728_210412_344	ACCEL_LEG_RIGHT	0	0.008	-0.003	1	-0.003	0.004	2	0.005	-0.133
20140728_210412_361	ACCEL_LEG_LEFT	0	-0.011	-0.037	1	0.013	-0.020	2	0.049	-0.141
20140728_210412_377	ACCEL_LEG_RIGHT	0	0.009	0.001	1	-0.003	0.004	2	0.005	-0.133
20140728_210412_395	ACCEL_LEG_LEFT	0	-0.011	-0.037	1	0.013	-0.020	2	0.049	-0.141
20140728_210412_410	ACCEL_LEG_RIGHT	0	0.009	0.001	1	-0.007	0.002	2	-0.001	-0.134
20140728_210412_427	ACCEL_LEG_LEFT	0	-0.011	-0.037	1	0.013	-0.020	2	0.042	-0.143
20140728_210412_443	ACCEL_LEG_RIGHT	0	0.009	0.000	1	-0.007	0.002	2	-0.001	-0.134
20140728_210412_460	ACCEL_LEG_LEFT	0	-0.011	-0.037	1	0.009	-0.015	2	0.042	-0.143
20140728_210412_476	ACCEL_LEG_RIGHT	0	0.009	0.000	1	-0.009	-0.001	2	-0.007	-0.139
20140728_210412_493	ACCEL_LEG_LEFT	0	-0.011	-0.037	1	0.009	-0.015	2	0.041	-0.140
20140728_210412_509	ACCEL_LEG_RIGHT	0	0.009	0.000	1	-0.009	-0.001	2	-0.007	-0.139
20140728_210412_526	ACCEL_LEG_LEFT	0	-0.010	-0.038	1	0.008	-0.021	2	0.041	-0.140
20140728_210412_542	ACCEL_LEG_RIGHT	0	0.009	0.001	1	-0.009	-0.001	2	-0.007	-0.139
20140728_210412_559	ACCEL_LEG_LEFT	0	-0.010	-0.038	1	0.008	-0.021	2	0.048	-0.127
20140728_210412_575	ACCEL_LEG_RIGHT	0	0.009	0.001	1	-0.004	0.010	2	0.006	-0.119
20140728_210412_592	ACCEL_LEG_LEFT	0	-0.010	-0.039	1	0.008	-0.021	2	0.048	-0.127
20140728_210412_608	ACCEL_LEG_RIGHT	0	0.010	0.000	1	-0.004	0.010	2	0.006	-0.119
20140728_210412_625	ACCEL_LEG_LEFT	0	-0.010	-0.039	1	0.015	-0.009	2	0.048	-0.127
20140728_210412_641	ACCEL_LEG_RIGHT	0	0.010	0.000	1	-0.008	0.004	2	0.001	-0.133
20140728_210412_658	ACCEL_LEG_LEFT	0	-0.010	-0.039	1	0.015	-0.009	2	0.044	-0.129
20140728_210412_674	ACCEL_LEG_RIGHT	0	0.012	0.000	1	-0.008	0.004	2	0.001	-0.133
20140728_210412_691	ACCEL_LEG_LEFT	0	-0.012	-0.035	1	0.010	-0.018	2	0.044	-0.129
20140728_210412_707	ACCEL_LEG_RIGHT	0	0.012	0.000	1	-0.008	0.004	2	0.001	-0.133
20140728_210412_724	ACCEL_LEG_LEFT	0	-0.012	-0.035	1	0.010	-0.018	2	0.045	-0.142
20140728_210412_740	ACCEL_LEG_RIGHT	0	0.012	0.000	1	-0.004	0.006	2	0.001	-0.133
20140728_210412_757	ACCEL_LEG_LEFT	0	-0.011	-0.037	1	0.010	-0.018	2	0.045	-0.142
20140728_210412_773	ACCEL_LEG_RIGHT	0	0.011	0.000	1	-0.004	0.006	2	0.001	-0.133
20140728_210412_791	ACCEL_LEG_LEFT	0	-0.011	-0.037	1	0.015	-0.018	2	0.045	-0.142
20140728_210412_806	ACCEL_LEG_RIGHT	0	0.011	0.000	1	-0.008	0.002	2	-0.001	-0.137
20140728_210412_824	ACCEL_LEG_LEFT	0	-0.011	-0.037	1	0.015	-0.018	2	0.041	-0.144
20140728_210412_839	ACCEL_LEG_RIGHT	0	0.008	0.000	1	-0.008	0.002	2	-0.001	-0.137
20140728_210412_856	ACCEL_LEG_LEFT	0	-0.012	-0.036	1	0.008	-0.016	2	0.041	-0.144
20140728_210412_872	ACCEL_LEG_RIGHT	0	0.008	0.000	1	-0.008	0.002	2	-0.002	-0.114
20140728_210412_889	ACCEL_LEG_LEFT	0	-0.012	-0.036	1	0.008	-0.016	2	0.038	-0.124
20140728_210412_905	ACCEL_LEG_RIGHT	0	0.008	0.000	1	-0.009	0.014	2	-0.002	-0.114
20140728_210412_922	ACCEL_LEG_LEFT	0	-0.009	-0.037	1	0.008	-0.016	2	0.038	-0.124
20140728_210412_938	ACCEL_LEG_RIGHT	0	0.010	-0.001	1	-0.009	0.014	2	-0.002	-0.114
20140728_210412_955	ACCEL_LEG_LEFT	0	-0.009	-0.037	1	0.010	-0.009	2	0.037	-0.128
20140728_210412_971	ACCEL_LEG_RIGHT	0	0.010	-0.001	1	-0.008	0.010	2	-0.005	-0.106
20140728_210412_989	ACCEL_LEG_LEFT	0	-0.009	-0.038	1	0.010	-0.009	2	0.037	-0.128
20140728_210413_004	ACCEL_LEG_RIGHT	0	0.011	0.001	1	-0.008	0.010	2	-0.005	-0.106
20140728_210413_021	ACCEL_LEG_LEFT	0	-0.009	-0.038	1	0.006	-0.013	2	0.037	-0.128
20140728_210413_037	ACCEL_LEG_RIGHT	0	0.011	0.001	1	-0.008	0.010	2	-0.006	-0.142
20140728_210413_054	ACCEL_LEG_LEFT	0	-0.009	-0.038	1	0.006	-0.013	2	0.039	-0.133
20140728_210413_074	ACCEL_LEG_RIGHT	0	0.009	0.002	1	-0.012	-0.008	2	-0.006	-0.142
20140728_210413_087	ACCEL_LEG_LEFT	0	-0.003	-0.036	1	0.019	-0.011	2	0.039	-0.133
20140728_210413_103	ACCEL_LEG_RIGHT	0	0.009	0.002	1	-0.012	-0.008	2	-0.006	-0.142
20140728_210413_121	ACCEL_LEG_LEFT	0	-0.003	-0.036	1	0.019	-0.011	2	0.054	-0.159
20140728_210413_136	ACCEL_LEG_RIGHT	0	0.009	0.002	1	0.002	-0.023	2	0.008	-0.171
20140728_210413_153	ACCEL_LEG_LEFT	0	0.000	-0.037	1	0.019	-0.011	2	0.054	-0.159
20140728_210413_170	ACCEL_LEG_RIGHT	0	0.012	-0.002	1	0.002	-0.023	2	0.008	-0.171
20140728_210413_186	ACCEL_LEG_LEFT	0	0.000	-0.037	1	0.024	-0.035	2	0.054	-0.159
20140728_210413_203	ACCEL_LEG_RIGHT	0	0.012	-0.002	1	-0.007	0.091	2	0.012	-0.160
20140728_210413_205	MOTOR_LEG_RIGHT	1	-1	25
20140728_210413_219	ACCEL_LEG_LEFT	0	0.000	-0.037	1	0.024	-0.035	2	0.059	-0.173
20140728_210413_231	MOTOR_LEG_RIGHT	1	-1	25
20140728_210413_236	ACCEL_LEG_RIGHT	0	0.006	-0.014	1	-0.007	0.091	2	0.012	-0.160
20140728_210413_252	ACCEL_LEG_LEFT	0	0.010	-0.037	1	0.036	-0.034	2	0.059	-0.173
20140728_210413_256	MOTOR_LEG_RIGHT	1	-1	25
20140728_210413_269	ACCEL_LEG_RIGHT	0	0.006	-0.014	1	-0.007	0.091	2	0.009	-0.184
20140728_210413_281	MOTOR_LEG_RIGHT	1	-1	25
20140728_210413_285	ACCEL_LEG_LEFT	0	0.010	-0.037	1	0.036	-0.034	2	0.068	-0.180
20140728_210413_302	ACCEL_LEG_RIGHT	0	0.006	-0.014	1	-0.005	-0.032	2	0.009	-0.184
20140728_210413_318	ACCEL_LEG_LEFT	0	0.004	-0.039	1	0.036	-0.034	2	0.068	-0.180
20140728_210413_335	ACCEL_LEG_RIGHT	0	0.030	-0.014	1	-0.005	-0.032	2	0.009	-0.184
20140728_210413_351	ACCEL_LEG_LEFT	0	0.004	-0.039	1	0.043	-0.039	2	0.080	-0.189
20140728_210413_368	ACCEL_LEG_RIGHT	0	0.030	-0.014	1	0.044	-0.039	2	0.028	-0.181
20140728_210413_384	ACCEL_LEG_LEFT	0	0.005	-0.036	1	0.043	-0.039	2	0.080	-0.189
20140728_210413_401	ACCEL_LEG_RIGHT	0	0.015	-0.004	1	0.044	-0.039	2	0.028	-0.181
20140728_210413_417	ACCEL_LEG_LEFT	0	0.005	-0.036	1	0.044	-0.044	2	0.080	-0.189
20140728_210413_434	ACCEL_LEG_RIGHT	0	0.015	-0.004	1	0.044	-0.039	2	0.031	-0.199
20140728_210413_450	ACCEL_LEG_LEFT	0	0.005	-0.036	1	0.044	-0.044	2	0.090	-0.196
20140728_210413_467	ACCEL_LEG_RIGHT	0	0.025	-0.004	1	0.034	-0.051	2	0.031	-0.199
20140728_210413_482	MOTOR_LEG_RIGHT	1	1	25
20140728_210413_483	ACCEL_LEG_LEFT	0	0.006	-0.038	1	0.044	-0.044	2	0.090	-0.196
20140728_210413_500	ACCEL_LEG_RIGHT	0	0.025	-0.004	1	0.034	-0.051	2	0.031	-0.199
20140728_210413_507	MOTOR_LEG_RIGHT	1	1	25
20140728_210413_516	ACCEL_LEG_LEFT	0	0.006	-0.038	1	0.056	-0.058	2	0.094	-0.226
20140728_210413_532	MOTOR_LEG_LEFT	1	1	25
20140728_210413_532	MOTOR_LEG_LEFT	0	-1	25
20140728_210413_532	MOTOR_LEG_RIGHT	1	1	25
20140728_210413_533	ACCEL_LEG_RIGHT	0	0.025	-0.004	1	0.031	-0.050	2	0.048	-0.224
20140728_210413_549	ACCEL_LEG_LEFT	0	0.007	-0.040	1	0.056	-0.058	2	0.094	-0.226
20140728_210413_557	MOTOR_LEG_LEFT	1	1	25
20140728_210413_557	MOTOR_LEG_LEFT	0	-1	25
20140728_210413_566	ACCEL_LEG_RIGHT	0	0.022	0.000	1	0.031	-0.050	2	0.048	-0.224
20140728_210413_582	ACCEL_LEG_LEFT	0	0.007	-0.040	1	0.051	-0.062	2	0.094	-0.226
20140728_210413_583	MOTOR_LEG_LEFT	1	1	25
20140728_210413_583	MOTOR_LEG_LEFT	0	-1	25
20140728_210413_599	ACCEL_LEG_RIGHT	0	0.022	0.000	1	0.031	-0.050	2	0.042	-0.189
20140728_210413_608	MOTOR_LEG_LEFT	1	1	25
20140728_210413_608	MOTOR_LEG_LEFT	0	-1	25
20140728_210413_616	ACCEL_LEG_LEFT	0	0.007	-0.040	1	0.051	-0.062	2	0.091	-0.207
20140728_210413_632	ACCEL_LEG_RIGHT	0	0.015	-0.004	1	0.048	-0.046	2	0.042	-0.189
20140728_210413_633	MOTOR_LEG_LEFT	1	1	25
20140728_210413_633	MOTOR_LEG_LEFT	0	-1	25
20140728_210413_648	ACCEL_LEG_LEFT	0	-0.005	-0.049	1	0.051	-0.062	2	0.091	-0.207
20140728_210413_658	MOTOR_LEG_LEFT	1	1	25
20140728_210413_658	MOTOR_LEG_LEFT	0	-1	25
20140728_210413_665	ACCEL_LEG_RIGHT	0	0.015	-0.004	1	0.048	-0.046	2	0.044	-0.176
20140728_210413_682	ACCEL_LEG_LEFT	0	-0.005	-0.049	1	0.063	-0.050	2	0.094	-0.164
20140728_210413_684	MOTOR_LEG_LEFT	0	-1	25
20140728_210413_698	ACCEL_LEG_RIGHT	0	0.035	0.009	1	0.037	-0.036	2	0.044	-0.176
20140728_210413_709	MOTOR_LEG_LEFT	0	-1	25
20140728_210413_715	ACCEL_LEG_LEFT	0	-0.013	-0.034	1	0.063	-0.050	2	0.094	-0.164
20140728_210413_731	ACCEL_LEG_RIGHT	0	0.035	0.009	1	0.037	-0.036	2	0.044	-0.176
20140728_210413_734	MOTOR_LEG_LEFT	0	-1	25
20140728_210413_747	ACCEL_LEG_LEFT	0	-0.013	-0.034	1	0.028	-0.047	2	0.088	-0.204
20140728_210413_764	ACCEL_LEG_RIGHT	0	0.035	0.009	1	0.037	-0.036	2	0.041	-0.206
20140728_210413_780	ACCEL_LEG_LEFT	0	0.010	-0.038	1	0.028	-0.047	2	0.088	-0.204
20140728_210413_797	ACCEL_LEG_RIGHT	0	0.020	-0.005	1	0.036	-0.056	2	0.041	-0.206
20140728_210413_809	MOTOR_LEG_RIGHT	1	1	25
20140728_210413_813	ACCEL_LEG_LEFT	0	0.010	-0.038	1	0.044	-0.058	2	0.088	-0.204
20140728_210413_830	ACCEL_LEG_RIGHT	0	0.020	-0.005	1	0.036	-0.056	2	0.025	-0.201
20140728_210413_834	MOTOR_LEG_LEFT	1	1	25
20140728_210413_834	MOTOR_LEG_RIGHT	1	1	25
20140728_210413_847	ACCEL_LEG_LEFT	0	0.010	-0.038	1	0.044	-0.058	2	0.085	-0.216
20140728_210413_860	MOTOR_LEG_LEFT	1	1	25
20140728_210413_860	MOTOR_LEG_RIGHT	1	1	25
20140728_210413_863	ACCEL_LEG_RIGHT	0	0.030	-0.001	1	0.008	-0.040	2	0.025	-0.201
20140728_210413_880	ACCEL_LEG_LEFT	0	0.007	-0.037	1	0.044	-0.058	2	0.085	-0.216
20140728_210413_885	MOTOR_LEG_LEFT	1	1	25
20140728_210413_896	ACCEL_LEG_RIGHT	0	0.030	-0.001	1	0.008	-0.040	2	0.025	-0.201
20140728_210413_910	MOTOR_LEG_LEFT	1	1	25
20140728_210413_913	ACCEL_LEG_LEFT	0	0.007	-0.037	1	0.013	-0.041	2	0.060	-0.184
20140728_210413_929	ACCEL_LEG_RIGHT	0	0.030	-0.001	1	0.008	-0.040	2	0.022	-0.191
20140728_210413_946	ACCEL_LEG_LEFT	0	0.001	-0.038	1	0.013	-0.041	2	0.060	-0.184
20140728_210413_962	ACCEL_LEG_RIGHT	0	0.028	0.000	1	0.021	-0.036	2	0.022	-0.191
20140728_210413_978	ACCEL_LEG_LEFT	0	0.001	-0.038	1	0.044	-0.037	2	0.060	-0.184
20140728_210413_995	ACCEL_LEG_RIGHT	0	0.028	0.000	1	0.021	-0.036	2	0.022	-0.144
20140728_210414_011	ACCEL_LEG_LEFT	0	0.001	-0.038	1	0.044	-0.037	2	0.073	-0.156
20140728_210414_028	ACCEL_LEG_RIGHT	0	0.012	-0.002	1	0.009	-0.024	2	0.022	-0.144
20140728_210414_044	ACCEL_LEG_LEFT	0	0.004	-0.040	1	0.044	-0.037	2	0.073	-0.156
20140728_210414_061	ACCEL_LEG_RIGHT	0	0.012	-0.002	1	0.009	-0.024	2	0.007	-0.184
20140728_210414_077	ACCEL_LEG_LEFT	0	0.004	-0.040	1	0.032	-0.036	2	0.060	-0.154
20140728_210414_094	ACCEL_LEG_RIGHT	0	0.010	-0.001	1	0.012	-0.035	2	0.007	-0.184
20140728_210414_110	ACCEL_LEG_LEFT	0	0.002	-0.038	1	0.032	-0.036	2	0.060	-0.154
20140728_210414_127	ACCEL_LEG_RIGHT	0	0.010	-0.001	1	0.012	-0.035	2	0.007	-0.184
20140728_210414_143	ACCEL_LEG_LEFT	0	0.002	-0.038	1	0.017	-0.037	2	0.048	-0.178
20140728_210414_160	ACCEL_LEG_RIGHT	0	0.010	-0.001	1	0.012	-0.035	2	0.006	-0.159
20140728_210414_176	ACCEL_LEG_LEFT	0	-0.003	-0.039	1	0.017	-0.037	2	0.048	-0.178
20140728_210414_193	ACCEL_LEG_RIGHT	0	0.010	-0.002	1	0.008	-0.020	2	0.006	-0.159
20140728_210414_210	ACCEL_LEG_LEFT	0	-0.003	-0.039	1	0.017	-0.037	2	0.048	-0.178
20140728_210414_226	ACCEL_LEG_RIGHT	0	0.010	-0.002	1	0.008	-0.020	2	0.002	-0.169
20140728_210414_242	ACCEL_LEG_LEFT	0	-0.003	-0.039	1	0.016	-0.025	2	0.048	-0.160
20140728_210414_259	ACCEL_LEG_RIGHT	0	0.010	-0.002	1	0.002	-0.024	2	0.002	-0.169
20140728_210414_275	ACCEL_LEG_LEFT	0	-0.005	-0.038	1	0.016	-0.025	2	0.048	-0.160
20140728_210414_292	ACCEL_LEG_RIGHT	0	0.010	-0.002	1	0.002	-0.024	2	0.002	-0.169
20140728_210414_309	ACCEL_LEG_LEFT	0	-0.005	-0.038	1	0.019	-0.028	2	0.048	-0.167
20140728_210414_325	ACCEL_LEG_RIGHT	0	0.010	-0.002	1	0.002	-0.024	2	0.001	-0.162
20140728_210414_341	ACCEL_LEG_LEFT	0	-0.005	-0.037	1	0.019	-0.028	2	0.048	-0.167
20140728_210414_358	ACCEL_LEG_RIGHT	0	0.008	-0.001	1	0.006	-0.022	2	0.001	-0.162
20140728_210414_374	ACCEL_LEG_LEFT	0	-0.005	-0.037	1	0.019	-0.029	2	0.048	-0.167
20140728_210414_391	ACCEL_LEG_RIGHT	0	0.008	-0.001	1	0.006	-0.022	2	0.007	-0.150
20140728_210414_408	ACCEL_LEG_LEFT	0	-0.005	-0.037	1	0.017	-0.029	2	0.049	-0.164
20140728_210414_424	ACCEL_LEG_RIGHT	0	0.009	-0.002	1	0.002	-0.023	2	0.007	-0.150
20140728_210414_440	ACCEL_LEG_LEFT	0	-0.006	-0.039	1	0.017	-0.029	2	0.049	-0.164
20140728_210414_457	ACCEL_LEG_RIGHT	0	0.009	-0.002	1	0.002	-0.023	2	0.001	-0.185
20140728_210414_473	ACCEL_LEG_LEFT	0	-0.006	-0.039	1	0.017	-0.033	2	0.050	-0.178
20140728_210414_490	ACCEL_LEG_RIGHT	0	0.010	-0.004	1	0.002	-0.023	2	0.001	-0.185
20140728_210414_507	ACCEL_LEG_LEFT	0	-0.006	-0.038	1	0.017	-0.033	2	0.050	-0.178
20140728_210414_523	ACCEL_LEG_RIGHT	0	0.010	-0.004	1	0.005	-0.023	2	0.001	-0.185
20140728_210414_540	ACCEL_LEG_LEFT	0	-0.006	-0.038	1	0.016	-0.031	2	0.052	-0.167
20140728_210414_556	ACCEL_LEG_RIGHT	0	0.010	-0.004	1	0.005	-0.023	2	0.007	-0.146
20140728_210414_573	ACCEL_LEG_LEFT	0	-0.004	-0.038	1	0.016	-0.031	2	0.052	-0.167
20140728_210414_589	ACCEL_LEG_RIGHT	0	0.011	0.000	1	0.007	-0.018	2	0.007	-0.146
20140728_210414_605	ACCEL_LEG_LEFT	0	-0.004	-0.038	1	0.016	-0.031	2	0.052	-0.167
20140728_210414_622	ACCEL_LEG_RIGHT	0	0.011	0.000	1	0.007	-0.018	2	0.010	-0.170
20140728_210414_638	ACCEL_LEG_LEFT	0	-0.004	-0.038	1	0.022	-0.027	2	0.059	-0.164
20140728_210414_655	ACCEL_LEG_RIGHT	0	0.009	-0.002	1	0.007	-0.018	2	0.010	-0.170
20140728_210414_671	ACCEL_LEG_LEFT	0	-0.005	-0.038	1	0.022	-0.027	2	0.059	-0.164
20140728_210414_688	ACCEL_LEG_RIGHT	0	0.009	-0.002	1	0.008	-0.019	2	0.010	-0.170
20140728_210414_705	ACCEL_LEG_LEFT	0	-0.005	-0.038	1	0.023	-0.030	2	0.059	-0.167
20140728_210414_721	ACCEL_LEG_RIGHT	0	0.009	-0.002	1	0.008	-0.019	2	0.015	-0.152
20140728_210414_737	ACCEL_LEG_LEFT	0	-0.003	-0.037	1	0.023	-0.030	2	0.059	-0.167
20140728_210414_754	ACCEL_LEG_RIGHT	0	0.012	-0.001	1	0.007	-0.026	2	0.015	-0.152
20140728_210414_770	ACCEL_LEG_LEFT	0	-0.003	-0.037	1	0.023	-0.030	2	0.059	-0.167
20140728_210414_787	ACCEL_LEG_RIGHT	0	0.012	-0.001	1	0.007	-0.026	2	0.011	-0.169
20140728_210414_804	ACCEL_LEG_LEFT	0	-0.003	-0.037	1	0.025	-0.031	2	0.062	-0.168
20140728_210414_820	ACCEL_LEG_RIGHT	0	0.010	-0.001	1	0.007	-0.026	2	0.011	-0.169
20140728_210414_836	ACCEL_LEG_LEFT	0	-0.002	-0.038	1	0.025	-0.031	2	0.062	-0.168
20140728_210414_853	ACCEL_LEG_RIGHT	0	0.010	-0.001	1	0.012	-0.014	2	0.018	-0.167
20140728_210414_869	ACCEL_LEG_LEFT	0	-0.002	-0.038	1	0.027	-0.030	2	0.063	-0.167
20140728_210414_886	ACCEL_LEG_RIGHT	0	0.010	-0.001	1	0.012	-0.014	2	0.018	-0.167
20140728_210414_903	ACCEL_LEG_LEFT	0	-0.002	-0.037	1	0.027	-0.030	2	0.063	-0.167
20140728_210414_919	ACCEL_LEG_RIGHT	0	0.010	-0.001	1	0.012	-0.022	2	0.018	-0.167
20140728_210414_936	ACCEL_LEG_LEFT	0	-0.002	-0.037	1	0.027	-0.030	2	0.063	-0.173
20140728_210414_952	ACCEL_LEG_RIGHT	0	0.010	-0.001	1	0.012	-0.022	2	0.015	-0.172
20140728_210414_969	ACCEL_LEG_LEFT	0	-0.002	-0.038	1	0.025	-0.032	2	0.063	-0.173
20140728_210414_985	ACCEL_LEG_RIGHT	0	0.011	-0.002	1	0.007	-0.029	2	0.015	-0.172
20140728_210414_002	ACCEL_LEG_LEFT	0	-0.002	-0.038	1	0.025	-0.032	2	0.063	-0.173
20140728_210415_018	ACCEL_LEG_RIGHT	0	0.011	-0.002	1	0.007	-0.029	2	0.010	-0.178
20140728_210415_035	ACCEL_LEG_LEFT	0	-0.002	-0.038	1	0.025	-0.031	2	0.061	-0.161
20140728_210415_051	ACCEL_LEG_RIGHT	0	0.009	0.000	1	0.007	-0.029	2	0.010	-0.178
20140728_210415_067	ACCEL_LEG_LEFT	0	-0.002	-0.037	1	0.025	-0.031	2	0.061	-0.161
20140728_210415_084	ACCEL_LEG_RIGHT	0	0.009	0.000	1	0.015	0.000	2	0.010	-0.178
20140728_210415_100	ACCEL_LEG_LEFT	0	-0.002	-0.037	1	0.030	-0.034	2	0.070	-0.163
20140728_210415_117	ACCEL_LEG_RIGHT	0	0.009	0.000	1	0.015	0.000	2	0.030	-0.138
20140728_210415_133	ACCEL_LEG_LEFT	0	-0.004	-0.037	1	0.030	-0.034	2	0.070	-0.163
20140728_210415_150	ACCEL_LEG_RIGHT	0	0.011	0.000	1	0.008	-0.010	2	0.030	-0.138
20140728_210415_166	ACCEL_LEG_LEFT	0	-0.004	-0.037	1	0.030	-0.034	2	0.070	-0.163
20140728_210415_183	ACCEL_LEG_RIGHT	0	0.011	0.000	1	0.008	-0.010	2	0.012	-0.149
20140728_210415_199	ACCEL_LEG_LEFT	0	-0.004	-0.037	1	0.021	-0.019	2	0.056	-0.143
20140728_210415_216	ACCEL_LEG_RIGHT	0	0.010	0.000	1	0.008	-0.010	2	0.012	-0.149
20140728_210415_232	ACCEL_LEG_LEFT	0	-0.005	-0.035	1	0.021	-0.019	2	0.056	-0.143
20140728_210415_249	ACCEL_LEG_RIGHT	0	0.010	0.000	1	0.003	0.007	2	0.013	-0.128
20140728_210415_265	ACCEL_LEG_LEFT	0	-0.005	-0.035	1	0.016	-0.010	2	0.051	-0.130
20140728_210415_282	ACCEL_LEG_RIGHT	0	0.023	0.001	1	0.003	0.007	2	0.013	-0.128
20140728_210415_298	ACCEL_LEG_LEFT	0	-0.009	-0.026	1	0.016	-0.010	2	0.051	-0.130
20140728_210415_315	ACCEL_LEG_RIGHT	0	0.023	0.001	1	0.001	0.015	2	0.013	-0.128
20140728_210415_331	ACCEL_LEG_LEFT	0	-0.009	-0.026	1	0.016	-0.010	2	0.041	-0.144
20140728_210415_348	ACCEL_LEG_RIGHT	0	0.023	0.001	1	0.001	0.015	2	-0.006	-0.133
20140728_210415_364	ACCEL_LEG_LEFT	0	-0.010	-0.038	1	0.017	-0.017	2	0.041	-0.144
20140728_210415_381	ACCEL_LEG_RIGHT	0	0.010	0.000	1	0.001	0.015	2	-0.006	-0.133
20140728_210415_398	ACCEL_LEG_LEFT	0	-0.010	-0.038	1	0.017	-0.017	2	0.041	-0.144
20140728_210415_414	ACCEL_LEG_RIGHT	0	0.010	0.000	1	-0.012	0.020	2	0.000	-0.107
20140728_210415_431	ACCEL_LEG_LEFT	0	-0.010	-0.038	1	0.011	-0.006	2	0.036	-0.122
20140728_210415_447	ACCEL_LEG_RIGHT	0	0.010	0.001	1	-0.012	0.020	2	0.000	-0.107
20140728_210415_464	ACCEL_LEG_LEFT	0	-0.006	-0.034	1	0.011	-0.006	2	0.036	-0.122
20140728_210415_480	ACCEL_LEG_RIGHT	0	0.010	0.001	1	-0.014	0.022	2	0.000	-0.107
20140728_210415_496	ACCEL_LEG_LEFT	0	-0.006	-0.034	1	0.011	-0.006	2	0.035	-0.105
20140728_210415_513	ACCEL_LEG_RIGHT	0	0.010	0.001	1	-0.014	0.022	2	-0.008	-0.112
20140728_210415_530	ACCEL_LEG_LEFT	0	-0.013	-0.038	1	0.004	0.009	2	0.035	-0.105
20140728_210415_546	ACCEL_LEG_RIGHT	0	0.008	0.001	1	-0.014	0.022	2	-0.008	-0.112
20140728_210415_563	ACCEL_LEG_LEFT	0	-0.013	-0.038	1	0.004	0.009	2	0.035	-0.105
20140728_210415_579	ACCEL_LEG_RIGHT	0	0.008	0.001	1	-0.015	0.024	2	-0.005	-0.100
20140728_210415_595	ACCEL_LEG_LEFT	0	-0.013	-0.038	1	0.003	0.014	2	0.032	-0.100
20140728_210415_612	ACCEL_LEG_RIGHT	0	0.010	-0.001	1	-0.015	0.024	2	-0.005	-0.100
20140728_210415_629	ACCEL_LEG_LEFT	0	-0.013	-0.038	1	0.003	0.014	2	0.032	-0.100
20140728_210415_645	ACCEL_LEG_RIGHT	0	0.010	-0.001	1	-0.016	0.027	2	-0.011	-0.102
20140728_210415_661	ACCEL_LEG_LEFT	0	-0.013	-0.038	1	0.003	0.014	2	0.033	-0.103
20140728_210415_678	ACCEL_LEG_RIGHT	0	0.008	-0.001	1	-0.016	0.027	2	-0.011	-0.102
20140728_210415_694	ACCEL_LEG_LEFT	0	-0.014	-0.038	1	0.004	0.010	2	0.033	-0.103
20140728_210415_711	ACCEL_LEG_RIGHT	0	0.008	-0.001	1	-0.016	0.027	2	-0.011	-0.102
20140728_210415_727	ACCEL_LEG_LEFT	0	-0.014	-0.038	1	0.004	0.010	2	0.038	-0.104
20140728_210415_744	ACCEL_LEG_RIGHT	0	0.008	-0.001	1	-0.012	0.030	2	0.002	-0.096
20140728_210415_761	ACCEL_LEG_LEFT	0	-0.012	-0.037	1	0.007	0.014	2	0.038	-0.104
20140728_210415_777	ACCEL_LEG_RIGHT	0	0.010	0.001	1	-0.012	0.030	2	0.002	-0.096
20140728_210415_794	ACCEL_LEG_LEFT	0	-0.012	-0.037	1	0.007	0.014	2	0.038	-0.104
20140728_210415_810	ACCEL_LEG_RIGHT	0	0.010	0.001	1	-0.015	0.030	2	-0.002	-0.097
20140728_210415_827	ACCEL_LEG_LEFT	0	-0.012	-0.037	1	0.009	0.018	2	0.040	-0.100
20140728_210415_843	ACCEL_LEG_RIGHT	0	0.008	-0.001	1	-0.015	0.030	2	-0.002	-0.097
20140728_210415_860	ACCEL_LEG_LEFT	0	-0.012	-0.036	1	0.009	0.018	2	0.040	-0.100
20140728_210415_876	ACCEL_LEG_RIGHT	0	0.008	-0.001	1	-0.014	0.030	2	-0.002	-0.097
20140728_210415_892	ACCEL_LEG_LEFT	0	-0.012	-0.036	1	0.009	0.018	2	0.037	-0.098
20140728_210415_909	ACCEL_LEG_RIGHT	0	0.008	0.001	1	-0.014	0.030	2	-0.002	-0.100
20140728_210415_925	ACCEL_LEG_LEFT	0	-0.012	-0.038	1	0.010	0.016	2	0.037	-0.098
20140728_210415_942	ACCEL_LEG_RIGHT	0	0.008	0.001	1	-0.014	0.030	2	-0.002	-0.100
20140728_210415_959	ACCEL_LEG_LEFT	0	-0.012	-0.038	1	0.010	0.016	2	0.037	-0.098
20140728_210415_975	ACCEL_LEG_RIGHT	0	0.008	0.001	1	-0.012	0.042	2	-0.001	-0.088
20140728_210415_991	ACCEL_LEG_LEFT	0	-0.012	-0.038	1	0.012	0.020	2	0.045	-0.114
20140728_210416_008	ACCEL_LEG_RIGHT	0	0.011	0.001	1	-0.012	0.042	2	-0.001	-0.088
20140728_210416_024	ACCEL_LEG_LEFT	0	-0.011	-0.037	1	0.012	0.020	2	0.045	-0.114
20140728_210416_041	ACCEL_LEG_RIGHT	0	0.011	0.001	1	0.021	0.064	2	0.003	-0.081
20140728_210416_045	MOTOR_LEG_RIGHT	1	-1	25
20140728_210416_059	ACCEL_LEG_LEFT	0	-0.011	-0.037	1	0.012	0.020	2	0.040	-0.079
20140728_210416_071	MOTOR_LEG_RIGHT	1	-1	25
20140728_210416_076	ACCEL_LEG_RIGHT	0	0.024	0.026	1	0.021	0.064	2	0.003	-0.081
20140728_210416_091	ACCEL_LEG_LEFT	0	-0.012	-0.039	1	0.010	0.033	2	0.040	-0.079
20140728_210416_097	MOTOR_LEG_RIGHT	1	-1	25
20140728_210416_107	ACCEL_LEG_RIGHT	0	0.024	0.026	1	0.021	0.064	2	0.003	-0.081
20140728_210416_122	MOTOR_LEG_RIGHT	1	-1	25
20140728_210416_123	ACCEL_LEG_LEFT	0	-0.012	-0.039	1	0.010	0.033	2	0.037	-0.076
20140728_210416_140	ACCEL_LEG_RIGHT	0	0.024	0.026	1	-0.033	0.017	2	0.003	-0.073
20140728_210416_156	ACCEL_LEG_LEFT	0	-0.014	-0.037	1	0.008	0.034	2	0.037	-0.076
20140728_210416_173	ACCEL_LEG_RIGHT	0	-0.002	-0.010	1	-0.033	0.017	2	0.003	-0.073
20140728_210416_190	ACCEL_LEG_LEFT	0	-0.014	-0.037	1	0.008	0.034	2	0.037	-0.076
20140728_210416_206	ACCEL_LEG_RIGHT	0	-0.002	-0.010	1	0.007	0.056	2	-0.003	-0.076
20140728_210416_222	ACCEL_LEG_LEFT	0	-0.014	-0.037	1	0.008	0.034	2	0.033	-0.068
20140728_210416_223	MOTOR_LEG_RIGHT	1	-1	25
20140728_210416_239	ACCEL_LEG_RIGHT	0	0.014	0.000	1	0.007	0.056	2	-0.003	-0.076
20140728_210416_248	MOTOR_LEG_RIGHT	1	-1	25
20140728_210416_256	ACCEL_LEG_LEFT	0	-0.013	-0.037	1	0.006	0.040	2	0.033	-0.068
20140728_210416_272	ACCEL_LEG_RIGHT	0	0.014	0.000	1	0.007	0.056	2	-0.003	-0.076
20140728_210416_273	MOTOR_LEG_RIGHT	1	-1	25
20140728_210416_289	ACCEL_LEG_LEFT	0	-0.013	-0.037	1	0.006	0.040	2	0.034	-0.077
20140728_210416_298	MOTOR_LEG_RIGHT	1	-1	25
20140728_210416_305	ACCEL_LEG_RIGHT	0	0.009	-0.022	1	-0.020	0.022	2	-0.007	-0.083
20140728_210416_322	ACCEL_LEG_LEFT	0	-0.015	-0.044	1	0.010	0.035	2	0.034	-0.077
20140728_210416_338	ACCEL_LEG_RIGHT	0	0.009	-0.022	1	-0.020	0.022	2	-0.007	-0.083
20140728_210416_355	ACCEL_LEG_LEFT	0	-0.015	-0.044	1	0.010	0.035	2	0.034	-0.077
20140728_210416_371	ACCEL_LEG_RIGHT	0	0.009	-0.022	1	-0.019	0.042	2	-0.005	-0.076
20140728_210416_388	ACCEL_LEG_LEFT	0	-0.015	-0.044	1	0.010	0.035	2	0.035	-0.092
20140728_210416_404	ACCEL_LEG_RIGHT	0	0.017	-0.005	1	-0.019	0.042	2	-0.005	-0.076
20140728_210416_420	ACCEL_LEG_LEFT	0	-0.014	-0.037	1	0.007	0.027	2	0.035	-0.092
20140728_210416_437	ACCEL_LEG_RIGHT	0	0.017	-0.005	1	-0.019	0.042	2	-0.008	-0.087
20140728_210416_453	ACCEL_LEG_LEFT	0	-0.014	-0.037	1	0.007	0.027	2	0.033	-0.084
20140728_210416_470	ACCEL_LEG_RIGHT	0	0.009	0.000	1	-0.015	0.029	2	-0.008	-0.087
20140728_210416_486	ACCEL_LEG_LEFT	0	-0.015	-0.038	1	0.004	0.036	2	0.033	-0.084
20140728_210416_503	ACCEL_LEG_RIGHT	0	0.009	0.000	1	-0.015	0.029	2	-0.008	-0.087
20140728_210416_519	ACCEL_LEG_LEFT	0	-0.015	-0.038	1	0.004	0.036	2	0.034	-0.069
20140728_210416_536	ACCEL_LEG_RIGHT	0	0.009	0.000	1	-0.018	0.058	2	-0.004	-0.064
20140728_210416_551	MOTOR_LEG_RIGHT	1	-1	25
20140728_210416_552	ACCEL_LEG_LEFT	0	-0.013	-0.038	1	0.006	0.038	2	0.034	-0.069
20140728_210416_569	ACCEL_LEG_RIGHT	0	0.008	0.001	1	-0.018	0.058	2	-0.004	-0.064
20140728_210416_576	MOTOR_LEG_RIGHT	1	-1	25
20140728_210416_586	ACCEL_LEG_LEFT	0	-0.013	-0.038	1	0.006	0.038	2	0.034	-0.069
20140728_210416_602	ACCEL_LEG_RIGHT	0	0.008	0.001	1	-0.008	0.054	2	-0.003	-0.057
20140728_210416_603	MOTOR_LEG_RIGHT	1	-1	25
20140728_210416_619	ACCEL_LEG_LEFT	0	-0.013	-0.038	1	0.006	0.038	2	0.027	-0.048
20140728_210416_628	MOTOR_LEG_RIGHT	1	-1	25
20140728_210416_635	ACCEL_LEG_RIGHT	0	0.023	0.012	1	-0.008	0.054	2	-0.003	-0.057
20140728_210416_652	ACCEL_LEG_LEFT	0	-0.019	-0.039	1	0.010	0.058	2	0.027	-0.048
20140728_210416_653	MOTOR_LEG_LEFT	1	-1	25
20140728_210416_653	MOTOR_LEG_RIGHT	1	-1	25
20140728_210416_668	ACCEL_LEG_RIGHT	0	0.023	0.012	1	-0.008	0.054	2	-0.003	-0.057
20140728_210416_678	MOTOR_LEG_LEFT	1	-1	25
20140728_210416_678	MOTOR_LEG_RIGHT	1	-1	25
20140728_210416_685	ACCEL_LEG_LEFT	0	-0.019	-0.039	1	0.010	0.058	2	0.037	-0.082
20140728_210416_701	ACCEL_LEG_RIGHT	0	0.013	-0.005	1	-0.085	0.031	2	0.000	-0.050
20140728_210416_703	MOTOR_LEG_LEFT	1	-1	25
20140728_210416_703	MOTOR_LEG_RIGHT	0	1	25
20140728_210416_718	ACCEL_LEG_LEFT	0	-0.016	-0.030	1	0.000	0.038	2	0.037	-0.082
20140728_210416_729	MOTOR_LEG_RIGHT	0	1	25
20140728_210416_734	ACCEL_LEG_RIGHT	0	0.013	-0.005	1	-0.085	0.031	2	0.000	-0.050
20140728_210416_751	ACCEL_LEG_LEFT	0	-0.016	-0.030	1	0.000	0.038	2	0.037	-0.082
20140728_210416_754	MOTOR_LEG_RIGHT	0	1	25
20140728_210416_767	ACCEL_LEG_RIGHT	0	0.013	-0.005	1	0.023	0.002	2	-0.009	-0.054
20140728_210416_784	ACCEL_LEG_LEFT	0	-0.016	-0.030	1	0.000	0.038	2	0.019	0.023
20140728_210416_800	ACCEL_LEG_RIGHT	0	0.006	-0.016	1	0.023	0.002	2	-0.009	-0.054
20140728_210416_817	ACCEL_LEG_LEFT	0	-0.027	-0.030	1	0.011	0.048	2	0.019	0.023
20140728_210416_833	ACCEL_LEG_RIGHT	0	0.006	-0.016	1	0.023	0.002	2	-0.013	-0.030
20140728_210416_850	ACCEL_LEG_LEFT	0	-0.027	-0.030	1	0.011	0.048	2	0.014	-0.058
20140728_210416_866	ACCEL_LEG_RIGHT	0	0.012	-0.047	1	0.004	0.003	2	-0.013	-0.030
20140728_210416_883	ACCEL_LEG_LEFT	0	-0.015	-0.034	1	-0.005	0.055	2	0.014	-0.058
20140728_210416_899	ACCEL_LEG_RIGHT	0	0.012	-0.047	1	0.004	0.003	2	-0.013	-0.030
20140728_210416_904	MOTOR_LEG_LEFT	1	-1	25
20140728_210416_916	ACCEL_LEG_LEFT	0	-0.015	-0.034	1	-0.005	0.055	2	0.011	-0.047
20140728_210416_929	MOTOR_LEG_LEFT	1	-1	25
20140728_210416_932	ACCEL_LEG_RIGHT	0	0.012	-0.047	1	-0.034	0.016	2	-0.015	-0.029
20140728_210416_948	ACCEL_LEG_LEFT	0	-0.016	-0.037	1	-0.005	0.055	2	0.011	-0.047
20140728_210416_955	MOTOR_LEG_LEFT	1	-1	25
20140728_210416_965	ACCEL_LEG_RIGHT	0	0.002	0.007	1	-0.034	0.016	2	-0.015	-0.029
20140728_210416_980	MOTOR_LEG_LEFT	1	-1	25
20140728_210416_981	ACCEL_LEG_LEFT	0	-0.016	-0.037	1	-0.013	0.066	2	0.011	-0.047
20140728_210416_998	ACCEL_LEG_RIGHT	0	0.002	0.007	1	-0.034	0.016	2	-0.004	-0.015
20140728_210417_005	MOTOR_LEG_LEFT	1	-1	25
20140728_210417_014	ACCEL_LEG_LEFT	0	-0.016	-0.037	1	-0.013	0.066	2	0.015	-0.042
20140728_210417_030	MOTOR_LEG_LEFT	1	-1	25
20140728_210417_031	ACCEL_LEG_RIGHT	0	0.008	0.001	1	-0.006	0.011	2	-0.004	-0.015
20140728_210417_048	ACCEL_LEG_LEFT	0	-0.011	-0.039	1	0.022	0.080	2	0.015	-0.042
20140728_210417_055	MOTOR_LEG_LEFT	1	-1	25
20140728_210417_064	ACCEL_LEG_RIGHT	0	0.008	0.001	1	-0.006	0.011	2	-0.004	-0.015
20140728_210417_081	MOTOR_LEG_LEFT	1	-1	25
20140728_210417_081	ACCEL_LEG_LEFT	0	-0.011	-0.039	1	0.022	0.080	2	-0.019	-0.023
20140728_210417_097	ACCEL_LEG_RIGHT	0	0.011	-0.001	1	-0.011	0.000	2	-0.014	-0.027
20140728_210417_106	MOTOR_LEG_LEFT	1	-1	25
20140728_210417_114	ACCEL_LEG_LEFT	0	-0.012	-0.018	1	0.013	0.065	2	-0.019	-0.023
20140728_210417_130	ACCEL_LEG_RIGHT	0	0.011	-0.001	1	-0.011	0.000	2	-0.014	-0.027
20140728_210417_131	MOTOR_LEG_LEFT	1	-1	25
20140728_210417_147	ACCEL_LEG_LEFT	0	-0.012	-0.018	1	0.013	0.065	2	-0.019	-0.023
20140728_210417_156	MOTOR_LEG_LEFT	1	-1	25
20140728_210417_163	ACCEL_LEG_RIGHT	0	0.011	-0.001	1	-0.011	0.000	2	-0.007	-0.023
20140728_210417_182	MOTOR_LEG_LEFT	1	-1	25
20140728_210417_182	ACCEL_LEG_LEFT	0	-0.012	-0.018	1	0.013	0.065	2	0.022	-0.023
20140728_210417_196	ACCEL_LEG_RIGHT	0	0.003	0.001	1	-0.013	0.009	2	-0.007	-0.023
20140728_210417_207	MOTOR_LEG_LEFT	1	-1	25
20140728_210417_213	ACCEL_LEG_LEFT	0	-0.011	-0.042	1	-0.008	0.071	2	0.022	-0.023
20140728_210417_229	ACCEL_LEG_RIGHT	0	0.003	0.001	1	-0.013	0.009	2	-0.012	-0.019
20140728_210417_232	MOTOR_LEG_LEFT	1	-1	25
20140728_210417_248	ACCEL_LEG_LEFT	0	-0.011	-0.042	1	-0.008	0.071	2	0.025	-0.041
20140728_210417_258	MOTOR_LEG_LEFT	1	-1	25
20140728_210417_262	ACCEL_LEG_RIGHT	0	0.015	-0.007	1	-0.012	-0.001	2	-0.012	-0.019
20140728_210417_279	ACCEL_LEG_LEFT	0	-0.014	-0.051	1	0.015	0.073	2	0.025	-0.041
20140728_210417_283	MOTOR_LEG_LEFT	1	-1	25
20140728_210417_283	MOTOR_LEG_LEFT	1	-1	25
20140728_210417_295	ACCEL_LEG_RIGHT	0	0.015	-0.007	1	-0.012	-0.001	2	-0.012	-0.019
20140728_210417_308	MOTOR_LEG_LEFT	1	-1	25
20140728_210417_308	MOTOR_LEG_LEFT	1	-1	25
20140728_210417_312	ACCEL_LEG_LEFT	0	-0.014	-0.051	1	0.015	0.073	2	0.025	-0.022
20140728_210417_328	ACCEL_LEG_RIGHT	0	0.015	-0.007	1	-0.012	-0.001	2	-0.010	-0.018
20140728_210417_333	MOTOR_LEG_LEFT	1	-1	25
20140728_210417_333	MOTOR_LEG_LEFT	1	-1	25
20140728_210417_344	ACCEL_LEG_LEFT	0	-0.010	-0.042	1	0.015	0.073	2	0.027	-0.022
20140728_210417_359	MOTOR_LEG_LEFT	1	-2	25
20140728_210417_361	ACCEL_LEG_RIGHT	0	0.006	-0.001	1	-0.011	0.016	2	-0.010	-0.018
20140728_210417_378	ACCEL_LEG_LEFT	0	-0.010	-0.042	1	0.031	0.039	2	0.027	-0.022
20140728_210417_394	ACCEL_LEG_RIGHT	0	0.006	-0.001	1	-0.011	0.016	2	0.006	-0.035
20140728_210417_411	ACCEL_LEG_LEFT	0	-0.010	-0.042	1	0.031	0.039	2	0.032	0.021
20140728_210417_427	ACCEL_LEG_RIGHT	0	0.007	0.001	1	-0.001	-0.007	2	0.006	-0.035
20140728_210417_444	ACCEL_LEG_LEFT	0	-0.018	-0.052	1	0.012	0.046	2	0.032	0.021
20140728_210417_459	MOTOR_LEG_LEFT	1	-1	25
20140728_210417_460	ACCEL_LEG_RIGHT	0	0.007	0.001	1	-0.001	-0.007	2	0.006	-0.035
20140728_210417_477	ACCEL_LEG_LEFT	0	-0.018	-0.052	1	0.012	0.046	2	0.055	0.075
20140728_210417_484	MOTOR_LEG_LEFT	1	-1	25
20140728_210417_493	ACCEL_LEG_RIGHT	0	0.009	-0.003	1	0.009	-0.008	2	0.015	-0.048
20140728_210417_510	ACCEL_LEG_LEFT	0	-0.009	-0.037	1	0.012	0.046	2	0.055	0.075
20140728_210417_526	ACCEL_LEG_RIGHT	0	0.009	-0.003	1	0.009	-0.008	2	0.015	-0.048
20140728_210417_543	ACCEL_LEG_LEFT	0	-0.009	-0.037	1	0.011	-0.133	2	0.055	0.075
20140728_210417_559	ACCEL_LEG_RIGHT	0	0.009	-0.003	1	0.009	-0.008	2	0.011	-0.020
20140728_210417_562	MOTOR_LEG_LEFT	1	2	25
20140728_210417_576	ACCEL_LEG_LEFT	0	-0.009	-0.037	1	0.011	-0.133	2	0.128	0.000
20140728_210417_587	MOTOR_LEG_LEFT	1	2	25
20140728_210417_592	ACCEL_LEG_RIGHT	0	0.002	0.002	1	-0.026	0.022	2	0.011	-0.020
20140728_210417_609	ACCEL_LEG_LEFT	0	-0.007	-0.054	1	-0.144	-0.356	2	0.128	0.000
20140728_210417_612	MOTOR_LEG_LEFT	1	-1	25
20140728_210417_612	MOTOR_LEG_LEFT	1	7	25
20140728_210417_612	MOTOR_LEG_LEFT	0	2	25
20140728_210417_625	ACCEL_LEG_RIGHT	0	0.002	0.002	1	-0.026	0.022	2	0.042	-0.022
20140728_210417_637	MOTOR_LEG_LEFT	1	-1	25
20140728_210417_638	MOTOR_LEG_LEFT	1	7	25
20140728_210417_638	MOTOR_LEG_LEFT	0	2	25
20140728_210417_642	ACCEL_LEG_LEFT	0	-0.007	-0.054	1	-0.144	-0.356	2	-0.040	0.087
20140728_210417_658	ACCEL_LEG_RIGHT	0	0.016	0.006	1	0.069	-0.029	2	0.042	-0.022
20140728_210417_663	MOTOR_LEG_LEFT	1	-1	25
20140728_210417_663	MOTOR_LEG_LEFT	1	7	25
20140728_210417_663	MOTOR_LEG_LEFT	0	2	25
20140728_210417_663	MOTOR_LEG_RIGHT	0	-1	25
20140728_210417_675	ACCEL_LEG_LEFT	0	-0.026	-0.021	1	-0.144	-0.356	2	-0.040	0.087
20140728_210417_688	MOTOR_LEG_LEFT	1	7	25
20140728_210417_688	MOTOR_LEG_LEFT	0	2	25
20140728_210417_689	MOTOR_LEG_RIGHT	0	-1	25
20140728_210417_691	ACCEL_LEG_RIGHT	0	0.016	0.006	1	0.069	-0.029	2	0.042	-0.022
20140728_210417_708	ACCEL_LEG_LEFT	0	-0.026	-0.021	1	0.038	-0.390	2	-0.040	0.087
20140728_210417_714	MOTOR_LEG_LEFT	1	7	25
20140728_210417_714	MOTOR_LEG_RIGHT	0	-1	25
20140728_210417_724	ACCEL_LEG_RIGHT	0	0.016	0.006	1	0.069	-0.029	2	-0.083	-0.055
20140728_210417_739	MOTOR_LEG_LEFT	1	7	25
20140728_210417_739	MOTOR_LEG_RIGHT	0	-1	25
20140728_210417_740	ACCEL_LEG_LEFT	0	-0.026	-0.021	1	0.038	-0.390	2	0.029	-0.096
20140728_210417_757	ACCEL_LEG_RIGHT	0	-0.012	-0.023	1	-0.087	0.006	2	-0.083	-0.055
20140728_210417_774	ACCEL_LEG_LEFT	0	-0.095	-0.110	1	-0.156	-0.317	2	0.029	-0.096
20140728_210417_790	ACCEL_LEG_RIGHT	0	-0.012	-0.023	1	-0.087	0.006	2	0.036	-0.086
20140728_210417_807	ACCEL_LEG_LEFT	0	-0.095	-0.110	1	-0.156	-0.317	2	0.079	-0.083
20140728_210417_823	ACCEL_LEG_RIGHT	0	0.030	0.024	1	0.022	-0.011	2	0.036	-0.086
20140728_210417_840	ACCEL_LEG_LEFT	0	0.016	-0.149	1	-0.102	-0.267	2	0.079	-0.083
20140728_210417_856	ACCEL_LEG_RIGHT	0	0.030	0.024	1	0.022	-0.011	2	0.036	-0.086
20140728_210417_872	ACCEL_LEG_LEFT	0	0.016	-0.149	1	-0.102	-0.267	2	0.055	-0.153
20140728_210417_889	ACCEL_LEG_RIGHT	0	0.009	0.000	1	0.022	-0.011	2	0.096	-0.011
20140728_210417_906	ACCEL_LEG_LEFT	0	0.008	-0.124	1	-0.102	-0.267	2	0.055	-0.153
20140728_210417_922	ACCEL_LEG_RIGHT	0	0.009	0.000	1	0.043	0.035	2	0.096	-0.011
20140728_210417_939	ACCEL_LEG_LEFT	0	0.008	-0.124	1	0.087	0.600	2	0.055	-0.153
20140728_210417_955	ACCEL_LEG_RIGHT	0	0.009	0.000	1	0.043	0.035	2	-0.013	-0.083
20140728_210417_972	ACCEL_LEG_LEFT	0	0.008	-0.124	1	0.087	0.600	2	-0.012	-0.064
20140728_210417_988	ACCEL_LEG_RIGHT	0	0.007	0.002	1	-0.056	-0.068	2	-0.013	-0.083
20140728_210418_005	ACCEL_LEG_LEFT	0	0.012	-0.032	1	0.078	-0.025	2	-0.012	-0.064
20140728_210418_021	ACCEL_LEG_RIGHT	0	0.007	0.002	1	-0.056	-0.068	2	-0.066	-0.131
20140728_210418_038	ACCEL_LEG_LEFT	0	0.012	-0.032	1	0.078	-0.025	2	0.178	0.152
20140728_210418_054	ACCEL_LEG_RIGHT	0	-0.012	-0.014	1	-0.056	-0.068	2	-0.066	-0.131
20140728_210418_070	ACCEL_LEG_LEFT	0	-0.019	-0.052	1	0.078	-0.025	2	0.178	0.152
20140728_210418_087	ACCEL_LEG_RIGHT	0	-0.012	-0.014	1	0.014	0.013	2	-0.066	-0.131
20140728_210418_103	ACCEL_LEG_LEFT	0	-0.019	-0.052	1	-0.040	0.345	2	0.178	0.152
20140728_210418_120	ACCEL_LEG_RIGHT	0	-0.012	-0.014	1	0.014	0.013	2	0.042	-0.013
20140728_210418_137	ACCEL_LEG_LEFT	0	-0.019	-0.052	1	-0.040	0.345	2	-0.049	0.133
20140728_210418_153	ACCEL_LEG_RIGHT	0	0.021	-0.011	1	-0.005	0.028	2	0.042	-0.013
20140728_210418_169	ACCEL_LEG_LEFT	0	-0.069	-0.026	1	-0.012	0.166	2	-0.049	0.133
20140728_210418_186	ACCEL_LEG_RIGHT	0	0.021	-0.011	1	-0.005	0.028	2	-0.016	0.005
20140728_210418_202	ACCEL_LEG_LEFT	0	-0.069	-0.026	1	-0.012	0.166	2	0.001	0.060
20140728_210418_219	ACCEL_LEG_RIGHT	0	0.009	0.003	1	-0.005	0.028	2	-0.016	0.005
20140728_210418_236	ACCEL_LEG_LEFT	0	-0.018	-0.038	1	-0.012	0.166	2	0.001	0.060
20140728_210418_252	ACCEL_LEG_RIGHT	0	0.009	0.003	1	-0.043	0.029	2	-0.016	0.005
20140728_210418_269	ACCEL_LEG_LEFT	0	-0.018	-0.038	1	-0.011	0.144	2	-0.017	-0.007
20140728_210418_285	ACCEL_LEG_RIGHT	0	0.005	0.000	1	-0.043	0.029	2	-0.054	-0.018
20140728_210418_302	ACCEL_LEG_LEFT	0	-0.019	-0.033	1	-0.011	0.144	2	-0.017	-0.007
20140728_210418_318	ACCEL_LEG_RIGHT	0	0.005	0.000	1	-0.034	0.010	2	-0.054	-0.018
20140728_210418_334	ACCEL_LEG_LEFT	0	-0.019	-0.033	1	-0.022	0.130	2	-0.017	-0.007
20140728_210418_351	ACCEL_LEG_RIGHT	0	0.005	0.000	1	-0.034	0.010	2	-0.043	-0.039
20140728_210418_367	ACCEL_LEG_LEFT	0	-0.019	-0.033	1	-0.022	0.130	2	0.002	-0.019
20140728_210418_384	ACCEL_LEG_RIGHT	0	0.002	-0.003	1	-0.033	0.002	2	-0.043	-0.039
20140728_210418_400	ACCEL_LEG_LEFT	0	-0.016	-0.038	1	-0.022	0.130	2	0.002	-0.019
20140728_210418_417	ACCEL_LEG_RIGHT	0	0.002	-0.003	1	-0.033	0.002	2	-0.028	-0.067
20140728_210418_434	ACCEL_LEG_LEFT	0	-0.016	-0.038	1	-0.010	0.144	2	-0.001	-0.001
20140728_210418_450	ACCEL_LEG_RIGHT	0	0.003	0.002	1	-0.033	0.002	2	-0.028	-0.067
20140728_210418_466	ACCEL_LEG_LEFT	0	-0.017	-0.030	1	-0.010	0.144	2	-0.001	-0.001
20140728_210418_483	ACCEL_LEG_RIGHT	0	0.003	0.002	1	-0.034	-0.001	2	-0.028	-0.067
20140728_210418_499	ACCEL_LEG_LEFT	0	-0.017	-0.030	1	-0.015	0.148	2	-0.001	-0.001
20140728_210418_516	ACCEL_LEG_RIGHT	0	0.006	0.004	1	-0.034	-0.001	2	-0.036	-0.026
20140728_210418_533	ACCEL_LEG_LEFT	0	-0.017	-0.030	1	-0.015	0.148	2	0.002	0.015
20140728_210418_549	ACCEL_LEG_RIGHT	0	0.006	0.004	1	-0.040	0.021	2	-0.036	-0.026
20140728_210418_566	ACCEL_LEG_LEFT	0	-0.020	-0.039	1	-0.013	0.152	2	0.002	0.015
20140728_210418_582	ACCEL_LEG_RIGHT	0	0.006	0.004	1	-0.040	0.021	2	-0.037	-0.034
20140728_210418_598	ACCEL_LEG_LEFT	0	-0.020	-0.039	1	-0.013	0.152	2	-0.005	0.018
20140728_210418_615	ACCEL_LEG_RIGHT	0	0.003	-0.001	1	-0.040	0.021	2	-0.037	-0.034
20140728_210418_631	ACCEL_LEG_LEFT	0	-0.020	-0.039	1	-0.013	0.152	2	-0.005	0.018
20140728_210418_648	ACCEL_LEG_RIGHT	0	0.003	-0.001	1	-0.043	0.004	2	-0.037	-0.034
20140728_210418_664	ACCEL_LEG_LEFT	0	-0.020	-0.039	1	-0.016	0.141	2	-0.006	-0.018
20140728_210418_681	ACCEL_LEG_RIGHT	0	0.004	-0.002	1	-0.043	0.004	2	-0.048	-0.050
20140728_210418_697	ACCEL_LEG_LEFT	0	-0.020	-0.039	1	-0.016	0.141	2	-0.006	-0.018
20140728_210418_714	ACCEL_LEG_RIGHT	0	0.004	-0.002	1	-0.038	0.006	2	-0.048	-0.050
20140728_210418_731	ACCEL_LEG_LEFT	0	-0.020	-0.039	1	-0.011	0.143	2	-0.006	-0.018
20140728_210418_747	ACCEL_LEG_RIGHT	0	0.004	-0.002	1	-0.038	0.006	2	-0.035	-0.040
20140728_210418_764	ACCEL_LEG_LEFT	0	-0.020	-0.039	1	-0.011	0.143	2	0.003	-0.003
20140728_210418_780	ACCEL_LEG_RIGHT	0	0.004	0.001	1	-0.038	0.006	2	-0.035	-0.040
20140728_210418_797	ACCEL_LEG_LEFT	0	-0.020	-0.039	1	-0.011	0.143	2	0.003	-0.003
20140728_210418_813	ACCEL_LEG_RIGHT	0	0.004	0.001	1	-0.034	0.008	2	-0.026	-0.050
20140728_210418_830	ACCEL_LEG_LEFT	0	-0.020	-0.039	1	-0.006	0.144	2	0.009	-0.007
20140728_210418_846	ACCEL_LEG_RIGHT	0	0.004	0.002	1	-0.034	0.008	2	-0.026	-0.050
20140728_210418_863	ACCEL_LEG_LEFT	0	-0.022	-0.041	1	-0.006	0.144	2	0.009	-0.007
20140728_210418_879	ACCEL_LEG_RIGHT	0	0.004	0.002	1	-0.030	-0.005	2	-0.026	-0.050
20140728_210418_896	ACCEL_LEG_LEFT	0	-0.022	-0.041	1	-0.011	0.132	2	0.009	-0.007
20140728_210418_912	ACCEL_LEG_RIGHT	0	0.003	0.001	1	-0.030	-0.005	2	-0.030	-0.058
20140728_210418_929	ACCEL_LEG_LEFT	0	-0.022	-0.041	1	-0.011	0.132	2	0.010	-0.028
20140728_210418_945	ACCEL_LEG_RIGHT	0	0.003	0.001	1	-0.030	-0.005	2	-0.030	-0.058
20140728_210418_962	ACCEL_LEG_LEFT	0	-0.019	-0.040	1	-0.011	0.132	2	0.010	-0.028
20140728_210418_978	ACCEL_LEG_RIGHT	0	0.003	0.001	1	-0.027	0.003	2	-0.021	-0.048
20140728_210418_995	ACCEL_LEG_LEFT	0	-0.019	-0.040	1	-0.004	0.137	2	0.018	-0.009
20140728_210419_011	ACCEL_LEG_RIGHT	0	0.005	0.001	1	-0.027	0.003	2	-0.021	-0.048
20140728_210419_028	ACCEL_LEG_LEFT	0	-0.017	-0.039	1	-0.004	0.137	2	0.018	-0.009
20140728_210419_044	ACCEL_LEG_RIGHT	0	0.005	0.001	1	-0.028	-0.001	2	-0.021	-0.048
20140728_210419_061	ACCEL_LEG_LEFT	0	-0.017	-0.039	1	-0.002	0.137	2	0.014	-0.016
20140728_210419_078	ACCEL_LEG_RIGHT	0	0.005	-0.001	1	-0.028	-0.001	2	-0.025	-0.054
20140728_210419_094	ACCEL_LEG_LEFT	0	-0.020	-0.040	1	-0.002	0.137	2	0.014	-0.016
20140728_210419_110	ACCEL_LEG_RIGHT	0	0.005	-0.001	1	-0.033	0.006	2	-0.025	-0.054
20140728_210419_127	ACCEL_LEG_LEFT	0	-0.020	-0.040	1	-0.009	0.142	2	0.014	-0.016
20140728_210419_143	ACCEL_LEG_RIGHT	0	0.005	-0.001	1	-0.033	0.006	2	-0.034	-0.057
20140728_210419_162	ACCEL_LEG_LEFT	0	-0.020	-0.040	1	-0.009	0.142	2	0.007	-0.012
20140728_210419_176	ACCEL_LEG_RIGHT	0	0.002	0.000	1	-0.033	0.006	2	-0.034	-0.057
20140728_210419_193	ACCEL_LEG_LEFT	0	-0.020	-0.041	1	-0.009	0.142	2	0.007	-0.012
20140728_210419_209	ACCEL_LEG_RIGHT	0	0.002	0.000	1	-0.036	0.004	2	-0.034	-0.049
20140728_210419_226	ACCEL_LEG_LEFT	0	-0.020	-0.041	1	-0.016	0.130	2	-0.002	-0.022
20140728_210419_242	ACCEL_LEG_RIGHT	0	0.004	-0.001	1	-0.036	0.004	2	-0.034	-0.049
20140728_210419_259	ACCEL_LEG_LEFT	0	-0.020	-0.042	1	-0.016	0.130	2	-0.002	-0.022
20140728_210419_275	ACCEL_LEG_RIGHT	0	0.004	-0.001	1	-0.039	-0.001	2	-0.034	-0.049
20140728_210419_292	ACCEL_LEG_LEFT	0	-0.020	-0.042	1	-0.013	0.141	2	-0.002	-0.022
20140728_210419_308	ACCEL_LEG_RIGHT	0	0.004	0.002	1	-0.039	-0.001	2	-0.040	-0.051
20140728_210419_325	ACCEL_LEG_LEFT	0	-0.020	-0.042	1	-0.013	0.141	2	0.000	-0.007
20140728_210419_341	ACCEL_LEG_RIGHT	0	0.004	0.002	1	-0.039	-0.001	2	-0.040	-0.051
20140728_210419_358	ACCEL_LEG_LEFT	0	-0.020	-0.041	1	-0.013	0.141	2	0.000	-0.007
20140728_210419_374	ACCEL_LEG_RIGHT	0	0.004	0.002	1	-0.036	0.004	2	-0.036	-0.046
20140728_210419_391	ACCEL_LEG_LEFT	0	-0.020	-0.041	1	-0.012	0.140	2	0.001	-0.007
20140728_210419_407	ACCEL_LEG_RIGHT	0	0.004	0.000	1	-0.036	0.004	2	-0.036	-0.046
20140728_210419_424	ACCEL_LEG_LEFT	0	-0.021	-0.040	1	-0.012	0.140	2	0.001	-0.007
20140728_210419_440	ACCEL_LEG_RIGHT	0	0.004	0.000	1	-0.036	0.000	2	-0.036	-0.046
20140728_210419_457	ACCEL_LEG_LEFT	0	-0.021	-0.040	1	-0.012	0.139	2	0.002	-0.014
20140728_210419_473	ACCEL_LEG_RIGHT	0	0.004	-0.001	1	-0.036	0.000	2	-0.037	-0.054
20140728_210419_490	ACCEL_LEG_LEFT	0	-0.021	-0.040	1	-0.012	0.139	2	0.002	-0.014
20140728_210419_506	ACCEL_LEG_RIGHT	0	0.004	-0.001	1	-0.036	0.000	2	-0.037	-0.054
20140728_210419_523	ACCEL_LEG_LEFT	0	-0.021	-0.040	1	-0.012	0.139	2	0.002	-0.014
20140728_210419_539	ACCEL_LEG_RIGHT	0	0.004	-0.001	1	-0.037	0.005	2	-0.034	-0.047
20140728_210419_556	ACCEL_LEG_LEFT	0	-0.021	-0.040	1	-0.011	0.140	2	0.003	-0.011
20140728_210419_572	ACCEL_LEG_RIGHT	0	0.004	0.000	1	-0.037	0.005	2	-0.034	-0.047
20140728_210419_589	ACCEL_LEG_LEFT	0	-0.021	-0.042	1	-0.011	0.140	2	0.003	-0.011
20140728_210419_605	ACCEL_LEG_RIGHT	0	0.004	0.000	1	-0.034	-0.002	2	-0.034	-0.056
20140728_210419_622	ACCEL_LEG_LEFT	0	-0.021	-0.042	1	-0.012	0.134	2	0.005	-0.017
20140728_210419_638	ACCEL_LEG_RIGHT	0	0.003	0.000	1	-0.034	-0.002	2	-0.034	-0.056
20140728_210419_655	ACCEL_LEG_LEFT	0	-0.021	-0.041	1	-0.012	0.134	2	0.005	-0.017
20140728_210419_671	ACCEL_LEG_RIGHT	0	0.003	0.000	1	-0.034	-0.002	2	-0.034	-0.056
20140728_210419_688	ACCEL_LEG_LEFT	0	-0.021	-0.041	1	-0.012	0.134	2	0.005	-0.017
20140728_210419_704	ACCEL_LEG_RIGHT	0	0.003	-0.001	1	-0.036	0.001	2	-0.038	-0.053
20140728_210419_721	ACCEL_LEG_LEFT	0	-0.021	-0.041	1	-0.011	0.133	2	0.005	-0.019
20140728_210419_737	ACCEL_LEG_RIGHT	0	0.003	-0.001	1	-0.036	0.001	2	-0.038	-0.053
20140728_210419_754	ACCEL_LEG_LEFT	0	-0.020	-0.042	1	-0.011	0.133	2	0.005	-0.019
20140728_210419_770	ACCEL_LEG_RIGHT	0	0.003	-0.001	1	-0.033	0.000	2	-0.032	-0.054
20140728_210419_789	ACCEL_LEG_LEFT	0	-0.020	-0.042	1	-0.011	0.138	2	0.004	-0.012
20140728_210419_803	ACCEL_LEG_RIGHT	0	0.004	-0.001	1	-0.033	0.000	2	-0.032	-0.054
20140728_210419_820	ACCEL_LEG_LEFT	0	-0.021	-0.043	1	-0.011	0.138	2	0.004	-0.012
20140728_210419_836	ACCEL_LEG_RIGHT	0	0.004	-0.001	1	-0.033	0.000	2	-0.032	-0.054
20140728_210419_853	ACCEL_LEG_LEFT	0	-0.021	-0.043	1	-0.011	0.140	2	0.004	-0.010
20140728_210419_869	ACCEL_LEG_RIGHT	0	0.003	0.000	1	-0.038	0.005	2	-0.036	-0.050
20140728_210419_886	ACCEL_LEG_LEFT	0	-0.021	-0.041	1	-0.011	0.140	2	0.004	-0.010
20140728_210419_902	ACCEL_LEG_RIGHT	0	0.003	0.000	1	-0.038	0.005	2	-0.036	-0.050
20140728_210419_919	ACCEL_LEG_LEFT	0	-0.021	-0.041	1	-0.011	0.140	2	0.004	-0.010
20140728_210419_935	ACCEL_LEG_RIGHT	0	0.003	0.000	1	-0.033	0.002	2	-0.031	-0.058
20140728_210419_952	ACCEL_LEG_LEFT	0	-0.021	-0.041	1	-0.009	0.137	2	0.007	-0.012
20140728_210419_968	ACCEL_LEG_RIGHT	0	0.004	-0.001	1	-0.033	0.002	2	-0.031	-0.058
20140728_210419_985	ACCEL_LEG_LEFT	0	-0.020	-0.042	1	-0.009	0.137	2	0.007	-0.012
20140728_210419_001	ACCEL_LEG_RIGHT	0	0.004	-0.001	1	-0.030	0.000	2	-0.031	-0.059
20140728_210420_018	ACCEL_LEG_LEFT	0	-0.020	-0.042	1	-0.009	0.131	2	0.011	-0.023
20140728_210420_034	ACCEL_LEG_RIGHT	0	0.004	0.000	1	-0.030	0.000	2	-0.031	-0.059
20140728_210420_051	ACCEL_LEG_LEFT	0	-0.019	-0.043	1	-0.009	0.131	2	0.011	-0.023
20140728_210420_067	ACCEL_LEG_RIGHT	0	0.004	0.000	1	-0.030	0.000	2	-0.031	-0.059
20140728_210420_084	ACCEL_LEG_LEFT	0	-0.019	-0.043	1	-0.009	0.131	2	0.011	-0.023
20140728_210420_100	ACCEL_LEG_RIGHT	0	0.003	-0.001	1	-0.033	0.004	2	-0.030	-0.056
20140728_210420_117	ACCEL_LEG_LEFT	0	-0.019	-0.043	1	-0.006	0.136	2	0.011	-0.019
20140728_210420_133	ACCEL_LEG_RIGHT	0	0.003	-0.001	1	-0.033	0.004	2	-0.030	-0.056
20140728_210420_150	ACCEL_LEG_LEFT	0	-0.020	-0.041	1	-0.006	0.136	2	0.011	-0.019
20140728_210420_166	ACCEL_LEG_RIGHT	0	0.003	-0.001	1	-0.032	0.001	2	-0.029	-0.059
20140728_210420_183	ACCEL_LEG_LEFT	0	-0.020	-0.041	1	-0.008	0.137	2	0.009	-0.016
20140728_210420_199	ACCEL_LEG_RIGHT	0	0.004	0.000	1	-0.032	0.001	2	-0.029	-0.059
20140728_210420_216	ACCEL_LEG_LEFT	0	-0.020	-0.041	1	-0.008	0.137	2	0.009	-0.016
20140728_210420_232	ACCEL_LEG_RIGHT	0	0.004	0.000	1	-0.032	0.001	2	-0.029	-0.059
20140728_210420_249	ACCEL_LEG_LEFT	0	-0.020	-0.041	1	-0.008	0.137	2	0.009	-0.017
20140728_210420_265	ACCEL_LEG_RIGHT	0	0.004	0.001	1	-0.031	0.001	2	-0.030	-0.058
20140728_210420_282	ACCEL_LEG_LEFT	0	-0.020	-0.041	1	-0.009	0.134	2	0.009	-0.017
20140728_210420_298	ACCEL_LEG_RIGHT	0	0.004	0.001	1	-0.031	0.001	2	-0.030	-0.058
20140728_210420_315	ACCEL_LEG_LEFT	0	-0.020	-0.041	1	-0.009	0.134	2	0.009	-0.017
20140728_210420_331	ACCEL_LEG_RIGHT	0	0.004	0.001	1	-0.034	0.003	2	-0.034	-0.060
20140728_210420_348	ACCEL_LEG_LEFT	0	-0.020	-0.041	1	-0.010	0.135	2	0.008	-0.018
20140728_210420_364	ACCEL_LEG_RIGHT	0	0.003	-0.001	1	-0.034	0.003	2	-0.034	-0.060
20140728_210420_381	ACCEL_LEG_LEFT	0	-0.021	-0.043	1	-0.010	0.135	2	0.008	-0.018
20140728_210420_397	ACCEL_LEG_RIGHT	0	0.003	-0.001	1	-0.034	0.003	2	-0.032	-0.056
20140728_210420_414	ACCEL_LEG_LEFT	0	-0.021	-0.043	1	-0.010	0.135	2	0.004	-0.017
20140728_210420_430	ACCEL_LEG_RIGHT	0	0.005	-0.001	1	-0.036	0.004	2	-0.032	-0.056
20140728_210420_447	ACCEL_LEG_LEFT	0	-0.022	-0.043	1	-0.010	0.136	2	0.004	-0.017
20140728_210420_463	ACCEL_LEG_RIGHT	0	0.005	-0.001	1	-0.036	0.004	2	-0.032	-0.056
20140728_210420_480	ACCEL_LEG_LEFT	0	-0.022	-0.043	1	-0.010	0.136	2	0.004	-0.017
20140728_210420_496	ACCEL_LEG_RIGHT	0	0.004	0.000	1	-0.036	0.002	2	-0.034	-0.058
20140728_210420_513	ACCEL_LEG_LEFT	0	-0.022	-0.043	1	-0.009	0.133	2	0.006	-0.016
20140728_210420_529	ACCEL_LEG_RIGHT	0	0.004	0.000	1	-0.036	0.002	2	-0.034	-0.058
20140728_210420_546	ACCEL_LEG_LEFT	0	-0.020	-0.042	1	-0.009	0.133	2	0.006	-0.016
20140728_210420_562	ACCEL_LEG_RIGHT	0	0.004	0.000	1	-0.036	0.002	2	-0.034	-0.059
20140728_210420_579	ACCEL_LEG_LEFT	0	-0.020	-0.042	1	-0.011	0.135	2	0.005	-0.017
20140728_210420_595	ACCEL_LEG_RIGHT	0	0.004	-0.002	1	-0.035	0.002	2	-0.034	-0.059
20140728_210420_612	ACCEL_LEG_LEFT	0	-0.021	-0.043	1	-0.011	0.135	2	0.005	-0.017
20140728_210420_628	ACCEL_LEG_RIGHT	0	0.004	-0.002	1	-0.035	0.002	2	-0.034	-0.059
20140728_210420_645	ACCEL_LEG_LEFT	0	-0.021	-0.043	1	-0.011	0.135	2	0.003	-0.021
20140728_210420_661	ACCEL_LEG_RIGHT	0	0.003	0.001	1	-0.033	0.004	2	-0.034	-0.055
20140728_210420_678	ACCEL_LEG_LEFT	0	-0.021	-0.044	1	-0.011	0.135	2	0.003	-0.021
20140728_210420_694	ACCEL_LEG_RIGHT	0	0.003	0.001	1	-0.033	0.004	2	-0.034	-0.055
20140728_210420_711	ACCEL_LEG_LEFT	0	-0.021	-0.044	1	-0.011	0.135	2	0.003	-0.021
20140728_210420_727	ACCEL_LEG_RIGHT	0	0.003	0.000	1	-0.033	0.004	2	-0.034	-0.057
20140728_210420_744	ACCEL_LEG_LEFT	0	-0.021	-0.044	1	-0.012	0.139	2	0.007	-0.013
20140728_210420_760	ACCEL_LEG_RIGHT	0	0.003	0.000	1	-0.034	0.005	2	-0.034	-0.057
20140728_210420_777	ACCEL_LEG_LEFT	0	-0.020	-0.043	1	-0.012	0.139	2	0.007	-0.013
20140728_210420_793	ACCEL_LEG_RIGHT	0	0.003	0.000	1	-0.034	0.005	2	-0.035	-0.054
20140728_210420_810	ACCEL_LEG_LEFT	0	-0.020	-0.043	1	-0.012	0.139	2	0.007	-0.014
20140728_210420_826	ACCEL_LEG_RIGHT	0	0.003	-0.002	1	-0.034	0.004	2	-0.035	-0.054
20140728_210420_843	ACCEL_LEG_LEFT	0	-0.018	-0.041	1	-0.009	0.137	2	0.007	-0.014
20140728_210420_859	ACCEL_LEG_RIGHT	0	0.003	-0.002	1	-0.034	0.004	2	-0.035	-0.054
20140728_210420_876	ACCEL_LEG_LEFT	0	-0.018	-0.041	1	-0.009	0.137	2	0.007	-0.014
20140728_210420_892	ACCEL_LEG_RIGHT	0	0.004	0.000	1	-0.032	0.002	2	-0.030	-0.058
20140728_210420_909	ACCEL_LEG_LEFT	0	-0.018	-0.041	1	-0.009	0.133	2	0.006	-0.019
20140728_210420_925	ACCEL_LEG_RIGHT	0	0.004	0.000	1	-0.032	0.002	2	-0.030	-0.058
20140728_210420_942	ACCEL_LEG_LEFT	0	-0.019	-0.042	1	-0.009	0.133	2	0.006	-0.019
20140728_210420_958	ACCEL_LEG_RIGHT	0	0.004	0.000	1	-0.032	0.002	2	-0.029	-0.062
20140728_210420_975	ACCEL_LEG_LEFT	0	-0.019	-0.042	1	-0.009	0.133	2	0.010	-0.020
20140728_210420_991	ACCEL_LEG_RIGHT	0	0.004	-0.001	1	-0.030	0.001	2	-0.029	-0.062
20140728_210421_008	ACCEL_LEG_LEFT	0	-0.021	-0.042	1	-0.008	0.134	2	0.010	-0.020
20140728_210421_024	ACCEL_LEG_RIGHT	0	0.004	-0.001	1	-0.030	0.001	2	-0.029	-0.062
20140728_210421_041	ACCEL_LEG_LEFT	0	-0.021	-0.042	1	-0.008	0.134	2	0.014	-0.018
20140728_210421_057	ACCEL_LEG_RIGHT	0	0.003	0.000	1	-0.028	0.005	2	-0.026	-0.061
20140728_210421_074	ACCEL_LEG_LEFT	0	-0.021	-0.041	1	-0.005	0.138	2	0.014	-0.018
20140728_210421_090	ACCEL_LEG_RIGHT	0	0.003	0.000	1	-0.028	0.005	2	-0.026	-0.061
20140728_210421_107	ACCEL_LEG_LEFT	0	-0.021	-0.041	1	-0.005	0.138	2	0.014	-0.018
20140728_210421_123	ACCEL_LEG_RIGHT	0	0.003	0.000	1	-0.028	0.005	2	-0.028	-0.059
20140728_210421_140	ACCEL_LEG_LEFT	0	-0.021	-0.041	1	-0.005	0.135	2	0.012	-0.019
20140728_210421_156	ACCEL_LEG_RIGHT	0	0.003	0.000	1	-0.029	0.003	2	-0.028	-0.059
20140728_210421_173	ACCEL_LEG_LEFT	0	-0.019	-0.041	1	-0.005	0.135	2	0.012	-0.019
20140728_210421_189	ACCEL_LEG_RIGHT	0	0.003	0.000	1	-0.029	0.003	2	-0.028	-0.063
20140728_210421_206	ACCEL_LEG_LEFT	0	-0.019	-0.041	1	-0.005	0.135	2	0.011	-0.019
20140728_210421_222	ACCEL_LEG_RIGHT	0	0.005	0.000	1	-0.031	0.003	2	-0.028	-0.063
20140728_210421_239	ACCEL_LEG_LEFT	0	-0.019	-0.042	1	-0.006	0.132	2	0.011	-0.019
20140728_210421_255	ACCEL_LEG_RIGHT	0	0.005	0.000	1	-0.031	0.003	2	-0.028	-0.063
20140728_210421_272	ACCEL_LEG_LEFT	0	-0.019	-0.042	1	-0.006	0.132	2	0.011	-0.019
20140728_210421_288	ACCEL_LEG_RIGHT	0	0.004	-0.001	1	-0.031	0.003	2	-0.029	-0.061
20140728_210421_305	ACCEL_LEG_LEFT	0	-0.019	-0.042	1	-0.008	0.137	2	0.009	-0.019
20140728_210421_321	ACCEL_LEG_RIGHT	0	0.004	-0.001	1	-0.029	0.005	2	-0.029	-0.061
20140728_210421_338	ACCEL_LEG_LEFT	0	-0.019	-0.040	1	-0.008	0.137	2	0.009	-0.019
20140728_210421_354	ACCEL_LEG_RIGHT	0	0.004	-0.001	1	-0.029	0.005	2	-0.031	-0.061
20140728_210421_371	ACCEL_LEG_LEFT	0	-0.019	-0.040	1	-0.008	0.137	2	0.008	-0.018
20140728_210421_387	ACCEL_LEG_RIGHT	0	0.004	0.000	1	-0.031	0.006	2	-0.031	-0.061
20140728_210421_404	ACCEL_LEG_LEFT	0	-0.020	-0.043	1	-0.007	0.136	2	0.008	-0.018
20140728_210421_420	ACCEL_LEG_RIGHT	0	0.004	0.000	1	-0.031	0.006	2	-0.031	-0.061
20140728_210421_437	ACCEL_LEG_LEFT	0	-0.020	-0.043	1	-0.007	0.136	2	0.009	-0.018
20140728_210421_453	ACCEL_LEG_RIGHT	0	0.003	-0.001	1	-0.031	0.006	2	-0.031	-0.060
20140728_210421_470	ACCEL_LEG_LEFT	0	-0.020	-0.042	1	-0.009	0.136	2	0.009	-0.018
20140728_210421_486	ACCEL_LEG_RIGHT	0	0.003	-0.001	1	-0.032	0.004	2	-0.031	-0.060
20140728_210421_503	ACCEL_LEG_LEFT	0	-0.020	-0.042	1	-0.009	0.136	2	0.009	-0.018
20140728_210421_519	ACCEL_LEG_RIGHT	0	0.004	0.000	1	-0.032	0.004	2	-0.030	-0.063
20140728_210421_536	ACCEL_LEG_LEFT	0	-0.020	-0.042	1	-0.009	0.136	2	0.009	-0.018
20140728_210421_552	ACCEL_LEG_RIGHT	0	0.004	0.000	1	-0.031	0.001	2	-0.030	-0.063
20140728_210421_569	ACCEL_LEG_LEFT	0	-0.020	-0.042	1	-0.008	0.134	2	0.009	-0.018
20140728_210421_585	ACCEL_LEG_RIGHT	0	0.004	0.000	1	-0.031	0.001	2	-0.033	-0.062
20140728_210421_602	ACCEL_LEG_LEFT	0	-0.020	-0.042	1	-0.008	0.134	2	0.007	-0.025
20140728_210421_618	ACCEL_LEG_RIGHT	0	0.009	0.005	1	-0.031	0.019	2	-0.033	-0.062
20140728_210421_635	ACCEL_LEG_LEFT	0	-0.022	-0.040	1	-0.011	0.128	2	0.007	-0.025
20140728_210421_651	ACCEL_LEG_RIGHT	0	0.009	0.005	1	-0.031	0.019	2	-0.033	-0.062
20140728_210421_668	ACCEL_LEG_LEFT	0	-0.022	-0.040	1	-0.011	0.128	2	0.007	-0.025
20140728_210421_684	ACCEL_LEG_RIGHT	0	0.005	-0.001	1	-0.031	0.019	2	-0.038	-0.059
20140728_210421_701	ACCEL_LEG_LEFT	0	-0.022	-0.040	1	-0.011	0.128	2	0.004	-0.019
20140728_210421_717	ACCEL_LEG_RIGHT	0	0.005	-0.001	1	-0.035	0.007	2	-0.038	-0.059
20140728_210421_734	ACCEL_LEG_LEFT	0	-0.021	-0.042	1	-0.009	0.138	2	0.004	-0.019
20140728_210421_750	ACCEL_LEG_RIGHT	0	0.005	-0.001	1	-0.035	0.007	2	-0.035	-0.060
20140728_210421_767	ACCEL_LEG_LEFT	0	-0.021	-0.042	1	-0.009	0.138	2	0.006	-0.014
20140728_210421_783	ACCEL_LEG_RIGHT	0	0.003	0.001	1	-0.033	0.008	2	-0.035	-0.060
20140728_210421_800	ACCEL_LEG_LEFT	0	-0.019	-0.042	1	-0.009	0.137	2	0.006	-0.014
20140728_210421_816	ACCEL_LEG_RIGHT	0	0.003	0.001	1	-0.033	0.008	2	-0.035	-0.060
20140728_210421_833	ACCEL_LEG_LEFT	0	-0.019	-0.042	1	-0.009	0.137	2	0.009	-0.014
20140728_210421_849	ACCEL_LEG_RIGHT	0	0.003	0.000	1	-0.033	0.008	2	-0.031	-0.059
20140728_210421_866	ACCEL_LEG_LEFT	0	-0.019	-0.040	1	-0.006	0.136	2	0.009	-0.014
20140728_210421_882	ACCEL_LEG_RIGHT	0	0.003	0.000	1	-0.032	0.001	2	-0.031	-0.059
20140728_210421_899	ACCEL_LEG_LEFT	0	-0.019	-0.040	1	-0.006	0.136	2	0.009	-0.014
20140728_210421_915	ACCEL_LEG_RIGHT	0	0.003	0.000	1	-0.032	0.001	2	-0.028	-0.065
20140728_210421_932	ACCEL_LEG_LEFT	0	-0.019	-0.040	1	-0.006	0.136	2	0.012	-0.026
20140728_210421_948	ACCEL_LEG_RIGHT	0	0.003	0.000	1	-0.029	0.007	2	-0.028	-0.065
20140728_210421_965	ACCEL_LEG_LEFT	0	-0.019	-0.040	1	-0.005	0.132	2	0.012	-0.026
20140728_210421_981	ACCEL_LEG_RIGHT	0	0.003	0.000	1	-0.029	0.007	2	-0.026	-0.060
20140728_210421_998	ACCEL_LEG_LEFT	0	-0.019	-0.040	1	-0.005	0.132	2	0.013	-0.013
20140728_210422_014	ACCEL_LEG_RIGHT	0	0.003	0.000	1	-0.029	0.007	2	-0.026	-0.060
20140728_210422_031	ACCEL_LEG_LEFT	0	-0.004	-0.042	1	0.003	0.142	2	0.013	-0.013
20140728_210422_047	ACCEL_LEG_RIGHT	0	0.003	0.000	1	-0.028	0.005	2	-0.026	-0.060
20140728_210422_064	ACCEL_LEG_LEFT	0	-0.004	-0.042	1	0.003	0.142	2	0.013	-0.013
20140728_210422_080	ACCEL_LEG_RIGHT	0	0.003	0.000	1	-0.028	0.005	2	-0.026	-0.059
20140728_210422_097	ACCEL_LEG_LEFT	0	-0.004	-0.042	1	0.003	0.142	2	0.027	-0.015
20140728_210422_113	ACCEL_LEG_RIGHT	0	0.003	0.000	1	-0.029	0.009	2	-0.026	-0.059
20140728_210422_130	ACCEL_LEG_LEFT	0	-0.016	-0.041	1	0.010	0.129	2	0.027	-0.015
20140728_210422_146	ACCEL_LEG_RIGHT	0	0.003	0.000	1	-0.029	0.009	2	-0.022	-0.066
20140728_210422_163	ACCEL_LEG_LEFT	0	-0.016	-0.041	1	0.010	0.129	2	0.009	-0.029
20140728_210422_179	ACCEL_LEG_RIGHT	0	0.004	-0.001	1	-0.029	0.009	2	-0.022	-0.066
20140728_210422_197	ACCEL_LEG_LEFT	0	-0.031	-0.038	1	-0.022	0.139	2	0.009	-0.029
20140728_210422_212	ACCEL_LEG_RIGHT	0	0.004	-0.001	1	-0.024	0.002	2	-0.022	-0.066
20140728_210422_229	ACCEL_LEG_LEFT	0	-0.031	-0.038	1	-0.022	0.139	2	0.012	-0.014
20140728_210422_245	ACCEL_LEG_RIGHT	0	0.002	0.001	1	-0.024	0.002	2	-0.027	-0.064
20140728_210422_262	ACCEL_LEG_LEFT	0	-0.031	-0.038	1	-0.022	0.139	2	0.012	-0.014
20140728_210422_278	ACCEL_LEG_RIGHT	0	0.002	0.001	1	-0.029	0.008	2	-0.027	-0.064
20140728_210422_295	ACCEL_LEG_LEFT	0	-0.017	-0.039	1	-0.001	0.139	2	0.012	-0.014
20140728_210422_311	ACCEL_LEG_RIGHT	0	0.004	-0.003	1	-0.029	0.008	2	-0.029	-0.054
20140728_210422_330	ACCEL_LEG_LEFT	0	-0.017	-0.039	1	-0.001	0.139	2	0.008	-0.013
20140728_210422_344	ACCEL_LEG_RIGHT	0	0.004	-0.003	1	-0.029	0.008	2	-0.029	-0.054
20140728_210422_361	ACCEL_LEG_LEFT	0	-0.017	-0.039	1	-0.007	0.136	2	0.008	-0.013
20140728_210422_377	ACCEL_LEG_RIGHT	0	0.004	-0.003	1	-0.034	0.010	2	-0.036	-0.059
20140728_210422_394	ACCEL_LEG_LEFT	0	-0.017	-0.039	1	-0.007	0.136	2	0.007	-0.014
20140728_210422_410	ACCEL_LEG_RIGHT	0	0.003	-0.001	1	-0.034	0.010	2	-0.036	-0.059
20140728_210422_427	ACCEL_LEG_LEFT	0	-0