20140728_210252_728	ACCEL_LEG_LEFT	0	0.049	-0.047	1	0.150	-0.057	2	0.175	-0.177
20140728_210252_744	ACCEL_LEG_RIGHT	0	0.145	-0.006	1	0.146	-0.041	2	0.138	-0.198
20140728_210252_761	ACCEL_LEG_LEFT	0	0.049	-0.047	1	0.150	-0.057	2	0.175	-0.177
20140728_210252_777	ACCEL_LEG_RIGHT	0	0.145	-0.006	1	0.146	-0.042	2	0.138	-0.198
20140728_210252_794	ACCEL_LEG_LEFT	0	0.048	-0.047	1	0.152	-0.056	2	0.175	-0.176
20140728_210252_810	ACCEL_LEG_RIGHT	0	0.145	-0.006	1	0.146	-0.042	2	0.139	-0.197
20140728_210252_827	ACCEL_LEG_LEFT	0	0.048	-0.047	1	0.152	-0.056	2	0.175	-0.176
20140728_210252_843	ACCEL_LEG_RIGHT	0	0.146	-0.007	1	0.146	-0.042	2	0.139	-0.197
20140728_210252_860	ACCEL_LEG_LEFT	0	0.048	-0.047	1	0.152	-0.056	2	0.174	-0.177
20140728_210252_876	ACCEL_LEG_RIGHT	0	0.146	-0.007	1	0.145	-0.038	2	0.138	-0.197
20140728_210252_893	ACCEL_LEG_LEFT	0	0.049	-0.047	1	0.152	-0.057	2	0.174	-0.177
20140728_210252_909	ACCEL_LEG_RIGHT	0	0.145	-0.006	1	0.145	-0.038	2	0.138	-0.197
20140728_210252_926	ACCEL_LEG_LEFT	0	0.049	-0.047	1	0.152	-0.057	2	0.175	-0.178
20140728_210252_942	ACCEL_LEG_RIGHT	0	0.145	-0.006	1	0.145	-0.039	2	0.140	-0.197
20140728_210252_959	ACCEL_LEG_LEFT	0	0.049	-0.047	1	0.152	-0.057	2	0.175	-0.178
20140728_210252_975	ACCEL_LEG_RIGHT	0	0.145	-0.006	1	0.145	-0.039	2	0.140	-0.197
20140728_210252_992	ACCEL_LEG_LEFT	0	0.049	-0.047	1	0.152	-0.057	2	0.175	-0.178
20140728_210253_008	ACCEL_LEG_RIGHT	0	0.145	-0.006	1	0.145	-0.039	2	0.140	-0.197
20140728_210253_025	ACCEL_LEG_LEFT	0	0.049	-0.047	1	0.152	-0.057	2	0.174	-0.176
20140728_210253_041	ACCEL_LEG_RIGHT	0	0.145	-0.006	1	0.146	-0.039	2	0.138	-0.198
20140728_210253_058	ACCEL_LEG_LEFT	0	0.049	-0.045	1	0.150	-0.058	2	0.174	-0.176
20140728_210253_074	ACCEL_LEG_RIGHT	0	0.145	-0.006	1	0.146	-0.039	2	0.138	-0.198
20140728_210253_091	ACCEL_LEG_LEFT	0	0.049	-0.045	1	0.150	-0.058	2	0.172	-0.176
20140728_210253_107	ACCEL_LEG_RIGHT	0	0.145	-0.006	1	0.145	-0.040	2	0.139	-0.197
20140728_210253_124	ACCEL_LEG_LEFT	0	0.048	-0.048	1	0.151	-0.056	2	0.172	-0.176
20140728_210253_140	ACCEL_LEG_RIGHT	0	0.143	-0.006	1	0.145	-0.040	2	0.139	-0.197
20140728_210253_157	ACCEL_LEG_LEFT	0	0.048	-0.048	1	0.151	-0.056	2	0.172	-0.176
20140728_210253_173	ACCEL_LEG_RIGHT	0	0.143	-0.006	1	0.145	-0.040	2	0.139	-0.197
20140728_210253_190	ACCEL_LEG_LEFT	0	0.050	-0.047	1	0.151	-0.056	2	0.174	-0.175
20140728_210253_206	ACCEL_LEG_RIGHT	0	0.143	-0.006	1	0.145	-0.041	2	0.138	-0.198
20140728_210253_223	ACCEL_LEG_LEFT	0	0.050	-0.047	1	0.151	-0.056	2	0.174	-0.175
20140728_210253_239	ACCEL_LEG_RIGHT	0	0.145	-0.008	1	0.145	-0.041	2	0.138	-0.198
20140728_210253_256	ACCEL_LEG_LEFT	0	0.050	-0.047	1	0.151	-0.056	2	0.175	-0.177
20140728_210253_272	ACCEL_LEG_RIGHT	0	0.145	-0.008	1	0.144	-0.039	2	0.139	-0.198
20140728_210253_289	ACCEL_LEG_LEFT	0	0.049	-0.047	1	0.150	-0.059	2	0.175	-0.177
20140728_210253_305	ACCEL_LEG_RIGHT	0	0.144	-0.007	1	0.144	-0.039	2	0.139	-0.198
20140728_210253_322	ACCEL_LEG_LEFT	0	0.049	-0.047	1	0.150	-0.059	2	0.173	-0.178
20140728_210253_338	ACCEL_LEG_RIGHT	0	0.144	-0.007	1	0.144	-0.039	2	0.140	-0.196
20140728_210253_355	ACCEL_LEG_LEFT	0	0.049	-0.046	1	0.150	-0.059	2	0.173	-0.178
20140728_210253_371	ACCEL_LEG_RIGHT	0	0.144	-0.007	1	0.146	-0.040	2	0.140	-0.196
20140728_210253_388	ACCEL_LEG_LEFT	0	0.049	-0.046	1	0.151	-0.058	2	0.173	-0.178
20140728_210253_404	ACCEL_LEG_RIGHT	0	0.146	-0.008	1	0.146	-0.040	2	0.140	-0.196
20140728_210253_421	ACCEL_LEG_LEFT	0	0.049	-0.046	1	0.151	-0.058	2	0.174	-0.177
20140728_210253_437	ACCEL_LEG_RIGHT	0	0.146	-0.008	1	0.146	-0.040	2	0.138	-0.198
20140728_210253_454	ACCEL_LEG_LEFT	0	0.049	-0.048	1	0.151	-0.057	2	0.174	-0.177
20140728_210253_470	ACCEL_LEG_RIGHT	0	0.145	-0.004	1	0.146	-0.040	2	0.138	-0.198
20140728_210253_487	ACCEL_LEG_LEFT	0	0.049	-0.048	1	0.151	-0.057	2	0.175	-0.176
20140728_210253_503	ACCEL_LEG_RIGHT	0	0.145	-0.004	1	0.146	-0.040	2	0.138	-0.197
20140728_210253_520	ACCEL_LEG_LEFT	0	0.049	-0.048	1	0.151	-0.057	2	0.175	-0.176
20140728_210253_536	ACCEL_LEG_RIGHT	0	0.143	-0.007	1	0.146	-0.040	2	0.138	-0.197
20140728_210253_553	ACCEL_LEG_LEFT	0	0.049	-0.048	1	0.151	-0.057	2	0.175	-0.176
20140728_210253_569	ACCEL_LEG_RIGHT	0	0.143	-0.007	1	0.146	-0.040	2	0.138	-0.197
20140728_210253_586	ACCEL_LEG_LEFT	0	0.049	-0.047	1	0.151	-0.057	2	0.175	-0.179
20140728_210253_602	ACCEL_LEG_RIGHT	0	0.143	-0.007	1	0.148	-0.041	2	0.138	-0.196
20140728_210253_619	ACCEL_LEG_LEFT	0	0.049	-0.047	1	0.150	-0.055	2	0.175	-0.179
20140728_210253_635	ACCEL_LEG_RIGHT	0	0.145	-0.006	1	0.148	-0.041	2	0.138	-0.196
20140728_210253_652	ACCEL_LEG_LEFT	0	0.049	-0.047	1	0.150	-0.055	2	0.174	-0.175
20140728_210253_668	ACCEL_LEG_RIGHT	0	0.145	-0.006	1	0.146	-0.040	2	0.139	-0.198
20140728_210253_685	ACCEL_LEG_LEFT	0	0.047	-0.047	1	0.152	-0.057	2	0.174	-0.175
20140728_210253_701	ACCEL_LEG_RIGHT	0	0.145	-0.006	1	0.146	-0.040	2	0.139	-0.198
20140728_210253_718	ACCEL_LEG_LEFT	0	0.047	-0.047	1	0.152	-0.057	2	0.175	-0.175
20140728_210253_734	ACCEL_LEG_RIGHT	0	0.145	-0.006	1	0.146	-0.040	2	0.138	-0.197
20140728_210253_751	ACCEL_LEG_LEFT	0	0.049	-0.047	1	0.152	-0.057	2	0.175	-0.175
20140728_210253_767	ACCEL_LEG_RIGHT	0	0.144	-0.005	1	0.145	-0.040	2	0.138	-0.197
20140728_210253_784	ACCEL_LEG_LEFT	0	0.049	-0.047	1	0.150	-0.058	2	0.175	-0.175
20140728_210253_800	ACCEL_LEG_RIGHT	0	0.144	-0.005	1	0.145	-0.040	2	0.138	-0.197
20140728_210253_817	ACCEL_LEG_LEFT	0	0.049	-0.047	1	0.150	-0.058	2	0.172	-0.174
20140728_210253_833	ACCEL_LEG_RIGHT	0	0.144	-0.005	1	0.145	-0.040	2	0.140	-0.198
20140728_210253_850	ACCEL_LEG_LEFT	0	0.048	-0.047	1	0.151	-0.058	2	0.172	-0.174
20140728_210253_866	ACCEL_LEG_RIGHT	0	0.145	-0.007	1	0.145	-0.040	2	0.140	-0.198
20140728_210253_883	ACCEL_LEG_LEFT	0	0.048	-0.047	1	0.151	-0.058	2	0.174	-0.175
20140728_210253_899	ACCEL_LEG_RIGHT	0	0.145	-0.007	1	0.145	-0.040	2	0.139	-0.196
20140728_210253_916	ACCEL_LEG_LEFT	0	0.048	-0.046	1	0.151	-0.058	2	0.174	-0.175
20140728_210253_932	ACCEL_LEG_RIGHT	0	0.144	-0.007	1	0.147	-0.038	2	0.139	-0.196
20140728_210253_949	ACCEL_LEG_LEFT	0	0.048	-0.046	1	0.151	-0.059	2	0.174	-0.175
20140728_210253_965	ACCEL_LEG_RIGHT	0	0.144	-0.007	1	0.147	-0.038	2	0.139	-0.196
20140728_210253_982	ACCEL_LEG_LEFT	0	0.049	-0.047	1	0.151	-0.059	2	0.176	-0.177
20140728_210253_998	ACCEL_LEG_RIGHT	0	0.144	-0.007	1	0.146	-0.039	2	0.139	-0.196
20140728_210254_015	ACCEL_LEG_LEFT	0	0.049	-0.047	1	0.151	-0.057	2	0.176	-0.177
20140728_210254_031	ACCEL_LEG_RIGHT	0	0.145	-0.006	1	0.146	-0.039	2	0.139	-0.196
20140728_210254_048	ACCEL_LEG_LEFT	0	0.049	-0.047	1	0.151	-0.057	2	0.174	-0.178
20140728_210254_064	ACCEL_LEG_RIGHT	0	0.145	-0.006	1	0.146	-0.039	2	0.139	-0.199
20140728_210254_081	ACCEL_LEG_LEFT	0	0.049	-0.046	1	0.150	-0.056	2	0.174	-0.178
20140728_210254_097	ACCEL_LEG_RIGHT	0	0.145	-0.005	1	0.144	-0.040	2	0.139	-0.199
20140728_210254_114	ACCEL_LEG_LEFT	0	0.049	-0.046	1	0.150	-0.056	2	0.174	-0.176
20140728_210254_130	ACCEL_LEG_RIGHT	0	0.145	-0.005	1	0.144	-0.040	2	0.140	-0.196
20140728_210254_148	ACCEL_LEG_LEFT	0	0.049	-0.046	1	0.150	-0.056	2	0.174	-0.176
20140728_210254_164	ACCEL_LEG_RIGHT	0	0.143	-0.007	1	0.145	-0.040	2	0.140	-0.196
20140728_210254_181	ACCEL_LEG_LEFT	0	0.049	-0.046	1	0.151	-0.057	2	0.174	-0.176
20140728_210254_196	ACCEL_LEG_RIGHT	0	0.143	-0.007	1	0.145	-0.040	2	0.140	-0.196
20140728_210254_213	ACCEL_LEG_LEFT	0	0.049	-0.046	1	0.151	-0.057	2	0.173	-0.176
20140728_210254_229	ACCEL_LEG_RIGHT	0	0.143	-0.007	1	0.145	-0.040	2	0.139	-0.197
20140728_210254_246	ACCEL_LEG_LEFT	0	0.049	-0.047	1	0.151	-0.060	2	0.173	-0.176
20140728_210254_262	ACCEL_LEG_RIGHT	0	0.147	-0.006	1	0.144	-0.040	2	0.139	-0.197
20140728_210254_279	ACCEL_LEG_LEFT	0	0.049	-0.047	1	0.151	-0.060	2	0.174	-0.176
20140728_210254_295	ACCEL_LEG_RIGHT	0	0.147	-0.006	1	0.144	-0.040	2	0.140	-0.198
20140728_210254_312	ACCEL_LEG_LEFT	0	0.048	-0.048	1	0.151	-0.060	2	0.174	-0.176
20140728_210254_328	ACCEL_LEG_RIGHT	0	0.145	-0.007	1	0.145	-0.039	2	0.140	-0.198
20140728_210254_345	ACCEL_LEG_LEFT	0	0.048	-0.048	1	0.150	-0.057	2	0.174	-0.176
20140728_210254_361	ACCEL_LEG_RIGHT	0	0.145	-0.007	1	0.145	-0.039	2	0.140	-0.198
20140728_210254_378	ACCEL_LEG_LEFT	0	0.048	-0.047	1	0.150	-0.057	2	0.174	-0.176
20140728_210254_394	ACCEL_LEG_RIGHT	0	0.145	-0.007	1	0.144	-0.042	2	0.139	-0.197
20140728_210254_411	ACCEL_LEG_LEFT	0	0.048	-0.047	1	0.151	-0.058	2	0.174	-0.176
20140728_210254_427	ACCEL_LEG_RIGHT	0	0.146	-0.007	1	0.144	-0.042	2	0.139	-0.197
20140728_210254_444	ACCEL_LEG_LEFT	0	0.048	-0.047	1	0.151	-0.058	2	0.174	-0.177
20140728_210254_460	ACCEL_LEG_RIGHT	0	0.146	-0.007	1	0.144	-0.042	2	0.138	-0.198
20140728_210254_477	ACCEL_LEG_LEFT	0	0.048	-0.046	1	0.151	-0.058	2	0.174	-0.177
20140728_210254_493	ACCEL_LEG_RIGHT	0	0.146	-0.005	1	0.146	-0.040	2	0.138	-0.198
20140728_210254_510	ACCEL_LEG_LEFT	0	0.048	-0.046	1	0.150	-0.058	2	0.174	-0.178
20140728_210254_526	ACCEL_LEG_RIGHT	0	0.146	-0.005	1	0.146	-0.040	2	0.139	-0.198
20140728_210254_543	ACCEL_LEG_LEFT	0	0.049	-0.047	1	0.150	-0.058	2	0.174	-0.178
20140728_210254_559	ACCEL_LEG_RIGHT	0	0.145	-0.006	1	0.146	-0.039	2	0.139	-0.198
20140728_210254_576	ACCEL_LEG_LEFT	0	0.049	-0.047	1	0.151	-0.058	2	0.174	-0.178
20140728_210254_592	ACCEL_LEG_RIGHT	0	0.145	-0.006	1	0.146	-0.039	2	0.139	-0.198
20140728_210254_609	ACCEL_LEG_LEFT	0	0.049	-0.047	1	0.151	-0.058	2	0.174	-0.175
20140728_210254_625	ACCEL_LEG_RIGHT	0	0.145	-0.006	1	0.146	-0.039	2	0.139	-0.198
20140728_210254_642	ACCEL_LEG_LEFT	0	0.048	-0.046	1	0.151	-0.058	2	0.174	-0.175
20140728_210254_658	ACCEL_LEG_RIGHT	0	0.146	-0.007	1	0.146	-0.039	2	0.139	-0.198
20140728_210254_675	ACCEL_LEG_LEFT	0	0.048	-0.046	1	0.152	-0.058	2	0.175	-0.177
20140728_210254_691	ACCEL_LEG_RIGHT	0	0.146	-0.007	1	0.146	-0.039	2	0.138	-0.196
20140728_210254_708	ACCEL_LEG_LEFT	0	0.050	-0.046	1	0.152	-0.058	2	0.175	-0.177
20140728_210254_724	ACCEL_LEG_RIGHT	0	0.145	-0.007	1	0.146	-0.040	2	0.138	-0.196
20140728_210254_741	ACCEL_LEG_LEFT	0	0.050	-0.046	1	0.148	-0.059	2	0.175	-0.177
20140728_210254_757	ACCEL_LEG_RIGHT	0	0.145	-0.007	1	0.146	-0.040	2	0.138	-0.196
20140728_210254_774	ACCEL_LEG_LEFT	0	0.048	-0.046	1	0.148	-0.059	2	0.175	-0.176
20140728_210254_790	ACCEL_LEG_RIGHT	0	0.145	-0.007	1	0.146	-0.040	2	0.139	-0.196
20140728_210254_807	ACCEL_LEG_LEFT	0	0.048	-0.046	1	0.151	-0.057	2	0.175	-0.176
20140728_210254_823	ACCEL_LEG_RIGHT	0	0.144	-0.008	1	0.145	-0.041	2	0.139	-0.196
20140728_210254_840	ACCEL_LEG_LEFT	0	0.048	-0.046	1	0.151	-0.057	2	0.174	-0.177
20140728_210254_856	ACCEL_LEG_RIGHT	0	0.144	-0.008	1	0.145	-0.041	2	0.140	-0.196
20140728_210254_873	ACCEL_LEG_LEFT	0	0.049	-0.046	1	0.151	-0.057	2	0.174	-0.177
20140728_210254_889	ACCEL_LEG_RIGHT	0	0.144	-0.007	1	0.145	-0.039	2	0.140	-0.196
20140728_210254_906	ACCEL_LEG_LEFT	0	0.049	-0.046	1	0.150	-0.058	2	0.175	-0.177
20140728_210254_922	ACCEL_LEG_RIGHT	0	0.144	-0.007	1	0.145	-0.039	2	0.139	-0.197
20140728_210254_939	ACCEL_LEG_LEFT	0	0.046	-0.048	1	0.150	-0.058	2	0.175	-0.177
20140728_210254_955	ACCEL_LEG_RIGHT	0	0.146	-0.006	1	0.145	-0.039	2	0.139	-0.197
20140728_210254_972	ACCEL_LEG_LEFT	0	0.046	-0.048	1	0.150	-0.057	2	0.175	-0.177
20140728_210254_988	ACCEL_LEG_RIGHT	0	0.146	-0.006	1	0.146	-0.039	2	0.139	-0.197
20140728_210255_005	ACCEL_LEG_LEFT	0	0.046	-0.048	1	0.150	-0.057	2	0.175	-0.177
20140728_210255_021	ACCEL_LEG_RIGHT	0	0.146	-0.006	1	0.146	-0.039	2	0.139	-0.197
20140728_210255_038	ACCEL_LEG_LEFT	0	0.048	-0.048	1	0.150	-0.057	2	0.175	-0.177
20140728_210255_054	ACCEL_LEG_RIGHT	0	0.144	-0.007	1	0.145	-0.041	2	0.139	-0.197
20140728_210255_071	ACCEL_LEG_LEFT	0	0.048	-0.048	1	0.150	-0.056	2	0.174	-0.176
20140728_210255_087	ACCEL_LEG_RIGHT	0	0.144	-0.007	1	0.145	-0.041	2	0.140	-0.196
20140728_210255_104	ACCEL_LEG_LEFT	0	0.047	-0.047	1	0.150	-0.056	2	0.174	-0.176
20140728_210255_120	ACCEL_LEG_RIGHT	0	0.145	-0.006	1	0.146	-0.040	2	0.140	-0.196
20140728_210255_137	ACCEL_LEG_LEFT	0	0.047	-0.047	1	0.152	-0.056	2	0.174	-0.176
20140728_210255_153	ACCEL_LEG_RIGHT	0	0.145	-0.006	1	0.146	-0.040	2	0.140	-0.196
20140728_210255_170	ACCEL_LEG_LEFT	0	0.049	-0.047	1	0.152	-0.056	2	0.174	-0.176
20140728_210255_186	ACCEL_LEG_RIGHT	0	0.145	-0.006	1	0.146	-0.040	2	0.139	-0.197
20140728_210255_203	ACCEL_LEG_LEFT	0	0.049	-0.047	1	0.152	-0.056	2	0.174	-0.176
20140728_210255_219	ACCEL_LEG_RIGHT	0	0.146	-0.008	1	0.146	-0.039	2	0.139	-0.197
20140728_210255_236	ACCEL_LEG_LEFT	0	0.049	-0.047	1	