20190126_160320_657	Script filename: '/usr/src/Robot/Robots/Rover/scripts/Complementary01.sh'
20190126_160320_664	START STAGE 1
20190126_160320_664	Initial: Left Lower Arm Inside Motor using Angle[0] (POT_LEFT_ELBOW_X X 80.0 78.0 82.0)
20190126_160320_664	Angle out of range: 'POT_LEFT_ELBOW_X X' 'Left Lower Arm Inside Motor' 0.00 (78.00<80.00<82.00)
20190126_160320_665	MOTOR_LEFT_LOWER_ARM_INSIDE	-3	5000
20190126_160320_665	ETHACCELS_TORSO	A	0	-0.77	0.00	0.93	-0.03	0.45	0.44	1	46.81	0.00	6.61	0.14	-0.35	1.04	2	4.55	0.00	5.08	-0.41	-0.05	-0.29
20190126_160320_666	MOTOR_LEFT_LOWER_ARM_OUTSIDE	3	5000
20190126_160320_674	MOTOR_LEFT_LOWER_ARM_INSIDE	-4	4990
20190126_160320_674	MOTOR_LEFT_LOWER_ARM_OUTSIDE	4	4990
20190126_160320_675	ETHACCELS_TORSO	A	0	-0.79	0.00	0.92	0.27	0.28	0.44	1	46.76	0.00	6.62	0.23	-0.27	0.87	2	4.45	0.00	5.06	-0.34	-0.21	-0.25
20190126_160320_685	ETHACCELS_TORSO	A	0	-0.85	0.00	0.89	0.09	0.56	0.49	1	46.72	0.00	6.62	0.23	-0.60	-0.62	2	4.49	0.00	4.94	-0.43	-0.14	-0.29
20190126_160320_694	MOTOR_LEFT_LOWER_ARM_INSIDE	-5	4970
20190126_160320_694	MOTOR_LEFT_LOWER_ARM_OUTSIDE	5	4970
20190126_160320_695	ETHACCELS_TORSO	A	0	-0.85	0.00	0.87	-0.08	0.35	0.40	1	46.73	0.00	6.61	0.31	-0.54	-0.25	2	4.54	0.00	4.97	-0.26	-0.16	-0.17
20190126_160320_704	MOTOR_LEFT_LOWER_ARM_INSIDE	-6	4960
20190126_160320_704	MOTOR_LEFT_LOWER_ARM_OUTSIDE	6	4960
20190126_160320_705	ETHACCELS_TORSO	A	0	-0.71	0.00	0.97	-0.02	0.33	0.33	1	46.61	0.00	6.61	0.23	-1.07	0.07	2	4.58	0.00	4.93	-0.10	-0.41	-0.28
20190126_160320_715	ETHACCELS_TORSO	A	0	-0.78	0.00	1.15	0.15	0.24	0.42	1	46.54	0.00	6.63	0.58	-1.15	1.34	2	4.26	0.00	4.89	0.16	-0.93	-0.42
20190126_160320_725	ETHACCELS_TORSO	A	0	-0.76	0.00	1.19	0.06	0.15	0.48	1	46.43	0.00	6.64	0.87	-1.33	0.88	2	4.68	0.00	5.17	-0.37	-1.00	-0.28
20190126_160320_734	MOTOR_LEFT_LOWER_ARM_INSIDE	-7	4930
20190126_160320_734	MOTOR_LEFT_LOWER_ARM_OUTSIDE	7	4930
20190126_160320_735	ETHACCELS_TORSO	A	0	-0.84	0.00	1.11	-0.11	0.03	0.40	1	46.53	0.00	6.63	0.50	-1.44	-0.50	2	4.68	0.00	5.10	-0.70	-0.68	-0.90
20190126_160320_744	MOTOR_LEFT_LOWER_ARM_INSIDE	-8	4920
20190126_160320_744	MOTOR_LEFT_LOWER_ARM_OUTSIDE	8	4920
20190126_160320_745	ETHACCELS_TORSO	A	0	-0.71	0.00	1.00	0.10	-0.01	0.43	1	46.72	0.00	6.64	0.47	-0.75	1.15	2	4.72	0.00	4.99	-0.95	0.06	0.25
20190126_160320_755	ETHACCELS_TORSO	A	0	-0.73	0.00	1.07	0.09	0.37	0.45	1	46.72	0.00	6.64	0.19	-0.01	-0.45	2	4.21	0.00	5.17	-0.62	1.59	-0.99
20190126_160320_764	MOTOR_LEFT_LOWER_ARM_INSIDE	-9	4900
20190126_160320_764	MOTOR_LEFT_LOWER_ARM_OUTSIDE	9	4900
20190126_160320_765	ETHACCELS_TORSO	A	0	-0.80	0.00	1.00	-0.47	0.58	0.44	1	46.75	0.00	6.64	0.33	0.44	-0.21	2	3.96	0.00	5.46	-0.28	0.99	0.39
20190126_160320_774	MOTOR_LEFT_LOWER_ARM_INSIDE	-10	4890
20190126_160320_774	MOTOR_LEFT_LOWER_ARM_OUTSIDE	10	4890
20190126_160320_775	ETHACCELS_TORSO	A	0	-0.73	0.00	0.82	-0.19	0.68	0.51	1	46.89	0.00	6.62	0.21	0.86	-1.31	2	4.15	0.00	5.09	-0.96	2.02	-0.72
20190126_160320_785	ETHACCELS_TORSO	A	0	-0.65	0.00	0.72	-0.02	0.77	0.58	1	46.76	0.00	6.62	0.06	0.54	-0.71	2	4.20	0.00	5.07	-0.47	1.41	-0.19
20190126_160320_795	ETHACCELS_TORSO	A	0	-0.65	0.00	0.81	-0.14	0.78	0.42	1	46.55	0.00	6.61	0.09	0.26	-0.25	2	4.16	0.00	4.78	-0.51	0.83	-0.20
20190126_160320_804	MOTOR_LEFT_LOWER_ARM_INSIDE	-11	4860
20190126_160320_805	MOTOR_LEFT_LOWER_ARM_OUTSIDE	11	4860
20190126_160320_805	ETHACCELS_TORSO	A	0	-0.65	0.00	1.07	-0.26	0.45	0.64	1	46.67	0.00	6.62	0.29	-0.28	0.29	2	4.15	0.00	4.93	-1.03	0.44	-0.81
20190126_160320_814	MOTOR_LEFT_LOWER_ARM_INSIDE	-12	4850
20190126_160320_814	MOTOR_LEFT_LOWER_ARM_OUTSIDE	12	4850
20190126_160320_815	ETHACCELS_TORSO	A	0	-0.72	0.00	1.01	-0.27	-0.01	0.76	1	46.69	0.00	6.60	-0.02	-0.63	-1.11	2	4.14	0.00	4.78	-1.33	0.57	-0.26
20190126_160320_824	MOTOR_LEFT_LOWER_ARM_INSIDE	-13	4840
20190126_160320_824	MOTOR_LEFT_LOWER_ARM_OUTSIDE	13	4840
20190126_160320_825	ETHACCELS_TORSO	A	0	-0.76	0.00	0.87	-0.03	0.00	0.40	1	46.61	0.00	6.61	0.09	-0.30	0.40	2	4.13	0.00	4.84	-0.99	0.95	-0.45
20190126_160320_835	ETHACCELS_TORSO	A	0	-0.81	0.00	0.96	-0.36	0.13	0.53	1	46.61	0.00	6.60	0.63	-0.21	-0.40	2	4.12	0.00	4.86	-0.19	0.63	1.68
20190126_160320_844	MOTOR_LEFT_LOWER_ARM_INSIDE	-14	4820
20190126_160320_844	MOTOR_LEFT_LOWER_ARM_OUTSIDE	14	4820
20190126_160320_845	ETHACCELS_TORSO	A	0	-0.90	0.00	0.73	-0.37	0.29	0.26	1	46.78	0.00	6.60	0.42	0.33	-0.56	2	4.11	0.00	4.85	-1.52	1.74	-0.54
20190126_160320_854	MOTOR_LEFT_LOWER_ARM_INSIDE	-15	4810
20190126_160320_854	MOTOR_LEFT_LOWER_ARM_OUTSIDE	15	4810
20190126_160320_855	ETHACCELS_TORSO	A	0	-0.66	0.00	0.60	-0.24	0.62	0.60	1	46.55	0.00	6.59	-0.16	0.21	-0.51	2	4.10	0.00	4.85	-0.79	1.17	-0.54
20190126_160320_865	ETHACCELS_TORSO	A	0	-0.62	0.00	0.53	0.14	0.65	0.49	1	46.33	0.00	6.60	0.42	-1.31	0.36	2	4.10	0.00	4.85	-0.05	-1.10	0.64
20190126_160320_875	ETHACCELS_TORSO	A	0	-0.64	0.00	1.00	-0.08	0.56	0.74	1	46.14	0.00	6.61	0.94	-1.64	1.37	2	4.11	0.00	4.88	0.60	-1.50	2.45
20190126_160320_885	ETHACCELS_TORSO	A	0	-0.79	0.00	1.37	-0.56	0.23	0.66	1	46.43	0.00	6.62	0.99	-0.69	1.05	2	4.10	0.00	4.88	-0.76	-0.57	0.49
20190126_160320_895	ETHACCELS_TORSO	A	0	-0.96	0.00	0.99	-0.29	0.19	0.63	1	46.59	0.00	6.62	0.38	-0.86	0.06	2	4.09	0.00	4.89	-1.19	0.06	0.71
20190126_160320_905	ETHACCELS_TORSO	A	0	-0.91	0.00	0.37	0.10	0.24	0.15	1	46.64	0.00	6.63	0.08	-0.60	1.20	2	4.07	0.00	4.89	-1.21	0.26	-0.21
20190126_160320_915	ETHACCELS_TORSO	A	0	-0.89	0.00	0.64	-0.06	0.29	0.66	1	46.86	0.00	6.64	0.03	-1.02	0.41	2	4.07	0.00	4.89	-0.35	-2.19	0.29
20190126_160320_925	ETHACCELS_TORSO	A	0	-0.99	0.00	1.03	-0.29	-0.07	0.63	1	46.43	0.00	6.64	0.68	-1.27	0.25	2	4.07	0.00	4.89	-0.05	-0.27	0.41
20190126_160320_935	ETHACCELS_TORSO	A	0	-1.13	0.00	1.06	0.09	0.03	0.67	1	46.87	0.00	6.63	-0.84	1.02	-1.02	2	4.06	0.00	4.89	-0.69	1.45	-0.74
20190126_160320_945	ETHACCELS_TORSO	A	0	-1.05	0.00	1.07	0.25	0.46	1.22	1	47.10	0.00	6.61	0.47	2.20	-1.90	2	4.07	0.00	4.90	0.59	2.00	1.59
20190126_160320_955	ETHACCELS_TORSO	A	0	-0.89	0.00	1.08	0.20	1.58	0.67	1	47.43	0.00	6.60	-0.65	-0.02	-1.66	2	4.07	0.00	4.89	-0.16	1.57	-1.48
20190126_160320_965	ETHACCELS_TORSO	A	0	-0.77	0.00	1.08	0.03	1.55	0.37	1	47.44	0.00	6.58	1.09	2.00	-1.34	2	4.07	0.00	4.87	0.39	0.33	-1.81
20190126_160320_975	ETHACCELS_TORSO	A	0	-0.56	0.00	1.09	0.50	1.22	0.64	1	47.44	0.00	6.58	0.42	-1.74	-0.47	2	4.07	0.00	4.85	-0.34	-0.23	-1.60
20190126_160320_985	ETHACCELS_TORSO	A	0	-0.52	0.00	1.10	0.47	0.40	0.76	1	47.45	0.00	6.57	0.55	-2.57	-0.37	2	4.07	0.00	4.83	0.00	-1.52	-2.62
20190126_160320_995	ETHACCELS_TORSO	A	0	-0.68	0.00	1.10	0.47	-0.20	0.18	1	47.46	0.00	6.59	1.04	-1.63	1.93	2	4.08	0.00	4.84	1.21	-3.06	1.04
20190126_160321_005	ETHACCELS_TORSO	A	0	-0.86	0.00	1.10	0.27	-0.28	0.21	1	47.45	0.00	6.61	-1.03	-1.39	1.31	2	4.08	0.00	4.86	0.35	0.42	2.43
20190126_160321_015	ETHACCELS_TORSO	A	0	-0.97	0.00	1.11	0.57	-0.20	0.53	1	47.44	0.00	6.61	-0.44	2.05	0.83	2	4.06	0.00	4.87	-2.59	2.63	0.41
20190126_160321_025	ETHACCELS_TORSO	A	0	-0.76	0.00	1.12	0.19	0.57	0.79	1	47.42	0.00	6.61	-2.34	2.81	-0.01	2	4.06	0.00	4.90	-0.13	-0.63	3.32
20190126_160321_035	ETHACCELS_TORSO	A	0	-0.77	0.00	1.12	-0.09	1.00	0.30	1	47.42	0.00	6.64	0.26	-2.61	2.81	2	4.08	0.00	4.88	2.28	-7.33	-2.36
20190126_160321_045	ETHACCELS_TORSO	A	0	-1.09	0.00	1.12	-0.60	0.73	0.33	1	47.43	0.00	6.66	0.62	-3.98	2.14	2	4.07	0.00	4.86	-0.57	-8.28	-2.10
20190126_160321_055	ETHACCELS_TORSO	A	0	-0.80	0.00	1.13	0.75	0.08	1.05	1	47.44	0.00	6.67	1.13	-0.40	0.48	2	4.08	0.00	4.85	0.93	-3.68	-1.04
20190126_160321_065	ETHACCELS_TORSO	A	0	-0.78	0.00	1.14	1.83	0.13	0.74	1	47.45	0.00	6.68	0.60	-1.11	1.56	2	4.07	0.00	4.85	-1.67	-2.88	0.24
20190126_160321_075	ETHACCELS_TORSO	A	0	-0.77	0.00	1.13	0.47	0.25	-0.46	1	47.44	0.00	6.70	-0.58	-3.47	1.92	2	4.07	0.00	4.85	0.01	0.12	0.61
20190126_160321_085	ETHACCELS_TORSO	A	0	-0.77	0.00	1.14	0.51	-0.14	0.56	1	47.47	0.00	6.72	2.42	-1.27	1.79	2	4.08	0.00	4.87	1.85	-1.36	1.87
20190126_160321_095	ETHACCELS_TORSO	A	0	-0.77	0.00	1.15	0.27	-0.12	0.93	1	47.46	0.00	6.72	-1.05	-2.88	0.03	2	4.07	0.00	4.86	-1.55	1.75	-0.83
20190126_160321_105	ETHACCELS_TORSO	A	0	-0.77	0.00	1.17	-0.23	-0.16	1.69	1	47.46	0.00	6.70	-0.03	2.54	-2.56	2	4.07	0.00	4.86	-0.37	3.80	-0.30
20190126_160321_115	ETHACCELS_TORSO	A	0	-0.77	0.00	1.17	-0.08	1.25	0.59	1	47.45	0.00	6.68	-0.23	1.19	-1.89	2	4.05	0.00	4.87	-1.27	4.42	0.50
20190126_160321_125	ETHACCELS_TORSO	A	0	-0.77	0.00	1.18	-0.06	2.77	0.33	1	47.44	0.00	6.66	-1.00	2.27	-1.43	2	4.05	0.00	4.87	-0.79	4.41	0.65
20190126_160321_135	ETHACCELS_TORSO	A	0	-0.78	0.00	1.17	-0.54	1.84	-0.11	1	47.45	0.00	6.63	0.53	4.12	-3.25	2	4.05	0.00	4.88	0.27	6.59	0.82
20190126_160321_145	ETHACCELS_TORSO	A	0	-0.78	0.00	1.18	-0.30	0.91	0.34	1	47.45	0.00	6.59	-0.13	4.33	-3.63	2	4.04	0.00	4.88	-0.90	4.14	-0.41
20190126_160321_155	ETHACCELS_TORSO	A	0	-0.78	0.00	1.18	-0.34	-0.45	0.49	1	47.44	0.00	6.60	-0.45	-2.91	0.39	2	4.04	0.00	4.87	0.11	-3.07	-0.65
20190126_160321_165	ETHACCELS_TORSO	A	0	-0.78	0.00	1.18	-0.06	-1.22	0.15	1	47.45	0.00	6.63	0.93	-6.26	3.60	2	4.05	0.00	4.86	1.00	-7.36	-0.74
20190126_160321_175	ETHACCELS_TORSO	A	0	-0.78	0.00	1.18	0.11	-1.35	-0.59	1	47.45	0.00	6.69	-0.28	-5.82	5.44	2	4.05	0.00	4.87	-0.47	-5.79	0.97
20190126_160321_185	ETHACCELS_TORSO	A	0	-0.78	0.00	1.19	-0.18	-0.73	0.71	1	47.46	0.00	6.73	0.62	-2.47	3.89	2	4.05	0.00	4.88	0.68	-4.78	1.19
20190126_160321_195	ETHACCELS_TORSO	A	0	-0.79	0.00	1.20	-0.36	0.19	1.05	1	47.48	0.00	6.74	2.52	-0.60	0.83	2	4.06	0.00	4.88	0.85	-3.81	-0.26
20190126_160321_205	ETHACCELS_TORSO	A	0	-0.79	0.00	1.20	-0.28	1.10	0.15	1	47.49	0.00	6.75	0.75	-0.44	1.18	2	4.06	0.00	4.88	-0.24	-0.86	-0.41
20190126_160321_215	ETHACCELS_TORSO	A	0	-0.79	0.00	1.20	0.05	1.87	0.10	1	47.50	0.00	6.75	0.85	-1.19	0.47	2	4.07	0.00	4.88	1.41	-1.15	0.14
20190126_160321_225	ETHACCELS_TORSO	A	0	-0.78	0.00	1.19	0.99	0.87	-0.45	1	47.49	0.00	6.77	-0.25	-5.46	1.31	2	4.06	0.00	4.86	-0.86	-1.97	-1.78
20190126_160321_235	ETHACCELS_TORSO	A	0	-0.77	0.00	1.19	0.61	-0.77	-0.19	1	47.48	0.00	6.75	-1.39	-0.65	-1.52	2	4.04	0.00	4.86	-2.42	0.77	-0.48
20190126_160321_245	ETHACCELS_TORSO	A	0	-0.77	0.00	1.21	0.39	-1.18	1.43	1	47.48	0.00	6.73	-0.09	0.83	-2.18	2	4.04	0.00	4.84	-0.31	2.74	-1.68
20190126_160321_255	ETHACCELS_TORSO	A	0	-0.76	0.00	1.21	0.60	-0.40	0.24	1	47.49	0.00	6.72	0.68	0.60	-0.89	2	4.04	0.00	4.84	0.09	1.60	-0.47
20190126_160321_265	ETHACCELS_TORSO	A	0	-0.78	0.00	1.21	-1.13	0.95	-0.30	1	47.50	0.00	6.73	1.19	0.98	0.67	2	4.04	0.00	4.83	0.13	-0.88	-0.12
20190126_160321_275	ETHACCELS_TORSO	A	0	-0.78	0.00	1.21	-0.11	1.64	0.32	1	47.51	0.00	6.71	0.87	-1.33	-1.21	2	4.05	0.00	4.83	0.72	0.52	-0.61
20190126_160321_285	ETHACCELS_TORSO	A	0	-0.77	0.00	1.21	1.05	0.90	-0.36	1	47.51	0.00	6.71	-0.09	-2.43	-0.37	2	4.03	0.00	4.80	-2.02	-2.38	-2.84
20190126_160321_295	ETHACCELS_TORSO	A	0	-0.76	0.00	1.21	0.22	0.60	0.50	1	47.50	0.00	6.72	-0.31	-3.61	1.35	2	4.01	0.00	4.78	-1.37	-3.69	-2.10
20190126_160321_305	ETHACCELS_TORSO	A	0	-0.76	0.00	1.21	0.49	0.12	-0.04	1	47.51	0.00	6.74	1.21	-4.54	2.11	2	4.02	0.00	4.78	0.84	-4.77	0.03
20190126_160321_315	ETHACCELS_TORSO	A	0	-0.76	0.00	1.20	0.06	-0.62	-0.55	1	47.53	0.00	6.75	1.43	-2.94	0.98	2	4.03	0.00	4.78	0.69	-3.92	-0.32
20190126_160321_325	ETHACCELS_TORSO	A	0	-0.76	0.00	1.20	-0.08	-1.09	-0.12	1	47.54	0.00	6.76	1.58	-3.73	1.01	2	4.03	0.00	4.75	0.59	-5.08	-2.32
20190126_160321_335	ETHACCELS_TORSO	A	0	-0.75	0.00	1.20	0.58	-1.42	-0.38	1	47.57	0.00	6.78	2.06	-5.13	1.57	2	4.05	0.00	4.74	1.39	-5.50	-1.05
20190126_160321_345	ETHACCELS_TORSO	A	0	-0.75	0.00	1.19	0.15	-1.65	-0.81	1	47.58	0.00	6.81	1.23	-4.85	3.26	2	4.04	0.00	4.73	-0.57	-5.22	-1.52
20190126_160321_355	ETHACCELS_TORSO	A	0	-0.74	0.00	1.18	0.73	-0.37	-0.77	1	47.58	0.00	6.83	0.65	-3.64	1.97	2	4.05	0.00	4.72	0.44	-2.64	-1.00
20190126_160321_365	ETHACCELS_TORSO	A	0	-0.74	0.00	1.18	0.23	0.72	-0.44	1	47.60	0.00	6.85	1.97	-2.91	1.70	2	4.05	0.00	4.71	0.89	-2.50	-0.27
20190126_160321_375	ETHACCELS_TORSO	A	0	-0.75	0.00	1.19	-0.50	1.35	0.75	1	47.61	0.00	6.83	0.71	-0.40	-2.11	2	4.06	0.00	4.70	0.50	0.81	-1.43
20190126_160321_385	ETHACCELS_TORSO	A	0	-0.75	0.00	1.19	-0.56	1.19	0.03	1	47.62	0.00	6.81	1.35	1.72	-1.56	2	4.05	0.00	4.68	-0.73	2.44	-2.26
20190126_160321_395	ETHACCELS_TORSO	A	0	-0.75	0.00	1.19	0.38	1.21	0.00	1	47.63	0.00	6.81	0.14	-0.87	-0.79	2	4.04	0.00	4.68	-0.71	1.48	0.19
20190126_160321_405	ETHACCELS_TORSO	A	0	-0.74	0.00	1.18	1.05	1.05	-0.59	1	47.61	0.00	6.80	-1.23	-0.94	-0.84	2	4.03	0.00	4.68	-1.62	2.32	0.07
20190126_160321_415	ETHACCELS_TORSO	A	0	-0.73	0.00	1.18	0.60	0.04	-0.04	1	47.61	0.00	6.79	-0.52	2.49	-0.80	2	4.02	0.00	4.69	-0.65	3.17	0.96
20190126_160321_425	ETHACCELS_TORSO	A	0	-0.73	0.00	1.19	0.33	-0.71	0.50	1	47.61	0.00	6.77	-0.29	1.21	-1.63	2	4.03	0.00	4.70	0.58	1.88	1.14
20190126_160321_435	ETHACCELS_TORSO	A	0	-0.73	0.00	1.19	-0.01	-0.52	0.50	1	47.61	0.00	6.75	0.51	1.66	-2.62	2	4.04	0.00	4.70	1.05	1.78	0.29
20190126_160321_445	ETHACCELS_TORSO	A	0	-0.73	0.00	1.19	-0.36	-0.05	-0.03	1	47.61	0.00	6.73	-0.43	0.70	-1.53	2	4.03	0.00	4.70	-0.51	0.77	-0.07
20190126_160321_455	ETHACCELS_TORSO	A	0	-0.73	0.00	1.19	0.47	0.52	0.34	1	47.60	0.00	6.74	-0.85	-1.34	0.66	2	4.03	0.00	4.70	-0.53	-1.20	0.19
20190126_160321_465	ETHACCELS_TORSO	A	0	-0.73	0.00	1.20	0.04	1.07	0.23	1	47.58	0.00	6.74	-1.52	-1.30	0.10	2	4.00	0.00	4.70	-2.30	0.61	-0.63
20190126_160321_475	ETHACCELS_TORSO	A	0	-0.73	0.00	1.20	0.08	1.00	0.75	1	47.57	0.00	6.75	-0.84	1.34	0.73	2	3.99	0.00	4.70	-1.74	1.45	-0.16
20190126_160321_485	ETHACCELS_TORSO	A	0	-0.73	0.00	1.21	-0.25	1.06	0.76	1	47.57	0.00	6.75	-0.29	1.44	0.75	2	3.99	0.00	4.70	0.15	0.42	0.68
20190126_160321_495	ETHACCELS_TORSO	A	0	-0.74	0.00	1.22	-0.68	1.25	1.16	1	47.57	0.00	6.74	0.30	1.00	-1.29	2	4.00	0.00	4.72	1.07	2.66	1.61
20190126_160321_505	ETHACCELS_TORSO	A	0	-0.74	0.00	1.23	-0.57	0.38	0.90	1	47.58	0.00	6.72	0.21	2.80	-2.08	2	4.00	0.00	4.72	0.40	1.67	-0.23
20190126_160321_515	ETHACCELS_TORSO	A	0	-0.75	0.00	1.24	-0.37	0.22	1.05	1	47.57	0.00	6.73	-0.68	-0.81	0.56	2	4.00	0.00	4.72	-0.67	-0.08	-0.16
20190126_160321_525	ETHACCELS_TORSO	A	0	-0.75	0.00	1.25	0.05	0.31	0.69	1	47.56	0.00	6.72	-1.36	0.59	-0.56	2	3.99	0.00	4.71	-1.10	2.70	-0.16
20190126_160321_535	ETHACCELS_TORSO	A	0	-0.75	0.00	1.26	-0.42	0.55	1.41	1	47.55	0.00	6.69	-0.45	5.15	-2.53	2	3.98	0.00	4.73	-0.21	5.57	2.06
20190126_160321_545	ETHACCELS_TORSO	A	0	-0.76	0.00	1.29	-1.15	1.25	2.20	1	47.54	0.00	6.65	-0.80	4.87	-4.46	2	3.98	0.00	4.74	-0.66	6.87	0.94
20190126_160321_555	ETHACCELS_TORSO	A	0	-0.77	0.00	1.30	-1.18	1.32	1.34	1	47.54	0.00	6.63	-0.32	3.56	-2.31	2	3.97	0.00	4.74	-1.20	4.89	-0.77
20190126_160321_565	ETHACCELS_TORSO	A	0	-0.78	0.00	1.31	-0.95	1.11	1.47	1	47.52	0.00	6.60	-2.14	3.15	-2.89	2	3.95	0.00	4.71	-1.93	4.91	-2.55
20190126_160321_575	ETHACCELS_TORSO	A	0	-0.78	0.00	1.33	0.21	0.86	1.86	1	47.50	0.00	6.60	-1.42	2.22	0.07	2	3.92	0.00	4.70	-2.45	4.38	-0.93
20190126_160321_585	ETHACCELS_TORSO	A	0	-0.79	0.00	1.35	-0.53	0.71	2.02	1	47.49	0.00	6.59	-1.26	1.76	-1.10	2	3.91	0.00	4.70	-1.09	2.83	0.27
20190126_160321_595	ETHACCELS_TORSO	A	0	-0.79	0.00	1.37	-0.48	0.87	1.56	1	47.49	0.00	6.59	-0.20	1.91	-0.10	2	3.91	0.00	4.71	-0.45	0.80	0.39
20190126_160321_605	ETHACCELS_TORSO	A	0	-0.79	0.00	1.38	-0.05	1.21	1.22	1	47.49	0.00	6.60	-0.10	0.75	1.50	2	3.90	0.00	4.74	-0.17	1.38	2.78
20190126_160321_615	ETHACCELS_TORSO	A	0	-0.79	0.00	1.40	0.05	0.79	1.60	1	47.48	0.00	6.60	-0.62	1.95	0.31	2	3.90	0.00	4.76	-0.75	2.63	2.61
20190126_160321_625	ETHACCELS_TORSO	A	0	-0.79	0.00	1.41	-0.18	0.27	1.77	1	47.48	0.00	6.62	-0.78	2.62	1.34	2	3.89	0.00	4.79	-0.82	2.24	2.97
20190126_160321_635	ETHACCELS_TORSO	A	0	-0.79	0.00	1.43	-0.09	0.18	2.01	1	47.47	0.00	6.63	-0.60	0.40	1.24	2	3.88	0.00	4.82	-0.73	0.89	2.65
20190126_160321_645	ETHACCELS_TORSO	A	0	-0.79	0.00	1.45	0.11	0.54	1.94	1	47.47	0.00	6.65	-0.30	1.74	1.51	2	3.88	0.00	4.84	-0.52	2.23	2.57
20190126_160321_655	ETHACCELS_TORSO	A	0	-0.80	0.00	1.47	-0.44	1.06	1.55	1	47.46	0.00	6.65	-0.90	3.73	0.18	2	3.87	0.00	4.88	-0.75	4.49	3.26
20190126_160321_665	ETHACCELS_TORSO	A	0	-0.80	0.00	1.49	-0.30	1.46	2.33	1	47.45	0.00	6.64	-0.45	6.22	-0.86	2	3.87	0.00	4.91	0.15	4.90	3.28
20190126_160321_675	ETHACCELS_TORSO	A	0	-0.80	0.00	1.52	-0.34	1.78	2.48	1	47.46	0.00	6.64	0.80	2.50	0.45	2	3.88	0.00	4.93	0.56	1.04	1.77
20190126_160321_685	ETHACCELS_TORSO	A	0	-0.81	0.00	1.54	-0.75	0.94	2.17	1	47.48	0.00	6.66	1.62	-0.64	1.98	2	3.89	0.00	4.94	1.18	-1.67	1.47
20190126_160321_695	ETHACCELS_TORSO	A	0	-0.81	0.00	1.56	-0.36	0.58	2.00	1	47.49	0.00	6.68	1.03	-0.55	2.11	2	3.89	0.00	4.96	-0.10	0.58	1.68
20190126_160321_705	ETHACCELS_TORSO	A	0	-0.81	0.00	1.58	0.11	0.13	2.10	1	47.49	0.00	6.69	0.04	1.95	0.84	2	3.88	0.00	4.97	-1.05	3.52	1.15
20190126_160321_715	ETHACCELS_TORSO	A	0	-0.82	0.00	1.60	-0.28	0.25	2.11	1	47.48	0.00	6.69	-0.64	3.32	-0.47	2	3.86	0.00	4.99	-1.23	4.39	1.79
20190126_160321_725	ETHACCELS_TORSO	A	0	-0.82	0.00	1.61	-0.40	0.52	1.41	1	47.47	0.00	6.68	-1.08	3.60	-0.75	2	3.85	0.00	5.01	-0.92	6.52	1.93
20190126_160321_735	ETHACCELS_TORSO	A	0	-0.82	0.00	1.63	-0.55	0.69	1.85	1	47.46	0.00	6.68	-0.74	4.82	-0.08	2	3.84	0.00	5.01	-1.56	4.24	0.42
20190126_160321_746	ETHACCELS_TORSO	A	0	-0.83	0.00	1.66	-0.63	0.48	2.37	1	47.46	0.00	6.67	-0.37	2.28	-0.78	2	3.82	0.00	5.00	-1.50	0.44	-0.84
20190126_160321_756	ETHACCELS_TORSO	A	0	-0.83	0.00	1.68	-0.01	0.59	1.82	1	47.46	0.00	6.70	0.47	-2.50	2.62	2	3.85	0.00	5.03	2.76	-6.24	2.73
20190126_160321_765	ETHACCELS_TORSO	A	0	-0.83	0.00	1.69	-0.12	0.84	1.52	1	47.47	0.00	6.74	0.48	-3.21	3.71	2	3.86	0.00	5.05	0.81	-3.21	1.83
20190126_160321_775	ETHACCELS_TORSO	A	0	-0.83	0.00	1.70	-0.13	0.47	1.04	1	47.48	0.00	6.76	1.07	0.41	2.60	2	3.88	0.00	5.06	1.58	-1.28	1.40
20190126_160321_785	ETHACCELS_TORSO	A	0	-0.83	0.00	1.71	-0.11	0.18	0.93	1	47.49	0.00	6.77	1.31	1.03	1.18	2	3.89	0.00	5.09	1.24	0.45	2.89
20190126_160321_795	ETHACCELS_TORSO	A	0	-0.84	0.00	1.72	-0.66	0.27	0.95	1	47.50	0.00	6.80	0.52	1.11	2.31	2	3.90	0.00	5.11	0.83	0.45	2.20
20190126_160321_806	ETHACCELS_TORSO	A	0	-0.84	0.00	1.73	0.35	-0.29	0.76	1	47.50	0.00	6.80	0.60	1.05	0.76	2	3.90	0.00	5.12	0.11	0.97	0.45
20190126_160321_815	ETHACCELS_TORSO	A	0	-0.84	0.00	1.73	-0.43	-0.35	-0.04	1	47.50	0.00	6.81	-0.38	-0.21	0.90	2	3.90	0.00	5.13	-0.08	0.13	1.33
20190126_160321_825	ETHACCELS_TORSO	A	0	-0.84	0.00	1.73	0.04	-0.02	-0.05	1	47.50	0.00	6.83	-0.10	-0.76	1.27	2	3.89	0.00	5.14	-0.36	-0.46	1.08
20190126_160321_836	ETHACCELS_TORSO	A	0	-0.84	0.00	1.73	-0.14	0.48	0.48	1	47.49	0.00	6.83	-0.68	0.15	0.82	2	3.89	0.00	5.14	-0.73	1.43	-0.70
20190126_160321_845	ETHACCELS_TORSO	A	0	-0.84	0.00	1.74	-0.03	0.99	0.56	1	47.50	0.00	6.83	0.74	1.67	-0.52	2	3.88	0.00	5.14	-0.34	1.63	0.31
20190126_160321_855	ETHACCELS_TORSO	A	0	-0.85	0.00	1.74	-0.30	1.23	0.05	1	47.50	0.00	6.83	0.29	1.35	-0.26	2	3.88	0.00	5.13	-0.27	2.00	-0.53
20190126_160321_865	ETHACCELS_TORSO	A	0	-0.85	0.00	1.74	-0.12	1.44	-0.24	1	47.51	0.00	6.82	0.93	0.31	-0.52	2	3.89	0.00	5.13	0.92	0.41	-0.42
20190126_160321_875	ETHACCELS_TORSO	A	0	-0.84	0.00	1.73	0.56	0.60	-0.20	1	47.52	0.00	6.82	0.90	-0.53	-0.44	2	3.89	0.00	5.12	0.59	0.54	-0.57
20190126_160321_885	ETHACCELS_TORSO	A	0	-0.84	0.00	1.73	0.71	-0.00	-0.07	1	47.51	0.00	6.78	-0.83	1.14	-3.68	2	3.88	0.00	5.11	-1.02	4.67	-0.83
20190126_160321_895	ETHACCELS_TORSO	A	0	-0.83	0.00	1.74	0.41	0.10	0.40	1	47.51	0.00	6.73	-0.71	4.65	-4.95	2	3.87	0.00	5.10	-0.98	5.08	-1.87
20190126_160321_905	ETHACCELS_TORSO	A	0	-0.83	0.00	1.73	-0.35	1.45	-0.34	1	47.49	0.00	6.70	-1.75	2.74	-2.91	2	3.86	0.00	5.09	-1.12	4.11	-0.77
20190126_160321_915	ETHACCELS_TORSO	A	0	-0.83	0.00	1.73	0.63	2.00	-0.34	1	47.50	0.00	6.68	1.10	2.24	-1.66	2	3.86	0.00	5.08	-0.31	0.19	-0.60
20190126_160321_925	ETHACCELS_TORSO	A	0	-0.83	0.00	1.72	-0.57	1.33	-0.67	1	47.52	0.00	6.68	1.90	-3.79	-0.16	2	3.87	0.00	5.06	0.99	-2.36	-1.87
20190126_160321_935	ETHACCELS_TORSO	A	0	-0.82	0.00	1.72	1.09	-0.09	-0.05	1	47.52	0.00	6.68	0.47	-3.36	-0.64	2	3.87	0.00	5.04	-0.37	-3.26	-2.54
20190126_160321_945	ETHACCELS_TORSO	A	0	-0.81	0.00	1.73	1.07	-0.65	0.36	1	47.53	0.00	6.69	1.24	-3.30	1.34	2	3.87	0.00	5.03	0.05	-4.17	-1.08
20190126_160321_955	ETHACCELS_TORSO	A	0	-0.81	0.00	1.73	0.16	-0.58	0.50	1	47.54	0.00	6.69	0.06	-3.63	0.12	2	3.87	0.00	5.01	0.24	-3.32	-1.43
20190126_160321_965	ETHACCELS_TORSO	A	0	-0.81	0.00	1.73	-0.21	-0.34	0.02	1	47.55	0.00	6.69	1.00	-0.26	0.34	2	3.87	0.00	5.01	-0.28	-3.53	-0.68
20190126_160321_975	ETHACCELS_TORSO	A	0	-0.81	0.00	1.74	0.37	0.75	0.81	1	47.56	0.00	6.71	1.47	-3.62	1.32	2	3.88	0.00	5.02	1.47	-4.83	1.03
20190126_160321_985	ETHACCELS_TORSO	A	0	-0.81	0.00	1.74	-0.58	0.51	-0.04	1	47.57	0.00	6.72	1.27	-6.07	0.89	2	3.88	0.00	5.00	-0.41	-4.19	-1.60
20190126_160321_995	ETHACCELS_TORSO	A	0	-0.81	0.00	1.74	0.25	-0.49	0.13	1	47.57	0.00	6.72	0.20	-3.66	0.29	2	3.87	0.00	4.97	-0.98	-2.19	-3.06
20190126_160322_005	ETHACCELS_TORSO	A	0	-0.80	0.00	1.74	0.80	-0.63	0.45	1	47.57	0.00	6.71	-0.66	-1.79	-0.69	2	3.85	0.00	4.96	-1.76	-2.10	-1.38
20190126_160322_015	ETHACCELS_TORSO	A	0	-0.80	0.00	1.74	0.50	0.03	-0.01	1	47.58	0.00	6.71	1.10	-1.32	0.15	2	3.84	0.00	4.95	-0.69	-1.30	-0.86
20190126_160322_025	ETHACCELS_TORSO	A	0	-0.80	0.00	1.74	-0.47	0.55	-0.20	1	47.58	0.00	6.71	0.27	1.39	0.08	2	3.83	0.00	4.93	-1.00	-0.14	-1.77
20190126_160322_035	ETHACCELS_TORSO	A	0	-0.80	0.00	1.74	0.23	0.45	0.22	1	47.60	0.00	6.73	2.07	-0.96	1.21	2	3.83	0.00	4.91	-0.02	-0.57	-2.25
20190126_160322_045	ETHACCELS_TORSO	A	0	-0.80	0.00	1.74	0.22	0.00	-0.56	1	47.60	0.00	6.74	0.02	-1.88	1.21	2	3.82	0.00	4.91	-1.29	-1.40	0.48
20190126_160322_055	ETHACCELS_TORSO	A	0	-0.80	0.00	1.74	0.45	-0.49	-0.17	1	47.61	0.00	6.77	0.94	-2.06	2.82	2	3.82	0.00	4.91	-0.33	-2.19	-0.55
20190126_160322_065	ETHACCELS_TORSO	A	0	-0.79	0.00	1.74	0.35	-0.32	0.05	1	47.61	0.00	6.78	-0.22	-1.76	0.95	2	3.81	0.00	4.92	-0.25	-3.17	0.81
20190126_160322_075	ETHACCELS_TORSO	A	0	-0.79	0.00	1.74	0.33	0.28	-0.05	1	47.61	0.00	6.78	0.32	-2.47	0.81	2	3.82	0.00	4.94	0.74	-1.94	2.39
20190126_160322_085	ETHACCELS_TORSO	A	0	-0.78	0.00	1.73	0.63	0.74	-0.32	1	47.63	0.00	6.81	1.23	-0.78	2.25	2	3.84	0.00	4.95	2.02	-2.67	0.87
20190126_160322_095	ETHACCELS_TORSO	A	0	-0.78	0.00	1.72	0.62	0.55	-0.93	1	47.63	0.00	6.85	0.50	-3.50	4.23	2	3.84	0.00	4.97	-0.02	-5.78	2.40
20190126_160322_105	ETHACCELS_TORSO	A	0	-0.78	0.00	1.72	0.03	-0.21	-0.85	1	47.62	0.00	6.88	-0.55	-2.67	3.34	2	3.84	0.00	4.97	-0.47	-3.45	-0.51
20190126_160322_115	ETHACCELS_TORSO	A	0	-0.76	0.00	1.71	1.34	-0.65	-0.18	1	47.63	0.00	6.90	0.43	-3.25	1.58	2	3.84	0.00	4.98	0.71	-3.15	1.63
20190126_160322_125	ETHACCELS_TORSO	A	0	-0.75	0.00	1.71	1.19	-0.56	-0.39	1	47.63	0.00	6.91	0.13	-2.19	1.44	2	3.85	0.00	4.99	0.73	-2.33	0.39
20190126_160322_135	ETHACCELS_TORSO	A	0	-0.75	0.00	1.71	-0.05	-0.07	-0.30	1	47.63	0.00	6.91	0.42	-1.09	0.00	2	3.85	0.00	4.97	0.27	-4.13	-2.08
20190126_160322_145	ETHACCELS_TORSO	A	0	-0.76	0.00	1.70	-0.79	0.41	-0.57	1	47.64	0.00	6.92	0.98	-2.01	0.69	2	3.85	0.00	4.95	0.04	-2.18	-1.85
20190126_160322_155	ETHACCELS_TORSO	A	0	-0.76	0.00	1.70	-0.09	0.77	-0.05	1	47.64	0.00	6.92	0.02	-0.30	-0.19	2	3.86	0.00	4.94	0.14	0.67	-0.32
20190126_160322_165	ETHACCELS_TORSO	A	0	-0.75	0.00	1.70	0.74	0.81	0.21	1	47.65	0.00	6.90	0.59	0.30	-1.40	2	3.85	0.00	4.94	-0.59	1.43	-0.52
20190126_160322_175	ETHACCELS_TORSO	A	0	-0.75	0.00	1.70	0.04	0.67	-0.21	1	47.65	0.00	6.89	0.32	-0.31	-1.41	2	3.84	0.00	4.93	-0.50	2.27	-0.75
20190126_160322_185	ETHACCELS_TORSO	A	0	-0.75	0.00	1.70	-0.03	0.55	-0.35	1	47.65	0.00	6.88	-0.56	-0.43	-0.82	2	3.84	0.00	4.92	-0.88	0.19	-1.17
20190126_160322_195	ETHACCELS_TORSO	A	0	-0.75	0.00	1.70	0.34	0.58	-0.23	1	47.66	0.00	6.88	0.89	-0.95	-0.33	2	3.84	0.00	4.91	0.71	-0.49	-1.06
20190126_160322_205	ETHACCELS_TORSO	A	0	-0.75	0.00	1.70	0.27	0.12	0.53	1	47.66	0.00	6.87	-0.19	-1.49	-0.66	2	3.84	0.00	4.90	-0.79	0.57	-1.23
20190126_160322_215	ETHACCELS_TORSO	A	0	-0.75	0.00	1.71	-0.08	-0.01	0.43	1	47.66	0.00	6.86	0.13	0.38	-1.28	2	3.83	0.00	4.88	-0.15	-0.34	-2.17
20190126_160322_225	ETHACCELS_TORSO	A	0	-0.75	0.00	1.71	-0.11	0.37	0.16	1	47.66	0.00	6.85	0.12	-1.63	-0.76	2	3.84	0.00	4.87	0.16	-0.81	-0.22
20190126_160322_235	ETHACCELS_TORSO	A	0	-0.75	0.00	1.71	0.18	0.86	0.26	1	47.66	0.00	6.85	0.53	-0.55	-0.60	2	3.82	0.00	4.87	-1.19	-1.07	-0.12
20190126_160322_245	ETHACCELS_TORSO	A	0	-0.75	0.00	1.71	0.05	0.45	0.08	1	47.66	0.00	6.85	-0.03	0.15	0.07	2	3.81	0.00	4.86	-1.23	1.26	-0.95
20190126_160322_255	ETHACCELS_TORSO	A	0	-0.75	0.00	1.71	-0.11	0.60	0.22	1	47.67	0.00	6.84	0.52	-1.31	-1.08	2	3.80	0.00	4.86	-1.46	-0.76	-0.09
20190126_160322_265	ETHACCELS_TORSO	A	0	-0.75	0.00	1.72	0.16	0.35	0.53	1	47.67	0.00	6.84	0.42	-0.20	0.15	2	3.78	0.00	4.86	-1.19	0.02	-0.52
20190126_160322_275	ETHACCELS_TORSO	A	0	-0.75	0.00	0.91	-0.03	0.51	0.31	1	47.68	0.00	6.83	0.87	-0.51	-0.75	2	3.77	0.00	4.85	-0.99	-0.26	-1.02
20190126_160322_285	Switching from Gyro to Accel on Z of ETHACCELS_TORSO  0.9  0.8
20190126_160322_286	ETHACCELS_TORSO	A	0	-0.75	0.00	0.83	0.00	0.40	0.50	1	47.69	0.00	6.81	0.70	0.00	-2.21	2	3.77	0.00	4.85	-0.25	0.97	0.33
20190126_160322_295	ETHACCELS_TORSO	A	0	-0.75	0.00	0.78	-0.40	0.48	0.22	1	47.69	0.00	6.80	0.67	1.56	-0.96	2	3.76	0.00	4.85	-0.82	1.61	0.08
20190126_160322_305	ETHACCELS_TORSO	A	0	-0.75	0.00	0.56	-0.30	0.42	0.79	1	47.69	0.00	6.78	-0.23	0.83	-1.36	2	3.76	0.00	4.86	-0.33	-0.04	0.64
20190126_160322_315	ETHACCELS_TORSO	A	0	-0.75	0.00	0.64	0.31	0.84	0.48	1	47.69	0.00	6.79	0.00	-0.14	0.50	2	3.75	0.00	4.85	-0.92	-0.10	-0.31
20190126_160322_325	ETHACCELS_TORSO	A	0	-0.75	0.00	0.68	-0.17	0.58	0.82	1	47.70	0.00	6.79	0.33	0.96	-0.21	2	3.74	0.00	4.84	-0.98	0.99	-1.06
20190126_160322_335	ETHACCELS_TORSO	A	0	-0.75	0.00	0.80	-0.05	0.81	0.96	1	47.69	0.00	6.78	-0.24	0.08	-0.49	2	3.73	0.00	4.84	-1.19	1.49	-0.16
20190126_160322_345	ETHACCELS_TORSO	A	0	-0.75	0.00	0.81	-0.15	0.68	1.21	1	47.69	0.00	6.77	-0.28	1.06	-1.28	2	3.73	0.00	4.84	-0.23	2.19	0.19
20190126_160322_355	ETHACCELS_TORSO	A	0	-0.75	0.00	0.82	-0.15	0.78	1.23	1	47.70	0.00	6.76	0.68	0.15	-0.72	2	3.72	0.00	4.84	-0.31	2.15	-0.18
20190126_160322_365	ETHACCELS_TORSO	A	0	-0.76	0.00	0.83	-0.15	0.78	1.00	1	47.70	0.00	6.76	-0.03	0.31	0.09	2	3.70	0.00	4.81	-2.18	-1.59	-3.19
20190126_160322_375	ETHACCELS_TORSO	A	0	-0.76	0.00	0.84	-0.43	0.60	0.76	1	47.70	0.00	6.76	0.49	-1.15	-0.11	2	3.69	0.00	4.80	-1.37	-0.85	-1.32
20190126_160322_385	ETHACCELS_TORSO	A	0	-0.76	0.00	0.85	-0.08	0.12	0.78	1	47.71	0.00	6.76	0.92	-1.85	-0.13	2	3.68	0.00	4.79	-1.24	-1.56	-0.97
20190126_160322_395	ETHACCELS_TORSO	A	0	-0.76	0.00	0.86	-0.04	-0.26	0.74	1	47.71	0.00	6.76	0.00	-0.51	-0.04	2	3.67	0.00	4.77	-1.05	0.06	-1.53
20190126_160322_405	ETHACCELS_TORSO	A	0	-0.76	0.00	0.87	-0.10	0.04	0.98	1	47.72	0.00	6.76	0.64	0.24	-0.07	2	3.67	0.00	4.79	-0.08	-0.66	1.37
20190126_160322_415	ETHACCELS_TORSO	A	0	-0.77	0.00	0.88	-0.49	0.40	1.15	1	47.72	0.00	6.76	0.27	-0.10	-0.35	2	3.67	0.00	4.77	-0.01	1.25	-1.47
20190126_160322_425	ETHACCELS_TORSO	A	0	-0.77	0.00	0.89	-0.29	1.00	1.26	1	47.73	0.00	6.75	0.82	1.08	-0.34	2	3.66	0.00	4.78	-0.74	-0.45	0.48
20190126_160322_435	ETHACCELS_TORSO	A	0	-0.77	0.00	0.90	-0.18	0.84	0.67	1	47.72	0.00	6.75	-0.48	-0.72	0.08	2	3.63	0.00	4.74	-2.57	-0.12	-3.78
20190126_160322_445	ETHACCELS_TORSO	A	0	-0.77	0.00	0.91	0.16	0.74	0.79	1	47.73	0.00	6.76	0.51	-1.12	0.65	2	3.61	0.00	4.72	-2.10	-0.47	-1.61
20190126_160322_455	ETHACCELS_TORSO	A	0	-0.77	0.00	0.92	-0.11	0.09	0.97	1	47.72	0.00	6.76	-0.58	0.86	-0.04	2	3.59	0.00	4.72	-2.02	1.45	-0.04
20190126_160322_465	ETHACCELS_TORSO	A	0	-0.78	0.00	0.93	-0.41	0.30	1.34	1	47.73	0.00	6.76	0.26	1.55	-0.13	2	3.59	0.00	4.71	-0.06	2.12	-0.77
20190126_160322_475	ETHACCELS_TORSO	A	0	-0.78	0.00	0.94	-0.66	0.70	1.04	1	47.74	0.00	6.75	1.16	1.27	-0.50	2	3.58	0.00	4.72	-1.27	0.57	0.19
20190126_160322_486	ETHACCELS_TORSO	A	0	-0.78	0.00	0.95	-0.05	0.76	1.00	1	47.74	0.00	6.75	0.06	2.17	-0.34	2	3.57	0.00	4.71	-1.00	2.46	-0.36
20190126_160322_496	ETHACCELS_TORSO	A	0	-0.79	0.00	0.96	-0.27	0.95	0.72	1	47.74	0.00	6.75	-0.01	-0.40	0.15	2	3.56	0.00	4.73	-0.40	-0.23	1.96
20190126_160322_506	ETHACCELS_TORSO	A	0	-0.78	0.00	0.96	0.15	0.49	0.56	1	47.72	0.00	6.76	-1.31	-0.90	1.08	2	3.55	0.00	4.74	-1.08	1.28	0.60
20190126_160322_515	ETHACCELS_TORSO	A	0	-0.78	0.00	0.97	0.03	0.11	1.11	1	47.72	0.00	6.77	-0.39	1.85	0.80	2	3.55	0.00	4.75	-0.43	1.38	0.96
20190126_160322_525	ETHACCELS_TORSO	A	0	-0.78	0.00	0.98	-0.08	0.15	1.09	1	47.72	0.00	6.77	-0.08	0.63	-0.15	2	3.55	0.00	4.76	0.02	0.87	1.24
20190126_160322_535	ETHACCELS_TORSO	A	0	-0.79	0.00	0.99	-0.18	0.65	0.54	1	47.72	0.00	6.76	0.26	1.27	-0.45	2	3.55	0.00	4.76	-0.08	1.61	-0.03
20190126_160322_545	ETHACCELS_TORSO	A	0	-0.79	0.00	1.00	-0.62	0.87	0.98	1	47.73	0.00	6.77	0.71	0.82	0.16	2	3.56	0.00	4.78	0.81	0.02	1.98
20190126_160322_555	ETHACCELS_TORSO	A	0	-0.79	0.00	1.00	-0.17	0.64	0.27	1	47.73	0.00	6.78	-0.06	-1.96	1.06	2	3.55	0.00	4.79	-0.35	0.26	0.83
20190126_160322_566	ETHACCELS_TORSO	A	0	-0.79	0.00	1.01	-0.04	0.03	0.50	1	47.73	0.00	6.77	-0.19	0.34	-0.20	2	3.55	0.00	4.78	-0.64	-0.18	-0.80
20190126_160322_576	ETHACCELS_TORSO	A	0	-0.80	0.00	1.01	-0.09	-0.30	0.47	1	47.72	0.00	6.78	-0.87	-0.20	0.11	2	3.54	0.00	4.78	-0.28	-0.49	-0.33
20190126_160322_586	ETHACCELS_TORSO	A	0	-0.79	0.00	1.02	0.21	0.35	0.69	1	47.72	0.00	6.77	0.10	-0.11	-0.34	2	3.55	0.00	4.78	0.76	-0.60	0.42
20190126_160322_595	ETHACCELS_TORSO	A	0	-0.79	0.00	1.02	-0.08	0.71	0.59	1	47.73	0.00	6.77	0.77	1.17	-0.54	2	3.54	0.00	4.77	-1.08	1.43	-1.12
20190126_160322_605	ETHACCELS_TORSO	A	0	-0.80	0.00	1.03	-0.18	0.67	0.40	1	47.73	0.00	6.76	0.65	-0.27	-0.60	2	3.53	0.00	4.76	-0.63	1.42	-0.74
20190126_160322_615	ETHACCELS_TORSO	A	0	-0.80	0.00	1.03	-0.36	0.35	0.30	1	47.74	0.00	6.75	0.65	0.43	-1.06	2	3.53	0.00	4.76	-0.63	1.91	0.26
20190126_160322_625	ETHACCELS_TORSO	A	0	-0.81	0.00	1.03	0.54	0.10	0.27	1	47.74	0.00	6.74	0.02	0.31	-0.63	2	3.52	0.00	4.76	-1.02	1.12	-0.32
20190126_160322_635	Switching from Gyro to Accel on X of ACCEL_BASE -0.8 -1.0
20190126_160322_636	ETHACCELS_TORSO	A	0	-0.99	0.00	1.04	0.29	0.38	0.60	1	47.74	0.00	6.74	0.31	-1.02	-0.20	2	3.52	0.00	4.75	-0.15	-0.13	-1.51
20190126_160322_644	Changed TargetAngle 'POT_LEFT_ELBOW_X X' 'Left Lower Arm Inside Motor' 0.00 (77.82<79.82<81.82) Offset=0.2
20190126_160322_645	ETHACCELS_TORSO	A	0	-1.11	0.00	1.04	0.07	0.21	0.28	1	47.75	0.00	6.75	0.41	-0.38	0.48	2	3.51	0.00	4.74	-0.45	0.25	-0.22
20190126_160322_655	ETHACCELS_TORSO	A	0	-0.74	0.00	1.05	-0.36	0.55	0.34	1	47.76	0.00	6.74	1.40	-0.33	-0.53	2	3.53	0.00	4.75	1.86	-0.39	0.49
20190126_160322_665	ETHACCELS_TORSO	A	0	-0.69	0.00	1.05	0.15	0.45	0.13	1	47.77	0.00	6.74	0.50	-1.60	-0.31	2	3.52	0.00	4.76	-0.80	-1.12	1.43
20190126_160322_675	ETHACCELS_TORSO	A	0	-0.46	0.00	1.05	0.39	0.55	0.25	1	47.76	0.00	6.74	-0.30	-0.15	0.49	2	3.52	0.00	4.76	0.29	0.34	-0.73
20190126_160322_685	ETHACCELS_TORSO	A	0	-0.69	0.00	1.05	-0.05	0.44	0.11	1	47.77	0.00	6.74	0.39	-1.39	-0.13	2	3.53	0.00	4.76	0.19	-1.61	0.94
20190126_160322_695	ETHACCELS_TORSO	A	0	-1.02	0.00	1.05	0.22	0.35	-0.26	1	47.77	0.00	6.74	-0.05	-1.07	-0.43	2	3.53	0.00	4.75	0.08	-1.29	-1.06
20190126_160322_705	ETHACCELS_TORSO	A	0	-0.95	0.00	1.05	0.29	0.06	0.49	1	47.78	0.00	6.74	0.86	-0.15	0.14	2	3.52	0.00	4.74	-0.82	-0.76	-1.07
20190126_160322_716	ETHACCELS_TORSO	A	0	-0.82	0.00	1.06	0.36	0.10	0.29	1	47.78	0.00	6.75	0.92	-1.85	0.81	2	3.51	0.00	4.73	-0.75	-1.23	-1.55
20190126_160322_726	ETHACCELS_TORSO	A	0	-0.82	0.00	1.05	-0.35	0.39	-0.22	1	47.80	0.00	6.75	1.10	-2.95	0.72	2	3.51	0.00	4.72	-0.27	-0.98	-0.41
20190126_160322_736	ETHACCELS_TORSO	A	0	-0.76	0.00	1.05	0.50	-0.03	0.00	1	47.81	0.00	6.75	1.03	-1.85	0.02	2	3.50	0.00	4.72	-1.02	-1.79	-0.42
20190126_160322_746	ETHACCELS_TORSO	A	0	-1.00	0.00	1.06	0.20	0.02	0.46	1	47.80	0.00	6.76	-0.10	-0.40	0.50	2	3.49	0.00	4.71	-0.50	-0.74	-1.03
20190126_160322_756	ETHACCELS_TORSO	A	0	-1.19	0.00	1.06	0.16	0.23	0.21	1	47.81	0.00	6.76	0.74	-0.80	-0.37	2	3.49	0.00	4.74	-0.31	-2.26	2.83
20190126_160322_766	ETHACCELS_TORSO	A	0	-0.91	0.00	1.06	0.13	0.57	0.17	1	47.81	0.00	6.75	-0.11	0.66	-0.61	2	3.49	0.00	4.75	-0.42	0.47	1.06
20190126_160322_776	ETHACCELS_TORSO	A	0	-0.85	0.00	1.07	-0.24	0.46	0.42	1	47.82	0.00	6.76	0.60	-2.03	1.46	2	3.49	0.00	4.75	0.34	-2.07	-0.16
20190126_160322_786	ETHACCELS_TORSO	A	0	-0.77	0.00	1.07	0.06	0.38	0.04	1	47.82	0.00	6.77	0.49	-2.37	0.56	2	3.49	0.00	4.76	-0.15	-1.79	0.87
20190126_160322_796	ETHACCELS_TORSO	A	0	-0.92	0.00	1.07	0.22	-0.10	-0.11	1	47.82	0.00	6.78	0.10	-0.82	0.50	2	3.48	0.00	4.74	-1.02	-1.20	-1.04
20190126_160322_806	ETHACCELS_TORSO	A	0	-0.80	0.00	1.07	0.10	-0.06	0.77	1	47.83	0.00	6.77	0.35	-1.21	-0.36	2	3.48	0.00	4.75	-0.14	-1.27	0.32
20190126_160322_816	ETHACCELS_TORSO	A	0	-0.94	0.00	1.08	-0.11	0.10	0.26	1	47.84	0.00	6.76	0.89	-0.47	-0.79	2	3.48	0.00	4.74	-0.15	-1.36	-1.19
20190126_160322_826	ETHACCELS_TORSO	A	0	-0.80	0.00	1.08	-0.51	0.26	0.82	1	47.84	0.00	6.76	0.73	-0.41	0.11	2	3.49	0.00	4.76	1.31	0.46	2.65
20190126_160322_836	ETHACCELS_TORSO	A	0	-0.63	0.00	1.09	-0.11	0.45	0.20	1	47.85	0.00	6.77	0.71	-1.41	0.47	2	3.49	0.00	4.78	0.15	-2.85	1.48
20190126_160322_846	ETHACCELS_TORSO	A	0	-0.52	0.00	1.09	-0.08	0.23	0.31	1	47.85	0.00	6.78	0.15	-1.07	1.20	2	3.49	0.00	4.78	-0.18	-0.90	0.44
20190126_160322_856	ETHACCELS_TORSO	A	0	-0.84	0.00	1.09	-0.05	0.06	-0.08	1	47.85	0.00	6.79	0.03	-0.50	0.94	2	3.49	0.00	4.80	-0.03	-2.04	2.04
20190126_160322_866	ETHACCELS_TORSO	A	0	-0.96	0.00	1.10	0.17	0.08	0.75	1	47.85	0.00	6.79	0.11	-0.70	-0.27	2	3.48	0.00	4.80	-0.56	-0.22	-0.55
20190126_160322_876	ETHACCELS_TORSO	A	0	-0.97	0.00	1.10	0.15	0.16	0.53	1	47.86	0.00	6.79	0.97	-0.71	0.02	2	3.48	0.00	4.79	-0.03	-0.80	-1.02
20190126_160322_886	ETHACCELS_TORSO	A	0	-0.73	0.00	1.11	-0.17	0.49	0.37	1	47.87	0.00	6.79	0.61	-0.36	-0.06	2	3.48	0.00	4.79	-0.56	0.35	0.12
20190126_160322_896	ETHACCELS_TORSO	A	0	-0.63	0.00	1.11	-0.05	0.66	0.19	1	47.86	0.00	6.79	-0.50	-0.77	0.02	2	3.47	0.00	4.78	-0.51	0.29	-0.98
20190126_160322_906	ETHACCELS_TORSO	A	0	-0.49	0.00	1.11	0.19	0.21	0.60	1	47.87	0.00	6.79	0.24	-0.35	-0.12	2	3.47	0.00	4.80	0.27	-0.88	1.80
20190126_160322_916	ETHACCELS_TORSO	A	0	-0.74	0.00	1.11	0.05	0.41	0.04	1	47.86	0.00	6.78	-0.55	-1.37	-0.79	2	3.47	0.00	4.80	-0.60	0.04	-0.02
20190126_160322_926	ETHACCELS_TORSO	A	0	-0.79	0.00	1.12	-0.08	0.29	0.35	1	47.86	0.00	6.78	0.41	0.27	-0.31	2	3.48	0.00	4.80	0.79	-0.36	-0.01
20190126_160322_936	ETHACCELS_TORSO	A	0	-0.87	0.00	1.12	0.16	0.31	0.27	1	47.86	0.00	6.77	-0.09	-0.36	-0.36	2	3.46	0.00	4.77	-1.21	0.57	-2.68
20190126_160322_946	ETHACCELS_TORSO	A	0	-0.63	0.00	1.12	0.05	0.40	0.26	1	47.87	0.00	6.77	0.95	0.03	-0.04	2	3.47	0.00	4.76	0.31	-1.45	-1.22
20190126_160322_956	ETHACCELS_TORSO	A	0	-0.49	0.00	1.13	0.14	0.35	0.32	1	47.87	0.00	6.77	-0.58	-0.18	-0.48	2	3.45	0.00	4.72	-2.15	1.12	-3.22
20190126_160322_966	ETHACCELS_TORSO	A	0	-0.60	0.00	1.13	0.12	0.36	0.20	1	47.87	0.00	6.76	0.69	0.09	-0.68	2	3.43	0.00	4.71	-1.16	0.41	-1.44
20190126_160322_976	ETHACCELS_TORSO	A	0	-0.69	0.00	1.13	0.20	0.59	0.23	1	47.87	0.00	6.76	-0.87	-0.52	0.35	2	3.42	0.00	4.70	-1.42	0.69	-1.09
20190126_160322_986	ETHACCELS_TORSO	A	0	-0.89	0.00	1.13	0.04	0.35	0.52	1	47.87	0.00	6.76	0.37	-0.13	0.04	2	3.42	0.00	4.69	0.37	0.12	-0.81
20190126_160322_996	ETHACCELS_TORSO	A	0	-0.77	0.00	1.14	-0.15	0.20	0.35	1	47.87	0.00	6.76	0.58	0.18	-0.69	2	3.42	0.00	4.69	-0.50	-1.02	0.33
20190126_160323_006	ETHACCELS_TORSO	A	0	-0.76	0.00	1.14	0.05	0.32	0.44	1	47.87	0.00	6.76	-0.49	-0.39	0.26	2	3.40	0.00	4.69	-1.34	-0.43	-0.84
20190126_160323_016	ETHACCELS_TORSO	A	0	-0.76	0.00	1.15	-0.69	0.48	0.84	1	47.87	0.00	6.75	0.47	1.15	-0.69	2	3.40	0.00	4.68	-0.21	0.95	-0.80
20190126_160323_026	ETHACCELS_TORSO	A	0	-0.97	0.00	1.02	0.19	0.73	0.15	1	47.87	0.00	6.76	-0.45	-0.36	0.46	2	3.39	0.00	4.68	-0.96	-0.27	0.29
20190126_160323_036	Switching from Gyro to Accel on Z of ETHACCELS_TORSO  1.0  1.0
20190126_160323_036	ETHACCELS_TORSO	A	0	-0.86	0.00	1.04	-0.45	0.74	0.77	1	47.87	0.00	6.75	0.22	1.31	-0.49	2	3.39	0.00	4.68	-0.52	0.90	-0.50
20190126_160323_046	ETHACCELS_TORSO	A	0	-0.91	0.00	1.13	0.13	0.43	0.55	1	47.88	0.00	6.76	0.76	-0.03	0.39	2	3.38	0.00	4.68	-0.56	0.08	-0.12
20190126_160323_056	ETHACCELS_TORSO	A	0	-0.75	0.00	1.15	-0.56	0.19	0.51	1	47.87	0.00	6.76	-0.52	0.23	0.56	2	3.37	0.00	4.67	-1.26	2.59	-0.13
20190126_160323_066	ETHACCELS_TORSO	A	0	-0.86	0.00	1.08	0.06	0.43	0.80	1	47.87	0.00	6.77	-0.29	-0.45	0.85	2	3.37	0.00	4.68	-0.08	3.34	0.31
20190126_160323_076	ETHACCELS_TORSO	A	0	-0.83	0.00	0.90	0.22	0.41	0.69	1	47.88	0.00	6.77	0.46	-0.24	0.31	2	3.38	0.00	4.71	1.27	-2.04	3.28
20190126_160323_086	ETHACCELS_TORSO	A	0	-0.98	0.00	0.74	-0.30	0.52	0.82	1	47.87	0.00	6.76	-0.39	-0.51	-0.96	2	3.37	0.00	4.70	-0.98	0.74	-1.08
20190126_160323_096	ETHACCELS_TORSO	A	0	-0.77	0.00	0.82	0.04	0.73	0.79	1	47.87	0.00	6.75	0.01	0.98	-1.61	2	3.37	0.00	4.69	0.26	-0.43	-0.46
20190126_160323_106	ETHACCELS_TORSO	A	0	-0.66	0.00	0.67	-0.31	0.75	0.91	1	47.88	0.00	6.74	0.54	0.18	-0.55	2	3.37	0.00	4.70	-0.50	0.98	0.71
20190126_160323_116	ETHACCELS_TORSO	A	0	-0.58	0.00	1.08	0.01	0.55	0.53	1	47.87	0.00	6.75	-1.21	-1.15	0.43	2	3.37	0.00	4.69	-0.15	0.22	-0.75
20190126_160323_126	ETHACCELS_TORSO	A	0	-0.71	0.00	1.24	-0.47	0.11	0.66	1	47.87	0.00	6.76	0.46	-1.15	0.87	2	3.38	0.00	4.71	0.98	1.32	1.97
20190126_160323_136	ETHACCELS_TORSO	A	0	-0.79	0.00	1.05	0.41	0.19	0.73	1	47.87	0.00	6.77	-0.39	-1.65	1.22	2	3.39	0.00	4.75	0.86	-1.46	3.39
20190126_160323_146	ETHACCELS_TORSO	A	0	-0.92	0.00	1.06	-0.47	0.13	1.01	1	47.87	0.00	6.77	0.11	-0.65	0.24	2	3.39	0.00	4.74	0.00	0.30	-0.48
20190126_160323_156	ETHACCELS_TORSO	A	0	-0.93	0.00	1.06	0.05	0.26	0.40	1	47.87	0.00	6.76	0.17	-0.21	-0.57	2	3.39	0.00	4.74	0.18	-0.84	-0.45
20190126_160323_166	ETHACCELS_TORSO	A	0	-0.78	0.00	1.07	-0.25	0.71	0.63	1	47.87	0.00	6.76	0.31	0.08	-0.28	2	3.38	0.00	4.73	-0.66	1.27	-1.09
20190126_160323_176	ETHACCELS_TORSO	A	0	-0.71	0.00	1.07	0.15	0.78	0.49	1	47.86	0.00	6.76	-0.77	-1.35	-0.11	2	3.37	0.00	4.70	-0.82	0.19	-2.33
20190126_160323_186	ETHACCELS_TORSO	A	0	-0.84	0.00	1.08	-0.19	0.49	0.80	1	47.87	0.00	6.76	0.70	-1.60	0.15	2	3.38	0.00	4.72	1.12	0.59	1.52
20190126_160323_196	ETHACCELS_TORSO	A	0	-0.99	0.00	1.08	0.45	0.52	0.53	1	47.87	0.00	6.77	0.19	-1.79	0.60	2	3.39	0.00	4.74	0.40	-1.15	2.12
20190126_160323_206	ETHACCELS_TORSO	A	0	-1.06	0.00	1.09	-0.11	0.39	1.02	1	47.88	0.00	6.77	0.40	-0.64	-0.06	2	3.38	0.00	4.72	-0.42	0.17	-1.76
20190126_160323_216	ETHACCELS_TORSO	A	0	-1.17	0.00	1.10	0.15	0.42	0.52	1	47.88	0.00	6.77	0.39	-0.13	-0.05	2	3.39	0.00	4.72	0.85	-0.55	-0.55
20190126_160323_226	ETHACCELS_TORSO	A	0	-0.96	0.00	1.11	0.18	0.75	0.61	1	47.89	0.00	6.77	0.38	-0.81	-0.14	2	3.39	0.00	4.73	-0.40	0.54	0.87
20190126_160323_236	ETHACCELS_TORSO	A	0	-0.78	0.00	1.11	0.33	0.55	0.66	1	47.88	0.00	6.76	-0.70	-0.89	-0.10	2	3.40	0.00	4.71	0.79	0.23	-2.00
20190126_160323_246	ETHACCELS_TORSO	A	0	-0.66	0.00	1.12	-0.05	-0.02	0.60	1	47.89	0.00	6.78	1.59	-1.71	1.36	2	3.40	0.00	4.72	0.52	-2.31	0.90
20190126_160323_256	ETHACCELS_TORSO	A	0	-0.73	0.00	1.12	0.45	0.41	0.34	1	47.88	0.00	6.78	-1.23	-2.02	0.47	2	3.40	0.00	4.71	-0.65	-0.14	-0.05
20190126_160323_266	ETHACCELS_TORSO	A	0	-0.80	0.00	1.13	-0.37	0.03	0.78	1	47.89	0.00	6.79	0.88	-0.08	0.88	2	3.40	0.00	4.70	0.07	-1.02	-1.05
20190126_160323_276	ETHACCELS_TORSO	A	0	-0.85	0.00	1.13	0.47	0.51	0.24	1	47.89	0.00	6.79	-0.13	-0.94	0.22	2	3.40	0.00	4.69	0.25	0.52	-1.12
20190126_160323_286	ETHACCELS_TORSO	A	0	-0.67	0.00	1.14	0.18	0.59	0.76	1	47.89	0.00	6.79	0.40	0.10	-0.18	2	3.39	0.00	4.66	-0.98	-1.92	-3.75
20190126_160323_296	ETHACCELS_TORSO	A	0	-0.66	0.00	1.14	0.34	0.48	0.47	1	47.90	0.00	6.79	1.05	-1.31	0.13	2	3.39	0.00	4.66	0.36	-0.39	-0.03
20190126_160323_306	ETHACCELS_TORSO	A	0	-0.68	0.00	1.15	0.53	0.59	0.26	1	47.91	0.00	6.79	0.84	-1.07	0.08	2	3.38	0.00	4.66	-1.29	-1.00	0.78
20190126_160323_316	ETHACCELS_TORSO	A	0	-0.84	0.00	1.15	0.26	0.20	0.48	1	47.91	0.00	6.80	-0.24	-0.24	0.16	2	3.36	0.00	4.65	-1.92	1.02	-0.98
20190126_160323_326	ETHACCELS_TORSO	A	0	-0.87	0.00	1.16	0.50	0.09	0.75	1	47.91	0.00	6.80	0.03	0.33	0.05	2	3.36	0.00	4.66	-0.31	0.81	1.06
20190126_160323_336	ETHACCELS_TORSO	A	0	-1.00	0.00	1.16	0.02	0.66	0.23	1	47.91	0.00	6.79	0.44	-0.94	-0.74	2	3.35	0.00	4.65	-0.40	-0.03	-0.87
20190126_160323_346	ETHACCELS_TORSO	A	0	-0.73	0.00	1.16	0.21	0.52	0.34	1	47.93	0.00	6.79	1.20	0.45	0.38	2	3.35	0.00	4.65	-0.78	0.83	-0.10
20190126_160323_356	ETHACCELS_TORSO	A	0	-0.70	0.00	1.17	0.21	0.63	0.10	1	47.94	0.00	6.80	1.15	-0.73	0.37	2	3.33	0.00	4.65	-1.60	-0.63	-0.61
20190126_160323_366	ETHACCELS_TORSO	A	0	-0.76	0.00	1.17	0.14	0.46	0.29	1	47.94	0.00	6.80	0.52	-0.53	0.55	2	3.31	0.00	4.62	-1.66	0.53	-2.92
20190126_160323_376	ETHACCELS_TORSO	A	0	-0.95	0.00	1.17	0.03	0.26	-0.03	1	47.95	0.00	6.81	0.83	0.55	1.00	2	3.31	0.00	4.62	-0.72	-0.07	0.58
20190126_160323_386	ETHACCELS_TORSO	A	0	-0.93	0.00	1.17	0.30	0.32	0.55	1	47.96	0.00	6.79	0.55	0.14	-1.79	2	3.30	0.00	4.62	-0.15	1.00	-0.23
20190126_160323_396	ETHACCELS_TORSO	A	0	-1.01	0.00	1.18	-0.26	0.71	0.38	1	47.96	0.00	6.79	0.46	-0.79	-0.84	2	3.30	0.00	4.63	-0.44	1.75	0.65
20190126_160323_406	ETHACCELS_TORSO	A	0	-0.66	0.00	1.18	-0.07	0.39	0.42	1	47.97	0.00	6.77	0.33	-0.45	-1.19	2	3.30	0.00	4.63	0.28	0.04	0.35
20190126_160323_416	ETHACCELS_TORSO	A	0	-0.65	0.00	1.18	-0.03	0.62	0.18	1	47.96	0.00	6.79	-0.45	-2.17	1.43	2	3.31	0.00	4.64	0.58	0.90	0.42
20190126_160323_426	ETHACCELS_TORSO	A	0	-0.69	0.00	1.19	0.19	0.55	0.53	1	47.96	0.00	6.79	-0.45	-0.99	-0.13	2	3.33	0.00	4.67	1.73	-0.48	2.95
20190126_160323_436	ETHACCELS_TORSO	A	0	-1.03	0.00	1.19	-0.16	0.38	0.18	1	47.95	0.00	6.79	-0.91	0.31	0.19	2	3.33	0.00	4.67	0.13	0.46	0.18
20190126_160323_446	ETHACCELS_TORSO	A	0	-1.19	0.00	1.20	-0.23	0.18	0.63	1	47.94	0.00	6.78	-0.31	-0.16	-0.37	2	3.33	0.00	4.67	0.37	-1.26	-0.00
20190126_160323_456	ETHACCELS_TORSO	A	0	-1.10	0.00	1.20	-0.34	0.39	0.50	1	47.94	0.00	6.78	-0.49	-0.33	-0.64	2	3.33	0.00	4.67	0.08	-1.90	0.06
20190126_160323_466	ETHACCELS_TORSO	A	0	-0.68	0.00	1.20	0.35	0.62	0.27	1	47.94	0.00	6.78	0.25	-1.14	0.06	2	3.34	0.00	4.65	0.42	-3.13	-1.37
20190126_160323_476	ETHACCELS_TORSO	A	0	-0.55	0.00	1.21	0.03	0.48	0.27	1	47.95	0.00	6.80	0.37	-2.27	1.66	2	3.32	0.00	4.64	-1.52	-1.51	-1.69
20190126_160323_486	ETHACCELS_TORSO	A	0	-0.55	0.00	1.21	0.36	0.29	0.35	1	47.94	0.00	6.80	-0.26	-2.11	0.76	2	3.32	0.00	4.64	-0.51	-0.45	-0.15
20190126_160323_496	ETHACCELS_TORSO	A	0	-0.74	0.00	1.22	0.24	0.31	0.47	1	47.94	0.00	6.80	-0.35	0.51	-0.56	2	3.30	0.00	4.64	-1.11	1.24	0.15
20190126_160323_506	ETHACCELS_TORSO	A	0	-0.98	0.00	1.22	0.79	0.37	0.51	1	47.94	0.00	6.79	0.26	-0.25	-0.66	2	3.30	0.00	4.63	-0.50	0.84	-0.40
20190126_160323_516	ETHACCELS_TORSO	A	0	-1.01	0.00	1.23	-0.27	0.68	0.63	1	47.96	0.00	6.78	1.52	1.30	-1.27	2	3.29	0.00	4.63	-0.66	1.36	-0.38
20190126_160323_526	ETHACCELS_TORSO	A	0	-0.75	0.00	1.23	0.49	0.70	0.30	1	47.96	0.00	6.78	0.37	-1.63	0.42	2	3.29	0.00	4.63	0.13	-1.78	-0.10
20190126_160323_536	ETHACCELS_TORSO	A	0	-0.44	0.00	1.24	0.47	0.47	0.84	1	47.97	0.00	6.80	1.03	-2.40	1.76	2	3.28	0.00	4.60	-1.19	-1.64	-2.84
20190126_160323_546	ETHACCELS_TORSO	A	0	-0.62	0.00	1.24	0.82	0.22	0.40	1	47.97	0.00	6.81	0.07	-2.82	1.42	2	3.27	0.00	4.61	-0.79	-1.98	0.88
20190126_160323_556	ETHACCELS_TORSO	A	0	-0.87	0.00	1.25	0.23	-0.01	0.27	1	47.97	0.00	6.81	0.06	0.89	-0.62	2	3.27	0.00	4.60	-0.24	1.36	-0.49
20190126_160323_566	ETHACCELS_TORSO	A	0	-1.19	0.00	1.25	0.20	0.29	0.83	1	47.98	0.00	6.80	0.55	-0.66	-0.54	2	3.27	0.00	4.61	-0.61	0.75	0.23
20190126_160323_576	ETHACCELS_TORSO	A	0	-1.07	0.00	1.26	-0.13	0.46	0.79	1	47.99	0.00	6.79	1.60	2.40	-0.96	2	3.26	0.00	4.60	-0.63	-0.63	-0.29
20190126_160323_586	ETHACCELS_TORSO	A	0	-0.91	0.00	1.27	-0.37	0.68	0.50	1	48.00	0.00	6.80	0.17	-1.64	0.30	2	3.24	0.00	4.58	-1.61	-1.20	-2.32
20190126_160323_596	ETHACCELS_TORSO	A	0	-0.56	0.00	1.27	0.10	0.31	0.61	1	48.01	0.00	6.81	1.56	-2.50	1.76	2	3.24	0.00	4.58	-0.61	-2.85	-0.49
20190126_160323_606	ETHACCELS_TORSO	A	0	-0.56	0.00	1.28	0.63	0.08	0.46	1	48.01	0.00	6.82	-0.49	-2.34	0.87	2	3.23	0.00	4.58	-0.47	-0.29	0.06
20190126_160323_616	ETHACCELS_TORSO	A	0	-0.93	0.00	1.28	-0.12	-0.28	0.77	1	48.01	0.00	6.82	0.71	1.02	-0.39	2	3.23	0.00	4.59	-0.27	0.45	0.99
20190126_160323_626	ETHACCELS_TORSO	A	0	-1.27	0.00	1.29	0.06	0.43	0.34	1	48.01	0.00	6.81	0.02	0.19	-1.10	2	3.22	0.00	4.58	-0.51	1.59	-1.01
20190126_160323_636	ETHACCELS_TORSO	A	0	-1.07	0.00	1.30	-0.26	0.74	1.31	1	48.02	0.00	6.80	0.89	1.29	-0.39	2	3.23	0.00	4.57	0.89	0.79	-0.29
20190126_160323_646	ETHACCELS_TORSO	A	0	-0.70	0.00	1.31	-0.56	0.96	0.54	1	48.04	0.00	6.82	1.71	-1.86	2.02	2	3.25	0.00	4.58	1.31	-3.09	0.32
20190126_160323_656	ETHACCELS_TORSO	A	0	-0.45	0.00	1.31	-0.33	0.10	0.45	1	48.04	0.00	6.83	-0.06	-3.29	1.05	2	3.24	0.00	4.56	-1.08	-0.30	-1.35
20190126_160323_666	ETHACCELS_TORSO	A	0	-0.58	0.00	1.31	0.23	-0.24	0.23	1	48.04	0.00	6.83	-0.06	-0.27	-0.21	2	3.22	0.00	4.56	-1.47	-0.74	-0.03
20190126_160323_676	ETHACCELS_TORSO	A	0	-0.78	0.00	1.32	0.08	-0.10	1.02	1	48.03	0.00	6.83	-0.88	0.24	-0.63	2	3.23	0.00	4.57	0.65	1.48	0.28
20190126_160323_686	ETHACCELS_TORSO	A	0	-1.20	0.00	1.33	-0.69	0.58	0.22	1	48.03	0.00	6.82	0.36	0.40	-0.95	2	3.24	0.00	4.57	1.50	-0.26	0.35
20190126_160323_696	ETHACCELS_TORSO	A	0	-0.85	0.00	1.33	-0.26	0.90	0.82	1	48.04	0.00	6.80	0.98	1.49	-1.15	2	3.26	0.00	4.58	1.91	-0.84	0.91
20190126_160323_706	ETHACCELS_TORSO	A	0	-0.59	0.00	1.34	0.31	0.79	0.54	1	48.05	0.00	6.81	0.34	-2.22	0.54	2	3.26	0.00	4.57	-0.53	-1.14	-1.16
20190126_160323_716	ETHACCELS_TORSO	A	0	-0.27	0.00	1.34	0.24	0.26	0.45	1	48.04	0.00	6.81	-0.30	-0.19	0.31	2	3.24	0.00	4.57	-1.15	0.11	0.07
20190126_160323_726	ETHACCELS_TORSO	A	0	-0.58	0.00	1.35	0.34	-0.19	0.25	1	48.03	0.00	6.81	-1.22	-0.05	-0.22	2	3.23	0.00	4.58	-1.17	1.15	1.07
20190126_160323_736	ETHACCELS_TORSO	A	0	-0.96	0.00	1.36	-0.05	0.40	0.91	1	48.03	0.00	6.81	-0.00	-0.21	-0.17	2	3.23	0.00	4.59	-0.08	0.86	0.90
20190126_160323_746	ETHACCELS_TORSO	A	0	-1.14	0.00	1.36	-0.41	0.90	0.47	1	48.04	0.00	6.81	1.05	0.86	-0.32	2	3.22	0.00	4.58	-1.48	0.51	-0.90
20190126_160323_756	ETHACCELS_TORSO	A	0	-0.93	0.00	1.37	0.21	0.81	0.65	1	48.05	0.00	6.81	1.12	-0.21	0.08	2	3.21	0.00	4.56	-0.87	-0.82	-1.82
20190126_160323_766	ETHACCELS_TORSO	A	0	-0.62	0.00	1.37	-0.35	0.83	0.07	1	48.05	0.00	6.81	0.10	-2.11	-0.11	2	3.19	0.00	4.54	-1.56	0.10	-1.67
20190126_160323_776	ETHACCELS_TORSO	A	0	-0.53	0.00	1.37	0.56	-0.20	0.21	1	48.06	0.00	6.81	0.22	0.40	0.08	2	3.19	0.00	4.53	-0.61	1.32	-1.49
20190126_160323_786	ETHACCELS_TORSO	A	0	-0.99	0.00	1.37	0.27	0.22	0.43	1	48.05	0.00	6.80	-0.39	0.85	-0.73	2	3.18	0.00	4.53	-1.18	0.79	0.00
20190126_160323_796	ETHACCELS_TORSO	A	0	-1.23	0.00	1.38	0.26	0.44	0.31	1	48.06	0.00	6.80	0.54	-0.14	-0.08	2	3.18	0.00	4.53	0.12	-1.16	-0.16
20190126_160323_806	ETHACCELS_TORSO	A	0	-1.08	0.00	1.39	-0.55	0.87	0.83	1	48.07	0.00	6.79	0.77	1.12	-0.56	2	3.18	0.00	4.52	-0.06	-0.49	-0.34
20190126_160323_816	ETHACCELS_TORSO	A	0	-0.83	0.00	1.39	0.04	0.61	0.38	1	48.07	0.00	6.81	0.76	-2.06	1.41	2	3.18	0.00	4.52	0.03	-1.11	0.14
20190126_160323_826	ETHACCELS_TORSO	A	0	-0.43	0.00	1.40	0.10	0.45	0.63	1	48.07	0.00	6.79	-0.18	0.37	-1.34	2	3.17	0.00	4.52	-0.69	1.25	-0.20
20190126_160323_836	ETHACCELS_TORSO	A	0	-0.64	0.00	1.40	0.54	0.19	0.29	1	48.07	0.00	6.78	-0.19	0.91	-0.95	2	3.16	0.00	4.51	-1.42	0.87	-1.39
20190126_160323_846	ETHACCELS_TORSO	A	0	-0.85	0.00	1.40	-0.25	0.52	0.44	1	48.07	0.00	6.79	-0.39	-0.91	0.22	2	3.15	0.00	4.51	-0.50	-0.62	-0.07
20190126_160323_856	ETHACCELS_TORSO	A	0	-1.08	0.00	1.40	-0.24	0.47	-0.02	1	48.07	0.00	6.79	0.84	0.14	0.14	2	3.15	0.00	4.52	0.08	0.38	0.74
20190126_160323_866	ETHACCELS_TORSO	A	0	-0.88	0.00	1.41	-0.01	0.42	0.43	1	48.08	0.00	6.79	0.63	-1.00	-0.11	2	3.14	0.00	4.50	-0.71	-1.43	-1.04
20190126_160323_876	ETHACCELS_TORSO	A	0	-0.73	0.00	1.41	-0.10	0.06	0.45	1	48.08	0.00	6.79	-0.41	-1.55	0.17	2	3.13	0.00	4.51	-1.38	-0.02	0.16
20190126_160323_886	ETHACCELS_TORSO	A	0	-0.59	0.00	1.41	0.13	-0.16	0.32	1	48.08	0.00	6.79	0.00	0.59	0.10	2	3.13	0.00	4.51	0.44	0.39	0.54
20190126_160323_896	ETHACCELS_TORSO	A	0	-0.98	0.00	1.42	-0.12	0.55	0.44	1	48.07	0.00	6.79	-0.19	-0.28	0.25	2	3.12	0.00	4.51	-1.13	-0.14	-0.13
20190126_160323_906	ETHACCELS_TORSO	A	0	-0.97	0.00	1.42	0.32	0.39	0.49	1	48.08	0.00	6.79	0.34	-0.41	-0.42	2	3.12	0.00	4.51	-0.07	-0.22	-0.35
20190126_160323_916	ETHACCELS_TORSO	A	0	-0.88	0.00	1.43	-0.11	0.85	0.55	1	48.08	0.00	6.79	0.77	0.82	0.66	2	3.12	0.00	4.50	-0.72	-1.24	-1.20
20190126_160323_926	ETHACCELS_TORSO	A	0	-0.77	0.00	1.43	0.01	0.55	0.31	1	48.08	0.00	6.80	-0.00	-1.87	0.59	2	3.11	0.00	4.48	-0.80	-0.41	-1.11
20190126_160323_936	ETHACCELS_TORSO	A	0	-0.71	0.00	1.44	-0.20	-0.20	0.59	1	48.09	0.00	6.80	0.56	0.29	-0.38	2	3.11	0.00	4.49	0.05	-0.23	0.76
20190126_160323_946	ETHACCELS_TORSO	A	0	-0.82	0.00	1.44	0.60	0.11	0.61	1	48.10	0.00	6.80	0.50	-0.88	0.18	2	3.10	0.00	4.49	-0.43	-0.21	-0.27
20190126_160323_956	ETHACCELS_TORSO	A	0	-0.94	0.00	1.45	-0.23	0.23	0.48	1	48.10	0.00	6.80	0.13	-1.26	0.62	2	3.10	0.00	4.49	0.11	-0.92	-0.02
20190126_160323_966	ETHACCELS_TORSO	A	0	-0.94	0.00	1.45	-0.34	0.29	0.29	1	48.11	0.00	6.81	1.37	-0.23	0.59	2	3.10	0.00	4.49	-0.53	-0.80	-0.23
20190126_160323_976	ETHACCELS_TORSO	A	0	-0.72	0.00	1.46	0.18	0.58	0.58	1	48.11	0.00	6.81	0.10	-0.79	-0.08	2	3.09	0.00	4.47	-0.50	-0.09	-1.97
20190126_160323_986	ETHACCELS_TORSO	A	0	-0.80	0.00	1.46	-0.12	0.35	0.68	1	48.12	0.00	6.80	0.75	-1.17	-0.48	2	3.10	0.00	4.48	0.62	0.59	1.58
20190126_160323_996	ETHACCELS_TORSO	A	0	-0.77	0.00	1.47	0.06	0.26	0.54	1	48.12	0.00	6.81	-0.26	-0.29	0.63	2	3.11	0.00	4.49	0.63	-0.92	0.46
20190126_160324_006	ETHACCELS_TORSO	A	0	-0.99	0.00	1.47	-0.40	0.57	0.44	1	48.12	0.00	6.82	0.45	-1.20	0.93	2	3.10	0.00	4.48	-0.21	-1.23	-0.31
20190126_160324_016	ETHACCELS_TORSO	A	0	-0.95	0.00	1.48	0.42	0.54	0.78	1	48.11	0.00	6.82	-0.63	-0.04	-0.24	2	3.10	0.00	4.48	-0.37	-1.10	-0.67
20190126_160324_026	ETHACCELS_TORSO	A	0	-0.75	0.00	1.49	-0.44	0.55	0.46	1	48.12	0.00	6.82	0.95	-0.14	0.31	2	3.11	0.00	4.47	0.92	-0.11	-0.40
20190126_160324_036	ETHACCELS_TORSO	A	0	-0.59	0.00	1.49	0.28	0.50	0.49	1	48.12	0.00	6.81	-0.86	-2.11	-0.64	2	3.10	0.00	4.48	-0.63	-0.77	0.86
20190126_160324_046	ETHACCELS_TORSO	A	0	-0.59	0.00	1.50	-0.15	0.47	0.59	1	48.12	0.00	6.82	0.55	-0.84	0.15	2	3.11	0.00	4.49	0.31	0.99	1.06
20190126_160324_056	ETHACCELS_TORSO	A	0	-0.66	0.00	1.50	0.63	0.29	0.50	1	48.12	0.00	6.82	-0.02	-0.75	0.31	2	3.10	0.00	4.50	-0.24	-1.04	1.21
20190126_160324_066	ETHACCELS_TORSO	A	0	-0.69	0.00	1.50	-0.28	0.42	0.09	1	48.12	0.00	6.82	-0.36	-1.33	0.55	2	3.10	0.00	4.49	-0.44	0.77	-1.06
20190126_160324_076	ETHACCELS_TORSO	A	0	-0.73	0.00	1.51	0.30	0.13	0.67	1	48.12	0.00	6.82	0.43	0.11	-0.34	2	3.10	0.00	4.50	0.37	-0.33	0.46
20190126_160324_086	ETHACCELS_TORSO	A	0	-0.73	0.00	1.51	-0.26	0.71	0.23	1	48.13	0.00	6.82	0.41	-0.54	0.38	2	3.11	0.00	4.50	0.55	-0.32	0.41
20190126_160324_096	ETHACCELS_TORSO	A	0	-0.61	0.00	1.52	0.28	0.51	0.52	1	48.13	0.00	6.83	0.09	-2.05	0.61	2	3.10	0.00	4.49	-0.53	-1.59	-1.03
20190126_160324_106	ETHACCELS_TORSO	A	0	-0.54	0.00	1.52	0.27	0.34	0.15	1	48.13	0.00	6.83	0.74	-0.08	-0.15	2	3.10	0.00	4.49	-0.47	0.25	0.19
20190126_160324_116	ETHACCELS_TORSO	A	0	-0.76	0.00	1.53	0.52	0.25	0.71	1	48.13	0.00	6.83	-0.41	-0.68	-0.08	2	3.09	0.00	4.49	-1.21	0.08	-0.24
20190126_160324_126	ETHACCELS_TORSO	A	0	-0.90	0.00	1.53	0.05	0.19	0.42	1	48.13	0.00	6.83	0.52	-0.52	0.18	2	3.08	0.00	4.49	-0.38	0.39	0.06
20190126_160324_136	ETHACCELS_TORSO	A	0	-1.04	0.00	1.54	0.34	0.00	0.52	1	48.14	0.00	6.83	0.61	-0.08	-0.11	2	3.09	0.00	4.49	0.16	0.95	-0.22
20190126_160324_146	ETHACCELS_TORSO	A	0	-0.82	0.00	1.54	-0.14	0.59	0.59	1	48.15	0.00	6.82	0.74	-0.07	-0.55	2	3.07	0.00	4.47	-1.27	-1.93	-1.76
20190126_160324_156	ETHACCELS_TORSO	A	0	-0.73	0.00	1.54	0.25	0.48	0.21	1	48.15	0.00	6.83	0.55	-1.01	0.68	2	3.06	0.00	4.46	-1.12	-0.33	-1.00
20190126_160324_166	ETHACCELS_TORSO	A	0	-0.69	0.00	1.55	0.30	0.40	0.51	1	48.16	0.00	6.83	0.94	-0.09	-0.02	2	3.06	0.00	4.47	-0.34	-0.41	0.61
20190126_160324_176	ETHACCELS_TORSO	A	0	-0.80	0.00	1.11	0.22	0.52	0.37	1	48.16	0.00	6.84	-0.29	-0.05	0.76	2	3.05	0.00	4.46	-1.25	0.28	-0.67
20190126_160324_186	Switching from Gyro to Accel on Z of ETHACCELS_TORSO  1.1  1.0
20190126_160324_186	ETHACCELS_TORSO	A	0	-0.87	0.00	0.96	-0.11	0.42	0.72	1	48.16	0.00	6.83	0.33	-0.11	-0.87	2	3.05	0.00	4.46	0.02	0.89	-0.09
20190126_160324_196	ETHACCELS_TORSO	A	0	-1.09	0.00	0.77	0.05	0.58	0.56	1	48.16	0.00	6.82	0.07	-0.02	-1.02	2	3.02	0.00	4.46	-2.40	0.12	-0.49
20190126_160324_206	ETHACCELS_TORSO	A	0	-0.96	0.00	1.01	0.19	0.51	0.73	1	48.16	0.00	6.81	-0.10	-1.16	-0.66	2	3.03	0.00	4.46	0.82	0.23	0.18
20190126_160324_216	ETHACCELS_TORSO	A	0	-0.90	0.00	1.03	0.34	0.16	0.47	1	48.17	0.00	6.81	0.54	-2.09	-0.43	2	3.04	0.00	4.46	0.69	-1.78	0.52
20190126_160324_226	ETHACCELS_TORSO	A	0	-0.78	0.00	1.27	0.66	0.11	0.37	1	48.17	0.00	6.80	0.22	-0.57	-0.56	2	3.04	0.00	4.45	0.15	-0.06	-1.27
20190126_160324_236	ETHACCELS_TORSO	A	0	-1.03	0.00	1.02	-0.05	0.10	0.43	1	48.16	0.00	6.80	-1.03	0.74	-0.46	2	3.03	0.00	4.43	-1.19	0.52	-2.00
20190126_160324_246	ETHACCELS_TORSO	A	0	-1.07	0.00	0.71	0.27	0.52	0.56	1	48.15	0.00	6.79	-0.71	0.28	-0.34	2	3.03	0.00	4.43	0.53	0.45	-0.46
20190126_160324_256	ETHACCELS_TORSO	A	0	-1.03	0.00	1.00	-0.20	0.65	0.69	1	48.15	0.00	6.79	0.13	-0.10	-0.94	2	3.04	0.00	4.42	0.45	0.09	-1.01
20190126_160324_266	ETHACCELS_TORSO	A	0	-0.88	0.00	1.41	0.04	0.75	0.44	1	48.16	0.00	6.80	0.32	-1.08	1.08	2	3.04	0.00	4.42	0.14	-1.46	0.13
20190126_160324_276	ETHACCELS_TORSO	A	0	-0.77	0.00	1.52	-0.05	0.34	0.53	1	48.16	0.00	6.80	0.20	-2.68	0.76	2	3.03	0.00	4.40	-0.37	-0.41	-1.52
20190126_160324_286	ETHACCELS_TORSO	A	0	-0.82	0.00	1.59	0.40	0.10	0.71	1	48.16	0.00	6.81	-0.11	-0.35	0.12	2	3.04	0.00	4.40	0.15	-0.22	0.11
20190126_160324_296	ETHACCELS_TORSO	A	0	-1.07	0.00	1.03	0.13	0.16	0.72	1	48.15	0.00	6.80	-0.48	-0.05	-0.05	2	3.03	0.00	4.41	-0.32	1.04	0.19
20190126_160324_306	ETHACCELS_TORSO	A	0	-0.97	0.00	0.75	-0.07	0.52	0.73	1	48.15	0.00	6.80	-0.07	-0.53	-0.82	2	3.03	0.00	4.40	0.10	-0.27	-0.22
20190126_160324_316	ETHACCELS_TORSO	A	0	-0.84	0.00	0.93	-0.06	0.55	0.45	1	48.17	0.00	6.79	1.18	0.52	-0.40	2	3.03	0.00	4.40	-0.28	0.60	-0.43
20190126_160324_326	ETHACCELS_TORSO	A	0	-0.93	0.00	0.94	0.29	0.60	0.18	1	48.17	0.00	6.80	0.13	-1.98	0.27	2	3.01	0.00	4.37	-2.09	-0.94	-2.61
20190126_160324_336	ETHACCELS_TORSO	A	0	-0.95	0.00	1.32	0.19	0.15	0.52	1	48.17	0.00	6.80	0.65	-0.92	0.15	2	2.99	0.00	4.35	-2.04	-0.15	-2.61
20190126_160324_346	ETHACCELS_TORSO	A	0	-1.02	0.00	1.09	0.53	-0.06	0.63	1	48.17	0.00	6.80	0.16	0.18	0.00	2	2.97	0.00	4.33	-1.60	0.25	-1.71
20190126_160324_356	ETHACCELS_TORSO	A	0	-1.09	0.00	0.68	-0.21	0.42	0.64	1	48.17	0.00	6.79	-0.03	-0.20	-0.88	2	2.97	0.00	4.33	-0.33	-0.11	0.03
20190126_160324_366	ETHACCELS_TORSO	A	0	-1.06	0.00	0.63	-0.05	1.11	0.69	1	48.19	0.00	6.78	1.22	0.40	-1.28	2	2.97	0.00	4.32	0.31	1.52	-0.50
20190126_160324_376	ETHACCELS_TORSO	A	0	-0.89	0.00	0.78	-0.07	0.63	0.53	1	48.20	0.00	6.76	1.06	1.34	-1.57	2	2.97	0.00	4.32	-0.40	-1.04	-0.55
20190126_160324_386	ETHACCELS_TORSO	A	0	-0.79	0.00	0.98	0.12	0.64	0.29	1	48.20	0.00	6.77	-0.13	-1.83	1.38	2	2.95	0.00	4.30	-1.92	-0.54	-1.86
20190126_160324_396	ETHACCELS_TORSO	A	0	-0.62	0.00	1.42	0.19	0.19	0.39	1	48.20	0.00	6.77	0.45	-0.54	0.02	2	2.95	0.00	4.30	-0.21	-0.63	-0.08
20190126_160324_406	ETHACCELS_TORSO	A	0	-1.02	0.00	1.15	0.30	0.03	0.40	1	48.20	0.00	6.78	0.33	-0.44	0.77	2	2.94	0.00	4.29	-0.88	0.32	-0.55
20190126_160324_416	ETHACCELS_TORSO	A	0	-1.14	0.00	0.95	-0.27	0.21	0.72	1	48.21	0.00	6.78	0.45	-0.76	-0.39	2	2.93	0.00	4.29	-0.43	-0.31	-0.57
20190126_160324_426	ETHACCELS_TORSO	A	0	-1.04	0.00	0.71	-0.11	0.50	0.36	1	48.22	0.00	6.78	1.12	-0.22	0.02	2	2.93	0.00	4.28	-0.42	1.95	-0.56
20190126_160324_436	ETHACCELS_TORSO	A	0	-0.80	0.00	0.91	-0.27	0.32	0.79	1	48.22	0.00	6.78	0.16	-0.66	0.55	2	2.93	0.00	4.28	0.14	0.80	-0.26
20190126_160324_446	ETHACCELS_TORSO	A	0	-0.73	0.00	0.97	0.08	0.49	0.36	1	48.22	0.00	6.79	0.29	-2.33	0.81	2	2.93	0.00	4.28	0.11	-1.02	-0.25
20190126_160324_456	ETHACCELS_TORSO	A	0	-0.73	0.00	1.09	0.56	0.17	0.47	1	48.22	0.00	6.79	-0.68	-0.31	0.22	2	2.94	0.00	4.29	0.29	-0.23	0.81
20190126_160324_466	ETHACCELS_TORSO	A	0	-1.05	0.00	0.73	-0.16	0.12	0.63	1	48.21	0.00	6.80	-0.61	-0.51	0.18	2	2.94	0.00	4.29	-0.02	-0.37	0.49
20190126_160324_476	ETHACCELS_TORSO	A	0	-1.00	0.00	0.67	0.27	0.42	0.63	1	48.21	0.00	6.79	0.05	0.02	-0.21	2	2.94	0.00	4.29	0.62	-1.37	-0.40
20190126_160324_486	ETHACCELS_TORSO	A	0	-0.85	0.00	0.61	-0.36	0.71	0.55	1	48.22	0.00	6.79	0.63	0.59	0.02	2	2.93	0.00	4.27	-0.72	0.47	-1.89
20190126_160324_496	ETHACCELS_TORSO	A	0	-0.63	0.00	0.93	-0.14	0.73	0.43	1	48.23	0.00	6.80	0.90	-0.92	0.92	2	2.92	0.00	4.27	-1.18	-1.38	0.12
20190126_160324_506	ETHACCELS_TORSO	A	0	-0.63	0.00	1.29	-0.37	0.52	0.11	1	48.23	0.00	6.81	0.42	-0.89	0.39	2	2.91	0.00	4.26	-1.18	0.45	-1.08
20190126_160324_516	ETHACCELS_TORSO	A	0	-0.84	0.00	1.67	0.51	-0.04	0.53	1	48.24	0.00	6.80	0.47	-0.31	-0.46	2	2.90	0.00	4.26	-1.40	-0.62	0.59
20190126_160324_526	ETHACCELS_TORSO	A	0	-0.89	0.00	1.32	0.04	0.27	0.50	1	48.23	0.00	6.80	-0.24	-0.53	0.05	2	2.89	0.00	4.26	-0.95	1.32	-0.19
20190126_160324_536	ETHACCELS_TORSO	A	0	-1.07	0.00	1.08	-0.21	0.54	0.58	1	48.24	0.00	6.80	0.87	-0.73	-0.28	2	2.88	0.00	4.25	-0.40	-0.52	-1.51
20190126_160324_546	ETHACCELS_TORSO	A	0	-0.77	0.00	1.08	0.02	0.62	0.52	1	48.24	0.00	6.80	-0.01	-0.03	-0.06	2	2.90	0.00	4.24	1.18	0.82	-1.23
20190126_160324_556	ETHACCELS_TORSO	A	0	-0.63	0.00	0.93	0.74	0.68	0.47	1	48.25	0.00	6.81	0.72	-2.44	0.79	2	2.90	0.00	4.24	0.78	-2.31	0.14
20190126_160324_566	ETHACCELS_TORSO	A	0	-0.60	0.00	1.40	0.46	0.40	0.73	1	48.25	0.00	6.81	-0.32	-0.65	0.26	2	2.90	0.00	4.23	0.08	-0.17	-1.11
20190126_160324_576	ETHACCELS_TORSO	A	0	-1.08	0.00	1.20	0.05	-0.08	0.06	1	48.25	0.00	6.82	-0.05	-0.02	0.79	2	2.90	0.00	4.21	-0.15	-0.04	-1.06
20190126_160324_586	ETHACCELS_TORSO	A	0	-1.05	0.00	0.94	0.29	-0.11	0.61	1	48.24	0.00	6.82	-0.14	-0.58	0.18	2	2.90	0.00	4.23	0.21	-0.46	1.46
20190126_160324_596	ETHACCELS_TORSO	A	0	-0.89	0.00	0.84	-0.10	0.63	0.65	1	48.25	0.00	6.81	0.59	0.56	-0.56	2	2.90	0.00	4.22	-0.63	0.83	-1.38
20190126_160324_606	ETHACCELS_TORSO	A	0	-0.72	0.00	0.70	-0.25	0.45	0.24	1	48.26	0.00	6.82	0.69	-0.66	0.22	2	2.89	0.00	4.19	-0.79	-0.88	-2.68
20190126_160324_616	ETHACCELS_TORSO	A	0	-0.76	0.00	0.86	-0.43	0.73	0.22	1	48.25	0.00	6.82	-0.29	-1.66	0.23	2	2.88	0.00	4.17	-1.47	0.45	-2.26
20190126_160324_626	ETHACCELS_TORSO	A	0	-0.72	0.00	1.38	0.71	0.26	0.41	1	48.26	0.00	6.82	0.57	-0.23	0.00	2	2.86	0.00	4.16	-1.08	-0.63	-0.59
20190126_160324_636	ETHACCELS_TORSO	A	0	-0.86	0.00	1.14	0.27	0.10	0.56	1	48.26	0.00	6.82	-0.40	-0.64	-0.23	2	2.85	0.00	4.15	-1.07	0.86	-0.72
20190126_160324_646	ETHACCELS_TORSO	A	0	-1.05	0.00	0.99	-0.05	0.38	0.47	1	48.26	0.00	6.81	0.29	-0.06	-0.18	2	2.85	0.00	4.15	-0.02	-1.95	0.16
20190126_160324_656	ETHACCELS_TORSO	A	0	-1.02	0.00	0.87	0.05	0.26	0.49	1	48.26	0.00	6.81	0.67	0.18	-0.14	2	2.86	0.00	4.15	0.29	-0.43	0.00
20190126_160324_666	ETHACCELS_TORSO	A	0	-0.84	0.00	0.67	0.30	0.54	0.37	1	48.28	0.00	6.82	1.00	-1.21	0.34	2	2.85	0.00	4.15	-0.45	-2.12	-0.71
20190126_160324_676	ETHACCELS_TORSO	A	0	-0.75	0.00	0.65	-0.21	0.38	0.53	1	48.28	0.00	6.81	0.47	0.22	-0.50	2	2.85	0.00	4.14	-0.35	-0.43	-0.33
20190126_160324_686	ETHACCELS_TORSO	A	0	-0.85	0.00	0.74	0.11	0.37	0.25	1	48.28	0.00	6.81	0.17	-0.40	0.37	2	2.85	0.00	4.16	0.07	-1.48	1.63
20190126_160324_696	ETHACCELS_TORSO	A	0	-0.81	0.00	0.80	0.17	0.42	0.57	1	48.28	0.00	6.81	0.23	-0.23	-0.21	2	2.85	0.00	4.17	-0.16	-0.07	0.90
20190126_160324_706	ETHACCELS_TORSO	A	0	-0.96	0.00	0.76	0.13	0.46	0.56	1	48.29	0.00	6.82	0.28	-0.44	0.83	2	2.85	0.00	4.17	-0.04	0.14	-0.33
20190126_160324_716	ETHACCELS_TORSO	A	0	-0.57	0.00	0.93	-0.42	0.39	0.54	1	48.29	0.00	6.82	0.65	-0.25	0.33	2	2.85	0.00	4.18	0.26	-0.40	1.87
20190126_160324_726	ETHACCELS_TORSO	A	0	-0.66	0.00	0.99	-0.19	0.25	0.26	1	48.29	0.00	6.83	-0.72	-1.23	0.75	2	2.85	0.00	4.19	0.32	1.02	0.06
20190126_160324_736	ETHACCELS_TORSO	A	0	-0.64	0.00	1.08	-0.10	0.30	0.58	1	48.29	0.00	6.83	0.45	-0.24	-0.27	2	2.87	0.00	4.21	1.34	-1.75	2.03
20190126_160324_746	ETHACCELS_TORSO	A	0	-0.85	0.00	0.81	0.08	0.58	0.33	1	48.28	0.00	6.83	-0.84	-1.25	-0.34	2	2.86	0.00	4.20	-0.80	0.03	-0.16
20190126_160324_756	ETHACCELS_TORSO	A	0	-0.92	0.00	0.99	-0.04	0.53	0.76	1	48.28	0.00	6.83	0.21	-0.21	0.17	2	2.87	0.00	4.21	1.18	-0.23	0.69
20190126_160324_766	ETHACCELS_TORSO	A	0	-0.87	0.00	1.04	-0.16	0.38	0.27	1	48.29	0.00	6.83	0.94	-0.23	-0.02	2	2.87	0.00	4.23	-0.31	0.14	1.65
20190126_160324_776	ETHACCELS_TORSO	A	0	-0.86	0.00	1.26	0.21	0.35	0.37	1	48.30	0.00	6.83	0.26	-1.56	0.21	2	2.87	0.00	4.23	0.12	0.60	0.02
20190126_160324_786	ETHACCELS_TORSO	A	0	-0.73	0.00	1.01	-0.21	0.25	0.63	1	48.31	0.00	6.83	0.94	-0.18	0.39	2	2.87	0.00	4.24	0.09	-0.34	0.97
20190126_160324_796	ETHACCELS_TORSO	A	0	-0.79	0.00	0.79	0.38	0.27	0.46	1	48.30	0.00	6.83	-0.33	-1.50	-0.40	2	2.86	0.00	4.22	-0.98	0.62	-1.48
20190126_160324_806	ETHACCELS_TORSO	A	0	-0.79	0.00	0.86	-0.34	0.62	0.60	1	48.31	0.00	6.83	0.53	-0.35	0.05	2	2.86	0.00	4.23	-0.44	-0.50	0.93
20190126_160324_816	ETHACCELS_TORSO	A	0	-1.00	0.00	0.85	0.48	0.46	0.24	1	48.32	0.00	6.83	0.84	-0.08	-0.46	2	2.84	0.00	4.21	-1.95	0.65	-2.48
20190126_160324_826	ETHACCELS_TORSO	A	0	-0.81	0.00	0.89	-0.16	0.31	0.34	1	48.31	0.00	6.82	-0.23	-0.22	-0.29	2	2.82	0.00	4.18	-1.34	1.30	-2.55
20190126_160324_836	ETHACCELS_TORSO	A	0	-0.76	0.00	1.00	0.13	0.41	0.44	1	48.33	0.00	6.83	1.52	-1.21	0.91	2	2.82	0.00	4.19	0.20	-1.15	0.41
20190126_160324_846	ETHACCELS_TORSO	A	0	-0.84	0.00	0.82	0.39	0.65	0.26	1	48.33	0.00	6.82	0.03	-0.55	-0.69	2	2.82	0.00	4.20	-0.10	0.85	1.18
20190126_160324_856	ETHACCELS_TORSO	A	0	-0.99	0.00	0.63	0.07	0.27	0.53	1	48.33	0.00	6.82	0.20	-0.48	-0.16	2	2.82	0.00	4.20	-0.14	-0.88	0.22
20190126_160324_866	ETHACCELS_TORSO	A	0	-0.74	0.00	0.58	0.38	0.39	0.49	1	48.33	0.00	6.81	-0.58	-0.14	-1.32	2	2.82	0.00	4.21	0.10	0.87	0.83
20190126_160324_876	ETHACCELS_TORSO	A	0	-0.87	0.00	0.65	-0.16	0.52	0.78	1	48.33	0.00	6.81	0.45	-0.13	-0.21	2	2.84	0.00	4.21	1.39	-0.66	0.67
20190126_160324_886	ETHACCELS_TORSO	A	0	-0.68	0.00	1.01	-0.35	0.42	0.43	1	48.33	0.00	6.81	0.02	-1.11	-0.14	2	2.84	0.00	4.23	0.24	0.43	1.47
20190126_160324_896	ETHACCELS_TORSO	A	0	-0.61	0.00	1.14	0.02	0.23	0.40	1	48.34	0.00	6.81	0.84	-0.58	0.30	2	2.82	0.00	4.24	-2.08	0.05	1.45
20190126_160324_906	ETHACCELS_TORSO	A	0	-0.81	0.00	1.21	-0.31	0.16	0.56	1	48.34	0.00	6.81	0.01	0.45	0.05	2	2.80	0.00	4.22	-1.85	0.72	-2.78
20190126_160324_916	ETHACCELS_TORSO	A	0	-1.02	0.00	1.06	-0.31	0.33	0.11	1	48.34	0.00	6.81	-0.06	-1.00	-0.13	2	2.79	0.00	4.22	-1.04	-0.64	0.76
20190126_160324_926	ETHACCELS_TORSO	A	0	-0.75	0.00	0.86	0.15	0.57	0.54	1	48.34	0.00	6.80	-0.06	0.75	-0.79	2	2.78	0.00	4.21	-0.76	0.67	-1.30
20190126_160324_936	ETHACCELS_TORSO	A	0	-0.92	0.00	0.87	-0.14	0.71	0.73	1	48.34	0.00	6.80	0.19	-0.59	0.11	2	2.79	0.00	4.19	0.83	0.00	-1.76
20190126_160324_946	ETHACCELS_TORSO	A	0	-0.72	0.00	1.05	-0.06	0.72	0.66	1	48.35	0.00	6.80	0.73	-0.73	0.28	2	2.79	0.00	4.20	0.16	-2.24	0.23
20190126_160324_956	ETHACCELS_TORSO	A	0	-0.69	0.00	1.10	0.54	0.47	0.19	1	48.34	0.00	6.80	-0.78	-0.86	-0.52	2	2.78	0.00	4.16	-1.15	0.06	-3.15
20190126_160324_966	ETHACCELS_TORSO	A	0	-0.84	0.00	1.11	-0.02	-0.12	1.11	1	48.35	0.00	6.80	0.95	0.40	0.28	2	2.78	0.00	4.16	-0.11	-1.19	-0.03
20190126_160324_976	ETHACCELS_TORSO	A	0	-1.05	0.00	1.11	-0.12	0.56	-0.03	1	48.35	0.00	6.81	-0.19	-0.79	1.16	2	2.77	0.00	4.16	-1.10	0.58	-0.55
20190126_160324_986	ETHACCELS_TORSO	A	0	-0.83	0.00	1.12	-0.11	0.26	0.73	1	48.36	0.00	6.81	1.25	0.87	-0.61	2	2.77	0.00	4.15	0.22	0.22	-0.47
20190126_160324_996	ETHACCELS_TORSO	A	0	-0.86	0.00	1.13	-0.01	0.58	0.47	1	48.36	0.00	6.80	0.61	-0.13	-0.38	2	2.77	0.00	4.17	-0.56	0.71	1.34
20190126_160325_006	ETHACCELS_TORSO	A	0	-0.72	0.00	1.13	0.12	0.65	0.53	1	48.36	0.00	6.80	-0.68	-1.27	0.05	2	2.77	0.00	4.14	0.50	-0.61	-2.55
20190126_160325_016	ETHACCELS_TORSO	A	0	-0.75	0.00	1.14	-0.37	0.35	0.73	1	48.36	0.00	6.80	0.54	-0.68	-0.09	2	2.79	0.00	4.15	1.87	0.05	0.90
20190126_160325_026	ETHACCELS_TORSO	A	0	-0.72	0.00	1.14	0.64	0.23	0.60	1	48.36	0.00	6.81	-0.14	-1.25	0.68	2	2.79	0.00	4.17	0.31	-1.28	2.05
20190126_160325_036	ETHACCELS_TORSO	A	0	-0.77	0.00	1.15	-0.47	0.52	0.87	1	48.36	0.00	6.81	-0.02	-0.27	-0.43	2	2.79	0.00	4.17	-0.13	-0.01	-0.16
20190126_160325_046	ETHACCELS_TORSO	A	0	-0.78	0.00	1.15	0.45	0.13	0.15	1	48.37	0.00	6.80	0.56	0.37	-0.69	2	2.80	0.00	4.17	0.60	-1.10	0.48
20190126_160325_056	ETHACCELS_TORSO	A	0	-0.76	0.00	1.16	-0.40	0.71	0.42	1	48.37	0.00	6.80	0.06	-0.93	0.25	2	2.80	0.00	4.18	0.60	0.10	0.82
20190126_160325_066	ETHACCELS_TORSO	A	0	-0.70	0.00	1.16	0.24	0.70	0.29	1	48.39	0.00	6.80	2.07	-0.85	0.28	2	2.80	0.00	4.18	-0.62	-2.67	-0.00
20190126_160325_076	ETHACCELS_TORSO	A	0	-0.59	0.00	1.17	0.38	0.27	0.38	1	48.38	0.00	6.81	-0.42	0.08	0.92	2	2.77	0.00	4.16	-3.11	0.69	-2.24
20190126_160325_086	ETHACCELS_TORSO	A	0	-0.70	0.00	1.17	0.10	0.10	0.64	1	48.38	0.00	6.82	-0.54	-0.49	0.53	2	2.75	0.00	4.16	-1.53	0.34	0.31
20190126_160325_096	ETHACCELS_TORSO	A	0	-0.58	0.00	1.18	0.28	0.19	0.51	1	48.38	0.00	6.81	0.27	-0.69	-1.15	2	2.75	0.00	4.16	-0.45	0.37	-0.57
20190126_160325_106	ETHACCELS_TORSO	A	0	-0.85	0.00	1.18	0.02	0.67	0.36	1	48.39	0.00	6.80	0.94	-0.73	-0.77	2	2.73	0.00	4.14	-1.47	0.73	-1.70
20190126_160325_116	ETHACCELS_TORSO	A	0	-0.65	0.00	1.19	-0.09	0.48	0.47	1	48.40	0.00	6.80	0.87	-0.09	-0.17	2	2.72	0.00	4.12	-1.49	-0.95	-1.84
20190126_160325_126	ETHACCELS_TORSO	A	0	-0.82	0.00	1.19	0.44	0.25	0.28	1	48.39	0.00	6.80	-0.51	-1.02	0.34	2	2.71	0.00	4.10	-0.68	-0.10	-2.05
20190126_160325_136	ETHACCELS_TORSO	A	0	-0.94	0.00	1.20	-0.16	0.18	1.08	1	48.40	0.00	6.79	0.48	-0.27	-0.98	2	2.72	0.00	4.12	1.40	-0.85	1.65
20190126_160325_146	ETHACCELS_TORSO	A	0	-1.19	0.00	1.20	0.06	0.39	-0.08	1	48.40	0.00	6.79	0.08	-0.10	-0.23	2	2.72	0.00	4.12	-0.06	-1.01	0.16
20190126_160325_156	ETHACCELS_TORSO	A	0	-0.97	0.00	1.21	-0.14	0.55	0.88	1	48.41	0.00	6.78	0.68	-0.03	-0.50	2	2.73	0.00	4.11	0.50	0.24	-0.90
20190126_160325_166	ETHACCELS_TORSO	A	0	-0.89	0.00	1.21	-0.08	0.79	0.56	1	48.41	0.00	6.79	0.66	-0.27	0.22	2	2.73	0.00	4.11	-0.15	0.47	-0.38
20190126_160325_176	ETHACCELS_TORSO	A	0	-0.51	0.00	1.22	-0.15	0.48	0.50	1	48.41	0.00	6.79	-0.62	-1.50	0.01	2	2.71	0.00	4.10	-1.15	0.48	-1.06
20190126_160325_186	ETHACCELS_TORSO	A	0	-0.64	0.00	1.22	-0.21	0.39	0.58	1	48.40	0.00	6.79	-0.28	-1.78	0.53	2	2.72	0.00	4.09	0.55	0.54	-0.30
20190126_160325_196	ETHACCELS_TORSO	A	0	-0.78	0.00	1.23	0.39	0.38	0.71	1	48.40	0.00	6.79	-0.61	-0.90	0.21	2	2.73	0.00	4.13	1.16	-0.62	3.48
20190126_160325_206	ETHACCELS_TORSO	A	0	-1.09	0.00	1.23	-0.34	0.13	0.31	1	48.40	0.00	6.79	-0.34	-0.18	-0.14	2	2.73	0.00	4.12	0.24	0.08	-0.69
20190126_160325_216	ETHACCELS_TORSO	A	0	-0.93	0.00	1.24	-0.10	0.45	0.63	1	48.40	0.00	6.78	0.19	0.16	-1.15	2	2.74	0.00	4.13	0.34	-0.55	0.62
20190126_160325_226	ETHACCELS_TORSO	A	0	-0.82	0.00	1.24	-0.40	0.69	0.50	1	48.40	0.00	6.78	0.20	-0.01	0.06	2	2.73	0.00	4.14	-0.65	1.27	1.05
20190126_160325_236	ETHACCELS_TORSO	A	0	-0.54	0.00	1.25	0.13	0.26	0.27	1	48.40	0.00	6.80	-0.18	-1.26	1.37	2	2.73	0.00	4.14	0.02	-1.23	0.61
20190126_160325_246	ETHACCELS_TORSO	A	0	-0.57	0.00	1.25	0.02	0.21	0.49	1	48.40	0.00	6.80	0.10	-1.15	0.14	2	2.72	0.00	4.14	-1.21	-0.18	-0.10
20190126_160325_256	ETHACCELS_TORSO	A	0	-0.75	0.00	1.26	0.58	0.30	0.47	1	48.40	0.00	6.80	-0.20	-0.50	-0.13	2	2.71	0.00	4.14	-1.36	0.21	-0.71
20190126_160325_266	ETHACCELS_TORSO	A	0	-0.96	0.00	1.26	-0.03	0.23	0.46	1	48.40	0.00	6.79	-0.09	0.18	-0.60	2	2.69	0.00	4.12	-1.38	0.77	-1.81
20190126_160325_276	ETHACCELS_TORSO	A	0	-0.89	0.00	1.27	0.13	0.74	0.56	1	48.40	0.00	6.78	0.90	-0.18	-1.17	2	2.69	0.00	4.11	-0.59	0.86	-1.08
20190126_160325_286	ETHACCELS_TORSO	A	0	-0.68	0.00	1.27	0.18	0.50	0.52	1	48.41	0.00	6.76	1.03	0.14	-1.45	2	2.67	0.00	4.11	-1.95	2.17	0.73
20190126_160325_296	ETHACCELS_TORSO	A	0	-0.67	0.00	1.27	0.24	0.66	0.15	1	48.42	0.00	6.76	0.51	-0.97	-0.33	2	2.65	0.00	4.09	-2.01	-0.20	-2.37
20190126_160325_306	ETHACCELS_TORSO	A	0	-0.62	0.00	1.28	0.50	0.08	0.61	1	48.43	0.00	6.76	0.81	-1.47	0.37	2	2.63	0.00	4.07	-1.49	-0.90	-1.58
20190126_160325_316	ETHACCELS_TORSO	A	0	-0.80	0.00	1.28	0.32	0.33	0.39	1	48.43	0.00	6.76	-0.00	-0.95	-0.15	2	2.62	0.00	4.07	-1.08	-0.14	-0.92
20190126_160325_326	ETHACCELS_TORSO	A	0	-0.99	0.00	1.29	0.05	0.26	0.54	1	48.43	0.00	6.76	0.32	0.98	-0.21	2	2.61	0.00	4.06	-0.64	0.72	-0.94
20190126_160325_336	ETHACCELS_TORSO	A	0	-0.99	0.00	1.29	0.02	0.52	0.50	1	48.44	0.00	6.75	0.61	0.27	-0.51	2	2.61	0.00	4.05	-0.47	1.35	-0.90
20190126_160325_346	ETHACCELS_TORSO	A	0	-0.80	0.00	1.30	-0.15	0.50	0.56	1	48.44	0.00	6.75	0.37	1.49	-0.40	2	2.60	0.00	4.05	-1.18	0.03	-0.01
20190126_160325_356	ETHACCELS_TORSO	A	0	-0.68	0.00	1.30	-0.12	0.73	0.11	1	48.44	0.00	6.75	0.22	-2.11	0.41	2	2.59	0.00	4.03	-1.10	-1.17	-1.94
20190126_160325_366	ETHACCELS_TORSO	A	0	-0.57	0.00	1.31	0.05	0.27	0.65	1	48.45	0.00	6.76	0.89	-1.42	0.15	2	2.58	0.00	4.04	-0.30	-1.87	0.84
20190126_160325_376	ETHACCELS_TORSO	A	0	-0.81	0.00	1.31	0.56	0.32	0.21	1	48.45	0.00	6.76	0.26	-0.68	0.79	2	2.57	0.00	4.04	-1.05	1.14	0.07
20190126_160325_386	ETHACCELS_TORSO	A	0	-1.03	0.00	1.32	-0.05	0.24	0.66	1	48.46	0.00	6.75	0.52	1.02	-1.19	2	2.57	0.00	4.04	-0.35	0.90	0.23
20190126_160325_396	ETHACCELS_TORSO	A	0	-1.08	0.00	1.32	-0.15	0.64	0.46	1	48.46	0.00	6.74	-0.03	0.31	-1.31	2	2.56	0.00	4.04	-1.15	1.64	0.47
20190126_160325_406	ETHACCELS_TORSO	A	0	-0.83	0.00	1.33	-0.27	0.65	0.93	1	48.46	0.00	6.74	0.13	-0.16	0.11	2	2.57	0.00	4.04	1.27	-0.23	-0.09
20190126_160325_416	ETHACCELS_TORSO	A	0	-0.59	0.00	1.33	-0.25	0.58	0.18	1	48.47	0.00	6.75	1.16	-2.85	0.90	2	2.57	0.00	4.04	-0.23	-3.13	-0.34
20190126_160325_426	ETHACCELS_TORSO	A	0	-0.42	0.00	1.34	0.34	0.08	0.85	1	48.47	0.00	6.75	-0.52	-1.92	0.38	2	2.56	0.00	4.02	-0.79	0.04	-1.65
20190126_160325_436	ETHACCELS_TORSO	A	0	-0.71	0.00	1.34	-0.10	0.03	0.29	1	48.46	0.00	6.76	-0.85	0.50	0.69	2	2.56	0.00	4.05	0.04	0.37	2.49
20190126_160325_446	ETHACCELS_TORSO	A	0	-0.82	0.00	1.35	0.56	0.37	0.81	1	48.45	0.00	6.75	-0.39	0.62	-1.21	2	2.56	0.00	4.07	0.21	1.23	1.88
20190126_160325_456	ETHACCELS_TORSO	A	0	-1.10	0.00	1.36	-0.82	1.13	0.60	1	48.46	0.00	6.75	0.61	1.38	0.21	2	2.55	0.00	4.06	-0.83	-0.67	-0.32
20190126_160325_466	ETHACCELS_TORSO	A	0	-0.75	0.00	1.36	-0.31	0.77	0.51	1	48.47	0.00	6.76	0.95	-0.76	0.58	2	2.55	0.00	4.05	-0.09	-1.12	-1.25
20190126_160325_476	ETHACCELS_TORSO	A	0	-0.59	0.00	1.36	-0.47	0.61	0.23	1	48.48	0.00	6.76	0.77	-2.16	0.05	2	2.54	0.00	4.04	-1.19	-0.41	-0.87
20190126_160325_486	ETHACCELS_TORSO	A	0	-0.36	0.00	1.37	0.60	-0.17	0.40	1	48.48	0.00	6.76	0.06	-1.11	0.35	2	2.53	0.00	4.04	-1.14	0.25	-0.68
20190126_160325_496	ETHACCELS_TORSO	A	0	-0.74	0.00	1.38	-0.02	0.16	0.63	1	48.48	0.00	6.76	0.00	0.47	0.45	2	2.53	0.00	4.04	-0.26	0.70	-0.00
20190126_160325_506	ETHACCELS_TORSO	A	0	-1.06	0.00	1.38	0.42	0.61	0.35	1	48.47	0.00	6.75	-0.38	-0.42	-1.15	2	2.53	0.00	4.04	-0.11	-0.11	0.03
20190126_160325_516	ETHACCELS_TORSO	A	0	-0.85	0.00	1.39	-0.21	0.88	0.96	1	48.48	0.00	6.75	0.31	1.07	-0.05	2	2.54	0.00	4.02	1.11	0.10	-1.23
20190126_160325_526	ETHACCELS_TORSO	A	0	-0.75	0.00	1.39	-0.11	0.67	0.60	1	48.49	0.00	6.76	1.45	-1.94	0.57	2	2.54	0.00	4.02	-0.16	-1.69	-0.79
20190126_160325_536	ETHACCELS_TORSO	A	0	-0.60	0.00	1.40	0.09	0.29	0.50	1	48.49	0.00	6.76	-0.55	-1.08	-0.02	2	2.53	0.00	3.99	-0.98	-0.18	-2.34
20190126_160325_546	ETHACCELS_TORSO	A	0	-0.73	0.00	1.40	0.11	-0.09	-0.01	1	48.48	0.00	6.75	-0.47	0.56	-0.59	2	2.52	0.00	3.99	-0.65	-0.18	-0.55
20190126_160325_556	ETHACCELS_TORSO	A	0	-0.79	0.00	1.41	0.26	0.67	0.66	1	48.47	0.00	6.76	-1.32	-1.32	0.57	2	2.52	0.00	3.99	0.21	-0.66	-0.03
20190126_160325_566	ETHACCELS_TORSO	A	0	-0.92	0.00	1.41	-0.20	0.60	0.37	1	48.47	0.00	6.77	-0.02	-0.06	0.95	2	2.53	0.00	3.97	0.31	0.43	-1.77
20190126_160325_576	ETHACCELS_TORSO	A	0	-0.71	0.00	1.42	-0.24	0.42	0.82	1	48.48	0.00	6.77	1.05	-1.30	-0.08	2	2.53	0.00	3.97	0.40	-1.72	0.36
20190126_160325_586	ETHACCELS_TORSO	A	0	-0.52	0.00	1.42	-0.15	0.69	0.46	1	48.48	0.00	6.78	0.07	-1.87	1.27	2	2.52	0.00	3.95	-1.17	0.59	-1.72
20190126_160325_596	ETHACCELS_TORSO	A	0	-0.30	0.00	1.43	0.11	0.19	0.53	1	48.48	0.00	6.78	0.19	0.15	-0.31	2	2.52	0.00	3.97	0.72	-0.17	1.62
20190126_160325_606	ETHACCELS_TORSO	A	0	-0.75	0.00	1.43	0.02	0.27	0.19	1	48.48	0.00	6.78	-0.61	0.58	0.15	2	2.51	0.00	3.97	-1.05	0.84	0.13
20190126_160325_616	ETHACCELS_TORSO	A	0	-0.96	0.00	1.44	0.08	0.49	0.70	1	48.48	0.00	6.78	0.55	-0.62	0.27	2	2.51	0.00	3.97	-0.29	-0.36	-0.11
20190126_160325_626	ETHACCELS_TORSO	A	0	-0.90	0.00	1.44	0.00	0.37	0.44	1	48.49	0.00	6.78	1.13	0.50	-0.12	2	2.51	0.00	3.98	-0.39	0.28	0.47
20190126_160325_636	ETHACCELS_TORSO	A	0	-0.74	0.00	0.90	-0.04	0.64	0.21	1	48.50	0.00	6.79	0.73	-1.87	1.48	2	2.50	0.00	3.96	-1.21	-0.65	-1.77
20190126_160325_646	Switching from Gyro to Accel on Z of ETHACCELS_TORSO  0.9  1.3
20190126_160325_646	ETHACCELS_TORSO	A	0	-0.44	0.00	1.26	-0.03	0.46	0.60	1	48.50	0.00	6.80	0.23	-0.85	0.09	2	2.48	0.00	3.96	-1.08	0.09	-0.16
20190126_160325_656	ETHACCELS_TORSO	A	0	-0.50	0.00	0.91	0.85	0.34	0.37	1	48.51	0.00	6.80	0.34	0.37	0.16	2	2.48	0.00	3.96	-0.56	0.55	0.45
20190126_160325_666	ETHACCELS_TORSO	A	0	-0.72	0.00	0.81	-0.08	0.39	0.64	1	48.51	0.00	6.79	0.07	-0.82	-0.80	2	2.47	0.00	3.96	-0.79	-0.52	-0.02
20190126_160325_674	Inst timed out, motor#9, thrust=-15 origstarttime=1 starttime=10 set thrust=0
20190126_160325_674	Aborting script (stage 1) because instruction timed out and ROBOT_INSTRUCTION_ABORT_ON_TIMEOUT instruction flag is set
20190126_160325_674	delete tinst->OrigStartTime=1 Motor#9

20190126_160325_675	Instruction aborted script.
20190126_160325_675	Abort Task
20190126_160325_675	All Motors Stopped on ETHMOTORS_RIGHT_ARM
20190126_160325_675	All Motors Stopped on ETHMOTORS_ROVER_BODY
20190126_160325_675	All Motors Stopped on ETHMOTORS_LEFT_ARM
20190126_160325_675	MOTOR_LEFT_LOWER_ARM_INSIDE	0	100
20190126_160325_676	MOTOR_LEFT_LOWER_ARM_OUTSIDE	0	100
20190126_160325_676	ETHACCELS_TORSO	A	0	-0.87	0.00	0.76	0.11	0.54	0.31	1	48.51	0.00	6.80	0.65	-0.14	0.63	2	2.47	0.00	3.96	-0.25	0.48	-0.15
20190126_160325_688	ETHACCELS_TORSO	A	0	-0.77	0.00	0.99	0.04	0.56	0.62	1	48.52	0.00	6.80	0.68	0.11	0.38	2	2.47	0.00	3.97	-0.02	0.17	1.01
20190126_160325_696	ETHACCELS_TORSO	A	0	-0.84	0.00	1.32	0.05	0.09	0.48	1	48.52	0.00	6.81	-0.19	-2.47	1.03	2	2.47	0.00	3.98	0.27	-0.37	1.45
20190126_160325_706	ETHACCELS_TORSO	A	0	-0.72	0.00	1.22	0.15	-0.15	0.73	1	48.52	0.00	6.80	0.08	0.32	-1.28	2	2.47	0.00	3.99	-0.37	0.26	0.48
20190126_160325_716	ETHACCELS_TORSO	A	0	-0.86	0.00	0.81	0.11	0.46	0.59	1	48.52	0.00	6.78	0.04	-0.33	-1.31	2	2.46	0.00	3.99	-0.56	0.67	0.29
20190126_160325_727	ETHACCELS_TORSO	A	0	-0.86	0.00	0.47	0.11	0.72	0.47	1	48.52	0.00	6.78	0.41	-1.06	0.05	2	2.46	0.00	3.99	-0.03	-0.74	0.28
20190126_160325_736	ETHACCELS_TORSO	A	0	-0.80	0.00	0.69	-0.36	0.84	0.34	1	48.53	0.00	6.78	0.90	-0.31	-0.22	2	2.46	0.00	3.99	0.05	-0.11	-0.44
20190126_160325_747	ETHACCELS_TORSO	A	0	-0.59	0.00	1.20	0.03	0.22	0.76	1	48.54	0.00	6.79	0.39	-1.18	0.48	2	2.46	0.00	3.99	-0.45	-0.97	-0.24
20190126_160325_756	ETHACCELS_TORSO	A	0	-0.63	0.00	1.26	-0.29	-0.06	0.33	1	48.53	0.00	6.79	-0.08	-1.05	0.08	2	2.45	0.00	3.98	-0.48	-0.54	-0.35
20190126_160325_766	ETHACCELS_TORSO	A	0	-0.66	0.00	1.12	0.40	-0.20	0.53	1	48.53	0.00	6.80	-0.03	-0.94	1.31	2	2.45	0.00	3.98	-0.41	-0.15	-0.03
20190126_160325_776	ETHACCELS_TORSO	A	0	-0.90	0.00	0.86	-0.18	0.31	0.41	1	48.53	0.00	6.81	-0.48	-0.37	1.02	2	2.44	0.00	3.98	-0.83	-0.33	-0.03
20190126_160325_786	ETHACCELS_TORSO	A	0	-0.88	0.00	0.64	-0.15	0.45	0.53	1	48.53	0.00	6.81	0.46	-0.15	0.22	2	2.44	0.00	3.98	-0.12	0.12	0.00
20190126_160325_796	ETHACCELS_TORSO	A	0	-0.76	0.00	0.81	0.01	0.74	0.53	1	48.54	0.00	6.80	0.75	-0.13	-1.02	2	2.44	0.00	3.98	-0.27	-0.18	-0.57
20190126_160325_806	ETHACCELS_TORSO	A	0	-0.63	0.00	0.97	0.20	0.55	0.52	1	48.54	0.00	6.81	0.14	-0.29	0.44	2	2.43	0.00	3.98	-0.45	-0.40	-0.29
20190126_160325_816	ETHACCELS_TORSO	A	0	-0.69	0.00	1.12	0.16	0.68	0.70	1	48.54	0.00	6.81	0.18	-0.98	0.44	2	2.43	0.00	3.97	-0.47	-0.32	-0.16
20190126_160325_826	ETHACCELS_TORSO	A	0	-0.89	0.00	0.94	0.25	0.45	0.38	1	48.55	0.00	6.82	0.25	-0.28	0.63	2	2.42	0.00	3.97	-0.61	-0.33	-0.10
20190126_160325_837	ETHACCELS_TORSO	A	0	-1.00	0.00	1.08	0.06	0.21	0.38	1	48.55	0.00	6.81	0.35	-0.65	-0.47	2	2.42	0.00	3.97	-0.04	-0.46	0.13
20190126_160325_846	ETHACCELS_TORSO	A	0	-0.98	0.00	1.09	0.06	0.33	0.62	1	48.56	0.00	6.82	0.82	-0.79	0.90	2	2.42	0.00	3.97	-0.24	-0.25	-0.23
20190126_160325_856	ETHACCELS_TORSO	A	0	-0.84	0.00	1.13	-0.07	0.16	0.40	1	48.56	0.00	6.82	0.41	-1.06	0.12	2	2.41	0.00	3.97	-0.47	-0.24	-0.59
20190126_160325_866	ETHACCELS_TORSO	A	0	-0.72	0.00	0.89	-0.05	0.38	0.53	1	48.56	0.00	6.81	0.18	-0.55	-1.21	2	2.41	0.00	3.96	-0.44	-0.22	-0.37
20190126_160325_876	ETHACCELS_TORSO	A	0	-0.70	0.00	0.81	0.17	0.49	0.52	1	48.57	0.00	6.80	0.01	-0.34	-0.82	2	2.41	0.00	3.96	-0.40	-0.06	-0.32
20190126_160325_886	ETHACCELS_TORSO	A	0	-0.72	0.00	0.90	0.05	0.72	0.47	1	48.57	0.00	6.80	0.07	-0.37	-0.64	2	2.40	0.00	3.96	-0.43	-0.07	-0.23
20190126_160325_896	ETHACCELS_TORSO	A	0	-0.74	0.00	1.14	-0.25	0.67	0.49	1	48.57	0.00	6.80	0.42	-0.47	-0.13	2	2.40	0.00	3.95	-0.37	0.02	-0.38
20190126_160325_906	ETHACCELS_TORSO	A	0	-0.79	0.00	1.14	0.00	0.43	0.50	1	48.57	0.00	6.80	0.40	-0.79	0.08	2	2.39	0.00	3.95	-0.37	-0.32	-0.59
20190126_160325_916	ETHACCELS_TORSO	A	0	-0.87	0.00	1.08	-0.02	0.33	0.51	1	48.58	0.00	6.80	0.23	-0.36	-0.05	2	2.39	0.00	3.94	-0.18	-0.17	-0.28
20190126_160325_926	ETHACCELS_TORSO	A	0	-0.80	0.00	1.08	-0.22	0.40	0.60	1	48.58	0.00	6.79	0.15	-0.48	-0.59	2	2.39	0.00	3.94	-0.50	-0.13	-0.12
20190126_160325_936	ETHACCELS_TORSO	A	0	-0.71	0.00	1.20	0.19	0.35	0.45	1	48.58	0.00	6.79	0.14	-0.31	-0.23	2	2.38	0.00	3.94	-0.37	0.32	-0.18
20190126_160325_946	ETHACCELS_TORSO	A	0	-0.68	0.00	1.09	0.11	0.28	0.56	1	48.58	0.00	6.79	0.42	-0.30	-0.16	2	2.38	0.00	3.94	-0.43	-0.06	-0.37
20190126_160325_956	ETHACCELS_TORSO	A	0	-0.78	0.00	1.00	-0.11	0.46	0.63	1	48.59	0.00	6.79	0.38	-0.63	0.37	2	2.37	0.00	3.93	-0.45	-0.28	-0.41
20190126_160325_966	ETHACCELS_TORSO	A	0	-0.76	0.00	0.93	0.21	0.32	0.44	1	48.59	0.00	6.79	0.26	-0.81	-0.26	2	2.37	0.00	3.93	-0.36	-0.34	-0.39
20190126_160325_976	ETHACCELS_TORSO	A	0	-0.90	0.00	1.03	0.11	0.68	0.53	1	48.59	0.00	6.78	0.02	-0.17	-1.04	2	2.37	0.00	3.93	-0.34	0.15	-0.10
20190126_160325_986	ETHACCELS_TORSO	A	0	-0.88	0.00	1.01	0.07	0.52	0.34	1	48.59	0.00	6.76	-0.16	-0.13	-1.34	2	2.36	0.00	3.93	-0.47	0.17	-0.02
20190126_160325_996	ETHACCELS_TORSO	A	0	-0.84	0.00	1.09	0.15	0.27	0.76	1	48.59	0.00	6.76	-0.02	-0.19	-0.11	2	2.36	0.00	3.93	-0.27	0.01	-0.22
20190126_160326_006	ETHACCELS_TORSO	A	0	-0.88	0.00	1.10	0.06	0.39	0.52	1	48.59	0.00	6.77	0.19	-0.44	0.81	2	2.36	0.00	3.92	-0.33	-0.16	-0.20
20190126_160326_016	ETHACCELS_TORSO	A	0	-0.79	0.00	1.13	-0.12	0.35	0.66	1	48.59	0.00	6.77	0.39	-0.37	-0.08	2	2.35	0.00	3.92	-0.37	-0.29	-0.18
20190126_160326_026	ETHACCELS_TORSO	A	0	-0.87	0.00	1.12	-0.02	0.22	0.60	1	48.60	0.00	6.78	0.26	-0.37	0.99	2	2.35	0.00	3.92	-0.26	0.03	-0.27
20190126_160326_036	ETHACCELS_TORSO	A	0	-0.82	0.00	1.11	-0.16	0.48	0.40	1	48.60	0.00	6.77	0.12	-0.40	-0.66	2	2.35	0.00	3.92	-0.44	0.19	-0.06
20190126_160326_046	ETHACCELS_TORSO	A	0	-0.76	0.00	1.11	0.12	0.62	0.50	1	48.60	0.00	6.77	-0.09	-0.26	-0.48	2	2.34	0.00	3.92	-0.57	0.24	-0.10
20190126_160326_056	ETHACCELS_TORSO	A	0	-0.89	0.00	1.11	0.08	0.61	0.46	1	48.60	0.00	6.77	0.15	-0.37	0.12	2	2.34	0.00	3.92	-0.45	0.20	-0.25
20190126_160326_066	ETHACCELS_TORSO	A	0	-1.00	0.00	1.13	-0.06	0.19	0.50	1	48.60	0.00	6.77	0.22	-0.66	0.42	2	2.33	0.00	3.91	-0.19	-0.27	-0.27
20190126_160326_076	ETHACCELS_TORSO	A	0	-0.88	0.00	1.14	0.02	0.43	0.57	1	48.60	0.00	6.77	0.38	-0.43	-0.38	2	2.33	0.00	3.91	-0.38	-0.23	-0.28
20190126_160326_086	ETHACCELS_TORSO	A	0	-0.85	0.00	1.19	-0.05	0.45	0.45	1	48.61	0.00	6.77	0.17	-0.28	-0.34	2	2.33	0.00	3.91	-0.44	-0.01	-0.08
20190126_160326_096	ETHACCELS_TORSO	A	0	-0.92	0.00	1.19	-0.04	0.17	0.66	1	48.61	0.00	6.76	0.26	-0.23	-0.37	2	2.32	0.00	3.91	-0.57	-0.02	0.04
20190126_160326_106	ETHACCELS_TORSO	A	0	-0.95	0.00	1.17	0.03	0.39	0.44	1	48.61	0.00	6.77	0.23	-0.44	0.71	2	2.32	0.00	3.91	-0.47	-0.07	-0.09
20190126_160326_116	ETHACCELS_TORSO	A	0	-0.83	0.00	1.12	0.11	0.39	0.58	1	48.61	0.00	6.77	0.20	-0.63	0.06	2	2.31	0.00	3.91	-0.14	-0.12	-0.34
20190126_160326_126	ETHACCELS_TORSO	A	0	-0.83	0.00	1.08	-0.02	0.30	0.42	1	46.64	0.00	6.77	0.35	-0.44	0.19	2	2.31	0.00	3.90	-0.37	-0.13	-0.29
20190126_160326_136	Switching from Gyro to Accel on X of ACCEL_LOWER_TORSO 46.6 46.7
20190126_160326_136	ETHACCELS_TORSO	A	0	-0.81	0.00	1.04	0.08	0.12	0.69	1	46.74	0.00	6.77	0.19	-0.63	0.16	2	2.31	0.00	3.90	-0.40	-0.24	-0.26
20190126_160326_146	ETHACCELS_TORSO	A	0	-0.75	0.00	0.96	0.15	0.44	0.59	1	46.56	0.00	6.77	0.26	-0.38	0.08	2	4.43	0.00	3.90	-0.31	-0.09	-0.32
20190126_160326_156	Switching from Gyro to Accel on X of ACCEL_UPPER_TORSO  4.4  4.5
20190126_160326_156	ETHACCELS_TORSO	A	0	-0.75	0.00	0.90	0.07	0.51	0.54	1	46.59	0.00	6.78	0.26	-0.38	0.62	2	4.53	0.00	3.89	-0.34	-0.14	-0.21
20190126_160326_166	ETHACCELS_TORSO	A	0	-0.71	0.00	0.94	0.13	0.57	0.50	1	46.52	0.00	6.78	0.32	-0.63	-0.08	2	4.46	0.00	3.89	-0.30	-0.30	-0.13
