20190921_145526_938	Script filename: '/usr/src/Robot/Robots/Rover/scripts/forwardback01.sh'
20190921_145526_938	MOTOR_FORWARD_BACK	-10	1000
20190921_145527_438	MOTOR_LEFT_RIGHT	-16	500
20190921_145527_938	MOTOR_FORWARD_BACK	10	1000
20190921_145528_938	MOTOR_FORWARD_BACK	-10	1000
20190921_145529_438	MOTOR_LEFT_RIGHT	-16	500
20190921_145529_938	MOTOR_FORWARD_BACK	10	1000
20190921_145530_938	MOTOR_FORWARD_BACK	-10	1000
20190921_145531_438	MOTOR_LEFT_RIGHT	-16	500
20190921_145531_938	MOTOR_FORWARD_BACK	10	1000
20190921_145532_938	MOTOR_FORWARD_BACK	-10	1000
20190921_145533_438	MOTOR_LEFT_RIGHT	-16	500
20190921_145533_588	key=20 ( )
20190921_145533_938	MOTOR_FORWARD_BACK	10	1000
20190921_145534_948	MOTOR_FORWARD_BACK	-10	1000
20190921_145535_438	MOTOR_LEFT_RIGHT	16	500
20190921_145535_938	MOTOR_FORWARD_BACK	10	1000
20190921_145536_938	MOTOR_FORWARD_BACK	-10	1000
20190921_145537_428	MOTOR_LEFT_RIGHT	16	500
20190921_145537_928	MOTOR_FORWARD_BACK	10	1000
20190921_145538_928	MOTOR_FORWARD_BACK	-10	1000
20190921_145539_418	MOTOR_LEFT_RIGHT	16	500
20190921_145539_918	MOTOR_FORWARD_BACK	10	1000
20190921_145540_918	MOTOR_FORWARD_BACK	-10	1000
20190921_145541_408	MOTOR_LEFT_RIGHT	16	500
20190921_145541_908	MOTOR_FORWARD_BACK	10	1000
20190921_145542_908	MOTOR_FORWARD_BACK	-10	1000
20190921_145543_398	MOTOR_LEFT_RIGHT	16	500
20190921_145543_898	MOTOR_FORWARD_BACK	10	1000
20190921_145544_898	MOTOR_FORWARD_BACK	-10	1000
20190921_145545_388	MOTOR_LEFT_RIGHT	16	500
20190921_145545_888	MOTOR_FORWARD_BACK	10	1000
20190921_145546_888	MOTOR_FORWARD_BACK	-10	1000
20190921_145547_378	MOTOR_LEFT_RIGHT	16	500
20190921_145547_878	MOTOR_FORWARD_BACK	10	1000
20190921_145548_878	MOTOR_FORWARD_BACK	-10	1000
20190921_145549_368	MOTOR_LEFT_RIGHT	16	500
20190921_145549_848	key=20 ( )
20190921_145549_868	MOTOR_FORWARD_BACK	10	1000
