20191207_210600_175	Script filename: '/usr/src/Robot/Robots/Rover/scripts/forwardback01.sh'
20191207_210600_176	MOTOR_FORWARD_BACK	-10	1000
20191207_210600_674	MOTOR_LEFT_RIGHT	-16	500
20191207_210601_174	MOTOR_FORWARD_BACK	10	1000
20191207_210601_314	key=ff51 (Q)
20191207_210601_544	key=ff51 (Q)
20191207_210601_744	key=ff51 (Q)
20191207_210601_914	key=ff51 (Q)
20191207_210602_084	key=ff51 (Q)
20191207_210602_184	MOTOR_FORWARD_BACK	-10	1000
20191207_210602_254	key=ff51 (Q)
20191207_210602_414	key=ff51 (Q)
20191207_210602_584	key=ff51 (Q)
20191207_210602_674	MOTOR_LEFT_RIGHT	16	500
20191207_210602_754	key=ff51 (Q)
20191207_210602_934	key=ff51 (Q)
20191207_210603_114	key=ff51 (Q)
20191207_210603_174	MOTOR_FORWARD_BACK	10	1000
20191207_210603_414	key=ff51 (Q)
20191207_210603_614	key=ff51 (Q)
20191207_210603_784	key=ff51 (Q)
20191207_210603_964	key=ff51 (Q)
20191207_210604_164	key=ff51 (Q)
20191207_210604_354	key=ff51 (Q)
