20190921_122456_354	Script filename: '/usr/src/Robot/Robots/Rover/scripts/forwardback01.sh'
20190921_122456_354	MOTOR_FORWARD_BACK	-10	1000
20190921_122456_854	MOTOR_LEFT_RIGHT	-16	500
20190921_122457_354	MOTOR_FORWARD_BACK	10	1000
20190921_122458_354	MOTOR_FORWARD_BACK	-10	1000
20190921_122458_854	MOTOR_LEFT_RIGHT	-16	500
20190921_122459_354	MOTOR_FORWARD_BACK	10	1000
20190921_122500_354	MOTOR_FORWARD_BACK	-10	1000
20190921_122500_854	MOTOR_LEFT_RIGHT	-16	500
20190921_122501_354	MOTOR_FORWARD_BACK	10	1000
20190921_122502_354	MOTOR_FORWARD_BACK	-10	1000
20190921_122502_854	MOTOR_LEFT_RIGHT	-16	500
20190921_122503_354	MOTOR_FORWARD_BACK	10	1000
20190921_122504_354	MOTOR_FORWARD_BACK	-10	1000
20190921_122504_854	MOTOR_LEFT_RIGHT	-16	500
20190921_122505_354	MOTOR_FORWARD_BACK	10	1000
20190921_122506_354	MOTOR_FORWARD_BACK	-10	1000
20190921_122506_854	MOTOR_LEFT_RIGHT	-16	500
20190921_122507_354	MOTOR_FORWARD_BACK	10	1000
20190921_122508_354	MOTOR_FORWARD_BACK	-10	1000
20190921_122508_854	MOTOR_LEFT_RIGHT	-16	500
20190921_122509_354	MOTOR_FORWARD_BACK	10	1000
20190921_122510_354	MOTOR_FORWARD_BACK	-10	1000
20190921_122510_854	MOTOR_LEFT_RIGHT	-16	500
20190921_122511_074	key=20 ( )
20190921_122511_354	MOTOR_FORWARD_BACK	10	1000
20190921_122512_364	MOTOR_FORWARD_BACK	-10	1000
20190921_122512_854	MOTOR_LEFT_RIGHT	16	500
20190921_122513_354	MOTOR_FORWARD_BACK	10	1000
20190921_122514_354	MOTOR_FORWARD_BACK	-10	1000
20190921_122514_844	MOTOR_LEFT_RIGHT	16	500
20190921_122515_344	MOTOR_FORWARD_BACK	10	1000
20190921_122516_344	MOTOR_FORWARD_BACK	-10	1000
20190921_122516_834	MOTOR_LEFT_RIGHT	16	500
20190921_122517_334	MOTOR_FORWARD_BACK	10	1000
20190921_122518_334	MOTOR_FORWARD_BACK	-10	1000
20190921_122518_824	MOTOR_LEFT_RIGHT	16	500
20190921_122519_264	key=20 ( )
20190921_122519_324	MOTOR_FORWARD_BACK	10	1000
