20190921_122547_944	Script filename: '/usr/src/Robot/Robots/Rover/scripts/forwardback01.sh'
20190921_122547_944	MOTOR_FORWARD_BACK	-10	1000
20190921_122548_444	MOTOR_LEFT_RIGHT	-16	500
20190921_122548_944	MOTOR_FORWARD_BACK	10	1000
20190921_122549_944	MOTOR_FORWARD_BACK	-10	1000
20190921_122550_444	MOTOR_LEFT_RIGHT	-16	500
20190921_122550_944	MOTOR_FORWARD_BACK	10	1000
20190921_122551_944	MOTOR_FORWARD_BACK	-10	1000
20190921_122552_444	MOTOR_LEFT_RIGHT	-16	500
20190921_122552_944	MOTOR_FORWARD_BACK	10	1000
20190921_122553_944	MOTOR_FORWARD_BACK	-10	1000
20190921_122554_444	MOTOR_LEFT_RIGHT	-16	500
20190921_122554_944	MOTOR_FORWARD_BACK	10	1000
20190921_122555_944	MOTOR_FORWARD_BACK	-10	1000
20190921_122556_444	MOTOR_LEFT_RIGHT	-16	500
20190921_122556_944	MOTOR_FORWARD_BACK	10	1000
20190921_122557_944	MOTOR_FORWARD_BACK	-10	1000
20190921_122558_444	MOTOR_LEFT_RIGHT	-16	500
20190921_122558_944	MOTOR_FORWARD_BACK	10	1000
20190921_122559_944	MOTOR_FORWARD_BACK	-10	1000
20190921_122600_444	MOTOR_LEFT_RIGHT	-16	500
20190921_122600_944	MOTOR_FORWARD_BACK	10	1000
20190921_122601_294	key=20 ( )
20190921_122601_954	MOTOR_FORWARD_BACK	-10	1000
20190921_122602_444	MOTOR_LEFT_RIGHT	16	500
20190921_122602_944	MOTOR_FORWARD_BACK	10	1000
20190921_122603_944	MOTOR_FORWARD_BACK	-10	1000
20190921_122604_434	MOTOR_LEFT_RIGHT	16	500
20190921_122604_934	MOTOR_FORWARD_BACK	10	1000
20190921_122605_934	MOTOR_FORWARD_BACK	-10	1000
20190921_122606_424	MOTOR_LEFT_RIGHT	16	500
20190921_122606_924	MOTOR_FORWARD_BACK	10	1000
20190921_122607_924	MOTOR_FORWARD_BACK	-10	1000
20190921_122608_414	MOTOR_LEFT_RIGHT	16	500
20190921_122608_914	MOTOR_FORWARD_BACK	10	1000
20190921_122609_914	MOTOR_FORWARD_BACK	-10	1000
20190921_122610_404	MOTOR_LEFT_RIGHT	16	500
20190921_122610_904	MOTOR_FORWARD_BACK	10	1000
20190921_122611_904	MOTOR_FORWARD_BACK	-10	1000
20190921_122612_394	MOTOR_LEFT_RIGHT	16	500
20190921_122612_894	MOTOR_FORWARD_BACK	10	1000
20190921_122613_894	MOTOR_FORWARD_BACK	-10	1000
20190921_122614_384	MOTOR_LEFT_RIGHT	16	500
20190921_122614_884	MOTOR_FORWARD_BACK	10	1000
20190921_122615_884	MOTOR_FORWARD_BACK	-10	1000
20190921_122616_374	MOTOR_LEFT_RIGHT	16	500
20190921_122616_874	MOTOR_FORWARD_BACK	10	1000
20190921_122617_874	MOTOR_FORWARD_BACK	-10	1000
20190921_122618_364	MOTOR_LEFT_RIGHT	16	500
20190921_122618_864	MOTOR_FORWARD_BACK	10	1000
20190921_122619_864	MOTOR_FORWARD_BACK	-10	1000
20190921_122620_354	MOTOR_LEFT_RIGHT	16	500
20190921_122620_854	MOTOR_FORWARD_BACK	10	1000
20190921_122621_854	MOTOR_FORWARD_BACK	-10	1000
20190921_122621_864	key=20 ( )
20190921_122622_344	MOTOR_LEFT_RIGHT	16	500
20190921_122622_844	MOTOR_FORWARD_BACK	10	1000
