20191207_210607_114	Script filename: '/usr/src/Robot/Robots/Rover/scripts/forwardback01.sh'
20191207_210607_114	MOTOR_FORWARD_BACK	-10	1000
20191207_210607_614	MOTOR_LEFT_RIGHT	-16	500
20191207_210608_114	MOTOR_FORWARD_BACK	10	1000
20191207_210608_382	MOTOR_FORWARD_BACK	-12	100
20191207_210608_565	MOTOR_FORWARD_BACK	-12	100
20191207_210608_747	MOTOR_FORWARD_BACK	-12	100
20191207_210608_949	MOTOR_FORWARD_BACK	-12	100
20191207_210609_114	MOTOR_FORWARD_BACK	-10	1000
20191207_210609_179	MOTOR_FORWARD_BACK	-12	100
20191207_210609_493	MOTOR_FORWARD_BACK	-12	100
20191207_210609_614	MOTOR_LEFT_RIGHT	-16	500
20191207_210609_670	MOTOR_FORWARD_BACK	-12	100
20191207_210609_868	MOTOR_FORWARD_BACK	-12	100
20191207_210610_076	MOTOR_FORWARD_BACK	-12	100
20191207_210610_114	MOTOR_FORWARD_BACK	10	1000
20191207_210610_280	MOTOR_FORWARD_BACK	-12	100
20191207_210610_478	MOTOR_FORWARD_BACK	-12	100
20191207_210610_673	MOTOR_FORWARD_BACK	-12	100
20191207_210610_871	MOTOR_FORWARD_BACK	-12	100
20191207_210611_105	MOTOR_FORWARD_BACK	-12	100
20191207_210611_114	MOTOR_FORWARD_BACK	-10	1000
20191207_210611_395	MOTOR_FORWARD_BACK	-12	100
20191207_210611_614	MOTOR_LEFT_RIGHT	-16	500
20191207_210611_643	MOTOR_FORWARD_BACK	-12	100
20191207_210611_861	MOTOR_FORWARD_BACK	-12	100
20191207_210612_068	MOTOR_FORWARD_BACK	-12	100
20191207_210612_114	MOTOR_FORWARD_BACK	10	1000
20191207_210612_270	MOTOR_FORWARD_BACK	-12	100
20191207_210612_534	MOTOR_FORWARD_BACK	-12	100
20191207_210612_778	MOTOR_FORWARD_BACK	-12	100
20191207_210613_027	MOTOR_FORWARD_BACK	-12	100
20191207_210613_114	MOTOR_FORWARD_BACK	-10	1000
20191207_210613_614	MOTOR_LEFT_RIGHT	-16	500
20191207_210614_114	MOTOR_FORWARD_BACK	10	1000
20191207_210615_114	MOTOR_FORWARD_BACK	-10	1000
20191207_210615_614	MOTOR_LEFT_RIGHT	-16	500
20191207_210616_114	MOTOR_FORWARD_BACK	10	1000
20191207_210616_599	MOTOR_FORWARD_BACK	12	100
20191207_210616_841	MOTOR_FORWARD_BACK	12	100
20191207_210617_082	MOTOR_FORWARD_BACK	12	100
20191207_210617_114	MOTOR_FORWARD_BACK	-10	1000
20191207_210617_292	MOTOR_FORWARD_BACK	12	100
20191207_210617_614	MOTOR_LEFT_RIGHT	-16	500
20191207_210617_636	MOTOR_FORWARD_BACK	12	100
20191207_210617_976	MOTOR_FORWARD_BACK	12	100
20191207_210618_114	MOTOR_FORWARD_BACK	10	1000
20191207_210618_208	MOTOR_FORWARD_BACK	12	100
20191207_210618_457	MOTOR_FORWARD_BACK	12	100
20191207_210618_697	MOTOR_FORWARD_BACK	12	100
20191207_210618_919	MOTOR_FORWARD_BACK	12	100
20191207_210619_114	MOTOR_FORWARD_BACK	-10	1000
20191207_210619_135	MOTOR_FORWARD_BACK	12	100
20191207_210619_369	MOTOR_FORWARD_BACK	12	100
20191207_210619_589	MOTOR_FORWARD_BACK	12	100
20191207_210619_614	MOTOR_LEFT_RIGHT	-16	500
20191207_210619_810	MOTOR_FORWARD_BACK	12	100
20191207_210620_036	MOTOR_FORWARD_BACK	12	100
20191207_210620_114	MOTOR_FORWARD_BACK	10	1000
20191207_210620_260	MOTOR_FORWARD_BACK	12	100
20191207_210620_518	MOTOR_FORWARD_BACK	12	100
20191207_210620_882	MOTOR_FORWARD_BACK	12	100
20191207_210621_114	MOTOR_FORWARD_BACK	-10	1000
20191207_210621_614	MOTOR_LEFT_RIGHT	-16	500
20191207_210622_114	MOTOR_FORWARD_BACK	10	1000
20191207_210623_114	MOTOR_FORWARD_BACK	-10	1000
20191207_210623_614	MOTOR_LEFT_RIGHT	-16	500
20191207_210624_114	MOTOR_FORWARD_BACK	10	1000
20191207_210625_114	MOTOR_FORWARD_BACK	-10	1000
20191207_210625_614	MOTOR_LEFT_RIGHT	-16	500
20191207_210626_114	MOTOR_FORWARD_BACK	10	1000
20191207_210626_820	MOTOR_LEFT_RIGHT	12	100
20191207_210627_044	MOTOR_LEFT_RIGHT	12	100
20191207_210627_114	MOTOR_FORWARD_BACK	-10	1000
20191207_210627_242	MOTOR_LEFT_RIGHT	12	100
20191207_210627_402	MOTOR_LEFT_RIGHT	12	100
20191207_210627_608	MOTOR_LEFT_RIGHT	12	100
20191207_210627_614	MOTOR_LEFT_RIGHT	-16	500
20191207_210627_802	MOTOR_LEFT_RIGHT	12	100
20191207_210628_002	MOTOR_LEFT_RIGHT	12	100
20191207_210628_114	MOTOR_FORWARD_BACK	10	1000
20191207_210628_203	MOTOR_LEFT_RIGHT	12	100
20191207_210628_417	MOTOR_LEFT_RIGHT	12	100
20191207_210628_621	MOTOR_LEFT_RIGHT	12	100
20191207_210628_819	MOTOR_LEFT_RIGHT	12	100
20191207_210629_037	MOTOR_LEFT_RIGHT	12	100
20191207_210629_114	MOTOR_FORWARD_BACK	-10	1000
20191207_210629_221	MOTOR_LEFT_RIGHT	12	100
20191207_210629_433	MOTOR_LEFT_RIGHT	12	100
20191207_210629_614	MOTOR_LEFT_RIGHT	-16	500
20191207_210629_647	MOTOR_LEFT_RIGHT	12	100
20191207_210629_855	MOTOR_LEFT_RIGHT	12	100
20191207_210630_067	MOTOR_LEFT_RIGHT	12	100
20191207_210630_114	MOTOR_FORWARD_BACK	10	1000
20191207_210630_259	MOTOR_LEFT_RIGHT	12	100
20191207_210630_480	MOTOR_LEFT_RIGHT	12	100
20191207_210630_700	MOTOR_LEFT_RIGHT	12	100
20191207_210630_917	MOTOR_LEFT_RIGHT	12	100
20191207_210631_114	MOTOR_FORWARD_BACK	-10	1000
20191207_210631_127	MOTOR_LEFT_RIGHT	12	100
20191207_210631_346	MOTOR_LEFT_RIGHT	12	100
20191207_210631_576	MOTOR_LEFT_RIGHT	12	100
20191207_210631_614	MOTOR_LEFT_RIGHT	-16	500
20191207_210631_806	MOTOR_LEFT_RIGHT	12	100
20191207_210632_028	MOTOR_LEFT_RIGHT	12	100
20191207_210632_114	MOTOR_FORWARD_BACK	10	1000
20191207_210632_268	MOTOR_LEFT_RIGHT	12	100
20191207_210632_510	MOTOR_LEFT_RIGHT	12	100
20191207_210632_751	MOTOR_LEFT_RIGHT	12	100
20191207_210633_001	MOTOR_LEFT_RIGHT	12	100
20191207_210633_114	MOTOR_FORWARD_BACK	-10	1000
20191207_210633_251	MOTOR_LEFT_RIGHT	12	100
20191207_210633_465	MOTOR_LEFT_RIGHT	12	100
20191207_210633_614	MOTOR_LEFT_RIGHT	-16	500
20191207_210633_767	MOTOR_LEFT_RIGHT	12	100
20191207_210634_003	MOTOR_LEFT_RIGHT	12	100
20191207_210634_114	MOTOR_FORWARD_BACK	10	1000
20191207_210634_231	MOTOR_LEFT_RIGHT	12	100
20191207_210634_483	MOTOR_LEFT_RIGHT	12	100
20191207_210634_717	MOTOR_LEFT_RIGHT	12	100
20191207_210634_935	MOTOR_LEFT_RIGHT	12	100
20191207_210635_114	MOTOR_FORWARD_BACK	-10	1000
20191207_210635_174	MOTOR_LEFT_RIGHT	12	100
20191207_210635_456	MOTOR_LEFT_RIGHT	12	100
20191207_210635_614	MOTOR_LEFT_RIGHT	-16	500
20191207_210635_688	MOTOR_LEFT_RIGHT	12	100
20191207_210635_894	MOTOR_LEFT_RIGHT	12	100
20191207_210636_114	MOTOR_FORWARD_BACK	10	1000
20191207_210636_180	MOTOR_LEFT_RIGHT	12	100
20191207_210636_396	MOTOR_LEFT_RIGHT	12	100
20191207_210636_896	MOTOR_LEFT_RIGHT	12	100
20191207_210636_927	MOTOR_LEFT_RIGHT	12	100
20191207_210636_958	MOTOR_LEFT_RIGHT	12	100
20191207_210636_988	MOTOR_LEFT_RIGHT	12	100
20191207_210637_019	MOTOR_LEFT_RIGHT	12	100
20191207_210637_051	MOTOR_LEFT_RIGHT	12	100
20191207_210637_081	MOTOR_LEFT_RIGHT	12	100
20191207_210637_112	MOTOR_LEFT_RIGHT	12	100
20191207_210637_114	MOTOR_FORWARD_BACK	-10	1000
20191207_210637_143	MOTOR_LEFT_RIGHT	12	100
20191207_210637_174	MOTOR_LEFT_RIGHT	12	100
20191207_210637_205	MOTOR_LEFT_RIGHT	12	100
20191207_210637_235	MOTOR_LEFT_RIGHT	12	100
20191207_210637_265	MOTOR_LEFT_RIGHT	12	100
20191207_210637_296	MOTOR_LEFT_RIGHT	12	100
20191207_210637_327	MOTOR_LEFT_RIGHT	12	100
20191207_210637_357	MOTOR_LEFT_RIGHT	12	100
20191207_210637_387	MOTOR_LEFT_RIGHT	12	100
20191207_210637_417	MOTOR_LEFT_RIGHT	12	100
20191207_210637_448	MOTOR_LEFT_RIGHT	12	100
20191207_210637_561	MOTOR_LEFT_RIGHT	12	100
20191207_210637_614	MOTOR_LEFT_RIGHT	-16	500
20191207_210637_737	MOTOR_LEFT_RIGHT	12	100
20191207_210637_925	MOTOR_LEFT_RIGHT	12	100
20191207_210638_114	MOTOR_FORWARD_BACK	10	1000
20191207_210638_129	MOTOR_LEFT_RIGHT	12	100
20191207_210638_321	MOTOR_LEFT_RIGHT	12	100
20191207_210638_521	MOTOR_LEFT_RIGHT	12	100
20191207_210638_725	MOTOR_LEFT_RIGHT	12	100
20191207_210638_927	MOTOR_LEFT_RIGHT	12	100
20191207_210639_114	MOTOR_FORWARD_BACK	-10	1000
20191207_210639_127	MOTOR_LEFT_RIGHT	12	100
20191207_210639_329	MOTOR_LEFT_RIGHT	12	100
20191207_210639_533	MOTOR_LEFT_RIGHT	12	100
20191207_210639_614	MOTOR_LEFT_RIGHT	-16	500
20191207_210639_715	MOTOR_LEFT_RIGHT	12	100
20191207_210639_907	MOTOR_LEFT_RIGHT	12	100
20191207_210640_087	MOTOR_LEFT_RIGHT	12	100
20191207_210640_114	MOTOR_FORWARD_BACK	10	1000
20191207_210640_251	MOTOR_LEFT_RIGHT	12	100
20191207_210640_422	MOTOR_LEFT_RIGHT	12	100
20191207_210640_609	MOTOR_LEFT_RIGHT	12	100
20191207_210640_804	MOTOR_LEFT_RIGHT	12	100
20191207_210640_978	MOTOR_LEFT_RIGHT	12	100
20191207_210641_114	MOTOR_FORWARD_BACK	-10	1000
20191207_210641_190	MOTOR_LEFT_RIGHT	12	100
20191207_210641_378	MOTOR_LEFT_RIGHT	12	100
20191207_210641_582	MOTOR_LEFT_RIGHT	12	100
20191207_210641_614	MOTOR_LEFT_RIGHT	-16	500
20191207_210641_778	MOTOR_LEFT_RIGHT	12	100
20191207_210641_982	MOTOR_LEFT_RIGHT	12	100
20191207_210642_114	MOTOR_FORWARD_BACK	10	1000
20191207_210642_186	MOTOR_LEFT_RIGHT	12	100
20191207_210642_370	MOTOR_LEFT_RIGHT	12	100
20191207_210642_566	MOTOR_LEFT_RIGHT	12	100
20191207_210642_764	MOTOR_LEFT_RIGHT	12	100
20191207_210642_968	MOTOR_LEFT_RIGHT	12	100
20191207_210643_114	MOTOR_FORWARD_BACK	-10	1000
20191207_210643_158	MOTOR_LEFT_RIGHT	12	100
20191207_210643_362	MOTOR_LEFT_RIGHT	12	100
20191207_210643_557	MOTOR_LEFT_RIGHT	12	100
20191207_210643_614	MOTOR_LEFT_RIGHT	-16	500
20191207_210643_777	MOTOR_LEFT_RIGHT	12	100
20191207_210644_013	MOTOR_LEFT_RIGHT	12	100
20191207_210644_114	MOTOR_FORWARD_BACK	10	1000
20191207_210644_235	MOTOR_LEFT_RIGHT	12	100
20191207_210644_445	MOTOR_LEFT_RIGHT	12	100
20191207_210644_659	MOTOR_LEFT_RIGHT	12	100
20191207_210644_899	MOTOR_LEFT_RIGHT	12	100
20191207_210645_107	MOTOR_LEFT_RIGHT	12	100
20191207_210645_114	MOTOR_FORWARD_BACK	-10	1000
20191207_210645_301	MOTOR_LEFT_RIGHT	12	100
20191207_210645_509	MOTOR_LEFT_RIGHT	12	100
20191207_210645_614	MOTOR_LEFT_RIGHT	-16	500
20191207_210645_721	MOTOR_LEFT_RIGHT	12	100
20191207_210645_925	MOTOR_LEFT_RIGHT	12	100
20191207_210646_114	MOTOR_FORWARD_BACK	10	1000
20191207_210646_133	MOTOR_LEFT_RIGHT	12	100
20191207_210646_359	MOTOR_LEFT_RIGHT	12	100
20191207_210646_553	MOTOR_LEFT_RIGHT	12	100
20191207_210646_769	MOTOR_LEFT_RIGHT	12	100
20191207_210646_937	MOTOR_LEFT_RIGHT	12	100
20191207_210647_105	MOTOR_LEFT_RIGHT	12	100
20191207_210647_114	MOTOR_FORWARD_BACK	-10	1000
20191207_210647_273	MOTOR_LEFT_RIGHT	12	100
20191207_210647_438	MOTOR_LEFT_RIGHT	12	100
20191207_210647_614	MOTOR_LEFT_RIGHT	-16	500
20191207_210647_617	MOTOR_LEFT_RIGHT	12	100
20191207_210647_810	MOTOR_LEFT_RIGHT	12	100
20191207_210647_994	MOTOR_LEFT_RIGHT	12	100
20191207_210648_114	MOTOR_FORWARD_BACK	10	1000
20191207_210648_184	MOTOR_LEFT_RIGHT	12	100
20191207_210648_376	MOTOR_LEFT_RIGHT	12	100
20191207_210648_562	MOTOR_LEFT_RIGHT	12	100
20191207_210648_770	MOTOR_LEFT_RIGHT	12	100
20191207_210648_958	MOTOR_LEFT_RIGHT	12	100
20191207_210649_114	MOTOR_FORWARD_BACK	-10	1000
20191207_210649_151	MOTOR_LEFT_RIGHT	12	100
20191207_210649_356	MOTOR_LEFT_RIGHT	12	100
20191207_210649_546	MOTOR_LEFT_RIGHT	12	100
20191207_210649_614	MOTOR_LEFT_RIGHT	-16	500
20191207_210649_774	MOTOR_LEFT_RIGHT	12	100
20191207_210649_976	MOTOR_LEFT_RIGHT	12	100
20191207_210650_114	MOTOR_FORWARD_BACK	10	1000
20191207_210650_170	MOTOR_LEFT_RIGHT	12	100
20191207_210650_372	MOTOR_LEFT_RIGHT	12	100
20191207_210650_576	MOTOR_LEFT_RIGHT	12	100
20191207_210650_812	MOTOR_LEFT_RIGHT	12	100
20191207_210651_000	MOTOR_LEFT_RIGHT	12	100
20191207_210651_114	MOTOR_FORWARD_BACK	-10	1000
20191207_210651_214	MOTOR_LEFT_RIGHT	12	100
20191207_210651_409	MOTOR_LEFT_RIGHT	12	100
20191207_210651_614	MOTOR_LEFT_RIGHT	-16	500
20191207_210651_663	MOTOR_LEFT_RIGHT	12	100
20191207_210651_891	MOTOR_LEFT_RIGHT	12	100
20191207_210652_114	MOTOR_FORWARD_BACK	10	1000
20191207_210652_115	MOTOR_LEFT_RIGHT	12	100
20191207_210652_355	MOTOR_LEFT_RIGHT	12	100
20191207_210652_601	MOTOR_LEFT_RIGHT	12	100
20191207_210652_815	MOTOR_LEFT_RIGHT	12	100
20191207_210653_114	MOTOR_FORWARD_BACK	-10	1000
20191207_210653_453	MOTOR_LEFT_RIGHT	12	100
20191207_210653_614	MOTOR_LEFT_RIGHT	-16	500
20191207_210653_693	MOTOR_LEFT_RIGHT	12	100
20191207_210653_941	MOTOR_LEFT_RIGHT	12	100
20191207_210654_114	MOTOR_FORWARD_BACK	10	1000
20191207_210654_179	MOTOR_LEFT_RIGHT	12	100
20191207_210655_114	MOTOR_FORWARD_BACK	-10	1000
20191207_210655_169	MOTOR_LEFT_RIGHT	12	100
20191207_210655_429	MOTOR_LEFT_RIGHT	12	100
20191207_210655_614	MOTOR_LEFT_RIGHT	-16	500
20191207_210655_699	MOTOR_LEFT_RIGHT	12	100
20191207_210656_009	MOTOR_LEFT_RIGHT	12	100
20191207_210656_114	MOTOR_FORWARD_BACK	10	1000
20191207_210656_449	MOTOR_LEFT_RIGHT	12	100
20191207_210656_761	MOTOR_LEFT_RIGHT	12	100
20191207_210657_014	MOTOR_LEFT_RIGHT	12	100
20191207_210657_114	MOTOR_FORWARD_BACK	-10	1000
20191207_210657_290	MOTOR_LEFT_RIGHT	12	100
20191207_210657_614	MOTOR_LEFT_RIGHT	-16	500
20191207_210657_802	MOTOR_LEFT_RIGHT	12	100
20191207_210658_070	MOTOR_LEFT_RIGHT	12	100
20191207_210658_114	MOTOR_FORWARD_BACK	10	1000
20191207_210658_386	MOTOR_LEFT_RIGHT	12	100
20191207_210658_892	MOTOR_LEFT_RIGHT	12	100
20191207_210659_114	MOTOR_FORWARD_BACK	-10	1000
20191207_210659_141	MOTOR_LEFT_RIGHT	12	100
20191207_210659_428	MOTOR_LEFT_RIGHT	12	100
20191207_210659_614	MOTOR_LEFT_RIGHT	-16	500
20191207_210659_736	MOTOR_LEFT_RIGHT	12	100
20191207_210659_990	MOTOR_LEFT_RIGHT	12	100
20191207_210700_114	MOTOR_FORWARD_BACK	10	1000
20191207_210700_260	MOTOR_LEFT_RIGHT	12	100
20191207_210700_498	MOTOR_LEFT_RIGHT	12	100
20191207_210700_710	MOTOR_LEFT_RIGHT	12	100
20191207_210700_970	MOTOR_LEFT_RIGHT	-12	100
20191207_210701_114	MOTOR_FORWARD_BACK	-10	1000
20191207_210701_200	MOTOR_LEFT_RIGHT	-12	100
20191207_210701_384	MOTOR_LEFT_RIGHT	-12	100
20191207_210701_614	MOTOR_LEFT_RIGHT	-16	500
20191207_210702_114	MOTOR_FORWARD_BACK	10	1000
20191207_210703_114	MOTOR_FORWARD_BACK	-10	1000
20191207_210703_614	MOTOR_LEFT_RIGHT	-16	500
20191207_210704_114	MOTOR_FORWARD_BACK	10	1000
20191207_210705_114	MOTOR_FORWARD_BACK	-10	1000
20191207_210705_614	MOTOR_LEFT_RIGHT	-16	500
20191207_210706_114	MOTOR_FORWARD_BACK	10	1000
20191207_210707_114	MOTOR_FORWARD_BACK	-10	1000
20191207_210707_614	MOTOR_LEFT_RIGHT	-16	500
20191207_210708_114	MOTOR_FORWARD_BACK	10	1000
20191207_210709_094	key=20 ( )
20191207_210709_124	MOTOR_FORWARD_BACK	-10	1000
20191207_210709_614	MOTOR_LEFT_RIGHT	16	500
20191207_210710_114	MOTOR_FORWARD_BACK	10	1000
20191207_210711_114	MOTOR_FORWARD_BACK	-10	1000
20191207_210711_604	MOTOR_LEFT_RIGHT	16	500
20191207_210712_104	MOTOR_FORWARD_BACK	10	1000
20191207_210713_104	MOTOR_FORWARD_BACK	-10	1000
20191207_210713_594	MOTOR_LEFT_RIGHT	16	500
20191207_210714_094	MOTOR_FORWARD_BACK	10	1000
20191207_210714_904	key=20 ( )
