20190921_122420_494	Script filename: '/usr/src/Robot/Robots/Rover/scripts/forwardback01.sh'
20190921_122420_495	MOTOR_FORWARD_BACK	-10	1000
20190921_122420_994	MOTOR_LEFT_RIGHT	-16	500
20190921_122421_494	MOTOR_FORWARD_BACK	10	1000
20190921_122422_494	MOTOR_FORWARD_BACK	-10	1000
20190921_122422_994	MOTOR_LEFT_RIGHT	-16	500
20190921_122423_494	MOTOR_FORWARD_BACK	10	1000
20190921_122424_494	MOTOR_FORWARD_BACK	-10	1000
20190921_122424_994	MOTOR_LEFT_RIGHT	-16	500
20190921_122425_494	MOTOR_FORWARD_BACK	10	1000
20190921_122425_574	key=20 ( )
20190921_122426_504	MOTOR_FORWARD_BACK	-10	1000
20190921_122426_994	MOTOR_LEFT_RIGHT	16	500
20190921_122427_494	MOTOR_FORWARD_BACK	10	1000
20190921_122428_494	MOTOR_FORWARD_BACK	-10	1000
20190921_122428_984	MOTOR_LEFT_RIGHT	16	500
20190921_122429_484	MOTOR_FORWARD_BACK	10	1000
20190921_122430_484	MOTOR_FORWARD_BACK	-10	1000
20190921_122430_974	MOTOR_LEFT_RIGHT	16	500
20190921_122431_474	MOTOR_FORWARD_BACK	10	1000
20190921_122432_474	MOTOR_FORWARD_BACK	-10	1000
20190921_122432_964	MOTOR_LEFT_RIGHT	16	500
20190921_122433_464	MOTOR_FORWARD_BACK	10	1000
20190921_122434_464	MOTOR_FORWARD_BACK	-10	1000
20190921_122434_954	MOTOR_LEFT_RIGHT	16	500
20190921_122435_454	MOTOR_FORWARD_BACK	10	1000
20190921_122436_454	MOTOR_FORWARD_BACK	-10	1000
20190921_122436_944	MOTOR_LEFT_RIGHT	16	500
20190921_122437_444	MOTOR_FORWARD_BACK	10	1000
20190921_122438_444	MOTOR_FORWARD_BACK	-10	1000
20190921_122438_934	MOTOR_LEFT_RIGHT	16	500
20190921_122439_434	MOTOR_FORWARD_BACK	10	1000
20190921_122440_434	MOTOR_FORWARD_BACK	-10	1000
20190921_122440_924	MOTOR_LEFT_RIGHT	16	500
20190921_122441_424	MOTOR_FORWARD_BACK	10	1000
20190921_122442_424	MOTOR_FORWARD_BACK	-10	1000
20190921_122442_914	MOTOR_LEFT_RIGHT	16	500
20190921_122443_414	MOTOR_FORWARD_BACK	10	1000
20190921_122444_414	MOTOR_FORWARD_BACK	-10	1000
20190921_122444_904	MOTOR_LEFT_RIGHT	16	500
20190921_122445_404	MOTOR_FORWARD_BACK	10	1000
20190921_122446_404	MOTOR_FORWARD_BACK	-10	1000
20190921_122446_894	MOTOR_LEFT_RIGHT	16	500
20190921_122447_394	MOTOR_FORWARD_BACK	10	1000
20190921_122448_394	MOTOR_FORWARD_BACK	-10	1000
20190921_122448_884	MOTOR_LEFT_RIGHT	16	500
20190921_122449_314	key=20 ( )
20190921_122449_384	MOTOR_FORWARD_BACK	10	1000
