20191205_204439_375	Script filename: '/usr/src/Robot/Robots/Rover/scripts/forwardback01.sh'
20191205_204439_375	MOTOR_FORWARD_BACK	-10	1000
20191205_204439_875	MOTOR_LEFT_RIGHT	-16	500
20191205_204440_354	MOTOR_LEFT_RIGHT	18	100
20191205_204440_375	MOTOR_FORWARD_BACK	10	1000
20191205_204440_528	MOTOR_LEFT_RIGHT	18	100
20191205_204440_670	MOTOR_LEFT_RIGHT	18	100
20191205_204440_798	MOTOR_LEFT_RIGHT	18	100
20191205_204440_970	MOTOR_LEFT_RIGHT	18	100
20191205_204441_122	MOTOR_LEFT_RIGHT	18	100
20191205_204441_286	MOTOR_LEFT_RIGHT	18	100
20191205_204441_375	MOTOR_FORWARD_BACK	-10	1000
20191205_204441_442	MOTOR_LEFT_RIGHT	18	100
20191205_204441_592	MOTOR_LEFT_RIGHT	18	100
20191205_204441_736	MOTOR_LEFT_RIGHT	18	100
20191205_204441_875	MOTOR_LEFT_RIGHT	-16	500
20191205_204441_886	MOTOR_LEFT_RIGHT	18	100
20191205_204442_020	MOTOR_LEFT_RIGHT	18	100
20191205_204442_180	MOTOR_LEFT_RIGHT	18	100
20191205_204442_332	MOTOR_LEFT_RIGHT	18	100
20191205_204442_375	MOTOR_FORWARD_BACK	10	1000
20191205_204442_480	MOTOR_LEFT_RIGHT	18	100
20191205_204442_626	MOTOR_LEFT_RIGHT	18	100
20191205_204442_782	MOTOR_LEFT_RIGHT	18	100
20191205_204442_942	MOTOR_LEFT_RIGHT	18	100
20191205_204443_094	MOTOR_LEFT_RIGHT	18	100
20191205_204443_242	MOTOR_LEFT_RIGHT	18	100
20191205_204443_375	MOTOR_FORWARD_BACK	-10	1000
20191205_204443_402	MOTOR_LEFT_RIGHT	18	100
20191205_204443_564	MOTOR_LEFT_RIGHT	18	100
20191205_204443_724	MOTOR_LEFT_RIGHT	18	100
20191205_204443_872	MOTOR_LEFT_RIGHT	18	100
20191205_204443_875	MOTOR_LEFT_RIGHT	-16	500
20191205_204444_046	MOTOR_LEFT_RIGHT	18	100
20191205_204444_208	MOTOR_LEFT_RIGHT	18	100
20191205_204444_360	MOTOR_LEFT_RIGHT	18	100
20191205_204444_375	MOTOR_FORWARD_BACK	10	1000
20191205_204444_526	MOTOR_LEFT_RIGHT	18	100
20191205_204444_690	MOTOR_LEFT_RIGHT	18	100
20191205_204444_854	MOTOR_LEFT_RIGHT	18	100
20191205_204445_018	MOTOR_LEFT_RIGHT	18	100
20191205_204445_172	MOTOR_LEFT_RIGHT	18	100
20191205_204445_332	MOTOR_LEFT_RIGHT	18	100
20191205_204445_375	MOTOR_FORWARD_BACK	-10	1000
20191205_204445_498	MOTOR_LEFT_RIGHT	18	100
20191205_204445_654	MOTOR_LEFT_RIGHT	18	100
20191205_204445_814	MOTOR_LEFT_RIGHT	18	100
20191205_204445_875	MOTOR_LEFT_RIGHT	-16	500
20191205_204445_974	MOTOR_LEFT_RIGHT	18	100
20191205_204446_112	MOTOR_LEFT_RIGHT	18	100
20191205_204446_272	MOTOR_LEFT_RIGHT	18	100
20191205_204446_375	MOTOR_FORWARD_BACK	10	1000
20191205_204446_428	MOTOR_LEFT_RIGHT	18	100
20191205_204446_578	MOTOR_LEFT_RIGHT	18	100
20191205_204446_732	MOTOR_LEFT_RIGHT	18	100
20191205_204446_886	MOTOR_LEFT_RIGHT	18	100
20191205_204447_040	MOTOR_LEFT_RIGHT	18	100
20191205_204447_196	MOTOR_LEFT_RIGHT	18	100
20191205_204447_350	MOTOR_LEFT_RIGHT	18	100
20191205_204447_375	MOTOR_FORWARD_BACK	-10	1000
20191205_204447_500	MOTOR_LEFT_RIGHT	18	100
20191205_204447_658	MOTOR_LEFT_RIGHT	18	100
20191205_204447_818	MOTOR_LEFT_RIGHT	18	100
20191205_204447_875	MOTOR_LEFT_RIGHT	-16	500
20191205_204447_970	MOTOR_LEFT_RIGHT	18	100
20191205_204448_126	MOTOR_LEFT_RIGHT	18	100
20191205_204448_278	MOTOR_LEFT_RIGHT	18	100
20191205_204448_375	MOTOR_FORWARD_BACK	10	1000
20191205_204448_424	MOTOR_LEFT_RIGHT	18	100
20191205_204448_578	MOTOR_LEFT_RIGHT	18	100
20191205_204448_724	MOTOR_LEFT_RIGHT	18	100
20191205_204448_880	MOTOR_LEFT_RIGHT	18	100
20191205_204449_024	MOTOR_LEFT_RIGHT	18	100
20191205_204449_172	MOTOR_LEFT_RIGHT	18	100
20191205_204449_320	MOTOR_LEFT_RIGHT	18	100
20191205_204449_375	MOTOR_FORWARD_BACK	-10	1000
20191205_204449_476	MOTOR_LEFT_RIGHT	18	100
20191205_204449_620	MOTOR_LEFT_RIGHT	18	100
20191205_204449_772	MOTOR_LEFT_RIGHT	18	100
20191205_204449_875	MOTOR_LEFT_RIGHT	-16	500
20191205_204449_922	MOTOR_LEFT_RIGHT	18	100
20191205_204450_072	MOTOR_LEFT_RIGHT	18	100
20191205_204450_222	MOTOR_LEFT_RIGHT	18	100
20191205_204450_372	MOTOR_LEFT_RIGHT	18	100
20191205_204450_375	MOTOR_FORWARD_BACK	10	1000
20191205_204450_530	MOTOR_LEFT_RIGHT	18	100
20191205_204450_680	MOTOR_LEFT_RIGHT	18	100
20191205_204450_824	MOTOR_LEFT_RIGHT	18	100
20191205_204450_984	MOTOR_LEFT_RIGHT	18	100
20191205_204451_140	MOTOR_LEFT_RIGHT	18	100
20191205_204451_302	MOTOR_LEFT_RIGHT	18	100
20191205_204451_375	MOTOR_FORWARD_BACK	-10	1000
20191205_204451_456	MOTOR_LEFT_RIGHT	18	100
20191205_204451_610	MOTOR_LEFT_RIGHT	18	100
20191205_204451_764	MOTOR_LEFT_RIGHT	18	100
20191205_204451_875	MOTOR_LEFT_RIGHT	-16	500
20191205_204451_916	MOTOR_LEFT_RIGHT	18	100
20191205_204452_058	MOTOR_LEFT_RIGHT	18	100
20191205_204452_214	MOTOR_LEFT_RIGHT	18	100
20191205_204452_364	MOTOR_LEFT_RIGHT	18	100
20191205_204452_375	MOTOR_FORWARD_BACK	10	1000
20191205_204452_510	MOTOR_LEFT_RIGHT	18	100
20191205_204452_668	MOTOR_LEFT_RIGHT	18	100
20191205_204452_812	MOTOR_LEFT_RIGHT	18	100
20191205_204452_958	MOTOR_LEFT_RIGHT	18	100
20191205_204453_098	MOTOR_LEFT_RIGHT	18	100
20191205_204453_242	MOTOR_LEFT_RIGHT	18	100
20191205_204453_375	MOTOR_FORWARD_BACK	-10	1000
20191205_204453_387	MOTOR_LEFT_RIGHT	18	100
20191205_204453_542	MOTOR_LEFT_RIGHT	18	100
20191205_204453_684	MOTOR_LEFT_RIGHT	18	100
20191205_204453_832	MOTOR_LEFT_RIGHT	18	100
20191205_204453_875	MOTOR_LEFT_RIGHT	-16	500
20191205_204453_984	MOTOR_LEFT_RIGHT	18	100
20191205_204454_118	MOTOR_LEFT_RIGHT	18	100
20191205_204454_272	MOTOR_LEFT_RIGHT	18	100
20191205_204454_375	MOTOR_FORWARD_BACK	10	1000
20191205_204454_414	MOTOR_LEFT_RIGHT	18	100
20191205_204454_554	MOTOR_LEFT_RIGHT	18	100
20191205_204454_704	MOTOR_LEFT_RIGHT	18	100
20191205_204454_858	MOTOR_LEFT_RIGHT	18	100
20191205_204455_018	MOTOR_LEFT_RIGHT	18	100
20191205_204455_176	MOTOR_LEFT_RIGHT	18	100
20191205_204455_332	MOTOR_LEFT_RIGHT	18	100
20191205_204455_375	MOTOR_FORWARD_BACK	-10	1000
20191205_204455_486	MOTOR_LEFT_RIGHT	18	100
20191205_204455_650	MOTOR_LEFT_RIGHT	18	100
20191205_204455_812	MOTOR_LEFT_RIGHT	18	100
20191205_204455_875	MOTOR_LEFT_RIGHT	-16	500
20191205_204455_968	MOTOR_LEFT_RIGHT	18	100
20191205_204456_136	MOTOR_LEFT_RIGHT	18	100
20191205_204456_298	MOTOR_LEFT_RIGHT	18	100
20191205_204456_375	MOTOR_FORWARD_BACK	10	1000
20191205_204456_466	MOTOR_LEFT_RIGHT	18	100
20191205_204456_628	MOTOR_LEFT_RIGHT	18	100
20191205_204456_796	MOTOR_LEFT_RIGHT	18	100
20191205_204456_964	MOTOR_LEFT_RIGHT	18	100
20191205_204457_122	MOTOR_LEFT_RIGHT	18	100
20191205_204457_282	MOTOR_LEFT_RIGHT	18	100
20191205_204457_375	MOTOR_FORWARD_BACK	-10	1000
20191205_204457_432	MOTOR_LEFT_RIGHT	18	100
20191205_204457_584	MOTOR_LEFT_RIGHT	18	100
20191205_204457_752	MOTOR_LEFT_RIGHT	18	100
20191205_204457_875	MOTOR_LEFT_RIGHT	-16	500
20191205_204457_904	MOTOR_LEFT_RIGHT	18	100
20191205_204458_062	MOTOR_LEFT_RIGHT	18	100
20191205_204458_226	MOTOR_LEFT_RIGHT	18	100
20191205_204458_375	MOTOR_FORWARD_BACK	10	1000
20191205_204458_388	MOTOR_LEFT_RIGHT	18	100
20191205_204458_554	MOTOR_LEFT_RIGHT	18	100
20191205_204458_720	MOTOR_LEFT_RIGHT	18	100
20191205_204458_886	MOTOR_LEFT_RIGHT	18	100
20191205_204459_046	MOTOR_LEFT_RIGHT	18	100
20191205_204459_210	MOTOR_LEFT_RIGHT	18	100
20191205_204459_375	MOTOR_FORWARD_BACK	-10	1000
20191205_204459_387	MOTOR_LEFT_RIGHT	18	100
20191205_204459_548	MOTOR_LEFT_RIGHT	18	100
20191205_204459_704	MOTOR_LEFT_RIGHT	18	100
20191205_204459_875	MOTOR_LEFT_RIGHT	-16	500
20191205_204459_902	MOTOR_LEFT_RIGHT	18	100
20191205_204500_066	MOTOR_LEFT_RIGHT	18	100
20191205_204500_228	MOTOR_LEFT_RIGHT	18	100
20191205_204500_375	MOTOR_FORWARD_BACK	10	1000
20191205_204500_390	MOTOR_LEFT_RIGHT	18	100
20191205_204500_560	MOTOR_LEFT_RIGHT	18	100
20191205_204500_728	MOTOR_LEFT_RIGHT	18	100
20191205_204500_901	MOTOR_LEFT_RIGHT	18	100
20191205_204501_062	MOTOR_LEFT_RIGHT	18	100
20191205_204501_224	MOTOR_LEFT_RIGHT	18	100
20191205_204501_375	MOTOR_FORWARD_BACK	-10	1000
20191205_204501_387	MOTOR_LEFT_RIGHT	18	100
20191205_204501_550	MOTOR_LEFT_RIGHT	18	100
20191205_204501_712	MOTOR_LEFT_RIGHT	18	100
20191205_204501_875	MOTOR_LEFT_RIGHT	-16	500
20191205_204501_886	MOTOR_LEFT_RIGHT	18	100
20191205_204502_046	MOTOR_LEFT_RIGHT	18	100
20191205_204502_212	MOTOR_LEFT_RIGHT	18	100
20191205_204502_375	MOTOR_FORWARD_BACK	10	1000
20191205_204502_390	MOTOR_LEFT_RIGHT	18	100
20191205_204502_564	MOTOR_LEFT_RIGHT	18	100
20191205_204502_752	MOTOR_LEFT_RIGHT	18	100
20191205_204502_930	MOTOR_LEFT_RIGHT	18	100
20191205_204503_112	MOTOR_LEFT_RIGHT	18	100
20191205_204503_278	MOTOR_LEFT_RIGHT	18	100
20191205_204503_375	MOTOR_FORWARD_BACK	-10	1000
20191205_204503_438	MOTOR_LEFT_RIGHT	18	100
20191205_204503_606	MOTOR_LEFT_RIGHT	18	100
20191205_204503_766	MOTOR_LEFT_RIGHT	18	100
20191205_204503_875	MOTOR_LEFT_RIGHT	-16	500
20191205_204503_938	MOTOR_LEFT_RIGHT	18	100
20191205_204504_096	MOTOR_LEFT_RIGHT	18	100
20191205_204504_260	MOTOR_LEFT_RIGHT	18	100
20191205_204504_375	MOTOR_FORWARD_BACK	10	1000
20191205_204504_430	MOTOR_LEFT_RIGHT	18	100
20191205_204504_592	MOTOR_LEFT_RIGHT	18	100
20191205_204504_760	MOTOR_LEFT_RIGHT	18	100
20191205_204504_928	MOTOR_LEFT_RIGHT	18	100
20191205_204505_106	MOTOR_LEFT_RIGHT	18	100
20191205_204505_272	MOTOR_LEFT_RIGHT	18	100
20191205_204505_375	MOTOR_FORWARD_BACK	-10	1000
20191205_204505_450	MOTOR_LEFT_RIGHT	18	100
20191205_204505_626	MOTOR_LEFT_RIGHT	18	100
20191205_204505_800	MOTOR_LEFT_RIGHT	18	100
20191205_204505_875	MOTOR_LEFT_RIGHT	-16	500
20191205_204505_966	MOTOR_LEFT_RIGHT	18	100
20191205_204506_124	MOTOR_LEFT_RIGHT	18	100
20191205_204506_278	MOTOR_LEFT_RIGHT	18	100
20191205_204506_375	MOTOR_FORWARD_BACK	10	1000
20191205_204506_424	MOTOR_LEFT_RIGHT	18	100
20191205_204506_568	MOTOR_LEFT_RIGHT	18	100
20191205_204506_728	MOTOR_LEFT_RIGHT	18	100
20191205_204506_904	MOTOR_LEFT_RIGHT	18	100
20191205_204507_086	MOTOR_LEFT_RIGHT	18	100
20191205_204507_246	MOTOR_LEFT_RIGHT	18	100
20191205_204507_375	MOTOR_FORWARD_BACK	-10	1000
20191205_204507_875	MOTOR_LEFT_RIGHT	-16	500
20191205_204508_375	MOTOR_FORWARD_BACK	10	1000
20191205_204509_375	MOTOR_FORWARD_BACK	-10	1000
20191205_204509_875	MOTOR_LEFT_RIGHT	-16	500
20191205_204510_375	MOTOR_FORWARD_BACK	10	1000
20191205_204511_375	MOTOR_FORWARD_BACK	-10	1000
20191205_204511_875	MOTOR_LEFT_RIGHT	-16	500
20191205_204512_375	MOTOR_FORWARD_BACK	10	1000
20191205_204513_375	MOTOR_FORWARD_BACK	-10	1000
20191205_204513_875	MOTOR_LEFT_RIGHT	-16	500
20191205_204514_375	MOTOR_FORWARD_BACK	10	1000
20191205_204515_375	MOTOR_FORWARD_BACK	-10	1000
20191205_204515_875	MOTOR_LEFT_RIGHT	-16	500
20191205_204516_375	MOTOR_FORWARD_BACK	10	1000
20191205_204517_375	MOTOR_FORWARD_BACK	-10	1000
20191205_204517_875	MOTOR_LEFT_RIGHT	-16	500
20191205_204518_375	MOTOR_FORWARD_BACK	10	1000
20191205_204519_375	MOTOR_FORWARD_BACK	-10	1000
20191205_204519_875	MOTOR_LEFT_RIGHT	-16	500
20191205_204520_375	MOTOR_FORWARD_BACK	10	1000
20191205_204521_375	MOTOR_FORWARD_BACK	-10	1000
20191205_204521_875	MOTOR_LEFT_RIGHT	-16	500
20191205_204522_375	MOTOR_FORWARD_BACK	10	1000
20191205_204523_375	MOTOR_FORWARD_BACK	-10	1000
20191205_204523_875	MOTOR_LEFT_RIGHT	-16	500
20191205_204524_375	MOTOR_FORWARD_BACK	10	1000
20191205_204524_427	MOTOR_LEFT_RIGHT	18	100
20191205_204524_625	MOTOR_LEFT_RIGHT	18	100
20191205_204524_783	MOTOR_LEFT_RIGHT	18	100
20191205_204524_945	MOTOR_LEFT_RIGHT	18	100
20191205_204525_155	MOTOR_LEFT_RIGHT	18	100
20191205_204525_313	MOTOR_LEFT_RIGHT	18	100
20191205_204525_375	MOTOR_FORWARD_BACK	-10	1000
20191205_204525_463	MOTOR_LEFT_RIGHT	18	100
20191205_204525_607	MOTOR_LEFT_RIGHT	18	100
20191205_204525_749	MOTOR_LEFT_RIGHT	18	100
20191205_204525_875	MOTOR_LEFT_RIGHT	-16	500
20191205_204525_877	MOTOR_LEFT_RIGHT	18	100
20191205_204526_005	MOTOR_LEFT_RIGHT	18	100
20191205_204526_139	MOTOR_LEFT_RIGHT	18	100
20191205_204526_269	MOTOR_LEFT_RIGHT	18	100
20191205_204526_375	MOTOR_FORWARD_BACK	10	1000
20191205_204526_399	MOTOR_LEFT_RIGHT	18	100
20191205_204526_607	MOTOR_LEFT_RIGHT	18	100
20191205_204526_937	MOTOR_LEFT_RIGHT	18	100
20191205_204527_163	MOTOR_LEFT_RIGHT	18	100
20191205_204527_375	MOTOR_FORWARD_BACK	-10	1000
20191205_204527_663	MOTOR_LEFT_RIGHT	18	100
20191205_204527_694	MOTOR_LEFT_RIGHT	18	100
20191205_204527_724	MOTOR_LEFT_RIGHT	18	100
20191205_204527_755	MOTOR_LEFT_RIGHT	18	100
20191205_204527_786	MOTOR_LEFT_RIGHT	18	100
20191205_204527_817	MOTOR_LEFT_RIGHT	18	100
20191205_204527_848	MOTOR_LEFT_RIGHT	18	100
20191205_204527_875	MOTOR_LEFT_RIGHT	-16	500
20191205_204527_879	MOTOR_LEFT_RIGHT	18	100
20191205_204527_909	MOTOR_LEFT_RIGHT	18	100
20191205_204527_940	MOTOR_LEFT_RIGHT	18	100
20191205_204527_970	MOTOR_LEFT_RIGHT	18	100
20191205_204528_001	MOTOR_LEFT_RIGHT	18	100
20191205_204528_032	MOTOR_LEFT_RIGHT	18	100
20191205_204528_062	MOTOR_LEFT_RIGHT	18	100
20191205_204528_092	MOTOR_LEFT_RIGHT	18	100
20191205_204528_123	MOTOR_LEFT_RIGHT	18	100
20191205_204528_154	MOTOR_LEFT_RIGHT	18	100
20191205_204528_185	MOTOR_LEFT_RIGHT	18	100
20191205_204528_215	MOTOR_LEFT_RIGHT	18	100
20191205_204528_245	MOTOR_LEFT_RIGHT	18	100
20191205_204528_276	MOTOR_LEFT_RIGHT	18	100
20191205_204528_307	MOTOR_LEFT_RIGHT	18	100
20191205_204528_338	MOTOR_LEFT_RIGHT	18	100
20191205_204528_369	MOTOR_LEFT_RIGHT	18	100
20191205_204528_375	MOTOR_FORWARD_BACK	10	1000
20191205_204528_399	MOTOR_LEFT_RIGHT	18	100
20191205_204528_430	MOTOR_LEFT_RIGHT	18	100
20191205_204528_460	MOTOR_LEFT_RIGHT	18	100
20191205_204528_490	MOTOR_LEFT_RIGHT	18	100
20191205_204528_521	MOTOR_LEFT_RIGHT	18	100
20191205_204528_552	MOTOR_LEFT_RIGHT	18	100
20191205_204528_583	MOTOR_LEFT_RIGHT	18	100
20191205_204528_613	MOTOR_LEFT_RIGHT	18	100
20191205_204528_644	MOTOR_LEFT_RIGHT	18	100
20191205_204528_675	MOTOR_LEFT_RIGHT	18	100
20191205_204528_706	MOTOR_LEFT_RIGHT	18	100
20191205_204528_897	MOTOR_LEFT_RIGHT	18	100
20191205_204529_375	MOTOR_FORWARD_BACK	-10	1000
20191205_204529_397	MOTOR_LEFT_RIGHT	18	100
20191205_204529_427	MOTOR_LEFT_RIGHT	18	100
20191205_204529_458	MOTOR_LEFT_RIGHT	18	100
20191205_204529_488	MOTOR_LEFT_RIGHT	18	100
20191205_204529_520	MOTOR_LEFT_RIGHT	18	100
20191205_204529_551	MOTOR_LEFT_RIGHT	18	100
20191205_204529_581	MOTOR_LEFT_RIGHT	18	100
20191205_204529_612	MOTOR_LEFT_RIGHT	18	100
20191205_204529_642	MOTOR_LEFT_RIGHT	18	100
20191205_204529_673	MOTOR_LEFT_RIGHT	18	100
20191205_204529_704	MOTOR_LEFT_RIGHT	18	100
20191205_204529_735	MOTOR_LEFT_RIGHT	18	100
20191205_204529_766	MOTOR_LEFT_RIGHT	18	100
20191205_204529_796	MOTOR_LEFT_RIGHT	18	100
20191205_204529_827	MOTOR_LEFT_RIGHT	18	100
20191205_204529_857	MOTOR_LEFT_RIGHT	18	100
20191205_204529_875	MOTOR_LEFT_RIGHT	-16	500
20191205_204529_888	MOTOR_LEFT_RIGHT	18	100
20191205_204529_919	MOTOR_LEFT_RIGHT	18	100
20191205_204529_950	MOTOR_LEFT_RIGHT	18	100
20191205_204529_980	MOTOR_LEFT_RIGHT	18	100
20191205_204530_011	MOTOR_LEFT_RIGHT	18	100
20191205_204530_041	MOTOR_LEFT_RIGHT	18	100
20191205_204530_072	MOTOR_LEFT_RIGHT	18	100
20191205_204530_102	MOTOR_LEFT_RIGHT	18	100
20191205_204530_132	MOTOR_LEFT_RIGHT	18	100
20191205_204530_163	MOTOR_LEFT_RIGHT	18	100
20191205_204530_193	MOTOR_LEFT_RIGHT	18	100
20191205_204530_224	MOTOR_LEFT_RIGHT	18	100
20191205_204530_254	MOTOR_LEFT_RIGHT	18	100
20191205_204530_284	MOTOR_LEFT_RIGHT	18	100
20191205_204530_314	MOTOR_LEFT_RIGHT	18	100
20191205_204530_344	MOTOR_LEFT_RIGHT	18	100
20191205_204530_375	MOTOR_FORWARD_BACK	10	1000
20191205_204530_375	MOTOR_LEFT_RIGHT	18	100
20191205_204530_406	MOTOR_LEFT_RIGHT	18	100
20191205_204530_436	MOTOR_LEFT_RIGHT	18	100
20191205_204530_468	MOTOR_LEFT_RIGHT	18	100
20191205_204530_498	MOTOR_LEFT_RIGHT	18	100
20191205_204530_529	MOTOR_LEFT_RIGHT	18	100
20191205_204530_560	MOTOR_LEFT_RIGHT	18	100
20191205_204530_590	MOTOR_LEFT_RIGHT	18	100
20191205_204530_620	MOTOR_LEFT_RIGHT	18	100
20191205_204530_651	MOTOR_LEFT_RIGHT	18	100
20191205_204530_682	MOTOR_LEFT_RIGHT	18	100
20191205_204530_713	MOTOR_LEFT_RIGHT	18	100
20191205_204530_743	MOTOR_LEFT_RIGHT	18	100
20191205_204530_773	MOTOR_LEFT_RIGHT	18	100
20191205_204530_805	MOTOR_LEFT_RIGHT	18	100
20191205_204530_835	MOTOR_LEFT_RIGHT	18	100
20191205_204530_866	MOTOR_LEFT_RIGHT	18	100
20191205_204530_897	MOTOR_LEFT_RIGHT	18	100
20191205_204530_928	MOTOR_LEFT_RIGHT	18	100
20191205_204530_959	MOTOR_LEFT_RIGHT	18	100
20191205_204530_989	MOTOR_LEFT_RIGHT	18	100
20191205_204531_020	MOTOR_LEFT_RIGHT	18	100
20191205_204531_051	MOTOR_LEFT_RIGHT	18	100
20191205_204531_082	MOTOR_LEFT_RIGHT	18	100
20191205_204531_112	MOTOR_LEFT_RIGHT	18	100
20191205_204531_142	MOTOR_LEFT_RIGHT	18	100
20191205_204531_172	MOTOR_LEFT_RIGHT	18	100
20191205_204531_203	MOTOR_LEFT_RIGHT	18	100
20191205_204531_233	MOTOR_LEFT_RIGHT	18	100
20191205_204531_263	MOTOR_LEFT_RIGHT	18	100
20191205_204531_293	MOTOR_LEFT_RIGHT	18	100
20191205_204531_324	MOTOR_LEFT_RIGHT	18	100
20191205_204531_355	MOTOR_LEFT_RIGHT	18	100
20191205_204531_375	MOTOR_FORWARD_BACK	-10	1000
20191205_204531_387	MOTOR_LEFT_RIGHT	18	100
20191205_204531_417	MOTOR_LEFT_RIGHT	18	100
20191205_204531_448	MOTOR_LEFT_RIGHT	18	100
20191205_204531_479	MOTOR_LEFT_RIGHT	18	100
20191205_204531_509	MOTOR_LEFT_RIGHT	18	100
20191205_204531_540	MOTOR_LEFT_RIGHT	18	100
20191205_204531_571	MOTOR_LEFT_RIGHT	18	100
20191205_204531_602	MOTOR_LEFT_RIGHT	18	100
20191205_204531_633	MOTOR_LEFT_RIGHT	18	100
20191205_204531_663	MOTOR_LEFT_RIGHT	18	100
20191205_204531_693	MOTOR_LEFT_RIGHT	18	100
20191205_204531_724	MOTOR_LEFT_RIGHT	18	100
20191205_204531_755	MOTOR_LEFT_RIGHT	18	100
20191205_204531_785	MOTOR_LEFT_RIGHT	18	100
20191205_204531_815	MOTOR_LEFT_RIGHT	18	100
20191205_204531_845	MOTOR_LEFT_RIGHT	18	100
20191205_204531_875	MOTOR_LEFT_RIGHT	-16	500
20191205_204531_876	MOTOR_LEFT_RIGHT	18	100
20191205_204531_906	MOTOR_LEFT_RIGHT	18	100
20191205_204531_936	MOTOR_LEFT_RIGHT	18	100
20191205_204531_967	MOTOR_LEFT_RIGHT	18	100
20191205_204531_997	MOTOR_LEFT_RIGHT	18	100
20191205_204532_027	MOTOR_LEFT_RIGHT	18	100
20191205_204532_058	MOTOR_LEFT_RIGHT	18	100
20191205_204532_088	MOTOR_LEFT_RIGHT	18	100
20191205_204532_119	MOTOR_LEFT_RIGHT	18	100
20191205_204532_150	MOTOR_LEFT_RIGHT	18	100
20191205_204532_180	MOTOR_LEFT_RIGHT	18	100
20191205_204532_211	MOTOR_LEFT_RIGHT	18	100
20191205_204532_241	MOTOR_LEFT_RIGHT	18	100
20191205_204532_272	MOTOR_LEFT_RIGHT	18	100
20191205_204532_302	MOTOR_LEFT_RIGHT	18	100
20191205_204532_332	MOTOR_LEFT_RIGHT	18	100
20191205_204532_363	MOTOR_LEFT_RIGHT	18	100
20191205_204532_375	MOTOR_FORWARD_BACK	10	1000
20191205_204532_393	MOTOR_LEFT_RIGHT	18	100
20191205_204532_423	MOTOR_LEFT_RIGHT	18	100
20191205_204532_453	MOTOR_LEFT_RIGHT	18	100
20191205_204532_483	MOTOR_LEFT_RIGHT	18	100
20191205_204532_513	MOTOR_LEFT_RIGHT	18	100
20191205_204532_543	MOTOR_LEFT_RIGHT	18	100
20191205_204532_573	MOTOR_LEFT_RIGHT	18	100
20191205_204532_604	MOTOR_LEFT_RIGHT	18	100
20191205_204532_634	MOTOR_LEFT_RIGHT	18	100
20191205_204532_664	MOTOR_LEFT_RIGHT	18	100
20191205_204532_694	MOTOR_LEFT_RIGHT	18	100
20191205_204532_725	MOTOR_LEFT_RIGHT	18	100
20191205_204532_756	MOTOR_LEFT_RIGHT	18	100
20191205_204532_786	MOTOR_LEFT_RIGHT	18	100
20191205_204532_817	MOTOR_LEFT_RIGHT	18	100
20191205_204532_847	MOTOR_LEFT_RIGHT	18	100
20191205_204532_878	MOTOR_LEFT_RIGHT	18	100
20191205_204532_908	MOTOR_LEFT_RIGHT	18	100
20191205_204532_938	MOTOR_LEFT_RIGHT	18	100
20191205_204532_969	MOTOR_LEFT_RIGHT	18	100
20191205_204533_000	MOTOR_LEFT_RIGHT	18	100
20191205_204533_031	MOTOR_LEFT_RIGHT	18	100
20191205_204533_061	MOTOR_LEFT_RIGHT	18	100
20191205_204533_091	MOTOR_LEFT_RIGHT	18	100
20191205_204533_122	MOTOR_LEFT_RIGHT	18	100
20191205_204533_153	MOTOR_LEFT_RIGHT	18	100
20191205_204533_183	MOTOR_LEFT_RIGHT	18	100
20191205_204533_213	MOTOR_LEFT_RIGHT	18	100
20191205_204533_243	MOTOR_LEFT_RIGHT	18	100
20191205_204533_274	MOTOR_LEFT_RIGHT	18	100
20191205_204533_304	MOTOR_LEFT_RIGHT	18	100
20191205_204533_334	MOTOR_LEFT_RIGHT	18	100
20191205_204533_365	MOTOR_LEFT_RIGHT	18	100
20191205_204533_375	MOTOR_FORWARD_BACK	-10	1000
20191205_204533_396	MOTOR_LEFT_RIGHT	18	100
20191205_204533_427	MOTOR_LEFT_RIGHT	18	100
20191205_204533_458	MOTOR_LEFT_RIGHT	18	100
20191205_204533_488	MOTOR_LEFT_RIGHT	18	100
20191205_204533_519	MOTOR_LEFT_RIGHT	18	100
20191205_204533_550	MOTOR_LEFT_RIGHT	18	100
20191205_204533_580	MOTOR_LEFT_RIGHT	18	100
20191205_204533_611	MOTOR_LEFT_RIGHT	18	100
20191205_204533_641	MOTOR_LEFT_RIGHT	18	100
20191205_204533_672	MOTOR_LEFT_RIGHT	18	100
20191205_204533_702	MOTOR_LEFT_RIGHT	18	100
20191205_204533_732	MOTOR_LEFT_RIGHT	18	100
20191205_204533_763	MOTOR_LEFT_RIGHT	18	100
20191205_204533_793	MOTOR_LEFT_RIGHT	18	100
20191205_204533_823	MOTOR_LEFT_RIGHT	18	100
20191205_204533_853	MOTOR_LEFT_RIGHT	18	100
20191205_204533_875	MOTOR_LEFT_RIGHT	-16	500
20191205_204533_884	MOTOR_LEFT_RIGHT	18	100
20191205_204533_913	MOTOR_LEFT_RIGHT	18	100
20191205_204533_943	MOTOR_LEFT_RIGHT	18	100
20191205_204533_973	MOTOR_LEFT_RIGHT	18	100
20191205_204534_004	MOTOR_LEFT_RIGHT	18	100
20191205_204534_035	MOTOR_LEFT_RIGHT	18	100
20191205_204534_065	MOTOR_LEFT_RIGHT	18	100
20191205_204534_096	MOTOR_LEFT_RIGHT	18	100
20191205_204534_127	MOTOR_LEFT_RIGHT	18	100
20191205_204534_158	MOTOR_LEFT_RIGHT	18	100
20191205_204534_188	MOTOR_LEFT_RIGHT	18	100
20191205_204534_218	MOTOR_LEFT_RIGHT	18	100
20191205_204534_249	MOTOR_LEFT_RIGHT	18	100
20191205_204534_280	MOTOR_LEFT_RIGHT	18	100
20191205_204534_310	MOTOR_LEFT_RIGHT	18	100
20191205_204534_340	MOTOR_LEFT_RIGHT	18	100
20191205_204534_371	MOTOR_LEFT_RIGHT	18	100
20191205_204534_375	MOTOR_FORWARD_BACK	10	1000
20191205_204534_402	MOTOR_LEFT_RIGHT	18	100
20191205_204534_432	MOTOR_LEFT_RIGHT	18	100
20191205_204534_462	MOTOR_LEFT_RIGHT	18	100
20191205_204534_492	MOTOR_LEFT_RIGHT	18	100
20191205_204534_523	MOTOR_LEFT_RIGHT	18	100
20191205_204534_554	MOTOR_LEFT_RIGHT	18	100
20191205_204534_584	MOTOR_LEFT_RIGHT	18	100
20191205_204534_614	MOTOR_LEFT_RIGHT	18	100
20191205_204534_644	MOTOR_LEFT_RIGHT	18	100
20191205_204534_675	MOTOR_LEFT_RIGHT	18	100
20191205_204534_705	MOTOR_LEFT_RIGHT	18	100
20191205_204534_736	MOTOR_LEFT_RIGHT	18	100
20191205_204534_767	MOTOR_LEFT_RIGHT	18	100
20191205_204534_797	MOTOR_LEFT_RIGHT	18	100
20191205_204534_827	MOTOR_LEFT_RIGHT	18	100
20191205_204534_858	MOTOR_LEFT_RIGHT	18	100
20191205_204534_888	MOTOR_LEFT_RIGHT	18	100
20191205_204534_919	MOTOR_LEFT_RIGHT	18	100
20191205_204534_950	MOTOR_LEFT_RIGHT	18	100
20191205_204534_980	MOTOR_LEFT_RIGHT	18	100
20191205_204535_011	MOTOR_LEFT_RIGHT	18	100
20191205_204535_041	MOTOR_LEFT_RIGHT	18	100
20191205_204535_072	MOTOR_LEFT_RIGHT	18	100
20191205_204535_102	MOTOR_LEFT_RIGHT	18	100
20191205_204535_132	MOTOR_LEFT_RIGHT	18	100
20191205_204535_163	MOTOR_LEFT_RIGHT	18	100
20191205_204535_193	MOTOR_LEFT_RIGHT	18	100
20191205_204535_224	MOTOR_LEFT_RIGHT	18	100
20191205_204535_254	MOTOR_LEFT_RIGHT	18	100
20191205_204535_284	MOTOR_LEFT_RIGHT	18	100
20191205_204535_315	MOTOR_LEFT_RIGHT	18	100
20191205_204535_345	MOTOR_LEFT_RIGHT	18	100
20191205_204535_375	MOTOR_FORWARD_BACK	-10	1000
20191205_204535_376	MOTOR_LEFT_RIGHT	18	100
20191205_204535_407	MOTOR_LEFT_RIGHT	18	100
20191205_204535_437	MOTOR_LEFT_RIGHT	18	100
20191205_204535_468	MOTOR_LEFT_RIGHT	18	100
20191205_204535_499	MOTOR_LEFT_RIGHT	18	100
20191205_204535_530	MOTOR_LEFT_RIGHT	18	100
20191205_204535_561	MOTOR_LEFT_RIGHT	18	100
20191205_204535_591	MOTOR_LEFT_RIGHT	18	100
20191205_204535_621	MOTOR_LEFT_RIGHT	18	100
20191205_204535_652	MOTOR_LEFT_RIGHT	18	100
20191205_204535_688	MOTOR_LEFT_RIGHT	18	100
20191205_204535_720	MOTOR_LEFT_RIGHT	18	100
20191205_204535_751	MOTOR_LEFT_RIGHT	18	100
20191205_204535_782	MOTOR_LEFT_RIGHT	18	100
20191205_204535_812	MOTOR_LEFT_RIGHT	18	100
20191205_204535_842	MOTOR_LEFT_RIGHT	18	100
20191205_204535_873	MOTOR_LEFT_RIGHT	18	100
20191205_204535_875	MOTOR_LEFT_RIGHT	-16	500
20191205_204535_903	MOTOR_LEFT_RIGHT	18	100
20191205_204535_933	MOTOR_LEFT_RIGHT	18	100
20191205_204535_964	MOTOR_LEFT_RIGHT	18	100
20191205_204535_994	MOTOR_LEFT_RIGHT	18	100
20191205_204536_024	MOTOR_LEFT_RIGHT	18	100
20191205_204536_054	MOTOR_LEFT_RIGHT	18	100
20191205_204536_085	MOTOR_LEFT_RIGHT	18	100
20191205_204536_115	MOTOR_LEFT_RIGHT	18	100
20191205_204536_146	MOTOR_LEFT_RIGHT	18	100
20191205_204536_176	MOTOR_LEFT_RIGHT	18	100
20191205_204536_207	MOTOR_LEFT_RIGHT	18	100
20191205_204536_238	MOTOR_LEFT_RIGHT	18	100
20191205_204536_269	MOTOR_LEFT_RIGHT	18	100
20191205_204536_299	MOTOR_LEFT_RIGHT	18	100
20191205_204536_330	MOTOR_LEFT_RIGHT	18	100
20191205_204536_361	MOTOR_LEFT_RIGHT	18	100
20191205_204536_375	MOTOR_FORWARD_BACK	10	1000
20191205_204536_391	MOTOR_LEFT_RIGHT	18	100
20191205_204536_421	MOTOR_LEFT_RIGHT	18	100
20191205_204536_452	MOTOR_LEFT_RIGHT	18	100
20191205_204536_483	MOTOR_LEFT_RIGHT	18	100
20191205_204536_513	MOTOR_LEFT_RIGHT	18	100
20191205_204536_543	MOTOR_LEFT_RIGHT	18	100
20191205_204536_573	MOTOR_LEFT_RIGHT	18	100
20191205_204536_604	MOTOR_LEFT_RIGHT	18	100
20191205_204536_635	MOTOR_LEFT_RIGHT	18	100
20191205_204536_666	MOTOR_LEFT_RIGHT	18	100
20191205_204536_696	MOTOR_LEFT_RIGHT	18	100
20191205_204536_727	MOTOR_LEFT_RIGHT	18	100
20191205_204536_758	MOTOR_LEFT_RIGHT	18	100
20191205_204536_789	MOTOR_LEFT_RIGHT	18	100
20191205_204536_819	MOTOR_LEFT_RIGHT	18	100
20191205_204536_850	MOTOR_LEFT_RIGHT	18	100
20191205_204536_881	MOTOR_LEFT_RIGHT	18	100
20191205_204536_912	MOTOR_LEFT_RIGHT	18	100
20191205_204536_942	MOTOR_LEFT_RIGHT	18	100
20191205_204536_972	MOTOR_LEFT_RIGHT	18	100
20191205_204537_003	MOTOR_LEFT_RIGHT	18	100
20191205_204537_034	MOTOR_LEFT_RIGHT	18	100
20191205_204537_064	MOTOR_LEFT_RIGHT	18	100
20191205_204537_094	MOTOR_LEFT_RIGHT	18	100
20191205_204537_125	MOTOR_LEFT_RIGHT	18	100
20191205_204537_156	MOTOR_LEFT_RIGHT	18	100
20191205_204537_187	MOTOR_LEFT_RIGHT	18	100
20191205_204537_217	MOTOR_LEFT_RIGHT	18	100
20191205_204537_247	MOTOR_LEFT_RIGHT	18	100
20191205_204537_278	MOTOR_LEFT_RIGHT	18	100
20191205_204537_308	MOTOR_LEFT_RIGHT	18	100
20191205_204537_338	MOTOR_LEFT_RIGHT	18	100
20191205_204537_369	MOTOR_LEFT_RIGHT	18	100
20191205_204537_375	MOTOR_FORWARD_BACK	-10	1000
20191205_204537_400	MOTOR_LEFT_RIGHT	18	100
20191205_204537_432	MOTOR_LEFT_RIGHT	18	100
20191205_204537_462	MOTOR_LEFT_RIGHT	18	100
20191205_204537_492	MOTOR_LEFT_RIGHT	18	100
20191205_204537_523	MOTOR_LEFT_RIGHT	18	100
20191205_204537_554	MOTOR_LEFT_RIGHT	18	100
20191205_204537_585	MOTOR_LEFT_RIGHT	18	100
20191205_204537_615	MOTOR_LEFT_RIGHT	18	100
20191205_204537_646	MOTOR_LEFT_RIGHT	18	100
20191205_204537_677	MOTOR_LEFT_RIGHT	18	100
20191205_204537_707	MOTOR_LEFT_RIGHT	18	100
20191205_204537_737	MOTOR_LEFT_RIGHT	18	100
20191205_204537_768	MOTOR_LEFT_RIGHT	18	100
20191205_204537_799	MOTOR_LEFT_RIGHT	18	100
20191205_204537_829	MOTOR_LEFT_RIGHT	18	100
20191205_204537_859	MOTOR_LEFT_RIGHT	18	100
20191205_204537_875	MOTOR_LEFT_RIGHT	-16	500
20191205_204537_890	MOTOR_LEFT_RIGHT	18	100
20191205_204537_921	MOTOR_LEFT_RIGHT	18	100
20191205_204537_952	MOTOR_LEFT_RIGHT	18	100
20191205_204537_983	MOTOR_LEFT_RIGHT	18	100
20191205_204538_013	MOTOR_LEFT_RIGHT	18	100
20191205_204538_044	MOTOR_LEFT_RIGHT	18	100
20191205_204538_075	MOTOR_LEFT_RIGHT	18	100
20191205_204538_105	MOTOR_LEFT_RIGHT	18	100
20191205_204538_209	MOTOR_LEFT_RIGHT	18	100
20191205_204538_375	MOTOR_FORWARD_BACK	10	1000
20191205_204538_385	MOTOR_LEFT_RIGHT	18	100
20191205_204538_543	MOTOR_LEFT_RIGHT	18	100
20191205_204538_707	MOTOR_LEFT_RIGHT	18	100
20191205_204538_867	MOTOR_LEFT_RIGHT	18	100
20191205_204539_017	MOTOR_LEFT_RIGHT	18	100
20191205_204539_167	MOTOR_LEFT_RIGHT	18	100
20191205_204539_337	MOTOR_LEFT_RIGHT	18	100
20191205_204539_375	MOTOR_FORWARD_BACK	-10	1000
20191205_204539_487	MOTOR_LEFT_RIGHT	18	100
20191205_204539_631	MOTOR_LEFT_RIGHT	18	100
20191205_204539_787	MOTOR_LEFT_RIGHT	18	100
20191205_204539_875	MOTOR_LEFT_RIGHT	-16	500
20191205_204539_943	MOTOR_LEFT_RIGHT	18	100
20191205_204540_107	MOTOR_LEFT_RIGHT	18	100
20191205_204540_277	MOTOR_LEFT_RIGHT	18	100
20191205_204540_375	MOTOR_FORWARD_BACK	10	1000
20191205_204540_431	MOTOR_LEFT_RIGHT	18	100
20191205_204540_599	MOTOR_LEFT_RIGHT	18	100
20191205_204540_763	MOTOR_LEFT_RIGHT	18	100
20191205_204540_915	MOTOR_LEFT_RIGHT	18	100
20191205_204541_043	MOTOR_LEFT_RIGHT	18	100
20191205_204541_169	MOTOR_LEFT_RIGHT	18	100
20191205_204541_289	MOTOR_LEFT_RIGHT	18	100
20191205_204541_375	MOTOR_FORWARD_BACK	-10	1000
20191205_204541_421	MOTOR_LEFT_RIGHT	18	100
20191205_204541_553	MOTOR_LEFT_RIGHT	18	100
20191205_204541_701	MOTOR_LEFT_RIGHT	18	100
20191205_204541_843	MOTOR_LEFT_RIGHT	18	100
20191205_204541_875	MOTOR_LEFT_RIGHT	-16	500
20191205_204541_977	MOTOR_LEFT_RIGHT	18	100
20191205_204542_113	MOTOR_LEFT_RIGHT	18	100
20191205_204542_249	MOTOR_LEFT_RIGHT	18	100
20191205_204542_375	MOTOR_FORWARD_BACK	10	1000
20191205_204542_423	MOTOR_LEFT_RIGHT	18	100
20191205_204542_571	MOTOR_LEFT_RIGHT	18	100
20191205_204542_715	MOTOR_LEFT_RIGHT	18	100
20191205_204542_857	MOTOR_LEFT_RIGHT	18	100
20191205_204543_001	MOTOR_LEFT_RIGHT	18	100
20191205_204543_145	MOTOR_LEFT_RIGHT	18	100
20191205_204543_313	MOTOR_LEFT_RIGHT	18	100
20191205_204543_375	MOTOR_FORWARD_BACK	-10	1000
20191205_204543_467	MOTOR_LEFT_RIGHT	18	100
20191205_204543_629	MOTOR_LEFT_RIGHT	18	100
20191205_204543_785	MOTOR_LEFT_RIGHT	18	100
20191205_204543_875	MOTOR_LEFT_RIGHT	-16	500
20191205_204543_941	MOTOR_LEFT_RIGHT	18	100
20191205_204544_099	MOTOR_LEFT_RIGHT	18	100
20191205_204544_261	MOTOR_LEFT_RIGHT	18	100
20191205_204544_375	MOTOR_FORWARD_BACK	10	1000
20191205_204544_423	MOTOR_LEFT_RIGHT	18	100
20191205_204544_581	MOTOR_LEFT_RIGHT	18	100
20191205_204544_733	MOTOR_LEFT_RIGHT	18	100
20191205_204544_893	MOTOR_LEFT_RIGHT	18	100
20191205_204545_047	MOTOR_LEFT_RIGHT	18	100
20191205_204545_209	MOTOR_LEFT_RIGHT	18	100
20191205_204545_367	MOTOR_LEFT_RIGHT	18	100
20191205_204545_375	MOTOR_FORWARD_BACK	-10	1000
20191205_204545_515	MOTOR_LEFT_RIGHT	18	100
20191205_204545_671	MOTOR_LEFT_RIGHT	18	100
20191205_204545_825	MOTOR_LEFT_RIGHT	18	100
20191205_204545_875	MOTOR_LEFT_RIGHT	-16	500
20191205_204545_983	MOTOR_LEFT_RIGHT	18	100
20191205_204546_155	MOTOR_LEFT_RIGHT	18	100
20191205_204546_319	MOTOR_LEFT_RIGHT	18	100
20191205_204546_375	MOTOR_FORWARD_BACK	10	1000
20191205_204546_491	MOTOR_LEFT_RIGHT	18	100
20191205_204546_655	MOTOR_LEFT_RIGHT	18	100
20191205_204546_825	MOTOR_LEFT_RIGHT	18	100
20191205_204546_991	MOTOR_LEFT_RIGHT	18	100
20191205_204547_157	MOTOR_LEFT_RIGHT	18	100
20191205_204547_337	MOTOR_LEFT_RIGHT	18	100
20191205_204547_375	MOTOR_FORWARD_BACK	-10	1000
20191205_204547_515	MOTOR_LEFT_RIGHT	18	100
20191205_204547_671	MOTOR_LEFT_RIGHT	18	100
20191205_204547_847	MOTOR_LEFT_RIGHT	18	100
20191205_204547_875	MOTOR_LEFT_RIGHT	-16	500
20191205_204548_017	MOTOR_LEFT_RIGHT	18	100
20191205_204548_181	MOTOR_LEFT_RIGHT	18	100
20191205_204548_355	MOTOR_LEFT_RIGHT	18	100
20191205_204548_375	MOTOR_FORWARD_BACK	10	1000
20191205_204548_533	MOTOR_LEFT_RIGHT	18	100
20191205_204548_705	MOTOR_LEFT_RIGHT	18	100
20191205_204548_879	MOTOR_LEFT_RIGHT	18	100
20191205_204549_057	MOTOR_LEFT_RIGHT	18	100
20191205_204549_223	MOTOR_LEFT_RIGHT	18	100
20191205_204549_375	MOTOR_FORWARD_BACK	-10	1000
20191205_204549_399	MOTOR_LEFT_RIGHT	18	100
20191205_204549_561	MOTOR_LEFT_RIGHT	18	100
20191205_204549_731	MOTOR_LEFT_RIGHT	18	100
20191205_204549_875	MOTOR_LEFT_RIGHT	-16	500
20191205_204549_909	MOTOR_LEFT_RIGHT	18	100
20191205_204550_081	MOTOR_LEFT_RIGHT	18	100
20191205_204550_253	MOTOR_LEFT_RIGHT	18	100
20191205_204550_375	MOTOR_FORWARD_BACK	10	1000
20191205_204550_425	MOTOR_LEFT_RIGHT	18	100
20191205_204550_601	MOTOR_LEFT_RIGHT	18	100
20191205_204550_781	MOTOR_LEFT_RIGHT	18	100
20191205_204550_965	MOTOR_LEFT_RIGHT	18	100
20191205_204551_149	MOTOR_LEFT_RIGHT	18	100
20191205_204551_333	MOTOR_LEFT_RIGHT	18	100
20191205_204551_375	MOTOR_FORWARD_BACK	-10	1000
20191205_204551_519	MOTOR_LEFT_RIGHT	18	100
20191205_204551_697	MOTOR_LEFT_RIGHT	18	100
20191205_204551_870	MOTOR_LEFT_RIGHT	18	100
20191205_204551_875	MOTOR_LEFT_RIGHT	-16	500
20191205_204552_049	MOTOR_LEFT_RIGHT	18	100
20191205_204552_227	MOTOR_LEFT_RIGHT	18	100
20191205_204552_375	MOTOR_FORWARD_BACK	10	1000
20191205_204552_401	MOTOR_LEFT_RIGHT	18	100
20191205_204552_575	MOTOR_LEFT_RIGHT	18	100
20191205_204552_761	MOTOR_LEFT_RIGHT	18	100
20191205_204552_923	MOTOR_LEFT_RIGHT	18	100
20191205_204553_109	MOTOR_LEFT_RIGHT	18	100
20191205_204553_278	MOTOR_LEFT_RIGHT	18	100
20191205_204553_375	MOTOR_FORWARD_BACK	-10	1000
20191205_204553_467	MOTOR_LEFT_RIGHT	18	100
20191205_204553_642	MOTOR_LEFT_RIGHT	18	100
20191205_204553_825	MOTOR_LEFT_RIGHT	18	100
20191205_204553_875	MOTOR_LEFT_RIGHT	-16	500
20191205_204554_009	MOTOR_LEFT_RIGHT	18	100
20191205_204554_195	MOTOR_LEFT_RIGHT	18	100
20191205_204554_357	MOTOR_LEFT_RIGHT	18	100
20191205_204554_375	MOTOR_FORWARD_BACK	10	1000
20191205_204554_533	MOTOR_LEFT_RIGHT	18	100
20191205_204554_707	MOTOR_LEFT_RIGHT	18	100
20191205_204554_886	MOTOR_LEFT_RIGHT	18	100
20191205_204555_061	MOTOR_LEFT_RIGHT	18	100
20191205_204555_241	MOTOR_LEFT_RIGHT	18	100
20191205_204555_375	MOTOR_FORWARD_BACK	-10	1000
20191205_204555_411	MOTOR_LEFT_RIGHT	18	100
20191205_204555_594	MOTOR_LEFT_RIGHT	18	100
20191205_204555_764	MOTOR_LEFT_RIGHT	18	100
20191205_204555_875	MOTOR_LEFT_RIGHT	-16	500
20191205_204555_937	MOTOR_LEFT_RIGHT	18	100
20191205_204556_104	MOTOR_LEFT_RIGHT	18	100
20191205_204556_276	MOTOR_LEFT_RIGHT	18	100
20191205_204556_375	MOTOR_FORWARD_BACK	10	1000
20191205_204556_454	MOTOR_LEFT_RIGHT	18	100
20191205_204556_628	MOTOR_LEFT_RIGHT	18	100
20191205_204556_805	MOTOR_LEFT_RIGHT	18	100
20191205_204556_980	MOTOR_LEFT_RIGHT	18	100
20191205_204557_165	MOTOR_LEFT_RIGHT	18	100
20191205_204557_321	MOTOR_LEFT_RIGHT	18	100
20191205_204557_375	MOTOR_FORWARD_BACK	-10	1000
20191205_204557_875	MOTOR_LEFT_RIGHT	-16	500
20191205_204558_375	MOTOR_FORWARD_BACK	10	1000
20191205_204559_065	key=20 ( )
20191205_204559_385	MOTOR_FORWARD_BACK	-10	1000
20191205_204559_875	MOTOR_LEFT_RIGHT	16	500
20191205_204600_375	MOTOR_FORWARD_BACK	10	1000
20191205_204601_375	MOTOR_FORWARD_BACK	-10	1000
20191205_204601_865	MOTOR_LEFT_RIGHT	16	500
20191205_204602_365	MOTOR_FORWARD_BACK	10	1000
20191205_204603_365	MOTOR_FORWARD_BACK	-10	1000
20191205_204603_785	key=20 ( )
20191205_204603_855	MOTOR_LEFT_RIGHT	16	500
20191205_204604_355	MOTOR_FORWARD_BACK	10	1000
