0,StartLogging 
0,LogScriptFileName
0,StoreAngle(ACCEL_LEFT_LOWER_LEG,X,LLLX0)  #-11.8
0,StoreAngle(ACCEL_RIGHT_LOWER_LEG,X,RLLX0)
0,StoreAngle(ACCEL_LEFT_LOWER_LEG,Z,LLLZ0)
0,StoreAngle(ACCEL_RIGHT_LOWER_LEG,Z,RLLZ0)
0,StoreAngle(ACCEL_TORSO,Z,TZ0)
0,StoreAngle(ACCEL_TORSO,X,TX0)
0,StoreAngle(ACCEL_HIP,X,HX0)
0,StoreAngle(ACCEL_RIGHT_UPPER_LEG,X,RULX0)
0,StoreAngle(ACCEL_RIGHT_UPPER_LEG,Z,RULZ0)
0,StoreAngle(ACCEL_LEFT_UPPER_LEG,X,LULX0)
0,StoreAngle(ACCEL_LEFT_UPPER_LEG,Z,LULZ0)
1,MotorAccel(MOTOR_LEFT_SIDE,3,5000,ACCEL_LEFT_LOWER_LEG,Z,-4,-4,1,ACCEL_LEFT_UPPER_LEG,Z,-3,-5,1,WAIT_STAGE|MIN_VELOCITY=5|MAX_VELOCITY=7|MAX_THRUST=3|MAX_REVERSE_THRUST=5|MAX_ACCEL=0.1|MAINTAIN_THRUST|ABORT_ON_TIMEOUT)
1,MotorAccel(MOTOR_RIGHT_SIDE,3,5000,ACCEL_LEFT_LOWER_LEG,Z,-4,-2,1,ACCEL_LEFT_UPPER_LEG,Z,-3,-5,1,WAIT_STAGE|HOLD_ANGLE|MIN_VELOCITY=5|MAX_VELOCITY=7|MAX_THRUST=3|MAX_REVERSE_THRUST=5|MAX_ACCEL=0.1)
1,MotorAccel(MOTOR_LEFT_ANKLE,1,5000,ACCEL_LEFT_LOWER_LEG,Z,-4,-2,1,ACCEL_LEFT_UPPER_LEG,Z,-2,-2,1,WAIT_STAGE|HOLD_ANGLE|MAX_THRUST=5|MAX_REVERSE_THRUST=5|MIN_VELOCITY=5|MAX_VELOCITY=8|MAX_ACCEL=0.1|FUTURE_LOG|MAINTAIN_THRUST)
1,MotorAccel(MOTOR_RIGHT_ANKLE,3,5000,ACCEL_LEFT_LOWER_LEG,Z,-4,-2,1,ACCEL_LEFT_UPPER_LEG,Z,-2,-2,1,WAIT_STAGE|HOLD_ANGLE|MAX_THRUST=5|MAX_REVERSE_THRUST=5|MIN_VELOCITY=5|MAX_VELOCITY=8|MAX_ACCEL=0.1|MAINTAIN_THRUST)
1,MotorAccel(MOTOR_TORSO,1,5000,ACCEL_TORSO,X,TX0,-2,2,WAIT_STAGE|HOLD_ANGLE=1:1|MAX_THRUST=4|MAX_REVERSE_THRUST=2|MAINTAIN_THRUST|MAX_VELOCITY=10|MIN_ACCEL=1)
2,MotorAccel(MOTOR_LEFT_SIDE,4,4000,ACCEL_LEFT_UPPER_LEG,Z,-2,-6,1,ACCEL_TORSO,Z,-5,-1,1,WAIT_STAGE|MAX_THRUST0=4|MAX_REVERSE_THRUST0=4|MIN_VELOCITY0=5|MAX_VELOCITY0=8|MAX_THRUST1=11|MAX_REVERSE_THRUST1=4|MIN_VELOCITY1=20|MAX_VELOCITY1=50|MAX_ACCEL0=0.1|MAX_ACCEL1=5|FUTURE_LOG|NO_STOP_ON_TARGET|ABORT_ON_TIMEOUT)
2,MotorAccel(MOTOR_LEFT_ANKLE,4,4000,ACCEL_LEFT_LOWER_LEG,Z,-6.0,-1,0.5,ACCEL_LEFT_UPPER_LEG,Z,-2,-3,1,WAIT_STAGE|MAX_THRUST=6|MAX_REVERSE_THRUST=6|MIN_VELOCITY=5|MAX_VELOCITY=8|ABORT_ANGLE0=30|HOLD_ANGLE=20:5|MAX_ACCEL1=0.1|NO_STOP_ON_TARGET|MAINTAIN_THRUST|FUTURE_LOG)
2,MotorAccel(MOTOR_RIGHT_ANKLE,4,4000,ACCEL_LEFT_LOWER_LEG,Z,-6.0,-1,0.5,ACCEL_LEFT_UPPER_LEG,Z,-2,-3,1,WAIT_STAGE|HOLD_ANGLE=20:5|MAX_THRUST=6|MAX_REVERSE_THRUST=6|MIN_VELOCITY=5|MAX_VELOCITY=8|MAX_ACCEL1=0.1|NO_STOP_ON_TARGET)
2,MotorAccel(MOTOR_LEFT_FOOT,3,4000,ACCEL_LEFT_LOWER_LEG,X,CurrentAngle,-1,1,WAIT_STAGE|HOLD_ANGLE=0.25:0.5|MAX_THRUST=7|MAX_REVERSE_THRUST=3|MAX_VELOCITY=10)
2,MotorAccel(MOTOR_RIGHT_FOOT,3,4000,ACCEL_RIGHT_LOWER_LEG,X,CurrentAngle,-1,1,WAIT_STAGE|HOLD_ANGLE=0.25:0.5|MAX_THRUST=7|MAX_REVERSE_THRUST=3|MAX_VELOCITY=10)
2,MotorAccel(MOTOR_TORSO,3,4000,ACCEL_TORSO,X,TX0,-2,2,WAIT_STAGE|HOLD_ANGLE=1:1|MAX_THRUST=4|MAX_REVERSE_THRUST=2|MAINTAIN_THRUST|MAX_VELOCITY=10|MIN_ACCEL=1)
3,MotorAccel(MOTOR_RIGHT_LEG,20,600,ACCEL_RIGHT_UPPER_LEG,X,15,-1,5,WAIT_STAGE|CONSTANT_THRUST)
3,MotorAccel(MOTOR_LEFT_LEG,20,600,ACCEL_RIGHT_UPPER_LEG,X,15,-1,5,WAIT_STAGE|CONSTANT_THRUST|HOLD_ANGLE)
3,MotorAccel(MOTOR_RIGHT_KNEE,20,600,ACCEL_RIGHT_LOWER_LEG,X,-20,-1,1,WAIT_STAGE|CONSTANT_THRUST|HOLD_ANGLE)
3,MotorAccel(MOTOR_LEFT_KNEE,3,600,ACCEL_LEFT_UPPER_LEG,X,LULX0,-2,2,WAIT_STAGE|HOLD_ANGLE=0.5:0.5|MAX_THRUST=9|MAX_REVERSE_THRUST=6|MAINTAIN_THRUST|ABORT_ANGLE0=25)
3,MotorAccel(MOTOR_LEFT_ANKLE,12,600,ACCEL_LEFT_FOOT,Z,0,-10,10,ACCEL_LEFT_LOWER_LEG,Z,-8,-1,1,WAIT_STAGE|HOLD_ANGLE=20.0:2.0|MAX_THRUST=20|MAX_REVERSE_THRUST=2|MAX_VELOCITY=5|MAX_ACCEL=0.5|MAINTAIN_THRUST|ABORT_ANGLE0=30|FUTURE_LOG)
3,MotorAccel(MOTOR_RIGHT_ANKLE,3,600,ACCEL_RIGHT_FOOT,Z,0,-10,5,ACCEL_LEFT_LOWER_LEG,Z,-8,-1,1,WAIT_STAGE|HOLD_ANGLE|MAX_THRUST=20|MAX_REVERSE_THRUST=2|MAX_VELOCITY=5|MAX_ACCEL=0.5)
3,MotorAccel(MOTOR_LEFT_SIDE,12,600,ACCEL_LEFT_LOWER_LEG,Z,-6,-2,6,ACCEL_TORSO,Z,-8,-1,1,WAIT_STAGE|HOLD_ANGLE=40:0|MAX_THRUST=20|MAX_REVERSE_THRUST=2|MIN_VELOCITY=20|MAX_VELOCITY=50|MAX_ACCEL=5.0|MAINTAIN_THRUST|NO_STOP_ON_TARGET|FUTURE_LOG)
3,MotorAccel(MOTOR_RIGHT_SIDE,13,600,ACCEL_RIGHT_UPPER_LEG,Z,-7,-1,1,ACCEL_LEFT_UPPER_LEG,Z,0,0,0,WAIT_STAGE|HOLD_ANGLE=20:0|MAX_THRUST=13|MAX_REVERSE_THRUST=2|MIN_VELOCITY=5|MAX_VELOCITY=40|MAX_ACCEL=3.0|NO_STOP_ON_TARGET|RELATIVE_ANGLE|MAINTAIN_THRUST)
3,MotorAccel(MOTOR_LEFT_FOOT,5,600,ACCEL_LEFT_FOOT,X,0,-10,10,ACCEL_LEFT_LOWER_LEG,X,LLLX0,-1,1,WAIT_STAGE|HOLD_ANGLE=2:2|ABORT_ANGLE1=-30|MAX_THRUST=16|MAX_REVERSE_THRUST=3|MAX_VELOCITY=20)
3,MotorAccel(MOTOR_RIGHT_FOOT,10,600,ACCEL_RIGHT_FOOT,X,0,-5,5,WAIT_STAGE|HOLD_ANGLE|MAX_THRUST=12|MAX_REVERSE_THRUST=3|MAX_VELOCITY=5)
3,MotorAccel(MOTOR_TORSO,3,600,ACCEL_TORSO,X,TX0,-2,2,WAIT_STAGE|HOLD_ANGLE=1:1|MAX_THRUST=4|MAX_REVERSE_THRUST=2|MIN_VELOCITY=5|MAX_VELOCITY=10|MAX_ACCEL=1|MAINTAIN_THRUST)
4,TouchSensor(TOUCH_RIGHT_FOOT_FRONT,GT,3.0,250,400)
4,TouchSensor(TOUCH_RIGHT_FOOT_BACK,GT,3.0,250,400)
4,MotorAccel(MOTOR_RIGHT_LEG,20,400,ACCEL_RIGHT_UPPER_LEG,X,RULX0,-1,1,WAIT_STAGE|CONSTANT_THRUST)
4,MotorAccel(MOTOR_LEFT_LEG,20,400,ACCEL_RIGHT_UPPER_LEG,X,RULX0,-1,1,WAIT_STAGE|HOLD_ANGLE|MAX_THRUST=18|MAX_REVERSE_THRUST=3|CONSTANT_THRUST)
4,MotorAccel(MOTOR_RIGHT_KNEE,20,700,ACCEL_RIGHT_LOWER_LEG,X,-18,-1,1,ACCEL_RIGHT_UPPER_LEG,X,0,0,0,WAIT_STAGE|HOLD_ANGLE|RELATIVE_ANGLE|ABORT_ANGLE0=-40|MAX_ACCEL=10|MIN_VELOCITY=30|MAX_VELOCITY=50|MAX_THRUST=18|CONSTANT_THRUST18:4)
4,MotorAccel(MOTOR_LEFT_ANKLE,3,400,ACCEL_LEFT_FOOT,Z,0,-10,10,ACCEL_LEFT_LOWER_LEG,Z,-6,-1,0,WAIT_STAGE|HOLD_ANGLE=20:2|MAX_THRUST=20|MAX_REVERSE_THRUST=2|ABORT_ANGLE0=30|MAINTAIN_THRUST)
4,MotorAccel(MOTOR_LEFT_SIDE,6,400,ACCEL_LEFT_UPPER_LEG,Z,8,-1,1,ACCEL_RIGHT_UPPER_LEG,Z,0,0,0,WAIT_STAGE|HOLD_ANGLE=10:0|MAX_THRUST=10|MAX_REVERSE_THRUST=2|MAINTAIN_THRUST|RELATIVE_ANGLE|FUTURE_LOG)
4,MotorAccel(MOTOR_RIGHT_SIDE,10,400,ACCEL_RIGHT_UPPER_LEG,Z,-6,-1,1,ACCEL_LEFT_UPPER_LEG,Z,0,0,0,WAIT_STAGE|HOLD_ANGLE=10:2|MAX_THRUST=10|MAX_REVERSE_THRUST=2|MAX_ACCEL=1|RELATIVE_ANGLE)
4,MotorAccel(MOTOR_TORSO,3,400,ACCEL_TORSO,X,TX0,-2,2,WAIT_STAGE|HOLD_ANGLE=1:1|MAX_THRUST=4|MAX_REVERSE_THRUST=3|MIN_VELOCITY=5|MAX_VELOCITY=10|MAX_ACCEL=1|MAINTAIN_THRUST)
4,MotorAccel(MOTOR_LEFT_FOOT,10,400,ACCEL_LEFT_FOOT,X,0,-10,10,ACCEL_LEFT_LOWER_LEG,X,LLLX0,-1,1,WAIT_STAGE|HOLD_ANGLE=2:2|MAX_THRUST=16|MAX_REVERSE_THRUST=3|MAX_VELOCITY=20)
4,MotorAccel(MOTOR_LEFT_KNEE,10,400,ACCEL_LEFT_UPPER_LEG,X,LULX0,-2,2,ACCEL_HIP,Z,0,-2,2,WAIT_STAGE|HOLD_ANGLE=0.5:0.5|MAX_THRUST=12|MAX_REVERSE_THRUST=6|MAINTAIN_THRUST|ABORT_ANGLE0=30)
4,MotorAccel(MOTOR_RIGHT_ANKLE,10,400,ACCEL_RIGHT_FOOT,Z,0,-2,2,WAIT_STAGE|HOLD_ANGLE=1:1|MAX_THRUST=18|MAX_REVERSE_THRUST=6)
4,MotorAccel(MOTOR_RIGHT_FOOT,10,400,ACCEL_RIGHT_FOOT,X,0,-2,2,WAIT_STAGE|HOLD_ANGLE=1:1|MAX_THRUST=12|MAX_REVERSE_THRUST=6)
5,MotorAccel(MOTOR_LEFT_SIDE,3,5000,ACCEL_LEFT_UPPER_LEG,Z,LULZ0,-3,3,ACCEL_HIP,Z,0,-2,2,WAIT_STAGE|HOLD_ANGLE=0.5:0.5|MAX_THRUST=7|MAX_REVERSE_THRUST=3|MIN_VELOCITY=10|MAX_VELOCITY=15|MAX_ACCEL=1|FARTHEST_FROM_TARGET|NO_MOTION_NO_THRUST)
5,MotorAccel(MOTOR_RIGHT_SIDE,3,5000,ACCEL_RIGHT_UPPER_LEG,Z,RULZ0,-3,3,ACCEL_HIP,Z,0,-2,2,WAIT_STAGE|HOLD_ANGLE=0.5:0.5|MAX_THRUST=7|MAX_REVERSE_THRUST=3|MIN_VELOCITY=10|MAX_VELOCITY=15|MAX_ACCEL=1|FARTHEST_FROM_TARGET|NO_MOTION_NO_THRUST)
5,MotorAccel(MOTOR_LEFT_LEG,3,5000,ACCEL_HIP,X,0,-1,1,WAIT_STAGE|HOLD_ANGLE=0.5:0.5|MAX_THRUST=6|MAX_REVERSE_THRUST=3|MAX_VELOCITY=40|MAX_ACCEL=1)
5,MotorAccel(MOTOR_RIGHT_LEG,3,5000,ACCEL_HIP,X,0,-1,1,WAIT_STAGE|HOLD_ANGLE=0.5:0.5|MAX_THRUST=6|MAX_REVERSE_THRUST=3|MAX_VELOCITY=40|MAX_ACCEL=1)
5,MotorAccel(MOTOR_RIGHT_KNEE,8,5000,ACCEL_HIP,Z,0,-3,3,ACCEL_RIGHT_UPPER_LEG,X,RULX0,-3,3,WAIT_STAGE|HOLD_ANGLE=0.5:0.5|MAX_THRUST0=5|MAX_REVERSE_THRUST0=5|MAX_THRUST1=7|MAX_REVERSE_THRUST1=6|MAX_VELOCITY0=10|MAX_VELOCITY=10|MAX_ACCEL=0.5|ABORT_ANGLE0=40|FARTHEST_FROM_TARGET|NO_MOTION_NO_THRUST)  
5,MotorAccel(MOTOR_LEFT_KNEE,8,5000,ACCEL_HIP,Z,0,-3,3,ACCEL_LEFT_UPPER_LEG,X,LULX0,-3,3,WAIT_STAGE|HOLD_ANGLE=0.5:0.5|MAX_THRUST0=5|MAX_REVERSE_THRUST0=5|MAX_THRUST1=7|MAX_REVERSE_THRUST1=6|MAX_VELOCITY0=10|MAX_VELOCITY1=30|MAX_ACCEL=0.5|FARTHEST_FROM_TARGET|NO_MOTION_NO_THRUST|FUTURE_LOG)
5,MotorAccel(MOTOR_LEFT_ANKLE,3,5000,ACCEL_LEFT_FOOT,Z,0,-10,10,ACCEL_LEFT_LOWER_LEG,Z,LLLZ0,-3,3,WAIT_STAGE|HOLD_ANGLE=1:2|MAX_THRUST=10|MAX_REVERSE_THRUST=3|MAX_ACCEL=1|MAX_VELOCITY=30|MIN_VELOCITY=20|NO_MOTION_NO_THRUST1|ABORT_ANGLE0=30)
5,MotorAccel(MOTOR_RIGHT_ANKLE,3,5000,ACCEL_RIGHT_FOOT,Z,0,-10,20,ACCEL_RIGHT_LOWER_LEG,Z,RLLZ0,-3,3,WAIT_STAGE|HOLD_ANGLE=1:2|MAX_THRUST=11|MAX_REVERSE_THRUST=3|MAX_ACCEL=1|MAX_VELOCITY=30|MIN_VELOCITY=20|NO_MOTION_NO_THRUST1|ABORT_ANGLE0=30|FUTURE_LOG)
5,MotorAccel(MOTOR_LEFT_FOOT,10,5000,ACCEL_LEFT_FOOT,X,0,-10,10,ACCEL_LEFT_LOWER_LEG,X,LLLX0,-2,2,WAIT_STAGE|HOLD_ANGLE=0.5:2|MAX_THRUST=11|MAX_REVERSE_THRUST=3|MAX_VELOCITY=20|NO_MOTION_NO_THRUST1)
5,MotorAccel(MOTOR_RIGHT_FOOT,10,5000,ACCEL_RIGHT_FOOT,X,0,-10,10,ACCEL_RIGHT_LOWER_LEG,X,RLLX0,-2,2,WAIT_STAGE|HOLD_ANGLE=0.5:2|MAX_THRUST=10|MAX_REVERSE_THRUST=3|MAX_VELOCITY=20|NO_MOTION_NO_THRUST1)
5,MotorAccel(MOTOR_TORSO,3,5000,ACCEL_TORSO,X,TX0,-1,1,WAIT_STAGE|HOLD_ANGLE=1:20|MAX_THRUST=4|MAX_REVERSE_THRUST=2|MIN_VELOCITY=10|MAX_VELOCITY=20|MAX_ACCEL=5|NO_MOTION_NO_THRUST|OPPOSE_MOTION_IN_RANGE_MOVING_TO_TARGET|FUTURE_LOG)
10000,StopLogging
