0,StartLogging 
0,LogScriptFileName
0,StoreAngle(ACCEL_LEFT_LOWER_LEG,X,LLLX0)  #-11.8
0,StoreAngle(ACCEL_RIGHT_LOWER_LEG,X,RLLX0)
0,StoreAngle(ACCEL_LEFT_LOWER_LEG,Z,LLLZ0)
0,StoreAngle(ACCEL_RIGHT_LOWER_LEG,Z,RLLZ0)
0,StoreAngle(ACCEL_TORSO,Z,TZ0)
0,StoreAngle(ACCEL_TORSO,X,TX0)
0,StoreAngle(ACCEL_HIP,X,HX0)
0,StoreAngle(ACCEL_RIGHT_UPPER_LEG,X,RULX0)
0,StoreAngle(ACCEL_RIGHT_UPPER_LEG,Z,RULZ0)
0,StoreAngle(ACCEL_LEFT_UPPER_LEG,X,LULX0)
0,StoreAngle(ACCEL_LEFT_UPPER_LEG,Z,LULZ0)
1,MotorAccel(MOTOR_LEFT_SIDE,3,5000,ACCEL_LEFT_LOWER_LEG,Z,-3.0,-6,1,ACCEL_LEFT_UPPER_LEG,Z,-3.0,-2,1,WAIT_STAGE|MIN_VELOCITY=5|MAX_VELOCITY=7|MAX_THRUST=3|MAX_REVERSE_THRUST=2|MAX_ACCEL=0.1|ABORT_ON_TIMEOUT|REQUIRED)
1,MotorAccel(MOTOR_RIGHT_SIDE,3,5000,ACCEL_LEFT_LOWER_LEG,Z,-3.0,-2,1,ACCEL_LEFT_UPPER_LEG,Z,-3.0,-2,1,WAIT_STAGE|MIN_VELOCITY=5|MAX_VELOCITY=7|MAX_THRUST=3|MAX_REVERSE_THRUST=2|MAX_ACCEL=0.1)
1,MotorAccel(MOTOR_LEFT_ANKLE,1,5000,ACCEL_LEFT_LOWER_LEG,Z,-3.0,-2,1,ACCEL_LEFT_UPPER_LEG,Z,-3.0,-2,1,WAIT_STAGE|MAX_THRUST=4|MAX_REVERSE_THRUST=3|MIN_VELOCITY=5|MAX_VELOCITY=8|MAX_ACCEL=0.1|FUTURE_LOG)
1,MotorAccel(MOTOR_RIGHT_ANKLE,3,5000,ACCEL_LEFT_LOWER_LEG,Z,-3.0,-2,1,ACCEL_LEFT_UPPER_LEG,Z,-3.0,-2,1,WAIT_STAGE|MAX_THRUST=4|MAX_REVERSE_THRUST=3|MIN_VELOCITY=5|MAX_VELOCITY=8|MAX_ACCEL=0.1|MAINTAIN_THRUST)
1,MotorAccel(MOTOR_TORSO,1,5000,ACCEL_TORSO,X,TX0,-2,2,WAIT_STAGE|TVR=0.2:0.5:1|MAX_THRUST=6|MAX_REVERSE_THRUST=2|MAINTAIN_THRUST|MIN_VELOCITY=5|MAX_VELOCITY=10|MIN_ACCEL=1|FUTURE_LOG)
2,MotorAccel(MOTOR_LEFT_SIDE,16,2000,ACCEL_TORSO,Z,-3,-1,1,WAIT_STAGE|MAX_THRUST=16|MAX_REVERSE_THRUST=4|MIN_VELOCITY=30|MAX_VELOCITY=50|MAX_ACCEL=5|FUTURE_LOG|NO_STOP_ON_TARGET|ABORT_ON_TIMEOUT|REQUIRED)
2,MotorAccel(MOTOR_LEFT_ANKLE,3,2000,ACCEL_LEFT_UPPER_LEG,Z,-3.5,-1,0.5,ACCEL_LEFT_UPPER_LEG,Z,-3.5,-1,0.5,ACCEL_LEFT_FOOT,Z,0,-5,5,ACCEL_LEFT_LOWER_LEG,Z,0,-7,5,WAIT_STAGE|MAX_THRUST0=14|MAX_THRUST1=5|MAX_REVERSE_THRUST=6|MAX_ACCEL=5|MIN_VELOCITY=10|MAX_VELOCITY=20|ABORT_ANGLE0=30|TVR=15:1:3|MAINTAIN_THRUST|IF_A2_AND_A3|FUTURE_LOG)
2,MotorAccel(MOTOR_RIGHT_ANKLE,4,2000,ACCEL_LEFT_UPPER_LEG,Z,-3.5,-3,1,ACCEL_LEFT_LOWER_LEG,Z,-4,-3,1,WAIT_STAGE|TVR=20:5:4|MAX_THRUST=6|MAX_REVERSE_THRUST=6|MIN_VELOCITY=5|MAX_VELOCITY=8|MAX_ACCEL1=0.1)
2,MotorAccel(MOTOR_LEFT_KNEE,4,2000,ACCEL_LEFT_UPPER_LEG,X,LULX0,-2,2,WAIT_STAGE|MAX_THRUST=4|MAX_REVERSE_THRUST=3|TVR=1:1:2|MAINTAIN_THRUST|ABORT_ANGLE0=25)
2,MotorAccel(MOTOR_LEFT_LEG,4,2000,ACCEL_HIP,X,0,-2,2,WAIT_STAGE|TVR=5:20:4|MAX_THRUST=4|MAX_REVERSE_THRUST=3|MIN_VELOCITY=5|MAX_VELOCITY=8|MAX_ACCEL1=0.5)
2,MotorAccel(MOTOR_RIGHT_LEG,4,2000,ACCEL_HIP,X,0,-2,2,WAIT_STAGE|TVR=5:20:4|MAX_THRUST=4|MAX_REVERSE_THRUST=3|MIN_VELOCITY=5|MAX_VELOCITY=8|MAX_ACCEL1=0.5)
2,MotorAccel(MOTOR_LEFT_FOOT,3,2000,ACCEL_LEFT_LOWER_LEG,X,CurrentAngle,-1,1,WAIT_STAGE|TVR=0.25:0.5:3|MAX_THRUST=7|MAX_REVERSE_THRUST=3|MAX_VELOCITY=10)
2,MotorAccel(MOTOR_RIGHT_FOOT,3,2000,ACCEL_RIGHT_LOWER_LEG,X,CurrentAngle,-1,1,WAIT_STAGE|TVR=0.25:0.5:3|MAX_THRUST=7|MAX_REVERSE_THRUST=3|MAX_VELOCITY=10)
2,MotorAccel(MOTOR_TORSO,2,2000,ACCEL_TORSO,X,TX0,-2,2,WAIT_STAGE|TVR=0.2:0.5:2|MAX_THRUST=5|MAX_REVERSE_THRUST=3|MAINTAIN_THRUST|MIN_VELOCITY=5|MAX_VELOCITY=10|MAX_ACCEL=1|FUTURE_LOG)
3,MotorAccel(MOTOR_RIGHT_LEG,14,400,ACCEL_RIGHT_UPPER_LEG,X,20,-1,5,WAIT_STAGE|CONSTANT_THRUST|REQUIRED)
3,MotorAccel(MOTOR_LEFT_LEG,14,400,ACCEL_RIGHT_UPPER_LEG,X,20,-1,5,WAIT_STAGE|MAINTAIN_THRUST|CONSTANT_THRUST)
3,MotorAccel(MOTOR_RIGHT_KNEE,16,400,ACCEL_RIGHT_LOWER_LEG,X,-20,-1,1,WAIT_STAGE|CONSTANT_THRUST)
3,MotorAccel(MOTOR_LEFT_KNEE,14,400,ACCEL_LEFT_UPPER_LEG,X,LULX0,-2,2,WAIT_STAGE|MAX_THRUST=14|MAX_REVERSE_THRUST=14|MAX_ACCEL=1|MIN_VELOCITY=10|MAX_VELOCITY=20|MAINTAIN_THRUST|ABORT_ANGLE0=25)
3,MotorAccel(MOTOR_LEFT_ANKLE,10,400,ACCEL_LEFT_UPPER_LEG,Z,-2.5,-1.0,0.5,ACCEL_LEFT_LOWER_LEG,Z,0,-7,5,ACCEL_LEFT_FOOT,Z,0,-3,3,WAIT_STAGE|TVR=10.0:3.0:8|MAX_THRUST0=14|MAX_REVERSE_THRUST=12|MIN_VELOCITY=5|MAX_VELOCITY=8|MAX_ACCEL=3|ABORT_ANGLE0=30|OPPOSE_MOTION_IN_RANGE_MOVING_TO_TARGET|MAINTAIN_THRUST|IF_NOT_A1_MAXTHRUST=9|IF_NOT_A2_MAXTHRUST=5|FUTURE_LOG)
3,MotorAccel(MOTOR_RIGHT_ANKLE,3,400,ACCEL_RIGHT_FOOT,Z,0,-3,3,ACCEL_LEFT_LOWER_LEG,Z,-6,-2,1,WAIT_STAGE|MAX_THRUST=10|MAX_REVERSE_THRUST=2|MAX_VELOCITY=5|MAX_ACCEL=0.5)
3,MotorAccel(MOTOR_LEFT_SIDE,10,400,ACCEL_TORSO,Z,-7,-1,1,WAIT_STAGE|TVR=10:0:8|MAX_THRUST=10|MAX_REVERSE_THRUST=2|MIN_VELOCITY=20|MAX_VELOCITY=50|MAX_ACCEL=5.0|NO_STOP_ON_TARGET|MAINTAIN_THRUST|FUTURE_LOG)
3,MotorAccel(MOTOR_RIGHT_SIDE,10,400,ACCEL_RIGHT_UPPER_LEG,Z,-7,-1,1,ACCEL_LEFT_UPPER_LEG,Z,0,0,0,WAIT_STAGE|TVR=20:0:8|MAX_THRUST=10|MAX_REVERSE_THRUST=2|MIN_VELOCITY=20|MAX_VELOCITY=30|MAX_ACCEL=3.0|RELATIVE_ANGLE0|MAINTAIN_THRUST)
3,MotorAccel(MOTOR_LEFT_FOOT,5,400,ACCEL_LEFT_LOWER_LEG,X,LLLX0,-1,1,ACCEL_LEFT_FOOT,X,0,-3,3,WAIT_STAGE|ABORT_ANGLE1=-30|MAX_THRUST=10|MAX_REVERSE_THRUST=3|MAX_VELOCITY=20|IF_NOT_A1_MAXTHRUST=3)
3,MotorAccel(MOTOR_RIGHT_FOOT,10,400,ACCEL_RIGHT_FOOT,X,-2,-5,5,WAIT_STAGE|MAX_THRUST=12|MAX_REVERSE_THRUST=3|MAX_VELOCITY=5)
3,MotorAccel(MOTOR_TORSO,3,400,ACCEL_TORSO,X,TX0,-1,1,WAIT_STAGE|TVR=0.5:5:3|MAX_THRUST=4|MAX_REVERSE_THRUST=3|MIN_VELOCITY=5|MAX_VELOCITY=10|MAX_ACCEL=5|NO_MOTION_NO_THRUST|NO_STOP_ON_TARGET|MAINTAIN_THRUST)
4,TouchSensor(TOUCH_RIGHT_FOOT_FRONT,GT,50.0,250,1000)
4,TouchSensor(TOUCH_RIGHT_FOOT_BACK,GT,50.0,250,1000)
4,MotorAccel(MOTOR_LEFT_ANKLE,10,1000,ACCEL_LEFT_UPPER_LEG,Z,-2.5,-0.5,0.5,ACCEL_LEFT_UPPER_LEG,Z,0,-90,90,ACCEL_RIGHT_UPPER_LEG,X,22,0,75,ACCEL_LEFT_FOOT,Z,0,-5,5,WAIT_STAGE|MAX_THRUST0=14|MAX_REVERSE_THRUST=6|MAX_ACCEL0=1|MIN_VELOCITY0=10|MAX_VELOCITY0=20|ABORT_ANGLE2=30|TVR0=20.0:3.0:8|IF_A2|IF_NOT_A3_MAXTHRUST=5|VELOCITY_A2_OR>-10|NO_STOP_ON_TARGET|MAINTAIN_THRUST|ABORT_ON_TIMEOUT|REQUIRED|FUTURE_LOG)
4,MotorAccel(MOTOR_RIGHT_LEG,14,1000,ACCEL_RIGHT_UPPER_LEG,X,RULX0,-2,2,WAIT_STAGE|MAX_ACCEL=1|MIN_VELOCITY=10|MAX_VELOCITY=40|MAX_THRUST=14|MAX_REVERSE_THRUST=4|MAINTAIN_THRUST)
4,MotorAccel(MOTOR_LEFT_LEG,14,1000,ACCEL_HIP,X,0,-1,1,WAIT_STAGE|MAX_THRUST=14|MAX_REVERSE_THRUST=3|MAX_ACCEL=1|MIN_VELOCITY=10|MAX_VELOCITY=40|TVR=0.5:4:4|MAINTAIN_THRUST)
4,MotorAccel(MOTOR_RIGHT_KNEE,14,1000,ACCEL_RIGHT_UPPER_LEG,X,24,-1,1,ACCEL_RIGHT_LOWER_LEG,X,0,0,0,WAIT_STAGE|RELATIVE_ANGLE0|ABORT_ANGLE0=-40|MAX_ACCEL=14|MIN_VELOCITY=30|MAX_VELOCITY=50|MAX_THRUST=14|MAINTAIN_THRUST)
4,MotorAccel(MOTOR_LEFT_SIDE,10,1000,ACCEL_TORSO,Z,-6,-1,1,WAIT_STAGE|TVR=20:4:8|MAX_THRUST=10|MAX_REVERSE_THRUST=2|MAX_ACCEL=10|MIN_VELOCITY=20|MAX_VELOCITY=30|MAINTAIN_THRUST|OPPOSE_MOTION_IN_RANGE_MOVING_TO_TARGET|FUTURE_LOG)
4,MotorAccel(MOTOR_RIGHT_SIDE,10,1000,ACCEL_RIGHT_UPPER_LEG,Z,-7,-1,1,ACCEL_LEFT_UPPER_LEG,Z,0,0,0,WAIT_STAGE|TVR=10:1:8|MAX_THRUST=10|MAX_REVERSE_THRUST=2|MAX_ACCEL=3|MIN_VELOCITY=20|MAX_VELOCITY=30|RELATIVE_ANGLE0|FUTURE_LOG)
4,MotorAccel(MOTOR_LEFT_FOOT,10,1000,ACCEL_LEFT_LOWER_LEG,X,LLLX0,-1,1,ACCEL_LEFT_FOOT,X,0,-3,3,WAIT_STAGE|MAX_THRUST=10|MAX_REVERSE_THRUST=3|MAX_VELOCITY=20|IF_NOT_A1_MAXTHRUST=3)
4,MotorAccel(MOTOR_LEFT_KNEE,14,1000,ACCEL_LEFT_UPPER_LEG,X,24,-1,1,ACCEL_LEFT_LOWER_LEG,X,0,0,0,WAIT_STAGE|TVR=2:0.5:5|MAX_THRUST=14|MAX_REVERSE_THRUST=8|ABORT_ANGLE0=30|MAINTAIN_THRUST|RELATIVE_ANGLE0)
4,MotorAccel(MOTOR_RIGHT_ANKLE,10,1000,ACCEL_RIGHT_FOOT,Z,0,-3,3,WAIT_STAGE|TVR=1:1:5|MAX_THRUST=7|MAX_REVERSE_THRUST=6|MIN_VELOCITY=10|MAX_VELOCITY=20|MAX_ACCEL=1)
4,MotorAccel(MOTOR_RIGHT_FOOT,10,1000,ACCEL_RIGHT_FOOT,X,1,-1,1,WAIT_STAGE|MAX_THRUST=7|MAX_REVERSE_THRUST=5)
4,MotorAccel(MOTOR_TORSO,3,1000,ACCEL_TORSO,X,TX0,-2,2,WAIT_STAGE|TVR=0.5:4:3|MAX_THRUST=4|MAX_REVERSE_THRUST=2|MIN_VELOCITY=5|MAX_VELOCITY=10|MAX_ACCEL=5|MAINTAIN_THRUST|FUTURE_LOG)
5,TouchSensor(TOUCH_RIGHT_FOOT_FRONT,GT,50.0,0,1000)
5,TouchSensor(TOUCH_RIGHT_FOOT_BACK,GT,50.0,0,1000)
5,MotorAccel(MOTOR_LEFT_ANKLE,10,1000,ACCEL_LEFT_UPPER_LEG,Z,3,0,10,ACCEL_LEFT_FOOT,Z,0,-5,20,WAIT_STAGE|MAX_THRUST=10|MAX_REVERSE_THRUST=5|MAX_ACCEL=1|MIN_VELOCITY=20|MAX_VELOCITY=30|ABORT_ANGLE0=30|TVR0=0.5:20.0:8|IF_NOT_A1_MAXTHRUST=5|MAINTAIN_THRUST|ABORT_ON_TIMEOUT|REQUIRED|FUTURE_LOG)
5,MotorAccel(MOTOR_RIGHT_LEG,12,1000,ACCEL_RIGHT_UPPER_LEG,X,RULX0,-2,2,WAIT_STAGE|MAX_ACCEL=1|MIN_VELOCITY=10|MAX_VELOCITY=40|MAX_THRUST=12)
5,MotorAccel(MOTOR_LEFT_LEG,12,1000,ACCEL_HIP,X,0,-1,1,WAIT_STAGE|MAX_THRUST=12|MAX_REVERSE_THRUST=3|TVR=1:4:4)
5,MotorAccel(MOTOR_RIGHT_KNEE,14,1000,ACCEL_RIGHT_UPPER_LEG,X,24,-1,1,ACCEL_RIGHT_LOWER_LEG,X,0,0,0,WAIT_STAGE|RELATIVE_ANGLE0|ABORT_ANGLE0=-40|MAX_ACCEL=14|MIN_VELOCITY=30|MAX_VELOCITY=50|MAX_THRUST=12|MAINTAIN_THRUST)
5,MotorAccel(MOTOR_LEFT_SIDE,5,1000,ACCEL_RIGHT_UPPER_LEG,Z,-3,-1,1,ACCEL_TORSO,Z,5,-1,1,ACCEL_LEFT_UPPER_LEG,Z,-1,0,6,WAIT_STAGE|MAX_THRUST=5|MAX_REVERSE_THRUST=3|MAX_ACCEL=1|MIN_VELOCITY=10|MAX_VELOCITY=20|OPPOSE_MOTION_IN_RANGE_MOVING_TO_TARGET|IF_A2|MAINTAIN_THRUST|FUTURE_LOG)
5,MotorAccel(MOTOR_RIGHT_SIDE,5,1000,ACCEL_RIGHT_UPPER_LEG,Z,-3,-1,1,ACCEL_TORSO,Z,5,-1,1,ACCEL_LEFT_UPPER_LEG,Z,-1,0,6,WAIT_STAGE|MAX_THRUST=5|MAX_REVERSE_THRUST=3|MAX_ACCEL=1|MIN_VELOCITY=10|MAX_VELOCITY=20|IF_A2|FUTURE_LOG)
5,MotorAccel(MOTOR_LEFT_FOOT,10,1000,ACCEL_LEFT_LOWER_LEG,X,LLLX0,-1,1,ACCEL_LEFT_FOOT,X,0,-3,3,WAIT_STAGE|MAX_THRUST=10|MAX_REVERSE_THRUST=3|MAX_VELOCITY=20|IF_NOT_A1_MAXTHRUST=3)
5,MotorAccel(MOTOR_LEFT_KNEE,14,1000,ACCEL_LEFT_UPPER_LEG,X,24,-1,1,ACCEL_LEFT_LOWER_LEG,X,0,0,0,WAIT_STAGE|TVR=2:0.5:5|MAX_THRUST=14|MAX_REVERSE_THRUST=10|ABORT_ANGLE0=30|RELATIVE_ANGLE0)
5,MotorAccel(MOTOR_RIGHT_ANKLE,10,1000,ACCEL_RIGHT_FOOT,Z,0,-3,3,WAIT_STAGE|TVR=1:1:5|MAX_THRUST=7|MAX_REVERSE_THRUST=6|MIN_VELOCITY=10|MAX_VELOCITY=20|MAX_ACCEL=1)
5,MotorAccel(MOTOR_RIGHT_FOOT,10,1000,ACCEL_RIGHT_FOOT,X,1,-1,1,WAIT_STAGE|MAX_THRUST=7|MAX_REVERSE_THRUST=5)
5,MotorAccel(MOTOR_TORSO,3,1000,ACCEL_TORSO,X,TX0,-2,2,WAIT_STAGE|TVR=0.5:4:3|MAX_THRUST=4|MAX_REVERSE_THRUST=2|MIN_VELOCITY=5|MAX_VELOCITY=10|MAX_ACCEL=5|MAINTAIN_THRUST|FUTURE_LOG)
6,MotorAccel(MOTOR_RIGHT_ANKLE,7,1500,ACCEL_RIGHT_LOWER_LEG,Z,2,-1,7,ACCEL_RIGHT_UPPER_LEG,Z,2,-1,8,ACCEL_RIGHT_FOOT,Z,0,-3,3,WAIT_STAGE|MAX_THRUST0=8|MAX_THRUST1=8|MAX_REVERSE_THRUST=5|MAX_ACCEL=5|MIN_VELOCITY=20|MAX_VELOCITY=30|TVR=1:1|OPPOSE_MOTION_IN_RANGE_MOVING_TO_TARGET|MAINTAIN_THRUST|ABORT_ANGLE2=30|IF_NOT_A2_MAXTHRUST=5|FUTURE_LOG|REQUIRED)
6,MotorAccel(MOTOR_RIGHT_KNEE,16,1500,ACCEL_RIGHT_UPPER_LEG,X,24,-2,2,ACCEL_RIGHT_LOWER_LEG,X,0,0,0,WAIT_STAGE|TVR=4:0.5:10|MAX_THRUST0=16|MAX_REVERSE_THRUST0=6|MAX_ACCEL0=10|MIN_VELOCITY0=30|MAX_VELOCITY0=40|ABORT_ANGLE0=40|MAINTAIN_THRUST|RELATIVE_ANGLE0|REQUIRED|FUTURE_LOG)
6,MotorAccel(MOTOR_LEFT_KNEE,10,1500,ACCEL_LEFT_UPPER_LEG,X,24,-2,2,ACCEL_LEFT_LOWER_LEG,X,0,0,0,ACCEL_HIP,X,0,-3,3,WAIT_STAGE|TVR=2:0.5:5|MAX_THRUST0=14|MAX_REVERSE_THRUST0=6|MIN_VELOCITY0=20|MAX_VELOCITY0=30|MAX_ACCEL0=2|MAX_THRUST1=14|MAX_REVERSE_THRUST1=6|MAX_ACCEL1=2|MIN_VELOCITY1=20|MAX_VELOCITY1=30|FARTHEST_FROM_TARGET|NO_MOTION_NO_THRUST|RELATIVE_ANGLE0|FUTURE_LOG)
6,MotorAccel(MOTOR_LEFT_ANKLE,8,1500,ACCEL_RIGHT_UPPER_LEG,Z,3,-1,8,ACCEL_RIGHT_LOWER_LEG,Z,4,-3,8,ACCEL_LEFT_FOOT,Z,0,-3,3,WAIT_STAGE|MAX_THRUST=8|MAX_REVERSE_THRUST=5|MAX_ACCEL=1|MIN_VELOCITY=10|MAX_VELOCITY=20|MAINTAIN_THRUST|IF_NOT_A2_MAXTHRUST=3|FUTURE_LOG|ABORT_ANGLE0=30)
6,MotorAccel(MOTOR_RIGHT_SIDE,5,1500,ACCEL_RIGHT_UPPER_LEG,Z,3,-1,2,ACCEL_TORSO,Z,4,-1,4,WAIT_STAGE|MAX_ACCEL=1|MIN_VELOCITY=10|MAX_VELOCITY=20|MAX_THRUST=5|MAX_REVERSE_THRUST=3|TVR=4:0.5:8)
6,MotorAccel(MOTOR_LEFT_SIDE,5,1500,ACCEL_RIGHT_UPPER_LEG,Z,3,-1,2,ACCEL_TORSO,Z,3,-2,2,WAIT_STAGE|MAX_ACCEL=1|MIN_VELOCITY=10|MAX_VELOCITY=20|MAX_THRUST=5|MAX_REVERSE_THRUST=3|ABORT_ON_TIMEOUT)
6,MotorAccel(MOTOR_LEFT_LEG,3,1500,ACCEL_HIP,X,0,-1,1,WAIT_STAGE|TVR=1:1:3|MAX_THRUST=10|MAX_REVERSE_THRUST=3|MIN_VELOCITY=20|MAX_VELOCITY=40|MAX_ACCEL=1)
6,MotorAccel(MOTOR_RIGHT_LEG,3,1500,ACCEL_HIP,X,0,-1,1,WAIT_STAGE|TVR=1:1:3|MAX_THRUST=10|MAX_REVERSE_THRUST=3|MIN_VELOCITY=20|MAX_VELOCITY=40|MAX_ACCEL=1)
6,MotorAccel(MOTOR_LEFT_FOOT,10,1500,ACCEL_LEFT_LOWER_LEG,X,LLLX0,-1,1,ACCEL_LEFT_FOOT,X,0,-5,5,WAIT_STAGE|TVR=0.5:2:5|MAX_THRUST=10|MAX_REVERSE_THRUST=3|MAX_VELOCITY=20|OPPOSE_MOTION_IN_RANGE_MOVING_TO_TARGET|IF_NOT_A1_MAXTHRUST=3)
6,MotorAccel(MOTOR_RIGHT_FOOT,10,1500,ACCEL_RIGHT_FOOT,X,0,-5,5,ACCEL_RIGHT_LOWER_LEG,X,RLLX0,-2,2,WAIT_STAGE|TVR=0.5:2:5|MAX_THRUST=12|MAX_REVERSE_THRUST=3|MAX_VELOCITY=20|OPPOSE_MOTION_IN_RANGE_MOVING_TO_TARGET)
6,MotorAccel(MOTOR_TORSO,3,1500,ACCEL_TORSO,X,TX0,-2,2,WAIT_STAGE|TVR=0.4:4:3|MAX_THRUST=4|MAX_REVERSE_THRUST=2|MAX_ACCEL=5|MIN_VELOCITY=2|MAX_VELOCITY=5|NO_MOTION_NO_THRUST|FUTURE_LOG)
7,MotorAccel(MOTOR_RIGHT_SIDE,12,1000,ACCEL_TORSO,Z,3,-1,5,WAIT_STAGE|MAX_THRUST=12|MAX_REVERSE_THRUST=4|MIN_VELOCITY=30|MAX_VELOCITY=50|MAX_ACCEL=5|FUTURE_LOG|NO_STOP_ON_TARGET|ABORT_ON_TIMEOUT|REQUIRED)
7,MotorAccel(MOTOR_RIGHT_ANKLE,3,1000,ACCEL_RIGHT_UPPER_LEG,Z,3.5,-0.5,1,ACCEL_RIGHT_UPPER_LEG,Z,3.5,-0.5,0.5,ACCEL_RIGHT_FOOT,Z,0,-5,5,ACCEL_RIGHT_LOWER_LEG,Z,0,-5,5,WAIT_STAGE|MAX_THRUST0=14|MAX_THRUST1=5|MAX_REVERSE_THRUST=10|MIN_VELOCITY=5|MAX_VELOCITY=8|ABORT_ANGLE0=30|TVR=1:15:3|MAX_ACCEL=2|MAINTAIN_THRUST|IF_A2_AND_A3|FUTURE_LOG)
7,MotorAccel(MOTOR_LEFT_LEG,3,1000,ACCEL_HIP,X,0,-1,1,WAIT_STAGE|TVR=0.5:0.5:3|MAX_THRUST=6|MAX_REVERSE_THRUST=5|MAX_VELOCITY=40|MAX_ACCEL=1)
7,MotorAccel(MOTOR_RIGHT_LEG,3,1000,ACCEL_HIP,X,0,-1,1,WAIT_STAGE|TVR=0.5:0.5:3|MAX_THRUST=6|MAX_REVERSE_THRUST=5|MAX_VELOCITY=40|MAX_ACCEL=1)
7,MotorAccel(MOTOR_RIGHT_KNEE,14,1000,ACCEL_RIGHT_UPPER_LEG,X,RULX0,-2,2,WAIT_STAGE|TVR=3:0.5:5|MAX_THRUST0=14|MAX_REVERSE_THRUST0=6|MAX_ACCEL=10|MIN_VELOCITY=20|MAX_VELOCITY0=40|ABORT_ANGLE0=40) 
7,MotorAccel(MOTOR_LEFT_KNEE,8,1000,ACCEL_HIP,X,0,-3,3,WAIT_STAGE|TVR=0.5:0.5:5|MAX_THRUST0=7|MAX_REVERSE_THRUST0=6|MAX_VELOCITY0=30|MAX_ACCEL=0.5|FARTHEST_FROM_TARGET|NO_MOTION_NO_THRUST|FUTURE_LOG)
7,MotorAccel(MOTOR_LEFT_ANKLE,3,1000,ACCEL_LEFT_FOOT,Z,0,-5,5,ACCEL_RIGHT_LOWER_LEG,Z,7,-1,1,WAIT_STAGE|TVR=1:2:3|MAX_THRUST=7|MAX_REVERSE_THRUST=3|MAX_ACCEL=3|MIN_VELOCITY=30|MAX_VELOCITY=100|ABORT_ANGLE0=40)
7,MotorAccel(MOTOR_LEFT_FOOT,10,1000,ACCEL_LEFT_LOWER_LEG,X,LLLX0,-1,1,ACCEL_LEFT_FOOT,X,0,-3,3,WAIT_STAGE|TVR=0.5:2:5|MAX_THRUST=10|MAX_REVERSE_THRUST=3|MAX_VELOCITY=20|NO_MOTION_NO_THRUST1|OPPOSE_MOTION_IN_RANGE_MOVING_TO_TARGET|IF_NOT_A1_MAXTHRUST=3)
7,MotorAccel(MOTOR_RIGHT_FOOT,10,1000,ACCEL_RIGHT_FOOT,X,0,-5,5,ACCEL_RIGHT_LOWER_LEG,X,RLLX0,-2,2,WAIT_STAGE|TVR=0.5:2:5|MAX_THRUST=12|MAX_REVERSE_THRUST=3|MAX_VELOCITY=20|NO_MOTION_NO_THRUST1|OPPOSE_MOTION_IN_RANGE_MOVING_TO_TARGET)
7,MotorAccel(MOTOR_TORSO,3,1000,ACCEL_TORSO,X,TX0,-1,1,WAIT_STAGE|TVR=0.4:4:3|MAX_THRUST=4|MAX_REVERSE_THRUST=5|MAX_ACCEL=5|MIN_VELOCITY=5|MAX_VELOCITY=10|MAINTAIN_THRUST|NO_MOTION_NO_THRUST|FUTURE_LOG)
8,MotorAccel(MOTOR_LEFT_LEG,14,400,ACCEL_LEFT_UPPER_LEG,X,20,-1,5,WAIT_STAGE|CONSTANT_THRUST|REQUIRED)
8,MotorAccel(MOTOR_RIGHT_LEG,14,400,ACCEL_LEFT_UPPER_LEG,X,20,-1,5,WAIT_STAGE|MAINTAIN_THRUST|CONSTANT_THRUST)
8,MotorAccel(MOTOR_LEFT_KNEE,16,400,ACCEL_LEFT_LOWER_LEG,X,-20,-1,1,WAIT_STAGE|CONSTANT_THRUST)
8,MotorAccel(MOTOR_RIGHT_KNEE,14,400,ACCEL_RIGHT_UPPER_LEG,X,RULX0,-2,2,WAIT_STAGE|MAX_THRUST=14|MAX_ACCEL=5|MIN_VELOCITY=10|MAX_VELOCITY=30|MAX_REVERSE_THRUST=6|TVR=5:0.5:8|MAINTAIN_THRUST|ABORT_ANGLE0=25)
8,MotorAccel(MOTOR_RIGHT_ANKLE,12,400,ACCEL_RIGHT_UPPER_LEG,Z,2.5,-0.5,1.5,ACCEL_RIGHT_LOWER_LEG,Z,0,-5,7,ACCEL_RIGHT_FOOT,Z,0,-5,5,WAIT_STAGE|TVR=3.0:10.0:8|MAX_THRUST0=14|MAX_REVERSE_THRUST=7|MIN_VELOCITY=5|MAX_VELOCITY=8|MAX_ACCEL=3|ABORT_ANGLE0=30|OPPOSE_MOTION_IN_RANGE_MOVING_TO_TARGET|IF_NOT_A1_MAXTHRUST=9|IF_NOT_A2_MAXTHRUST=5|MAINTAIN_THRUST|FUTURE_LOG)
8,MotorAccel(MOTOR_LEFT_ANKLE,3,400,ACCEL_LEFT_FOOT,Z,0,-5,10,ACCEL_RIGHT_LOWER_LEG,Z,7,-1,1,WAIT_STAGE|MAX_THRUST=20|MAX_REVERSE_THRUST=2|MAX_VELOCITY=5|MAX_ACCEL=0.5|ABORT_ANGLE0=20)
8,MotorAccel(MOTOR_RIGHT_SIDE,10,400,ACCEL_TORSO,Z,6,-1,1,WAIT_STAGE|TVR=0:1:8|MAX_THRUST=10|MAX_REVERSE_THRUST=2|MIN_VELOCITY=20|MAX_VELOCITY=50|MAX_ACCEL=5.0|MAINTAIN_THRUST|NO_STOP_ON_TARGET|FUTURE_LOG)
8,MotorAccel(MOTOR_LEFT_SIDE,10,400,ACCEL_LEFT_UPPER_LEG,Z,7,-1,1,ACCEL_RIGHT_UPPER_LEG,Z,0,0,0,WAIT_STAGE|TVR=0:20:8|MAX_THRUST=10|MAX_REVERSE_THRUST=2|MIN_VELOCITY=30|MAX_VELOCITY=50|MAX_ACCEL=10.0|NO_STOP_ON_TARGET|RELATIVE_ANGLE0|MAINTAIN_THRUST)
8,MotorAccel(MOTOR_RIGHT_FOOT,5,400,ACCEL_RIGHT_LOWER_LEG,X,RLLX0,-1,1,ACCEL_RIGHT_FOOT,X,0,-5,5,WAIT_STAGE|TVR=0.5:2:5|ABORT_ANGLE1=-30|MAX_THRUST=16|MAX_REVERSE_THRUST=3|MAX_ACCEL=1|MAX_VELOCITY=20|IF_NOT_A1_MAXTHRUST=5|ABORT_ANGLE0=-20)
8,MotorAccel(MOTOR_LEFT_FOOT,10,400,ACCEL_LEFT_FOOT,X,0,-5,5,WAIT_STAGE|MAX_THRUST=12|MAX_REVERSE_THRUST=3|MAX_VELOCITY=5|ABORT_ANGLE0=-20)
8,MotorAccel(MOTOR_TORSO,3,400,ACCEL_TORSO,X,TX0,-2,2,WAIT_STAGE|TVR=0.5:4:3|MAX_THRUST=4|MAX_REVERSE_THRUST=2|MAX_ACCEL=5|MIN_VELOCITY=5|MAX_VELOCITY=10|NO_MOTION_NO_THRUST|MAINTAIN_THRUST|FUTURE_LOG)
9,TouchSensor(TOUCH_LEFT_FOOT_FRONT,GT,30.0,250,1000)
9,TouchSensor(TOUCH_LEFT_FOOT_BACK,GT,30.0,250,1000)
9,MotorAccel(MOTOR_RIGHT_ANKLE,10,1000,ACCEL_RIGHT_UPPER_LEG,Z,3,-0.5,0.5,ACCEL_RIGHT_UPPER_LEG,Z,RULZ0,-1,20,ACCEL_LEFT_UPPER_LEG,Z,-2,0,20,ACCEL_RIGHT_FOOT,Z,0,-5,5,WAIT_STAGE|MAX_THRUST0=14|MAX_THRUST1=5|MAX_REVERSE_THRUST=5|MIN_VELOCITY0=10|MAX_VELOCITY0=20|MAX_ACCEL0=1|MIN_VELOCITY1=10|MAX_VELOCITY1=20|MAX_ACCEL1=1|FUTURE_LOG|ABORT_ANGLE2=30|TVR0=3.0:20.0:8|IF_A2|IF_NOT_A3_MAXTHRUST=5|NO_STOP_ON_TARGET|MAINTAIN_THRUST|ABORT_ON_TIMEOUT|REQUIRED)
9,MotorAccel(MOTOR_LEFT_LEG,14,1000,ACCEL_LEFT_UPPER_LEG,X,LULX0,-1,1,WAIT_STAGE|CONSTANT_THRUST)
9,MotorAccel(MOTOR_RIGHT_LEG,14,1000,ACCEL_HIP,X,0,-1,1,WAIT_STAGE|MAX_THRUST=14|MAX_REVERSE_THRUST=3|TVR=0.3:4:4)
9,MotorAccel(MOTOR_LEFT_KNEE,16,1000,ACCEL_LEFT_LOWER_LEG,X,-24,-1,1,ACCEL_LEFT_UPPER_LEG,X,0,0,0,WAIT_STAGE|RELATIVE_ANGLE0|ABORT_ANGLE0=-40|MAX_ACCEL=10|MIN_VELOCITY=30|MAX_VELOCITY=50|MAX_THRUST=16|CONSTANT_THRUST20:4)
9,MotorAccel(MOTOR_RIGHT_SIDE,6,1000,ACCEL_TORSO,Z,0,-1,1,ACCEL_RIGHT_UPPER_LEG,Z,-7,-1,1,ACCEL_LEFT_UPPER_LEG,Z,0,0,0,WAIT_STAGE|TVR=1:1:6|MAX_THRUST=7|MAX_REVERSE_THRUST=2|MAX_ACCEL=5|MIN_VELOCITY=10|MAX_VELOCITY=20|RELATIVE_ANGLE1)
9,MotorAccel(MOTOR_LEFT_SIDE,8,1000,ACCEL_LEFT_UPPER_LEG,Z,7,-1,1,ACCEL_RIGHT_UPPER_LEG,Z,0,0,0,WAIT_STAGE|TVR=1:10:6|MAX_THRUST=8|MAX_REVERSE_THRUST=2|MIN_VELOCITY=10|MAX_VELOCITY=30|RELATIVE_ANGLE0|MAX_ACCEL=3)
9,MotorAccel(MOTOR_RIGHT_FOOT,10,1000,ACCEL_RIGHT_LOWER_LEG,X,RLLX0,-1,1,ACCEL_RIGHT_FOOT,X,0,-2,2,WAIT_STAGE|TVR=2:2:5|MAX_THRUST=16|MAX_REVERSE_THRUST=3|IF_NOT_A1_MAXTHRUST=5|MAX_VELOCITY=20)
9,MotorAccel(MOTOR_RIGHT_KNEE,10,1000,ACCEL_RIGHT_UPPER_LEG,X,RULX0,-2,2,ACCEL_HIP,Z,0,-2,2,WAIT_STAGE|TVR=0.5:0.5:5|MAX_ACCEL=5|MIN_VELOCITY=10|MAX_VELOCITY=30|MAX_THRUST=12|MAX_REVERSE_THRUST=6|MAINTAIN_THRUST|ABORT_ANGLE0=30)
9,MotorAccel(MOTOR_LEFT_ANKLE,10,1000,ACCEL_LEFT_FOOT,Z,0,-10,10,WAIT_STAGE|TVR=1:1:5|MAX_THRUST=18|MAX_REVERSE_THRUST=6)
9,MotorAccel(MOTOR_LEFT_FOOT,10,1000,ACCEL_LEFT_FOOT,X,0,-2,2,WAIT_STAGE|TVR=1:1:5|MAX_THRUST=12|MAX_REVERSE_THRUST=6)
9,MotorAccel(MOTOR_TORSO,3,1000,ACCEL_TORSO,X,TX0,-2,2,WAIT_STAGE|TVR=0.2:4:3|MAX_THRUST=4|MAX_REVERSE_THRUST=2|MAX_ACCEL=5|MIN_VELOCITY=5|MAX_VELOCITY=10|NO_MOTION_NO_THRUST|MAINTAIN_THRUST)
10,MotorAccel(MOTOR_LEFT_SIDE,3,5000,ACCEL_LEFT_UPPER_LEG,Z,LULZ0,-3,3,ACCEL_HIP,Z,0,-2,2,WAIT_STAGE|TVR=0.5:0.5:3|MAX_THRUST=7|MAX_REVERSE_THRUST=3|MIN_VELOCITY=10|MAX_VELOCITY=15|MAX_ACCEL=1|FARTHEST_FROM_TARGET|NO_MOTION_NO_THRUST)
10,MotorAccel(MOTOR_RIGHT_SIDE,3,5000,ACCEL_RIGHT_UPPER_LEG,Z,RULZ0,-3,3,ACCEL_HIP,Z,0,-2,2,WAIT_STAGE|TVR=0.5:0.5:3|MAX_THRUST=7|MAX_REVERSE_THRUST=3|MIN_VELOCITY=10|MAX_VELOCITY=15|MAX_ACCEL=1|FARTHEST_FROM_TARGET|NO_MOTION_NO_THRUST)
10,MotorAccel(MOTOR_LEFT_LEG,5,5000,ACCEL_HIP,X,0,-1,1,WAIT_STAGE|TVR=0.5:0.5:4|MAX_THRUST=7|MAX_REVERSE_THRUST=3|MAX_VELOCITY=40|MAX_ACCEL=1)
10,MotorAccel(MOTOR_RIGHT_LEG,5,5000,ACCEL_HIP,X,0,-1,1,WAIT_STAGE|TVR=0.5:0.5:4|MAX_THRUST=7|MAX_REVERSE_THRUST=3|MAX_VELOCITY=40|MAX_ACCEL=1)
10,MotorAccel(MOTOR_RIGHT_KNEE,9,5000,ACCEL_RIGHT_UPPER_LEG,X,RULX0,-2,2,ACCEL_HIP,Z,0,-3,3,ACCEL_HIP,X,0,-3,3,WAIT_STAGE|TVR=0.5:0.5:5|MAX_THRUST0=9|MAX_REVERSE_THRUST0=6|MAX_THRUST1=5|MAX_REVERSE_THRUST1=5|MAX_THRUST0=9|MAX_REVERSE_THRUST0=6|MAX_THRUST2=7|MAX_REVERSE_THRUST2=6|MAX_VELOCITY=10|MAX_ACCEL=0.5|ABORT_ANGLE1=40|FARTHEST_FROM_TARGET|NO_MOTION_NO_THRUST)  
10,MotorAccel(MOTOR_LEFT_KNEE,9,5000,ACCEL_LEFT_UPPER_LEG,X,LULX0,-2,2,ACCEL_HIP,Z,0,-3,3,ACCEL_HIP,X,0,-3,3,WAIT_STAGE|TVR=0.5:0.5:5|MAX_THRUST0=9|MAX_REVERSE_THRUST0=6|MAX_THRUST1=5|MAX_REVERSE_THRUST1=5|MAX_THRUST0=9|MAX_REVERSE_THRUST0=6|MAX_THRUST2=7|MAX_REVERSE_THRUST2=6|MAX_VELOCITY=10|MAX_ACCEL=0.5|FARTHEST_FROM_TARGET|NO_MOTION_NO_THRUST|FUTURE_LOG)
10,MotorAccel(MOTOR_LEFT_ANKLE,3,5000,ACCEL_LEFT_FOOT,Z,0,-10,10,ACCEL_LEFT_LOWER_LEG,Z,LLLZ0,-3,3,WAIT_STAGE|TVR=1:2:3|MAX_THRUST=14|MAX_REVERSE_THRUST=3|MAX_ACCEL=1|MIN_VELOCITY=20|MAX_VELOCITY=30|NO_MOTION_NO_THRUST1|ABORT_ANGLE0=30)
10,MotorAccel(MOTOR_RIGHT_ANKLE,3,5000,ACCEL_RIGHT_FOOT,Z,0,-10,10,ACCEL_RIGHT_LOWER_LEG,Z,RLLZ0,-3,3,WAIT_STAGE|TVR=1:2:3|MAX_THRUST=14|MAX_REVERSE_THRUST=3|MAX_ACCEL=1|MIN_VELOCITY=20|MAX_VELOCITY=30|NO_MOTION_NO_THRUST1|ABORT_ANGLE0=30|FUTURE_LOG)
10,MotorAccel(MOTOR_LEFT_FOOT,10,5000,ACCEL_LEFT_LOWER_LEG,X,LLLX0,-2,2,ACCEL_LEFT_FOOT,X,0,-5,5,WAIT_STAGE|TVR=0.25:1:5|MAX_THRUST=11|MAX_REVERSE_THRUST=3|MAX_VELOCITY=20|IF_NOT_A1_MAXTHRUST=3|OPPOSE_MOTION_IN_RANGE_MOVING_TO_TARGET|ABORT_ANGLE1=20)
10,MotorAccel(MOTOR_RIGHT_FOOT,10,5000,ACCEL_RIGHT_LOWER_LEG,X,RLLX0,-2,2,ACCEL_RIGHT_FOOT,X,0,-5,5,WAIT_STAGE|TVR=0.25:1:5|MAX_THRUST=10|MAX_REVERSE_THRUST=3|MAX_VELOCITY=20|NO_MOTION_NO_THRUST0|OPPOSE_MOTION_IN_RANGE_MOVING_TO_TARGET|ABORT_ANGLE1=20)
10,MotorAccel(MOTOR_TORSO,3,5000,ACCEL_TORSO,X,TX0,-1,1,WAIT_STAGE|TVR=0.2:4:3|MAX_THRUST=4|MAX_REVERSE_THRUST=2|MAX_ACCEL=5|MIN_VELOCITY=5|MAX_VELOCITY=10|FUTURE_LOG)
12000,StopLogging
